

================================================================
== Vitis HLS Report for 'MultiPixStream2AXIvideo'
================================================================
* Date:           Thu Nov 14 14:29:50 2024

* Version:        2023.1 (Build 3854077 on May  4 2023)
* Project:        prj
* Solution:       sol (Vivado IP Flow Target)
* Product family: zynquplus
* Target device:  xczu7ev-ffvc1156-2-e


================================================================
== Performance Estimates
================================================================
+ Timing: 
    * Summary: 
    +--------+---------+----------+------------+
    |  Clock |  Target | Estimated| Uncertainty|
    +--------+---------+----------+------------+
    |ap_clk  |  5.33 ns|  2.345 ns|     1.44 ns|
    +--------+---------+----------+------------+

+ Latency: 
    * Summary: 
    +---------+---------+----------+-----------+-----+---------+---------+
    |  Latency (cycles) |  Latency (absolute)  |    Interval   | Pipeline|
    |   min   |   max   |    min   |    max    | min |   max   |   Type  |
    +---------+---------+----------+-----------+-----+---------+---------+
    |        1|  8860321|  5.334 ns|  47.261 ms|    1|  8860321|       no|
    +---------+---------+----------+-----------+-----+---------+---------+

    + Detail: 
        * Instance: 
        N/A

        * Loop: 
        +--------------------+---------+---------+----------+-----------+-----------+----------+----------+
        |                    |  Latency (cycles) | Iteration|  Initiation Interval  |   Trip   |          |
        |      Loop Name     |   min   |   max   |  Latency |  achieved |   target  |   Count  | Pipelined|
        +--------------------+---------+---------+----------+-----------+-----------+----------+----------+
        |- VITIS_LOOP_934_1  |        0|  8860320|  2 ~ 4102|          -|          -|  0 ~ 2160|        no|
        +--------------------+---------+---------+----------+-----------+-----------+----------+----------+

============================================================
+ Verbose Summary: Synthesis Manager
============================================================
InlineROM: 1
ExposeGlobal: 0
============================================================
+ Verbose Summary: CDFG Model
============================================================
IsTopModel: 0
ResetActiveHigh: 1
IsCombinational: 2
IsDatapathOnly: 0
HasWiredReturn: 1
HasMFsm: 0
HasVarLatency: 1
IsPipeline: 0
IsRtlPipelined: 0
IsInstanceOverlapped: 0
IsDontTouch: 0
HasImplIP: 0
IsGatedGlobalClock: 0


============================================================
+ Verbose Summary: Schedule
============================================================
* Number of FSM states : 4
* Pipeline : 0
* Dataflow Pipeline: 0

* FSM state transitions: 
1 --> 2 
2 --> 3 4 
3 --> 4 
4 --> 2 

* FSM state operations: 

State 1 <SV = 0> <Delay = 0.85>
ST_1 : Operation 5 [1/1] (0.00ns)   --->   "%i = alloca i32 1"   --->   Operation 5 'alloca' 'i' <Predicate = true> <Delay = 0.00>
ST_1 : Operation 6 [1/1] (0.00ns)   --->   "%empty = alloca i32 1"   --->   Operation 6 'alloca' 'empty' <Predicate = true> <Delay = 0.00>
ST_1 : Operation 7 [1/1] (0.00ns)   --->   "%sof = alloca i32 1"   --->   Operation 7 'alloca' 'sof' <Predicate = true> <Delay = 0.00>
ST_1 : Operation 8 [1/1] (0.00ns)   --->   "%counter_loc_0 = alloca i32 1"   --->   Operation 8 'alloca' 'counter_loc_0' <Predicate = true> <Delay = 0.00>
ST_1 : Operation 9 [1/1] (0.00ns)   --->   "%phi_ln991_loc = alloca i64 1"   --->   Operation 9 'alloca' 'phi_ln991_loc' <Predicate = true> <Delay = 0.00>
ST_1 : Operation 10 [1/1] (0.00ns)   --->   "%specaxissidechannel_ln0 = specaxissidechannel void @_ssdm_op_SpecAXISSideChannel, i24 %m_axis_video_V_data_V, i3 %m_axis_video_V_keep_V, i3 %m_axis_video_V_strb_V, i1 %m_axis_video_V_user_V, i1 %m_axis_video_V_last_V, i1 %m_axis_video_V_id_V, i1 %m_axis_video_V_dest_V, void @empty_35"   --->   Operation 10 'specaxissidechannel' 'specaxissidechannel_ln0' <Predicate = true> <Delay = 0.00>
ST_1 : Operation 11 [1/1] (0.00ns)   --->   "%specstablecontent_ln0 = specstablecontent void @_ssdm_op_SpecStableContent, i8 %colorFormat, void "   --->   Operation 11 'specstablecontent' 'specstablecontent_ln0' <Predicate = true> <Delay = 0.00>
ST_1 : Operation 12 [1/1] (0.00ns)   --->   "%specstablecontent_ln0 = specstablecontent void @_ssdm_op_SpecStableContent, i1 %fid_in, void "   --->   Operation 12 'specstablecontent' 'specstablecontent_ln0' <Predicate = true> <Delay = 0.00>
ST_1 : Operation 13 [1/1] (0.00ns)   --->   "%specstablecontent_ln0 = specstablecontent void @_ssdm_op_SpecStableContent, i16 %field_id, void "   --->   Operation 13 'specstablecontent' 'specstablecontent_ln0' <Predicate = true> <Delay = 0.00>
ST_1 : Operation 14 [1/1] (0.00ns)   --->   "%specstablecontent_ln0 = specstablecontent void @_ssdm_op_SpecStableContent, i16 %height, void "   --->   Operation 14 'specstablecontent' 'specstablecontent_ln0' <Predicate = true> <Delay = 0.00>
ST_1 : Operation 15 [1/1] (0.00ns)   --->   "%specstablecontent_ln0 = specstablecontent void @_ssdm_op_SpecStableContent, i16 %width, void "   --->   Operation 15 'specstablecontent' 'specstablecontent_ln0' <Predicate = true> <Delay = 0.00>
ST_1 : Operation 16 [1/1] (0.00ns)   --->   "%specinterface_ln0 = specinterface void @_ssdm_op_SpecInterface, i24 %ovrlayYUV, void @empty_22, i32 0, i32 0, void @empty_33, i32 0, i32 0, void @empty_33, void @empty_33, void @empty_33, i32 0, i32 0, i32 0, i32 0, void @empty_33, void @empty_33, i32 4294967295, i32 0"   --->   Operation 16 'specinterface' 'specinterface_ln0' <Predicate = true> <Delay = 0.00>
ST_1 : Operation 17 [1/1] (0.00ns)   --->   "%specinterface_ln0 = specinterface void @_ssdm_op_SpecInterface, i24 %m_axis_video_V_data_V, i3 %m_axis_video_V_keep_V, i3 %m_axis_video_V_strb_V, i1 %m_axis_video_V_user_V, i1 %m_axis_video_V_last_V, i1 %m_axis_video_V_id_V, i1 %m_axis_video_V_dest_V, void @empty_9, i32 0, i32 0, void @empty_1, i32 0, i32 0, void @empty_33, void @empty_33, void @empty_33, i32 0, i32 0, i32 0, i32 0, void @empty_33, void @empty_33, i32 4294967295, i32 0"   --->   Operation 17 'specinterface' 'specinterface_ln0' <Predicate = true> <Delay = 0.00>
ST_1 : Operation 18 [1/1] (0.00ns)   --->   "%rows = read i16 @_ssdm_op_Read.ap_auto.i16P0A, i16 %height" [C:/Users/shen/Downloads/vitis_2/dp_live/dp_live.runs/mpsoc_preset_v_tpg_0_0_synth_1/prj/sol/.autopilot/db/v_tpg.cpp:882]   --->   Operation 18 'read' 'rows' <Predicate = true> <Delay = 0.00>
ST_1 : Operation 19 [1/1] (0.00ns)   --->   "%trunc_ln882 = trunc i16 %rows" [C:/Users/shen/Downloads/vitis_2/dp_live/dp_live.runs/mpsoc_preset_v_tpg_0_0_synth_1/prj/sol/.autopilot/db/v_tpg.cpp:882]   --->   Operation 19 'trunc' 'trunc_ln882' <Predicate = true> <Delay = 0.00>
ST_1 : Operation 20 [1/1] (0.00ns)   --->   "%cols = read i16 @_ssdm_op_Read.ap_auto.i16P0A, i16 %width" [C:/Users/shen/Downloads/vitis_2/dp_live/dp_live.runs/mpsoc_preset_v_tpg_0_0_synth_1/prj/sol/.autopilot/db/v_tpg.cpp:883]   --->   Operation 20 'read' 'cols' <Predicate = true> <Delay = 0.00>
ST_1 : Operation 21 [1/1] (0.00ns)   --->   "%empty_133 = trunc i16 %cols" [C:/Users/shen/Downloads/vitis_2/dp_live/dp_live.runs/mpsoc_preset_v_tpg_0_0_synth_1/prj/sol/.autopilot/db/v_tpg.cpp:883]   --->   Operation 21 'trunc' 'empty_133' <Predicate = true> <Delay = 0.00>
ST_1 : Operation 22 [1/1] (0.00ns)   --->   "%fidStored_load = load i1 %fidStored" [C:/Users/shen/Downloads/vitis_2/dp_live/dp_live.runs/mpsoc_preset_v_tpg_0_0_synth_1/prj/sol/.autopilot/db/v_tpg.cpp:933]   --->   Operation 22 'load' 'fidStored_load' <Predicate = true> <Delay = 0.00>
ST_1 : Operation 23 [1/1] (0.82ns)   --->   "%sub = add i13 %empty_133, i13 8191" [C:/Users/shen/Downloads/vitis_2/dp_live/dp_live.runs/mpsoc_preset_v_tpg_0_0_synth_1/prj/sol/.autopilot/db/v_tpg.cpp:883]   --->   Operation 23 'add' 'sub' <Predicate = true> <Delay = 0.82> <CoreInst = "Adder">   --->   Core 1 'Adder' <Latency = 0> <II = 1> <Delay = 0.82> <FuncUnit> <Opcode : 'add' 'sub'> <InPorts = 2> <OutPorts = 1>
ST_1 : Operation 24 [1/1] (0.00ns)   --->   "%colorFormat_read = read i8 @_ssdm_op_Read.ap_auto.i8P0A, i8 %colorFormat"   --->   Operation 24 'read' 'colorFormat_read' <Predicate = true> <Delay = 0.00>
ST_1 : Operation 25 [1/1] (0.00ns)   --->   "%field_id_read = read i16 @_ssdm_op_Read.ap_auto.i16P0A, i16 %field_id"   --->   Operation 25 'read' 'field_id_read' <Predicate = true> <Delay = 0.00>
ST_1 : Operation 26 [1/1] (0.85ns)   --->   "%cmp104 = icmp_eq  i16 %field_id_read, i16 3"   --->   Operation 26 'icmp' 'cmp104' <Predicate = true> <Delay = 0.85> <CoreInst = "Cmp">   --->   Core 9 'Cmp' <Latency = 0> <II = 1> <Delay = 0.85> <FuncUnit> <Opcode : 'icmp'> <InPorts = 2> <OutPorts = 1>
ST_1 : Operation 27 [1/1] (0.00ns)   --->   "%fid_in_read = read i1 @_ssdm_op_Read.ap_auto.i1P0A, i1 %fid_in"   --->   Operation 27 'read' 'fid_in_read' <Predicate = true> <Delay = 0.00>
ST_1 : Operation 28 [1/1] (0.82ns)   --->   "%cmp20172 = icmp_eq  i13 %empty_133, i13 0" [C:/Users/shen/Downloads/vitis_2/dp_live/dp_live.runs/mpsoc_preset_v_tpg_0_0_synth_1/prj/sol/.autopilot/db/v_tpg.cpp:883]   --->   Operation 28 'icmp' 'cmp20172' <Predicate = true> <Delay = 0.82> <CoreInst = "Cmp">   --->   Core 9 'Cmp' <Latency = 0> <II = 1> <Delay = 0.82> <FuncUnit> <Opcode : 'icmp'> <InPorts = 2> <OutPorts = 1>
ST_1 : Operation 29 [1/1] (0.00ns) (grouped into LUT with out node icmp_ln993_1)   --->   "%empty_134 = or i16 %field_id_read, i16 1"   --->   Operation 29 'or' 'empty_134' <Predicate = true> <Delay = 0.00>
ST_1 : Operation 30 [1/1] (0.85ns)   --->   "%switch_le = icmp_ult  i16 %field_id_read, i16 3"   --->   Operation 30 'icmp' 'switch_le' <Predicate = true> <Delay = 0.85> <CoreInst = "Cmp">   --->   Core 9 'Cmp' <Latency = 0> <II = 1> <Delay = 0.85> <FuncUnit> <Opcode : 'icmp'> <InPorts = 2> <OutPorts = 1>
ST_1 : Operation 31 [1/1] (0.85ns)   --->   "%icmp_ln993 = icmp_ne  i16 %field_id_read, i16 0" [C:/Users/shen/Downloads/vitis_2/dp_live/dp_live.runs/mpsoc_preset_v_tpg_0_0_synth_1/prj/sol/.autopilot/db/v_tpg.cpp:993]   --->   Operation 31 'icmp' 'icmp_ln993' <Predicate = true> <Delay = 0.85> <CoreInst = "Cmp">   --->   Core 9 'Cmp' <Latency = 0> <II = 1> <Delay = 0.85> <FuncUnit> <Opcode : 'icmp'> <InPorts = 2> <OutPorts = 1>
ST_1 : Operation 32 [1/1] (0.85ns) (out node of the LUT)   --->   "%icmp_ln993_1 = icmp_ne  i16 %empty_134, i16 1" [C:/Users/shen/Downloads/vitis_2/dp_live/dp_live.runs/mpsoc_preset_v_tpg_0_0_synth_1/prj/sol/.autopilot/db/v_tpg.cpp:993]   --->   Operation 32 'icmp' 'icmp_ln993_1' <Predicate = true> <Delay = 0.85> <CoreInst = "Cmp">   --->   Core 9 'Cmp' <Latency = 0> <II = 1> <Delay = 0.85> <FuncUnit> <Opcode : 'icmp'> <InPorts = 2> <OutPorts = 1>
ST_1 : Operation 33 [1/1] (0.00ns)   --->   "%counter_load = load i16 %counter" [C:/Users/shen/Downloads/vitis_2/dp_live/dp_live.runs/mpsoc_preset_v_tpg_0_0_synth_1/prj/sol/.autopilot/db/v_tpg.cpp:960]   --->   Operation 33 'load' 'counter_load' <Predicate = true> <Delay = 0.00>
ST_1 : Operation 34 [1/1] (0.00ns)   --->   "%store_ln934 = store i16 %counter_load, i16 %counter_loc_0" [C:/Users/shen/Downloads/vitis_2/dp_live/dp_live.runs/mpsoc_preset_v_tpg_0_0_synth_1/prj/sol/.autopilot/db/v_tpg.cpp:934]   --->   Operation 34 'store' 'store_ln934' <Predicate = true> <Delay = 0.00>
ST_1 : Operation 35 [1/1] (0.42ns)   --->   "%store_ln934 = store i1 1, i1 %sof" [C:/Users/shen/Downloads/vitis_2/dp_live/dp_live.runs/mpsoc_preset_v_tpg_0_0_synth_1/prj/sol/.autopilot/db/v_tpg.cpp:934]   --->   Operation 35 'store' 'store_ln934' <Predicate = true> <Delay = 0.42>
ST_1 : Operation 36 [1/1] (0.42ns)   --->   "%store_ln934 = store i1 %fidStored_load, i1 %empty" [C:/Users/shen/Downloads/vitis_2/dp_live/dp_live.runs/mpsoc_preset_v_tpg_0_0_synth_1/prj/sol/.autopilot/db/v_tpg.cpp:934]   --->   Operation 36 'store' 'store_ln934' <Predicate = true> <Delay = 0.42>
ST_1 : Operation 37 [1/1] (0.42ns)   --->   "%store_ln934 = store i12 0, i12 %i" [C:/Users/shen/Downloads/vitis_2/dp_live/dp_live.runs/mpsoc_preset_v_tpg_0_0_synth_1/prj/sol/.autopilot/db/v_tpg.cpp:934]   --->   Operation 37 'store' 'store_ln934' <Predicate = true> <Delay = 0.42>
ST_1 : Operation 38 [1/1] (0.00ns)   --->   "%br_ln934 = br void %VITIS_LOOP_936_2" [C:/Users/shen/Downloads/vitis_2/dp_live/dp_live.runs/mpsoc_preset_v_tpg_0_0_synth_1/prj/sol/.autopilot/db/v_tpg.cpp:934]   --->   Operation 38 'br' 'br_ln934' <Predicate = true> <Delay = 0.00>

State 2 <SV = 1> <Delay = 1.23>
ST_2 : Operation 39 [1/1] (0.00ns)   --->   "%i_1 = load i12 %i" [C:/Users/shen/Downloads/vitis_2/dp_live/dp_live.runs/mpsoc_preset_v_tpg_0_0_synth_1/prj/sol/.autopilot/db/v_tpg.cpp:934]   --->   Operation 39 'load' 'i_1' <Predicate = true> <Delay = 0.00>
ST_2 : Operation 40 [1/1] (0.80ns)   --->   "%icmp_ln934 = icmp_eq  i12 %i_1, i12 %trunc_ln882" [C:/Users/shen/Downloads/vitis_2/dp_live/dp_live.runs/mpsoc_preset_v_tpg_0_0_synth_1/prj/sol/.autopilot/db/v_tpg.cpp:934]   --->   Operation 40 'icmp' 'icmp_ln934' <Predicate = true> <Delay = 0.80> <CoreInst = "Cmp">   --->   Core 9 'Cmp' <Latency = 0> <II = 1> <Delay = 0.80> <FuncUnit> <Opcode : 'icmp'> <InPorts = 2> <OutPorts = 1>
ST_2 : Operation 41 [1/1] (0.00ns)   --->   "%speclooptripcount_ln0 = speclooptripcount void @_ssdm_op_SpecLoopTripCount, i64 0, i64 2160, i64 0"   --->   Operation 41 'speclooptripcount' 'speclooptripcount_ln0' <Predicate = true> <Delay = 0.00>
ST_2 : Operation 42 [1/1] (0.80ns)   --->   "%i_2 = add i12 %i_1, i12 1" [C:/Users/shen/Downloads/vitis_2/dp_live/dp_live.runs/mpsoc_preset_v_tpg_0_0_synth_1/prj/sol/.autopilot/db/v_tpg.cpp:934]   --->   Operation 42 'add' 'i_2' <Predicate = true> <Delay = 0.80> <CoreInst = "Adder">   --->   Core 1 'Adder' <Latency = 0> <II = 1> <Delay = 0.80> <FuncUnit> <Opcode : 'add' 'sub'> <InPorts = 2> <OutPorts = 1>
ST_2 : Operation 43 [1/1] (0.00ns)   --->   "%br_ln934 = br i1 %icmp_ln934, void %VITIS_LOOP_936_2.split, void %for.cond.cleanup.loopexit" [C:/Users/shen/Downloads/vitis_2/dp_live/dp_live.runs/mpsoc_preset_v_tpg_0_0_synth_1/prj/sol/.autopilot/db/v_tpg.cpp:934]   --->   Operation 43 'br' 'br_ln934' <Predicate = true> <Delay = 0.00>
ST_2 : Operation 44 [1/1] (0.00ns)   --->   "%specloopname_ln934 = specloopname void @_ssdm_op_SpecLoopName, void @empty_12" [C:/Users/shen/Downloads/vitis_2/dp_live/dp_live.runs/mpsoc_preset_v_tpg_0_0_synth_1/prj/sol/.autopilot/db/v_tpg.cpp:934]   --->   Operation 44 'specloopname' 'specloopname_ln934' <Predicate = (!icmp_ln934)> <Delay = 0.00>
ST_2 : Operation 45 [1/1] (0.00ns)   --->   "%br_ln936 = br i1 %cmp20172, void %for.body22.preheader, void %for.inc114" [C:/Users/shen/Downloads/vitis_2/dp_live/dp_live.runs/mpsoc_preset_v_tpg_0_0_synth_1/prj/sol/.autopilot/db/v_tpg.cpp:936]   --->   Operation 45 'br' 'br_ln936' <Predicate = (!icmp_ln934)> <Delay = 0.00>
ST_2 : Operation 46 [1/1] (0.00ns)   --->   "%sof_load = load i1 %sof"   --->   Operation 46 'load' 'sof_load' <Predicate = (!icmp_ln934 & !cmp20172)> <Delay = 0.00>
ST_2 : Operation 47 [1/1] (0.00ns)   --->   "%empty_135 = wait i32 @_ssdm_op_Wait"   --->   Operation 47 'wait' 'empty_135' <Predicate = (!icmp_ln934 & !cmp20172)> <Delay = 0.00>
ST_2 : Operation 48 [2/2] (0.42ns)   --->   "%call_ln883 = call void @MultiPixStream2AXIvideo_Pipeline_VITIS_LOOP_936_2, i1 %sof_load, i13 %empty_133, i24 %ovrlayYUV, i8 %colorFormat_read, i24 %m_axis_video_V_data_V, i3 %m_axis_video_V_keep_V, i3 %m_axis_video_V_strb_V, i1 %m_axis_video_V_user_V, i1 %m_axis_video_V_last_V, i1 %m_axis_video_V_id_V, i1 %m_axis_video_V_dest_V, i13 %sub, i16 %counter_loc_0, i1 %phi_ln991_loc, i16 %counter" [C:/Users/shen/Downloads/vitis_2/dp_live/dp_live.runs/mpsoc_preset_v_tpg_0_0_synth_1/prj/sol/.autopilot/db/v_tpg.cpp:883]   --->   Operation 48 'call' 'call_ln883' <Predicate = (!icmp_ln934 & !cmp20172)> <Delay = 0.42> <CoreType = "Generic">   --->   Core 0 '' <Latency = 0> <II = 1> <Delay = 1.00> <Generic> <Opcode : >
ST_2 : Operation 49 [1/1] (0.00ns)   --->   "%p_load = load i1 %empty" [C:/Users/shen/Downloads/vitis_2/dp_live/dp_live.runs/mpsoc_preset_v_tpg_0_0_synth_1/prj/sol/.autopilot/db/v_tpg.cpp:933]   --->   Operation 49 'load' 'p_load' <Predicate = (icmp_ln934)> <Delay = 0.00>
ST_2 : Operation 50 [1/1] (0.00ns)   --->   "%store_ln1017 = store i1 %p_load, i1 %fidStored" [C:/Users/shen/Downloads/vitis_2/dp_live/dp_live.runs/mpsoc_preset_v_tpg_0_0_synth_1/prj/sol/.autopilot/db/v_tpg.cpp:1017]   --->   Operation 50 'store' 'store_ln1017' <Predicate = (icmp_ln934)> <Delay = 0.00>
ST_2 : Operation 51 [1/1] (0.00ns)   --->   "%write_ln933 = write void @_ssdm_op_Write.ap_auto.i1P0A, i1 %fid, i1 %p_load" [C:/Users/shen/Downloads/vitis_2/dp_live/dp_live.runs/mpsoc_preset_v_tpg_0_0_synth_1/prj/sol/.autopilot/db/v_tpg.cpp:933]   --->   Operation 51 'write' 'write_ln933' <Predicate = (icmp_ln934)> <Delay = 0.00>
ST_2 : Operation 52 [1/1] (0.00ns)   --->   "%ret_ln0 = ret"   --->   Operation 52 'ret' 'ret_ln0' <Predicate = (icmp_ln934)> <Delay = 0.00>

State 3 <SV = 2> <Delay = 2.34>
ST_3 : Operation 53 [1/2] (2.34ns)   --->   "%call_ln883 = call void @MultiPixStream2AXIvideo_Pipeline_VITIS_LOOP_936_2, i1 %sof_load, i13 %empty_133, i24 %ovrlayYUV, i8 %colorFormat_read, i24 %m_axis_video_V_data_V, i3 %m_axis_video_V_keep_V, i3 %m_axis_video_V_strb_V, i1 %m_axis_video_V_user_V, i1 %m_axis_video_V_last_V, i1 %m_axis_video_V_id_V, i1 %m_axis_video_V_dest_V, i13 %sub, i16 %counter_loc_0, i1 %phi_ln991_loc, i16 %counter" [C:/Users/shen/Downloads/vitis_2/dp_live/dp_live.runs/mpsoc_preset_v_tpg_0_0_synth_1/prj/sol/.autopilot/db/v_tpg.cpp:883]   --->   Operation 53 'call' 'call_ln883' <Predicate = true> <Delay = 2.34> <CoreType = "Generic">   --->   Core 0 '' <Latency = 0> <II = 1> <Delay = 1.00> <Generic> <Opcode : >

State 4 <SV = 3> <Delay = 1.00>
ST_4 : Operation 54 [1/1] (0.00ns)   --->   "%phi_ln991_loc_load = load i1 %phi_ln991_loc"   --->   Operation 54 'load' 'phi_ln991_loc_load' <Predicate = (!cmp20172)> <Delay = 0.00>
ST_4 : Operation 55 [1/1] (0.00ns) (grouped into LUT with out node select_ln993)   --->   "%and_ln993 = and i1 %phi_ln991_loc_load, i1 %icmp_ln993" [C:/Users/shen/Downloads/vitis_2/dp_live/dp_live.runs/mpsoc_preset_v_tpg_0_0_synth_1/prj/sol/.autopilot/db/v_tpg.cpp:993]   --->   Operation 55 'and' 'and_ln993' <Predicate = (!cmp20172 & switch_le)> <Delay = 0.00> <CoreInst = "LogicGate">   --->   Core 74 'LogicGate' <Latency = 0> <II = 1> <Delay = 0.28> <FuncUnit> <Opcode : 'and' 'or' 'xor'> <InPorts = 2> <OutPorts = 1>
ST_4 : Operation 56 [1/1] (0.00ns) (grouped into LUT with out node select_ln993)   --->   "%or_ln993 = or i1 %and_ln993, i1 %icmp_ln993_1" [C:/Users/shen/Downloads/vitis_2/dp_live/dp_live.runs/mpsoc_preset_v_tpg_0_0_synth_1/prj/sol/.autopilot/db/v_tpg.cpp:993]   --->   Operation 56 'or' 'or_ln993' <Predicate = (!cmp20172 & switch_le)> <Delay = 0.00> <CoreInst = "LogicGate">   --->   Core 74 'LogicGate' <Latency = 0> <II = 1> <Delay = 0.28> <FuncUnit> <Opcode : 'and' 'or' 'xor'> <InPorts = 2> <OutPorts = 1>
ST_4 : Operation 57 [1/1] (0.00ns) (grouped into LUT with out node select_ln1006)   --->   "%xor_ln1008 = xor i1 %phi_ln991_loc_load, i1 1" [C:/Users/shen/Downloads/vitis_2/dp_live/dp_live.runs/mpsoc_preset_v_tpg_0_0_synth_1/prj/sol/.autopilot/db/v_tpg.cpp:1008]   --->   Operation 57 'xor' 'xor_ln1008' <Predicate = (!cmp20172 & cmp104 & !switch_le)> <Delay = 0.00> <CoreInst = "LogicGate">   --->   Core 74 'LogicGate' <Latency = 0> <II = 1> <Delay = 0.28> <FuncUnit> <Opcode : 'and' 'or' 'xor'> <InPorts = 2> <OutPorts = 1>
ST_4 : Operation 58 [1/1] (0.28ns) (out node of the LUT)   --->   "%select_ln1006 = select i1 %cmp104, i1 %xor_ln1008, i1 %fid_in_read" [C:/Users/shen/Downloads/vitis_2/dp_live/dp_live.runs/mpsoc_preset_v_tpg_0_0_synth_1/prj/sol/.autopilot/db/v_tpg.cpp:1006]   --->   Operation 58 'select' 'select_ln1006' <Predicate = (!cmp20172 & !switch_le)> <Delay = 0.28> <CoreInst = "Sel">   --->   Core 73 'Sel' <Latency = 0> <II = 1> <Delay = 0.17> <FuncUnit> <Opcode : 'select'> <InPorts = 3> <OutPorts = 1>
ST_4 : Operation 59 [1/1] (0.28ns) (out node of the LUT)   --->   "%select_ln993 = select i1 %switch_le, i1 %or_ln993, i1 %select_ln1006" [C:/Users/shen/Downloads/vitis_2/dp_live/dp_live.runs/mpsoc_preset_v_tpg_0_0_synth_1/prj/sol/.autopilot/db/v_tpg.cpp:993]   --->   Operation 59 'select' 'select_ln993' <Predicate = (!cmp20172)> <Delay = 0.28> <CoreInst = "Sel">   --->   Core 73 'Sel' <Latency = 0> <II = 1> <Delay = 0.17> <FuncUnit> <Opcode : 'select'> <InPorts = 3> <OutPorts = 1>
ST_4 : Operation 60 [1/1] (0.42ns)   --->   "%store_ln934 = store i1 0, i1 %sof" [C:/Users/shen/Downloads/vitis_2/dp_live/dp_live.runs/mpsoc_preset_v_tpg_0_0_synth_1/prj/sol/.autopilot/db/v_tpg.cpp:934]   --->   Operation 60 'store' 'store_ln934' <Predicate = (!cmp20172)> <Delay = 0.42>
ST_4 : Operation 61 [1/1] (0.42ns)   --->   "%store_ln934 = store i1 %select_ln993, i1 %empty" [C:/Users/shen/Downloads/vitis_2/dp_live/dp_live.runs/mpsoc_preset_v_tpg_0_0_synth_1/prj/sol/.autopilot/db/v_tpg.cpp:934]   --->   Operation 61 'store' 'store_ln934' <Predicate = (!cmp20172)> <Delay = 0.42>
ST_4 : Operation 62 [1/1] (0.00ns)   --->   "%br_ln934 = br void %for.inc114" [C:/Users/shen/Downloads/vitis_2/dp_live/dp_live.runs/mpsoc_preset_v_tpg_0_0_synth_1/prj/sol/.autopilot/db/v_tpg.cpp:934]   --->   Operation 62 'br' 'br_ln934' <Predicate = (!cmp20172)> <Delay = 0.00>
ST_4 : Operation 63 [1/1] (0.42ns)   --->   "%store_ln934 = store i12 %i_2, i12 %i" [C:/Users/shen/Downloads/vitis_2/dp_live/dp_live.runs/mpsoc_preset_v_tpg_0_0_synth_1/prj/sol/.autopilot/db/v_tpg.cpp:934]   --->   Operation 63 'store' 'store_ln934' <Predicate = true> <Delay = 0.42>
ST_4 : Operation 64 [1/1] (0.00ns)   --->   "%br_ln934 = br void %VITIS_LOOP_936_2" [C:/Users/shen/Downloads/vitis_2/dp_live/dp_live.runs/mpsoc_preset_v_tpg_0_0_synth_1/prj/sol/.autopilot/db/v_tpg.cpp:934]   --->   Operation 64 'br' 'br_ln934' <Predicate = true> <Delay = 0.00>


============================================================
+ Verbose Summary: Timing violations
============================================================
Target clock period: 5.334ns, clock uncertainty: 1.440ns.

 <State 1>: 0.853ns
The critical path consists of the following:
	wire read operation ('field_id_read') on port 'field_id' [37]  (0.000 ns)
	'icmp' operation ('cmp104') [38]  (0.853 ns)

 <State 2>: 1.236ns
The critical path consists of the following:
	'load' operation ('i', C:/Users/shen/Downloads/vitis_2/dp_live/dp_live.runs/mpsoc_preset_v_tpg_0_0_synth_1/prj/sol/.autopilot/db/v_tpg.cpp:934) on local variable 'i' [52]  (0.000 ns)
	'icmp' operation ('icmp_ln934', C:/Users/shen/Downloads/vitis_2/dp_live/dp_live.runs/mpsoc_preset_v_tpg_0_0_synth_1/prj/sol/.autopilot/db/v_tpg.cpp:934) [53]  (0.809 ns)
	blocking operation 0.427 ns on control path)

 <State 3>: 2.345ns
The critical path consists of the following:
	'call' operation ('call_ln883', C:/Users/shen/Downloads/vitis_2/dp_live/dp_live.runs/mpsoc_preset_v_tpg_0_0_synth_1/prj/sol/.autopilot/db/v_tpg.cpp:883) to 'MultiPixStream2AXIvideo_Pipeline_VITIS_LOOP_936_2' [63]  (2.345 ns)

 <State 4>: 1.001ns
The critical path consists of the following:
	'load' operation ('phi_ln991_loc_load') on local variable 'phi_ln991_loc' [64]  (0.000 ns)
	'xor' operation ('xor_ln1008', C:/Users/shen/Downloads/vitis_2/dp_live/dp_live.runs/mpsoc_preset_v_tpg_0_0_synth_1/prj/sol/.autopilot/db/v_tpg.cpp:1008) [67]  (0.000 ns)
	'select' operation ('select_ln1006', C:/Users/shen/Downloads/vitis_2/dp_live/dp_live.runs/mpsoc_preset_v_tpg_0_0_synth_1/prj/sol/.autopilot/db/v_tpg.cpp:1006) [68]  (0.287 ns)
	'select' operation ('select_ln993', C:/Users/shen/Downloads/vitis_2/dp_live/dp_live.runs/mpsoc_preset_v_tpg_0_0_synth_1/prj/sol/.autopilot/db/v_tpg.cpp:993) [69]  (0.287 ns)
	'store' operation ('store_ln934', C:/Users/shen/Downloads/vitis_2/dp_live/dp_live.runs/mpsoc_preset_v_tpg_0_0_synth_1/prj/sol/.autopilot/db/v_tpg.cpp:934) of variable 'select_ln993', C:/Users/shen/Downloads/vitis_2/dp_live/dp_live.runs/mpsoc_preset_v_tpg_0_0_synth_1/prj/sol/.autopilot/db/v_tpg.cpp:993 on local variable 'empty' [71]  (0.427 ns)


============================================================
+ Verbose Summary: Binding
============================================================
N/A
* FSMD analyzer results:
  - Output states:
 - Input state : 
  - Chain level:
	State 1
	State 2
	State 3
	State 4


============================================================
+ Verbose Summary: Datapath Resource usage 
============================================================
N/A
