

================================================================
== Vitis HLS Report for 'tpgBackground'
================================================================
* Date:           Thu Nov 14 14:29:44 2024

* Version:        2023.1 (Build 3854077 on May  4 2023)
* Project:        prj
* Solution:       sol (Vivado IP Flow Target)
* Product family: zynquplus
* Target device:  xczu7ev-ffvc1156-2-e


================================================================
== Performance Estimates
================================================================
+ Timing: 
    * Summary: 
    +--------+---------+----------+------------+
    |  Clock |  Target | Estimated| Uncertainty|
    +--------+---------+----------+------------+
    |ap_clk  |  5.33 ns|  3.555 ns|     1.44 ns|
    +--------+---------+----------+------------+

+ Latency: 
    * Summary: 
    +---------+------------+----------+------------+-----+------------+---------+
    |   Latency (cycles)   |   Latency (absolute)  |     Interval     | Pipeline|
    |   min   |     max    |    min   |     max    | min |     max    |   Type  |
    +---------+------------+----------+------------+-----+------------+---------+
    |        1|  4296474601|  5.334 ns|  22.917 sec|    1|  4296474601|       no|
    +---------+------------+----------+------------+-----+------------+---------+

    + Detail: 
        * Instance: 
        N/A

        * Loop: 
        +--------------------+---------+------------+-----------+-----------+-----------+-----------+----------+
        |                    |   Latency (cycles)   | Iteration |  Initiation Interval  |    Trip   |          |
        |      Loop Name     |   min   |     max    |  Latency  |  achieved |   target  |   Count   | Pipelined|
        +--------------------+---------+------------+-----------+-----------+-----------+-----------+----------+
        |- VITIS_LOOP_518_1  |        0|  4296474600|  5 ~ 65560|          -|          -|  0 ~ 65535|        no|
        +--------------------+---------+------------+-----------+-----------+-----------+-----------+----------+

============================================================
+ Verbose Summary: Synthesis Manager
============================================================
InlineROM: 1
ExposeGlobal: 0
============================================================
+ Verbose Summary: CDFG Model
============================================================
IsTopModel: 0
ResetActiveHigh: 1
IsCombinational: 2
IsDatapathOnly: 0
HasWiredReturn: 1
HasMFsm: 0
HasVarLatency: 1
IsPipeline: 0
IsRtlPipelined: 0
IsInstanceOverlapped: 0
IsDontTouch: 0
HasImplIP: 0
IsGatedGlobalClock: 0


============================================================
+ Verbose Summary: Schedule
============================================================
* Number of FSM states : 4
* Pipeline : 0
* Dataflow Pipeline: 0

* FSM state transitions: 
1 --> 2 
2 --> 3 
3 --> 4 
4 --> 2 

* FSM state operations: 

State 1 <SV = 0> <Delay = 1.61>
ST_1 : Operation 5 [1/1] (0.00ns)   --->   "%p_0_0_0_0_0457_lcssa464 = alloca i32 1"   --->   Operation 5 'alloca' 'p_0_0_0_0_0457_lcssa464' <Predicate = true> <Delay = 0.00>
ST_1 : Operation 6 [1/1] (0.00ns)   --->   "%p_0_1_0_0_0459_lcssa467 = alloca i32 1"   --->   Operation 6 'alloca' 'p_0_1_0_0_0459_lcssa467' <Predicate = true> <Delay = 0.00>
ST_1 : Operation 7 [1/1] (0.00ns)   --->   "%p_0_2_0_0_0461_lcssa470 = alloca i32 1"   --->   Operation 7 'alloca' 'p_0_2_0_0_0461_lcssa470' <Predicate = true> <Delay = 0.00>
ST_1 : Operation 8 [1/1] (0.00ns)   --->   "%y = alloca i32 1"   --->   Operation 8 'alloca' 'y' <Predicate = true> <Delay = 0.00>
ST_1 : Operation 9 [1/1] (0.00ns)   --->   "%hBarSel_5_0_loc_0 = alloca i32 1"   --->   Operation 9 'alloca' 'hBarSel_5_0_loc_0' <Predicate = true> <Delay = 0.00>
ST_1 : Operation 10 [1/1] (0.00ns)   --->   "%vBarSel_3_loc_0 = alloca i32 1"   --->   Operation 10 'alloca' 'vBarSel_3_loc_0' <Predicate = true> <Delay = 0.00>
ST_1 : Operation 11 [1/1] (0.00ns)   --->   "%rampVal_2_loc_0 = alloca i32 1"   --->   Operation 11 'alloca' 'rampVal_2_loc_0' <Predicate = true> <Delay = 0.00>
ST_1 : Operation 12 [1/1] (0.00ns)   --->   "%rampVal_2_new_0 = alloca i32 1"   --->   Operation 12 'alloca' 'rampVal_2_new_0' <Predicate = true> <Delay = 0.00>
ST_1 : Operation 13 [1/1] (0.00ns)   --->   "%hBarSel_3_0_loc_0 = alloca i32 1"   --->   Operation 13 'alloca' 'hBarSel_3_0_loc_0' <Predicate = true> <Delay = 0.00>
ST_1 : Operation 14 [1/1] (0.00ns)   --->   "%vBarSel_2_loc_0 = alloca i32 1"   --->   Operation 14 'alloca' 'vBarSel_2_loc_0' <Predicate = true> <Delay = 0.00>
ST_1 : Operation 15 [1/1] (0.00ns)   --->   "%hdata_loc_0 = alloca i32 1"   --->   Operation 15 'alloca' 'hdata_loc_0' <Predicate = true> <Delay = 0.00>
ST_1 : Operation 16 [1/1] (0.00ns)   --->   "%hdata_new_0 = alloca i32 1"   --->   Operation 16 'alloca' 'hdata_new_0' <Predicate = true> <Delay = 0.00>
ST_1 : Operation 17 [1/1] (0.00ns)   --->   "%hBarSel_0_loc_0 = alloca i32 1"   --->   Operation 17 'alloca' 'hBarSel_0_loc_0' <Predicate = true> <Delay = 0.00>
ST_1 : Operation 18 [1/1] (0.00ns)   --->   "%vBarSel_loc_0 = alloca i32 1"   --->   Operation 18 'alloca' 'vBarSel_loc_0' <Predicate = true> <Delay = 0.00>
ST_1 : Operation 19 [1/1] (0.00ns)   --->   "%zonePlateVAddr_loc_0 = alloca i32 1"   --->   Operation 19 'alloca' 'zonePlateVAddr_loc_0' <Predicate = true> <Delay = 0.00>
ST_1 : Operation 20 [1/1] (0.00ns)   --->   "%hBarSel_4_0_loc_0 = alloca i32 1"   --->   Operation 20 'alloca' 'hBarSel_4_0_loc_0' <Predicate = true> <Delay = 0.00>
ST_1 : Operation 21 [1/1] (0.00ns)   --->   "%rampVal_loc_0 = alloca i32 1"   --->   Operation 21 'alloca' 'rampVal_loc_0' <Predicate = true> <Delay = 0.00>
ST_1 : Operation 22 [1/1] (0.00ns)   --->   "%rampVal_3_loc_0 = alloca i32 1"   --->   Operation 22 'alloca' 'rampVal_3_loc_0' <Predicate = true> <Delay = 0.00>
ST_1 : Operation 23 [1/1] (0.00ns)   --->   "%rampVal_3_new_0 = alloca i32 1"   --->   Operation 23 'alloca' 'rampVal_3_new_0' <Predicate = true> <Delay = 0.00>
ST_1 : Operation 24 [1/1] (0.00ns)   --->   "%rampVal_2_flag_1_loc = alloca i64 1"   --->   Operation 24 'alloca' 'rampVal_2_flag_1_loc' <Predicate = true> <Delay = 0.00>
ST_1 : Operation 25 [1/1] (0.00ns)   --->   "%hdata_flag_1_loc = alloca i64 1"   --->   Operation 25 'alloca' 'hdata_flag_1_loc' <Predicate = true> <Delay = 0.00>
ST_1 : Operation 26 [1/1] (0.00ns)   --->   "%rampVal_3_flag_1_loc = alloca i64 1"   --->   Operation 26 'alloca' 'rampVal_3_flag_1_loc' <Predicate = true> <Delay = 0.00>
ST_1 : Operation 27 [1/1] (0.00ns)   --->   "%specstablecontent_ln0 = specstablecontent void @_ssdm_op_SpecStableContent, i8 %dpYUVCoef, void "   --->   Operation 27 'specstablecontent' 'specstablecontent_ln0' <Predicate = true> <Delay = 0.00>
ST_1 : Operation 28 [1/1] (0.00ns)   --->   "%specstablecontent_ln0 = specstablecontent void @_ssdm_op_SpecStableContent, i8 %dpDynamicRange, void "   --->   Operation 28 'specstablecontent' 'specstablecontent_ln0' <Predicate = true> <Delay = 0.00>
ST_1 : Operation 29 [1/1] (0.00ns)   --->   "%specstablecontent_ln0 = specstablecontent void @_ssdm_op_SpecStableContent, i16 %ZplateVerContDelta, void "   --->   Operation 29 'specstablecontent' 'specstablecontent_ln0' <Predicate = true> <Delay = 0.00>
ST_1 : Operation 30 [1/1] (0.00ns)   --->   "%specstablecontent_ln0 = specstablecontent void @_ssdm_op_SpecStableContent, i16 %ZplateVerContStart, void "   --->   Operation 30 'specstablecontent' 'specstablecontent_ln0' <Predicate = true> <Delay = 0.00>
ST_1 : Operation 31 [1/1] (0.00ns)   --->   "%specstablecontent_ln0 = specstablecontent void @_ssdm_op_SpecStableContent, i16 %ZplateHorContDelta, void "   --->   Operation 31 'specstablecontent' 'specstablecontent_ln0' <Predicate = true> <Delay = 0.00>
ST_1 : Operation 32 [1/1] (0.00ns)   --->   "%specstablecontent_ln0 = specstablecontent void @_ssdm_op_SpecStableContent, i16 %ZplateHorContStart, void "   --->   Operation 32 'specstablecontent' 'specstablecontent_ln0' <Predicate = true> <Delay = 0.00>
ST_1 : Operation 33 [1/1] (0.00ns)   --->   "%specstablecontent_ln0 = specstablecontent void @_ssdm_op_SpecStableContent, i8 %colorFormat, void "   --->   Operation 33 'specstablecontent' 'specstablecontent_ln0' <Predicate = true> <Delay = 0.00>
ST_1 : Operation 34 [1/1] (0.00ns)   --->   "%specstablecontent_ln0 = specstablecontent void @_ssdm_op_SpecStableContent, i8 %motionSpeed, void "   --->   Operation 34 'specstablecontent' 'specstablecontent_ln0' <Predicate = true> <Delay = 0.00>
ST_1 : Operation 35 [1/1] (0.00ns)   --->   "%specstablecontent_ln0 = specstablecontent void @_ssdm_op_SpecStableContent, i8 %bckgndId, void "   --->   Operation 35 'specstablecontent' 'specstablecontent_ln0' <Predicate = true> <Delay = 0.00>
ST_1 : Operation 36 [1/1] (0.00ns)   --->   "%specstablecontent_ln0 = specstablecontent void @_ssdm_op_SpecStableContent, i16 %height, void "   --->   Operation 36 'specstablecontent' 'specstablecontent_ln0' <Predicate = true> <Delay = 0.00>
ST_1 : Operation 37 [1/1] (0.00ns)   --->   "%specstablecontent_ln0 = specstablecontent void @_ssdm_op_SpecStableContent, i16 %width, void "   --->   Operation 37 'specstablecontent' 'specstablecontent_ln0' <Predicate = true> <Delay = 0.00>
ST_1 : Operation 38 [1/1] (0.00ns)   --->   "%specinterface_ln0 = specinterface void @_ssdm_op_SpecInterface, i24 %bckgndYUV, void @empty_22, i32 0, i32 0, void @empty_33, i32 0, i32 0, void @empty_33, void @empty_33, void @empty_33, i32 0, i32 0, i32 0, i32 0, void @empty_33, void @empty_33, i32 4294967295, i32 0"   --->   Operation 38 'specinterface' 'specinterface_ln0' <Predicate = true> <Delay = 0.00>
ST_1 : Operation 39 [1/1] (0.00ns)   --->   "%loopHeight = read i16 @_ssdm_op_Read.ap_auto.i16P0A, i16 %height" [C:/Users/shen/Downloads/vitis_2/dp_live/dp_live.runs/mpsoc_preset_v_tpg_0_0_synth_1/prj/sol/.autopilot/db/v_tpg.cpp:505]   --->   Operation 39 'read' 'loopHeight' <Predicate = true> <Delay = 0.00>
ST_1 : Operation 40 [1/1] (0.00ns)   --->   "%loopWidth = read i16 @_ssdm_op_Read.ap_auto.i16P0A, i16 %width" [C:/Users/shen/Downloads/vitis_2/dp_live/dp_live.runs/mpsoc_preset_v_tpg_0_0_synth_1/prj/sol/.autopilot/db/v_tpg.cpp:506]   --->   Operation 40 'read' 'loopWidth' <Predicate = true> <Delay = 0.00>
ST_1 : Operation 41 [1/1] (0.00ns)   --->   "%colorFormatLocal = read i8 @_ssdm_op_Read.ap_auto.i8P0A, i8 %colorFormat" [C:/Users/shen/Downloads/vitis_2/dp_live/dp_live.runs/mpsoc_preset_v_tpg_0_0_synth_1/prj/sol/.autopilot/db/v_tpg.cpp:514]   --->   Operation 41 'read' 'colorFormatLocal' <Predicate = true> <Delay = 0.00>
ST_1 : Operation 42 [1/1] (0.00ns)   --->   "%bckgndId_read = read i8 @_ssdm_op_Read.ap_auto.i8P0A, i8 %bckgndId"   --->   Operation 42 'read' 'bckgndId_read' <Predicate = true> <Delay = 0.00>
ST_1 : Operation 43 [1/1] (0.00ns)   --->   "%ZplateHorContStart_read = read i16 @_ssdm_op_Read.ap_auto.i16P0A, i16 %ZplateHorContStart"   --->   Operation 43 'read' 'ZplateHorContStart_read' <Predicate = true> <Delay = 0.00>
ST_1 : Operation 44 [1/1] (0.00ns)   --->   "%ZplateHorContDelta_read = read i16 @_ssdm_op_Read.ap_auto.i16P0A, i16 %ZplateHorContDelta"   --->   Operation 44 'read' 'ZplateHorContDelta_read' <Predicate = true> <Delay = 0.00>
ST_1 : Operation 45 [1/1] (0.00ns)   --->   "%ZplateVerContStart_read = read i16 @_ssdm_op_Read.ap_auto.i16P0A, i16 %ZplateVerContStart"   --->   Operation 45 'read' 'ZplateVerContStart_read' <Predicate = true> <Delay = 0.00>
ST_1 : Operation 46 [1/1] (0.00ns)   --->   "%ZplateVerContDelta_read = read i16 @_ssdm_op_Read.ap_auto.i16P0A, i16 %ZplateVerContDelta"   --->   Operation 46 'read' 'ZplateVerContDelta_read' <Predicate = true> <Delay = 0.00>
ST_1 : Operation 47 [1/1] (0.00ns)   --->   "%dpDynamicRange_read = read i8 @_ssdm_op_Read.ap_auto.i8P0A, i8 %dpDynamicRange"   --->   Operation 47 'read' 'dpDynamicRange_read' <Predicate = true> <Delay = 0.00>
ST_1 : Operation 48 [1/1] (0.00ns)   --->   "%dpYUVCoef_read = read i8 @_ssdm_op_Read.ap_auto.i8P0A, i8 %dpYUVCoef"   --->   Operation 48 'read' 'dpYUVCoef_read' <Predicate = true> <Delay = 0.00>
ST_1 : Operation 49 [1/1] (0.76ns)   --->   "%cmp2_i224 = icmp_eq  i8 %colorFormatLocal, i8 0" [C:/Users/shen/Downloads/vitis_2/dp_live/dp_live.runs/mpsoc_preset_v_tpg_0_0_synth_1/prj/sol/.autopilot/db/v_tpg.cpp:514]   --->   Operation 49 'icmp' 'cmp2_i224' <Predicate = true> <Delay = 0.76> <CoreInst = "Cmp">   --->   Core 9 'Cmp' <Latency = 0> <II = 1> <Delay = 0.76> <FuncUnit> <Opcode : 'icmp'> <InPorts = 2> <OutPorts = 1>
ST_1 : Operation 50 [1/1] (0.39ns)   --->   "%conv2_i_i10_i229 = select i1 %cmp2_i224, i8 255, i8 76" [C:/Users/shen/Downloads/vitis_2/dp_live/dp_live.runs/mpsoc_preset_v_tpg_0_0_synth_1/prj/sol/.autopilot/db/v_tpg.cpp:514]   --->   Operation 50 'select' 'conv2_i_i10_i229' <Predicate = true> <Delay = 0.39> <CoreInst = "Sel">   --->   Core 73 'Sel' <Latency = 0> <II = 1> <Delay = 0.39> <FuncUnit> <Opcode : 'select'> <InPorts = 3> <OutPorts = 1>
ST_1 : Operation 51 [1/1] (0.28ns)   --->   "%not_cmp2_i224 = xor i1 %cmp2_i224, i1 1" [C:/Users/shen/Downloads/vitis_2/dp_live/dp_live.runs/mpsoc_preset_v_tpg_0_0_synth_1/prj/sol/.autopilot/db/v_tpg.cpp:514]   --->   Operation 51 'xor' 'not_cmp2_i224' <Predicate = true> <Delay = 0.28> <CoreInst = "LogicGate">   --->   Core 74 'LogicGate' <Latency = 0> <II = 1> <Delay = 0.28> <FuncUnit> <Opcode : 'and' 'or' 'xor'> <InPorts = 2> <OutPorts = 1>
ST_1 : Operation 52 [1/1] (0.39ns)   --->   "%conv2_i_i10_i234 = select i1 %cmp2_i224, i8 0, i8 149" [C:/Users/shen/Downloads/vitis_2/dp_live/dp_live.runs/mpsoc_preset_v_tpg_0_0_synth_1/prj/sol/.autopilot/db/v_tpg.cpp:514]   --->   Operation 52 'select' 'conv2_i_i10_i234' <Predicate = true> <Delay = 0.39> <CoreInst = "Sel">   --->   Core 73 'Sel' <Latency = 0> <II = 1> <Delay = 0.39> <FuncUnit> <Opcode : 'select'> <InPorts = 3> <OutPorts = 1>
ST_1 : Operation 53 [1/1] (0.41ns)   --->   "%conv2_i_i_i236_cast_cast = select i1 %cmp2_i224, i5 0, i5 21" [C:/Users/shen/Downloads/vitis_2/dp_live/dp_live.runs/mpsoc_preset_v_tpg_0_0_synth_1/prj/sol/.autopilot/db/v_tpg.cpp:514]   --->   Operation 53 'select' 'conv2_i_i_i236_cast_cast' <Predicate = true> <Delay = 0.41> <CoreInst = "Sel">   --->   Core 73 'Sel' <Latency = 0> <II = 1> <Delay = 0.41> <FuncUnit> <Opcode : 'select'> <InPorts = 3> <OutPorts = 1>
ST_1 : Operation 54 [1/1] (0.20ns)   --->   "%conv2_i_i10_i252_cast_cast_cast_cast = select i1 %cmp2_i224, i3 0, i3 5" [C:/Users/shen/Downloads/vitis_2/dp_live/dp_live.runs/mpsoc_preset_v_tpg_0_0_synth_1/prj/sol/.autopilot/db/v_tpg.cpp:514]   --->   Operation 54 'select' 'conv2_i_i10_i252_cast_cast_cast_cast' <Predicate = true> <Delay = 0.20> <CoreInst = "Sel">   --->   Core 73 'Sel' <Latency = 0> <II = 1> <Delay = 0.20> <FuncUnit> <Opcode : 'select'> <InPorts = 3> <OutPorts = 1>
ST_1 : Operation 55 [1/1] (0.39ns)   --->   "%conv2_i_i_i254 = select i1 %cmp2_i224, i8 255, i8 107" [C:/Users/shen/Downloads/vitis_2/dp_live/dp_live.runs/mpsoc_preset_v_tpg_0_0_synth_1/prj/sol/.autopilot/db/v_tpg.cpp:514]   --->   Operation 55 'select' 'conv2_i_i_i254' <Predicate = true> <Delay = 0.39> <CoreInst = "Sel">   --->   Core 73 'Sel' <Latency = 0> <II = 1> <Delay = 0.39> <FuncUnit> <Opcode : 'select'> <InPorts = 3> <OutPorts = 1>
ST_1 : Operation 56 [1/1] (0.39ns)   --->   "%pix = select i1 %cmp2_i224, i8 0, i8 128" [C:/Users/shen/Downloads/vitis_2/dp_live/dp_live.runs/mpsoc_preset_v_tpg_0_0_synth_1/prj/sol/.autopilot/db/v_tpg.cpp:514]   --->   Operation 56 'select' 'pix' <Predicate = true> <Delay = 0.39> <CoreInst = "Sel">   --->   Core 73 'Sel' <Latency = 0> <II = 1> <Delay = 0.39> <FuncUnit> <Opcode : 'select'> <InPorts = 3> <OutPorts = 1>
ST_1 : Operation 57 [1/1] (0.39ns)   --->   "%pix_5 = select i1 %cmp2_i224, i8 255, i8 128" [C:/Users/shen/Downloads/vitis_2/dp_live/dp_live.runs/mpsoc_preset_v_tpg_0_0_synth_1/prj/sol/.autopilot/db/v_tpg.cpp:514]   --->   Operation 57 'select' 'pix_5' <Predicate = true> <Delay = 0.39> <CoreInst = "Sel">   --->   Core 73 'Sel' <Latency = 0> <II = 1> <Delay = 0.39> <FuncUnit> <Opcode : 'select'> <InPorts = 3> <OutPorts = 1>
ST_1 : Operation 58 [1/1] (0.00ns)   --->   "%empty = trunc i16 %loopWidth" [C:/Users/shen/Downloads/vitis_2/dp_live/dp_live.runs/mpsoc_preset_v_tpg_0_0_synth_1/prj/sol/.autopilot/db/v_tpg.cpp:506]   --->   Operation 58 'trunc' 'empty' <Predicate = true> <Delay = 0.00>
ST_1 : Operation 59 [1/1] (0.83ns)   --->   "%add2_i = add i14 %empty, i14 15" [C:/Users/shen/Downloads/vitis_2/dp_live/dp_live.runs/mpsoc_preset_v_tpg_0_0_synth_1/prj/sol/.autopilot/db/v_tpg.cpp:506]   --->   Operation 59 'add' 'add2_i' <Predicate = true> <Delay = 0.83> <CoreInst = "Adder">   --->   Core 1 'Adder' <Latency = 0> <II = 1> <Delay = 0.83> <FuncUnit> <Opcode : 'add' 'sub'> <InPorts = 2> <OutPorts = 1>
ST_1 : Operation 60 [1/1] (0.00ns)   --->   "%p_cast = partselect i10 @_ssdm_op_PartSelect.i10.i14.i32.i32, i14 %add2_i, i32 4, i32 13" [C:/Users/shen/Downloads/vitis_2/dp_live/dp_live.runs/mpsoc_preset_v_tpg_0_0_synth_1/prj/sol/.autopilot/db/v_tpg.cpp:506]   --->   Operation 60 'partselect' 'p_cast' <Predicate = true> <Delay = 0.00>
ST_1 : Operation 61 [1/1] (0.78ns)   --->   "%barWidthMinSamples = add i10 %p_cast, i10 1023" [C:/Users/shen/Downloads/vitis_2/dp_live/dp_live.runs/mpsoc_preset_v_tpg_0_0_synth_1/prj/sol/.autopilot/db/v_tpg.cpp:506]   --->   Operation 61 'add' 'barWidthMinSamples' <Predicate = true> <Delay = 0.78> <CoreInst = "Adder">   --->   Core 1 'Adder' <Latency = 0> <II = 1> <Delay = 0.78> <FuncUnit> <Opcode : 'add' 'sub'> <InPorts = 2> <OutPorts = 1>
ST_1 : Operation 62 [1/1] (0.00ns)   --->   "%empty_73 = trunc i16 %loopHeight" [C:/Users/shen/Downloads/vitis_2/dp_live/dp_live.runs/mpsoc_preset_v_tpg_0_0_synth_1/prj/sol/.autopilot/db/v_tpg.cpp:505]   --->   Operation 62 'trunc' 'empty_73' <Predicate = true> <Delay = 0.00>
ST_1 : Operation 63 [1/1] (0.83ns)   --->   "%add5_i = add i14 %empty_73, i14 15" [C:/Users/shen/Downloads/vitis_2/dp_live/dp_live.runs/mpsoc_preset_v_tpg_0_0_synth_1/prj/sol/.autopilot/db/v_tpg.cpp:505]   --->   Operation 63 'add' 'add5_i' <Predicate = true> <Delay = 0.83> <CoreInst = "Adder">   --->   Core 1 'Adder' <Latency = 0> <II = 1> <Delay = 0.83> <FuncUnit> <Opcode : 'add' 'sub'> <InPorts = 2> <OutPorts = 1>
ST_1 : Operation 64 [1/1] (0.00ns)   --->   "%tmp = partselect i7 @_ssdm_op_PartSelect.i7.i8.i32.i32, i8 %colorFormatLocal, i32 1, i32 7" [C:/Users/shen/Downloads/vitis_2/dp_live/dp_live.runs/mpsoc_preset_v_tpg_0_0_synth_1/prj/sol/.autopilot/db/v_tpg.cpp:514]   --->   Operation 64 'partselect' 'tmp' <Predicate = true> <Delay = 0.00>
ST_1 : Operation 65 [1/1] (0.77ns)   --->   "%icmp = icmp_ne  i7 %tmp, i7 0" [C:/Users/shen/Downloads/vitis_2/dp_live/dp_live.runs/mpsoc_preset_v_tpg_0_0_synth_1/prj/sol/.autopilot/db/v_tpg.cpp:514]   --->   Operation 65 'icmp' 'icmp' <Predicate = true> <Delay = 0.77> <CoreInst = "Cmp">   --->   Core 9 'Cmp' <Latency = 0> <II = 1> <Delay = 0.77> <FuncUnit> <Opcode : 'icmp'> <InPorts = 2> <OutPorts = 1>
ST_1 : Operation 66 [1/1] (0.83ns)   --->   "%add_i = add i14 %empty, i14 7" [C:/Users/shen/Downloads/vitis_2/dp_live/dp_live.runs/mpsoc_preset_v_tpg_0_0_synth_1/prj/sol/.autopilot/db/v_tpg.cpp:506]   --->   Operation 66 'add' 'add_i' <Predicate = true> <Delay = 0.83> <CoreInst = "Adder">   --->   Core 1 'Adder' <Latency = 0> <II = 1> <Delay = 0.83> <FuncUnit> <Opcode : 'add' 'sub'> <InPorts = 2> <OutPorts = 1>
ST_1 : Operation 67 [1/1] (0.00ns)   --->   "%barWidth = partselect i11 @_ssdm_op_PartSelect.i11.i14.i32.i32, i14 %add_i, i32 3, i32 13" [C:/Users/shen/Downloads/vitis_2/dp_live/dp_live.runs/mpsoc_preset_v_tpg_0_0_synth_1/prj/sol/.autopilot/db/v_tpg.cpp:506]   --->   Operation 67 'partselect' 'barWidth' <Predicate = true> <Delay = 0.00>
ST_1 : Operation 68 [1/1] (0.00ns)   --->   "%tmp_4 = partselect i10 @_ssdm_op_PartSelect.i10.i14.i32.i32, i14 %add5_i, i32 4, i32 13" [C:/Users/shen/Downloads/vitis_2/dp_live/dp_live.runs/mpsoc_preset_v_tpg_0_0_synth_1/prj/sol/.autopilot/db/v_tpg.cpp:505]   --->   Operation 68 'partselect' 'tmp_4' <Predicate = true> <Delay = 0.00>
ST_1 : Operation 69 [1/1] (0.00ns)   --->   "%barHeight_cast_cast = zext i10 %tmp_4" [C:/Users/shen/Downloads/vitis_2/dp_live/dp_live.runs/mpsoc_preset_v_tpg_0_0_synth_1/prj/sol/.autopilot/db/v_tpg.cpp:505]   --->   Operation 69 'zext' 'barHeight_cast_cast' <Predicate = true> <Delay = 0.00>
ST_1 : Operation 70 [1/1] (0.78ns)   --->   "%sub_i_i_i = add i11 %barHeight_cast_cast, i11 2047" [C:/Users/shen/Downloads/vitis_2/dp_live/dp_live.runs/mpsoc_preset_v_tpg_0_0_synth_1/prj/sol/.autopilot/db/v_tpg.cpp:505]   --->   Operation 70 'add' 'sub_i_i_i' <Predicate = true> <Delay = 0.78> <CoreInst = "Adder">   --->   Core 1 'Adder' <Latency = 0> <II = 1> <Delay = 0.78> <FuncUnit> <Opcode : 'add' 'sub'> <InPorts = 2> <OutPorts = 1>
ST_1 : Operation 71 [1/1] (0.00ns)   --->   "%rampStart_load = load i8 %rampStart" [C:/Users/shen/Downloads/vitis_2/dp_live/dp_live.runs/mpsoc_preset_v_tpg_0_0_synth_1/prj/sol/.autopilot/db/v_tpg.cpp:540]   --->   Operation 71 'load' 'rampStart_load' <Predicate = true> <Delay = 0.00>
ST_1 : Operation 72 [1/1] (0.00ns)   --->   "%rampVal_1_load = load i16 %rampVal_1" [C:/Users/shen/Downloads/vitis_2/dp_live/dp_live.runs/mpsoc_preset_v_tpg_0_0_synth_1/prj/sol/.autopilot/db/v_tpg.cpp:1032->C:/Users/shen/Downloads/vitis_2/dp_live/dp_live.runs/mpsoc_preset_v_tpg_0_0_synth_1/prj/sol/.autopilot/db/v_tpg.cpp:540]   --->   Operation 72 'load' 'rampVal_1_load' <Predicate = true> <Delay = 0.00>
ST_1 : Operation 73 [1/1] (0.00ns)   --->   "%rampVal_load = load i8 %rampVal" [C:/Users/shen/Downloads/vitis_2/dp_live/dp_live.runs/mpsoc_preset_v_tpg_0_0_synth_1/prj/sol/.autopilot/db/v_tpg.cpp:1056->C:/Users/shen/Downloads/vitis_2/dp_live/dp_live.runs/mpsoc_preset_v_tpg_0_0_synth_1/prj/sol/.autopilot/db/v_tpg.cpp:548]   --->   Operation 73 'load' 'rampVal_load' <Predicate = true> <Delay = 0.00>
ST_1 : Operation 74 [1/1] (0.00ns)   --->   "%zext_ln1212 = zext i8 %rampVal_load" [C:/Users/shen/Downloads/vitis_2/dp_live/dp_live.runs/mpsoc_preset_v_tpg_0_0_synth_1/prj/sol/.autopilot/db/v_tpg.cpp:1212->C:/Users/shen/Downloads/vitis_2/dp_live/dp_live.runs/mpsoc_preset_v_tpg_0_0_synth_1/prj/sol/.autopilot/db/v_tpg.cpp:604]   --->   Operation 74 'zext' 'zext_ln1212' <Predicate = true> <Delay = 0.00>
ST_1 : Operation 75 [1/1] (0.00ns)   --->   "%hBarSel_4_0_load = load i8 %hBarSel_4_0" [C:/Users/shen/Downloads/vitis_2/dp_live/dp_live.runs/mpsoc_preset_v_tpg_0_0_synth_1/prj/sol/.autopilot/db/v_tpg.cpp:1212->C:/Users/shen/Downloads/vitis_2/dp_live/dp_live.runs/mpsoc_preset_v_tpg_0_0_synth_1/prj/sol/.autopilot/db/v_tpg.cpp:604]   --->   Operation 75 'load' 'hBarSel_4_0_load' <Predicate = true> <Delay = 0.00>
ST_1 : Operation 76 [1/1] (0.00ns)   --->   "%zonePlateVAddr_load = load i16 %zonePlateVAddr" [C:/Users/shen/Downloads/vitis_2/dp_live/dp_live.runs/mpsoc_preset_v_tpg_0_0_synth_1/prj/sol/.autopilot/db/v_tpg.cpp:1296->C:/Users/shen/Downloads/vitis_2/dp_live/dp_live.runs/mpsoc_preset_v_tpg_0_0_synth_1/prj/sol/.autopilot/db/v_tpg.cpp:612]   --->   Operation 76 'load' 'zonePlateVAddr_load' <Predicate = true> <Delay = 0.00>
ST_1 : Operation 77 [1/1] (0.00ns)   --->   "%vBarSel_load = load i3 %vBarSel" [C:/Users/shen/Downloads/vitis_2/dp_live/dp_live.runs/mpsoc_preset_v_tpg_0_0_synth_1/prj/sol/.autopilot/db/v_tpg.cpp:1348->C:/Users/shen/Downloads/vitis_2/dp_live/dp_live.runs/mpsoc_preset_v_tpg_0_0_synth_1/prj/sol/.autopilot/db/v_tpg.cpp:620]   --->   Operation 77 'load' 'vBarSel_load' <Predicate = true> <Delay = 0.00>
ST_1 : Operation 78 [1/1] (0.00ns)   --->   "%zext_ln1367 = zext i3 %vBarSel_load" [C:/Users/shen/Downloads/vitis_2/dp_live/dp_live.runs/mpsoc_preset_v_tpg_0_0_synth_1/prj/sol/.autopilot/db/v_tpg.cpp:1367->C:/Users/shen/Downloads/vitis_2/dp_live/dp_live.runs/mpsoc_preset_v_tpg_0_0_synth_1/prj/sol/.autopilot/db/v_tpg.cpp:620]   --->   Operation 78 'zext' 'zext_ln1367' <Predicate = true> <Delay = 0.00>
ST_1 : Operation 79 [1/1] (0.00ns)   --->   "%hBarSel_0_load = load i3 %hBarSel_0" [C:/Users/shen/Downloads/vitis_2/dp_live/dp_live.runs/mpsoc_preset_v_tpg_0_0_synth_1/prj/sol/.autopilot/db/v_tpg.cpp:1367->C:/Users/shen/Downloads/vitis_2/dp_live/dp_live.runs/mpsoc_preset_v_tpg_0_0_synth_1/prj/sol/.autopilot/db/v_tpg.cpp:620]   --->   Operation 79 'load' 'hBarSel_0_load' <Predicate = true> <Delay = 0.00>
ST_1 : Operation 80 [1/1] (0.00ns)   --->   "%zext_ln1493 = zext i3 %hBarSel_0_load" [C:/Users/shen/Downloads/vitis_2/dp_live/dp_live.runs/mpsoc_preset_v_tpg_0_0_synth_1/prj/sol/.autopilot/db/v_tpg.cpp:1493->C:/Users/shen/Downloads/vitis_2/dp_live/dp_live.runs/mpsoc_preset_v_tpg_0_0_synth_1/prj/sol/.autopilot/db/v_tpg.cpp:644]   --->   Operation 80 'zext' 'zext_ln1493' <Predicate = true> <Delay = 0.00>
ST_1 : Operation 81 [1/1] (0.00ns)   --->   "%hdata_load = load i16 %hdata" [C:/Users/shen/Downloads/vitis_2/dp_live/dp_live.runs/mpsoc_preset_v_tpg_0_0_synth_1/prj/sol/.autopilot/db/v_tpg.cpp:1493->C:/Users/shen/Downloads/vitis_2/dp_live/dp_live.runs/mpsoc_preset_v_tpg_0_0_synth_1/prj/sol/.autopilot/db/v_tpg.cpp:644]   --->   Operation 81 'load' 'hdata_load' <Predicate = true> <Delay = 0.00>
ST_1 : Operation 82 [1/1] (0.00ns)   --->   "%vBarSel_2_load = load i8 %vBarSel_2" [C:/Users/shen/Downloads/vitis_2/dp_live/dp_live.runs/mpsoc_preset_v_tpg_0_0_synth_1/prj/sol/.autopilot/db/v_tpg.cpp:1530->C:/Users/shen/Downloads/vitis_2/dp_live/dp_live.runs/mpsoc_preset_v_tpg_0_0_synth_1/prj/sol/.autopilot/db/v_tpg.cpp:652]   --->   Operation 82 'load' 'vBarSel_2_load' <Predicate = true> <Delay = 0.00>
ST_1 : Operation 83 [1/1] (0.00ns)   --->   "%hBarSel_3_0_load = load i3 %hBarSel_3_0" [C:/Users/shen/Downloads/vitis_2/dp_live/dp_live.runs/mpsoc_preset_v_tpg_0_0_synth_1/prj/sol/.autopilot/db/v_tpg.cpp:1548->C:/Users/shen/Downloads/vitis_2/dp_live/dp_live.runs/mpsoc_preset_v_tpg_0_0_synth_1/prj/sol/.autopilot/db/v_tpg.cpp:652]   --->   Operation 83 'load' 'hBarSel_3_0_load' <Predicate = true> <Delay = 0.00>
ST_1 : Operation 84 [1/1] (0.00ns)   --->   "%zext_ln1610 = zext i3 %hBarSel_3_0_load" [C:/Users/shen/Downloads/vitis_2/dp_live/dp_live.runs/mpsoc_preset_v_tpg_0_0_synth_1/prj/sol/.autopilot/db/v_tpg.cpp:1610->C:/Users/shen/Downloads/vitis_2/dp_live/dp_live.runs/mpsoc_preset_v_tpg_0_0_synth_1/prj/sol/.autopilot/db/v_tpg.cpp:662]   --->   Operation 84 'zext' 'zext_ln1610' <Predicate = true> <Delay = 0.00>
ST_1 : Operation 85 [1/1] (0.00ns)   --->   "%rampVal_2_load = load i16 %rampVal_2" [C:/Users/shen/Downloads/vitis_2/dp_live/dp_live.runs/mpsoc_preset_v_tpg_0_0_synth_1/prj/sol/.autopilot/db/v_tpg.cpp:1610->C:/Users/shen/Downloads/vitis_2/dp_live/dp_live.runs/mpsoc_preset_v_tpg_0_0_synth_1/prj/sol/.autopilot/db/v_tpg.cpp:662]   --->   Operation 85 'load' 'rampVal_2_load' <Predicate = true> <Delay = 0.00>
ST_1 : Operation 86 [1/1] (0.00ns)   --->   "%vBarSel_1_load = load i1 %vBarSel_1" [C:/Users/shen/Downloads/vitis_2/dp_live/dp_live.runs/mpsoc_preset_v_tpg_0_0_synth_1/prj/sol/.autopilot/db/v_tpg.cpp:1713->C:/Users/shen/Downloads/vitis_2/dp_live/dp_live.runs/mpsoc_preset_v_tpg_0_0_synth_1/prj/sol/.autopilot/db/v_tpg.cpp:676]   --->   Operation 86 'load' 'vBarSel_1_load' <Predicate = true> <Delay = 0.00>
ST_1 : Operation 87 [1/1] (0.00ns)   --->   "%zext_ln1730 = zext i1 %vBarSel_1_load" [C:/Users/shen/Downloads/vitis_2/dp_live/dp_live.runs/mpsoc_preset_v_tpg_0_0_synth_1/prj/sol/.autopilot/db/v_tpg.cpp:1730->C:/Users/shen/Downloads/vitis_2/dp_live/dp_live.runs/mpsoc_preset_v_tpg_0_0_synth_1/prj/sol/.autopilot/db/v_tpg.cpp:676]   --->   Operation 87 'zext' 'zext_ln1730' <Predicate = true> <Delay = 0.00>
ST_1 : Operation 88 [1/1] (0.00ns)   --->   "%hBarSel_5_0_load = load i3 %hBarSel_5_0" [C:/Users/shen/Downloads/vitis_2/dp_live/dp_live.runs/mpsoc_preset_v_tpg_0_0_synth_1/prj/sol/.autopilot/db/v_tpg.cpp:1730->C:/Users/shen/Downloads/vitis_2/dp_live/dp_live.runs/mpsoc_preset_v_tpg_0_0_synth_1/prj/sol/.autopilot/db/v_tpg.cpp:676]   --->   Operation 88 'load' 'hBarSel_5_0_load' <Predicate = true> <Delay = 0.00>
ST_1 : Operation 89 [1/1] (0.00ns)   --->   "%zext_ln518 = zext i3 %hBarSel_5_0_load" [C:/Users/shen/Downloads/vitis_2/dp_live/dp_live.runs/mpsoc_preset_v_tpg_0_0_synth_1/prj/sol/.autopilot/db/v_tpg.cpp:518]   --->   Operation 89 'zext' 'zext_ln518' <Predicate = true> <Delay = 0.00>
ST_1 : Operation 90 [1/1] (0.00ns)   --->   "%store_ln518 = store i16 %rampVal_1_load, i16 %rampVal_3_loc_0" [C:/Users/shen/Downloads/vitis_2/dp_live/dp_live.runs/mpsoc_preset_v_tpg_0_0_synth_1/prj/sol/.autopilot/db/v_tpg.cpp:518]   --->   Operation 90 'store' 'store_ln518' <Predicate = true> <Delay = 0.00>
ST_1 : Operation 91 [1/1] (0.00ns)   --->   "%store_ln518 = store i16 %zext_ln1212, i16 %rampVal_loc_0" [C:/Users/shen/Downloads/vitis_2/dp_live/dp_live.runs/mpsoc_preset_v_tpg_0_0_synth_1/prj/sol/.autopilot/db/v_tpg.cpp:518]   --->   Operation 91 'store' 'store_ln518' <Predicate = true> <Delay = 0.00>
ST_1 : Operation 92 [1/1] (0.00ns)   --->   "%store_ln518 = store i8 %hBarSel_4_0_load, i8 %hBarSel_4_0_loc_0" [C:/Users/shen/Downloads/vitis_2/dp_live/dp_live.runs/mpsoc_preset_v_tpg_0_0_synth_1/prj/sol/.autopilot/db/v_tpg.cpp:518]   --->   Operation 92 'store' 'store_ln518' <Predicate = true> <Delay = 0.00>
ST_1 : Operation 93 [1/1] (0.00ns)   --->   "%store_ln518 = store i16 %zonePlateVAddr_load, i16 %zonePlateVAddr_loc_0" [C:/Users/shen/Downloads/vitis_2/dp_live/dp_live.runs/mpsoc_preset_v_tpg_0_0_synth_1/prj/sol/.autopilot/db/v_tpg.cpp:518]   --->   Operation 93 'store' 'store_ln518' <Predicate = true> <Delay = 0.00>
ST_1 : Operation 94 [1/1] (0.00ns)   --->   "%store_ln518 = store i8 %zext_ln1367, i8 %vBarSel_loc_0" [C:/Users/shen/Downloads/vitis_2/dp_live/dp_live.runs/mpsoc_preset_v_tpg_0_0_synth_1/prj/sol/.autopilot/db/v_tpg.cpp:518]   --->   Operation 94 'store' 'store_ln518' <Predicate = true> <Delay = 0.00>
ST_1 : Operation 95 [1/1] (0.00ns)   --->   "%store_ln518 = store i8 %zext_ln1493, i8 %hBarSel_0_loc_0" [C:/Users/shen/Downloads/vitis_2/dp_live/dp_live.runs/mpsoc_preset_v_tpg_0_0_synth_1/prj/sol/.autopilot/db/v_tpg.cpp:518]   --->   Operation 95 'store' 'store_ln518' <Predicate = true> <Delay = 0.00>
ST_1 : Operation 96 [1/1] (0.00ns)   --->   "%store_ln518 = store i16 %hdata_load, i16 %hdata_loc_0" [C:/Users/shen/Downloads/vitis_2/dp_live/dp_live.runs/mpsoc_preset_v_tpg_0_0_synth_1/prj/sol/.autopilot/db/v_tpg.cpp:518]   --->   Operation 96 'store' 'store_ln518' <Predicate = true> <Delay = 0.00>
ST_1 : Operation 97 [1/1] (0.00ns)   --->   "%store_ln518 = store i8 %vBarSel_2_load, i8 %vBarSel_2_loc_0" [C:/Users/shen/Downloads/vitis_2/dp_live/dp_live.runs/mpsoc_preset_v_tpg_0_0_synth_1/prj/sol/.autopilot/db/v_tpg.cpp:518]   --->   Operation 97 'store' 'store_ln518' <Predicate = true> <Delay = 0.00>
ST_1 : Operation 98 [1/1] (0.00ns)   --->   "%store_ln518 = store i8 %zext_ln1610, i8 %hBarSel_3_0_loc_0" [C:/Users/shen/Downloads/vitis_2/dp_live/dp_live.runs/mpsoc_preset_v_tpg_0_0_synth_1/prj/sol/.autopilot/db/v_tpg.cpp:518]   --->   Operation 98 'store' 'store_ln518' <Predicate = true> <Delay = 0.00>
ST_1 : Operation 99 [1/1] (0.00ns)   --->   "%store_ln518 = store i16 %rampVal_2_load, i16 %rampVal_2_loc_0" [C:/Users/shen/Downloads/vitis_2/dp_live/dp_live.runs/mpsoc_preset_v_tpg_0_0_synth_1/prj/sol/.autopilot/db/v_tpg.cpp:518]   --->   Operation 99 'store' 'store_ln518' <Predicate = true> <Delay = 0.00>
ST_1 : Operation 100 [1/1] (0.00ns)   --->   "%store_ln518 = store i8 %zext_ln1730, i8 %vBarSel_3_loc_0" [C:/Users/shen/Downloads/vitis_2/dp_live/dp_live.runs/mpsoc_preset_v_tpg_0_0_synth_1/prj/sol/.autopilot/db/v_tpg.cpp:518]   --->   Operation 100 'store' 'store_ln518' <Predicate = true> <Delay = 0.00>
ST_1 : Operation 101 [1/1] (0.00ns)   --->   "%store_ln518 = store i8 %zext_ln518, i8 %hBarSel_5_0_loc_0" [C:/Users/shen/Downloads/vitis_2/dp_live/dp_live.runs/mpsoc_preset_v_tpg_0_0_synth_1/prj/sol/.autopilot/db/v_tpg.cpp:518]   --->   Operation 101 'store' 'store_ln518' <Predicate = true> <Delay = 0.00>
ST_1 : Operation 102 [1/1] (0.42ns)   --->   "%store_ln518 = store i16 0, i16 %y" [C:/Users/shen/Downloads/vitis_2/dp_live/dp_live.runs/mpsoc_preset_v_tpg_0_0_synth_1/prj/sol/.autopilot/db/v_tpg.cpp:518]   --->   Operation 102 'store' 'store_ln518' <Predicate = true> <Delay = 0.42>
ST_1 : Operation 103 [1/1] (0.42ns)   --->   "%br_ln518 = br void %VITIS_LOOP_520_2" [C:/Users/shen/Downloads/vitis_2/dp_live/dp_live.runs/mpsoc_preset_v_tpg_0_0_synth_1/prj/sol/.autopilot/db/v_tpg.cpp:518]   --->   Operation 103 'br' 'br_ln518' <Predicate = true> <Delay = 0.42>

State 2 <SV = 1> <Delay = 3.28>
ST_2 : Operation 104 [1/1] (0.00ns)   --->   "%rampVal_3_flag_0 = phi i1 0, void %entry, i1 %rampVal_3_flag_1_loc_load, void %VITIS_LOOP_520_2.split"   --->   Operation 104 'phi' 'rampVal_3_flag_0' <Predicate = true> <Delay = 0.00>
ST_2 : Operation 105 [1/1] (0.00ns)   --->   "%hdata_flag_0 = phi i1 0, void %entry, i1 %hdata_flag_1_loc_load, void %VITIS_LOOP_520_2.split"   --->   Operation 105 'phi' 'hdata_flag_0' <Predicate = true> <Delay = 0.00>
ST_2 : Operation 106 [1/1] (0.00ns)   --->   "%rampVal_2_flag_0 = phi i1 0, void %entry, i1 %rampVal_2_flag_1_loc_load, void %VITIS_LOOP_520_2.split"   --->   Operation 106 'phi' 'rampVal_2_flag_0' <Predicate = true> <Delay = 0.00>
ST_2 : Operation 107 [1/1] (0.00ns)   --->   "%y_3 = load i16 %y" [C:/Users/shen/Downloads/vitis_2/dp_live/dp_live.runs/mpsoc_preset_v_tpg_0_0_synth_1/prj/sol/.autopilot/db/v_tpg.cpp:518]   --->   Operation 107 'load' 'y_3' <Predicate = true> <Delay = 0.00>
ST_2 : Operation 108 [1/1] (0.00ns)   --->   "%trunc_ln518 = trunc i16 %y_3" [C:/Users/shen/Downloads/vitis_2/dp_live/dp_live.runs/mpsoc_preset_v_tpg_0_0_synth_1/prj/sol/.autopilot/db/v_tpg.cpp:518]   --->   Operation 108 'trunc' 'trunc_ln518' <Predicate = true> <Delay = 0.00>
ST_2 : Operation 109 [1/1] (0.85ns)   --->   "%icmp_ln518 = icmp_eq  i16 %y_3, i16 %loopHeight" [C:/Users/shen/Downloads/vitis_2/dp_live/dp_live.runs/mpsoc_preset_v_tpg_0_0_synth_1/prj/sol/.autopilot/db/v_tpg.cpp:518]   --->   Operation 109 'icmp' 'icmp_ln518' <Predicate = true> <Delay = 0.85> <CoreInst = "Cmp">   --->   Core 9 'Cmp' <Latency = 0> <II = 1> <Delay = 0.85> <FuncUnit> <Opcode : 'icmp'> <InPorts = 2> <OutPorts = 1>
ST_2 : Operation 110 [1/1] (0.85ns)   --->   "%add_ln518 = add i16 %y_3, i16 1" [C:/Users/shen/Downloads/vitis_2/dp_live/dp_live.runs/mpsoc_preset_v_tpg_0_0_synth_1/prj/sol/.autopilot/db/v_tpg.cpp:518]   --->   Operation 110 'add' 'add_ln518' <Predicate = true> <Delay = 0.85> <CoreInst = "Adder">   --->   Core 1 'Adder' <Latency = 0> <II = 1> <Delay = 0.85> <FuncUnit> <Opcode : 'add' 'sub'> <InPorts = 2> <OutPorts = 1>
ST_2 : Operation 111 [1/1] (0.00ns)   --->   "%br_ln518 = br i1 %icmp_ln518, void %VITIS_LOOP_520_2.split, void %for.end47.loopexit" [C:/Users/shen/Downloads/vitis_2/dp_live/dp_live.runs/mpsoc_preset_v_tpg_0_0_synth_1/prj/sol/.autopilot/db/v_tpg.cpp:518]   --->   Operation 111 'br' 'br_ln518' <Predicate = true> <Delay = 0.00>
ST_2 : Operation 112 [1/1] (0.85ns)   --->   "%cmp12_i = icmp_ne  i16 %y_3, i16 0" [C:/Users/shen/Downloads/vitis_2/dp_live/dp_live.runs/mpsoc_preset_v_tpg_0_0_synth_1/prj/sol/.autopilot/db/v_tpg.cpp:518]   --->   Operation 112 'icmp' 'cmp12_i' <Predicate = (!icmp_ln518)> <Delay = 0.85> <CoreInst = "Cmp">   --->   Core 9 'Cmp' <Latency = 0> <II = 1> <Delay = 0.85> <FuncUnit> <Opcode : 'icmp'> <InPorts = 2> <OutPorts = 1>
ST_2 : Operation 113 [1/1] (0.00ns)   --->   "%Sel = partselect i2 @_ssdm_op_PartSelect.i2.i16.i32.i32, i16 %y_3, i32 6, i32 7" [C:/Users/shen/Downloads/vitis_2/dp_live/dp_live.runs/mpsoc_preset_v_tpg_0_0_synth_1/prj/sol/.autopilot/db/v_tpg.cpp:518]   --->   Operation 113 'partselect' 'Sel' <Predicate = (!icmp_ln518)> <Delay = 0.00>
ST_2 : Operation 114 [1/1] (0.00ns)   --->   "%empty_74 = wait i32 @_ssdm_op_Wait"   --->   Operation 114 'wait' 'empty_74' <Predicate = (!icmp_ln518)> <Delay = 0.00>
ST_2 : Operation 115 [2/2] (2.43ns)   --->   "%call_ln506 = call void @tpgBackground_Pipeline_VITIS_LOOP_520_2, i1 %rampVal_3_flag_0, i1 %hdata_flag_0, i1 %rampVal_2_flag_0, i16 %loopWidth, i8 %pix_5, i8 %pix, i8 %conv2_i_i_i254, i5 %conv2_i_i_i236_cast_cast, i1 %not_cmp2_i224, i3 %conv2_i_i10_i252_cast_cast_cast_cast, i8 %conv2_i_i10_i234, i8 %conv2_i_i10_i229, i8 %rampStart_load, i24 %bckgndYUV, i16 %ZplateHorContStart_read, i8 %bckgndId_read, i1 %cmp2_i224, i8 %rampStart_load, i16 %y_3, i8 %colorFormatLocal, i11 %barWidth, i11 %barWidth, i16 %ZplateHorContDelta_read, i16 %ZplateVerContStart_read, i1 %cmp12_i, i16 %ZplateVerContDelta_read, i11 %sub_i_i_i, i10 %barWidthMinSamples, i16 %loopWidth, i16 %loopHeight, i16 %y_3, i8 %trunc_ln518, i1 %icmp, i2 %Sel, i8 %dpDynamicRange_read, i8 %dpYUVCoef_read, i1 %rampVal_3_flag_1_loc, i16 %rampVal_3_new_0, i16 %rampVal_3_loc_0, i16 %rampVal_loc_0, i8 %hBarSel_4_0_loc_0, i16 %zonePlateVAddr_loc_0, i8 %vBarSel_loc_0, i8 %hBarSel_0_loc_0, i1 %hdata_flag_1_loc, i16 %hdata_new_0, i16 %hdata_loc_0, i8 %vBarSel_2_loc_0, i8 %hBarSel_3_0_loc_0, i1 %rampVal_2_flag_1_loc, i16 %rampVal_2_new_0, i16 %rampVal_2_loc_0, i8 %vBarSel_3_loc_0, i8 %hBarSel_5_0_loc_0, i8 %p_0_2_0_0_0461_lcssa470, i8 %p_0_1_0_0_0459_lcssa467, i8 %p_0_0_0_0_0457_lcssa464, i8 %rampVal, i8 %redYuv, i8 %grnYuv, i8 %bluYuv, i8 %blkYuv, i8 %whiYuv, i2 %tpgBarSelRgb_r, i8 %tpgBarSelYuv_y, i2 %tpgBarSelRgb_g, i8 %tpgBarSelYuv_u, i8 %tpgBarSelYuv_v, i8 %hBarSel_4_0, i11 %xBar_0, i32 %s, i2 %tpgBarSelRgb_b, i20 %tpgSinTableArray, i16 %zonePlateVAddr, i16 %zonePlateVDelta, i3 %tpgTartanBarArray, i3 %hBarSel_0, i10 %xCount_0, i10 %yCount, i3 %vBarSel, i10 %xCount_4_0, i1 %vHatch, i10 %yCount_2, i8 %whiYuv_1, i8 %blkYuv_1, i8 %tpgSinTableArray_9bit_0, i8 %tpgSinTableArray_9bit_1, i9 %tpgSinTableArray_9bit_2, i8 %tpgSinTableArray_9bit_3, i8 %tpgSinTableArray_9bit_4, i2 %tpgCheckerBoardArray, i3 %hBarSel_3_0, i10 %xCount_3_0, i10 %yCount_3, i8 %vBarSel_2, i28 %rSerie, i28 %gSerie, i28 %bSerie, i2 %DPtpgBarSelRgb_VESA_r, i2 %DPtpgBarSelRgb_VESA_g, i2 %DPtpgBarSelRgb_VESA_b, i3 %DPtpgBarArray, i3 %hBarSel_5_0, i10 %xCount_5_0, i6 %yCount_1, i1 %vBarSel_1, i6 %DPtpgBarSelRgb_CEA_r, i6 %DPtpgBarSelRgb_CEA_g, i6 %DPtpgBarSelRgb_CEA_b, i8 %DPtpgBarSelYuv_601_y, i8 %DPtpgBarSelYuv_601_v, i8 %DPtpgBarSelYuv_601_u, i8 %DPtpgBarSelYuv_709_y, i8 %DPtpgBarSelYuv_709_v, i8 %DPtpgBarSelYuv_709_u" [C:/Users/shen/Downloads/vitis_2/dp_live/dp_live.runs/mpsoc_preset_v_tpg_0_0_synth_1/prj/sol/.autopilot/db/v_tpg.cpp:506]   --->   Operation 115 'call' 'call_ln506' <Predicate = (!icmp_ln518)> <Delay = 2.43> <CoreType = "Generic">   --->   Core 0 '' <Latency = 0> <II = 1> <Delay = 1.00> <Generic> <Opcode : >
ST_2 : Operation 116 [1/1] (0.42ns)   --->   "%store_ln518 = store i16 %add_ln518, i16 %y" [C:/Users/shen/Downloads/vitis_2/dp_live/dp_live.runs/mpsoc_preset_v_tpg_0_0_synth_1/prj/sol/.autopilot/db/v_tpg.cpp:518]   --->   Operation 116 'store' 'store_ln518' <Predicate = (!icmp_ln518)> <Delay = 0.42>
ST_2 : Operation 117 [1/1] (0.00ns)   --->   "%motionSpeed_read = read i8 @_ssdm_op_Read.ap_auto.i8P0A, i8 %motionSpeed" [C:/Users/shen/Downloads/vitis_2/dp_live/dp_live.runs/mpsoc_preset_v_tpg_0_0_synth_1/prj/sol/.autopilot/db/v_tpg.cpp:705]   --->   Operation 117 'read' 'motionSpeed_read' <Predicate = (icmp_ln518)> <Delay = 0.00>
ST_2 : Operation 118 [1/1] (0.76ns)   --->   "%add_ln705 = add i8 %motionSpeed_read, i8 %rampStart_load" [C:/Users/shen/Downloads/vitis_2/dp_live/dp_live.runs/mpsoc_preset_v_tpg_0_0_synth_1/prj/sol/.autopilot/db/v_tpg.cpp:705]   --->   Operation 118 'add' 'add_ln705' <Predicate = (icmp_ln518)> <Delay = 0.76> <CoreInst = "Adder">   --->   Core 1 'Adder' <Latency = 0> <II = 1> <Delay = 0.76> <FuncUnit> <Opcode : 'add' 'sub'> <InPorts = 2> <OutPorts = 1>
ST_2 : Operation 119 [1/1] (0.00ns)   --->   "%store_ln705 = store i8 %add_ln705, i8 %rampStart" [C:/Users/shen/Downloads/vitis_2/dp_live/dp_live.runs/mpsoc_preset_v_tpg_0_0_synth_1/prj/sol/.autopilot/db/v_tpg.cpp:705]   --->   Operation 119 'store' 'store_ln705' <Predicate = (icmp_ln518)> <Delay = 0.00>
ST_2 : Operation 120 [1/1] (0.00ns)   --->   "%br_ln0 = br i1 %rampVal_2_flag_0, void %for.end47.loopexit.new12, void %mergeST11"   --->   Operation 120 'br' 'br_ln0' <Predicate = (icmp_ln518)> <Delay = 0.00>
ST_2 : Operation 121 [1/1] (0.00ns)   --->   "%rampVal_2_new_0_load = load i16 %rampVal_2_new_0" [C:/Users/shen/Downloads/vitis_2/dp_live/dp_live.runs/mpsoc_preset_v_tpg_0_0_synth_1/prj/sol/.autopilot/db/v_tpg.cpp:1585->C:/Users/shen/Downloads/vitis_2/dp_live/dp_live.runs/mpsoc_preset_v_tpg_0_0_synth_1/prj/sol/.autopilot/db/v_tpg.cpp:662]   --->   Operation 121 'load' 'rampVal_2_new_0_load' <Predicate = (icmp_ln518 & rampVal_2_flag_0)> <Delay = 0.00>
ST_2 : Operation 122 [1/1] (0.00ns)   --->   "%store_ln1585 = store i16 %rampVal_2_new_0_load, i16 %rampVal_2" [C:/Users/shen/Downloads/vitis_2/dp_live/dp_live.runs/mpsoc_preset_v_tpg_0_0_synth_1/prj/sol/.autopilot/db/v_tpg.cpp:1585->C:/Users/shen/Downloads/vitis_2/dp_live/dp_live.runs/mpsoc_preset_v_tpg_0_0_synth_1/prj/sol/.autopilot/db/v_tpg.cpp:662]   --->   Operation 122 'store' 'store_ln1585' <Predicate = (icmp_ln518 & rampVal_2_flag_0)> <Delay = 0.00>
ST_2 : Operation 123 [1/1] (0.00ns)   --->   "%br_ln0 = br void %for.end47.loopexit.new12"   --->   Operation 123 'br' 'br_ln0' <Predicate = (icmp_ln518 & rampVal_2_flag_0)> <Delay = 0.00>
ST_2 : Operation 124 [1/1] (0.00ns)   --->   "%br_ln0 = br i1 %hdata_flag_0, void %for.end47.loopexit.new10, void %mergeST9"   --->   Operation 124 'br' 'br_ln0' <Predicate = (icmp_ln518)> <Delay = 0.00>
ST_2 : Operation 125 [1/1] (0.00ns)   --->   "%hdata_new_0_load = load i16 %hdata_new_0" [C:/Users/shen/Downloads/vitis_2/dp_live/dp_live.runs/mpsoc_preset_v_tpg_0_0_synth_1/prj/sol/.autopilot/db/v_tpg.cpp:1488->C:/Users/shen/Downloads/vitis_2/dp_live/dp_live.runs/mpsoc_preset_v_tpg_0_0_synth_1/prj/sol/.autopilot/db/v_tpg.cpp:644]   --->   Operation 125 'load' 'hdata_new_0_load' <Predicate = (icmp_ln518 & hdata_flag_0)> <Delay = 0.00>
ST_2 : Operation 126 [1/1] (0.00ns)   --->   "%store_ln1488 = store i16 %hdata_new_0_load, i16 %hdata" [C:/Users/shen/Downloads/vitis_2/dp_live/dp_live.runs/mpsoc_preset_v_tpg_0_0_synth_1/prj/sol/.autopilot/db/v_tpg.cpp:1488->C:/Users/shen/Downloads/vitis_2/dp_live/dp_live.runs/mpsoc_preset_v_tpg_0_0_synth_1/prj/sol/.autopilot/db/v_tpg.cpp:644]   --->   Operation 126 'store' 'store_ln1488' <Predicate = (icmp_ln518 & hdata_flag_0)> <Delay = 0.00>
ST_2 : Operation 127 [1/1] (0.00ns)   --->   "%br_ln0 = br void %for.end47.loopexit.new10"   --->   Operation 127 'br' 'br_ln0' <Predicate = (icmp_ln518 & hdata_flag_0)> <Delay = 0.00>
ST_2 : Operation 128 [1/1] (0.00ns)   --->   "%br_ln0 = br i1 %rampVal_3_flag_0, void %for.end47.loopexit.new, void %mergeST"   --->   Operation 128 'br' 'br_ln0' <Predicate = (icmp_ln518)> <Delay = 0.00>
ST_2 : Operation 129 [1/1] (0.00ns)   --->   "%rampVal_3_new_0_load = load i16 %rampVal_3_new_0" [C:/Users/shen/Downloads/vitis_2/dp_live/dp_live.runs/mpsoc_preset_v_tpg_0_0_synth_1/prj/sol/.autopilot/db/v_tpg.cpp:1028->C:/Users/shen/Downloads/vitis_2/dp_live/dp_live.runs/mpsoc_preset_v_tpg_0_0_synth_1/prj/sol/.autopilot/db/v_tpg.cpp:540]   --->   Operation 129 'load' 'rampVal_3_new_0_load' <Predicate = (icmp_ln518 & rampVal_3_flag_0)> <Delay = 0.00>
ST_2 : Operation 130 [1/1] (0.00ns)   --->   "%store_ln1028 = store i16 %rampVal_3_new_0_load, i16 %rampVal_1" [C:/Users/shen/Downloads/vitis_2/dp_live/dp_live.runs/mpsoc_preset_v_tpg_0_0_synth_1/prj/sol/.autopilot/db/v_tpg.cpp:1028->C:/Users/shen/Downloads/vitis_2/dp_live/dp_live.runs/mpsoc_preset_v_tpg_0_0_synth_1/prj/sol/.autopilot/db/v_tpg.cpp:540]   --->   Operation 130 'store' 'store_ln1028' <Predicate = (icmp_ln518 & rampVal_3_flag_0)> <Delay = 0.00>
ST_2 : Operation 131 [1/1] (0.00ns)   --->   "%br_ln0 = br void %for.end47.loopexit.new"   --->   Operation 131 'br' 'br_ln0' <Predicate = (icmp_ln518 & rampVal_3_flag_0)> <Delay = 0.00>
ST_2 : Operation 132 [1/1] (0.00ns)   --->   "%ret_ln706 = ret" [C:/Users/shen/Downloads/vitis_2/dp_live/dp_live.runs/mpsoc_preset_v_tpg_0_0_synth_1/prj/sol/.autopilot/db/v_tpg.cpp:706]   --->   Operation 132 'ret' 'ret_ln706' <Predicate = (icmp_ln518)> <Delay = 0.00>

State 3 <SV = 2> <Delay = 0.00>
ST_3 : Operation 133 [1/2] (0.00ns)   --->   "%call_ln506 = call void @tpgBackground_Pipeline_VITIS_LOOP_520_2, i1 %rampVal_3_flag_0, i1 %hdata_flag_0, i1 %rampVal_2_flag_0, i16 %loopWidth, i8 %pix_5, i8 %pix, i8 %conv2_i_i_i254, i5 %conv2_i_i_i236_cast_cast, i1 %not_cmp2_i224, i3 %conv2_i_i10_i252_cast_cast_cast_cast, i8 %conv2_i_i10_i234, i8 %conv2_i_i10_i229, i8 %rampStart_load, i24 %bckgndYUV, i16 %ZplateHorContStart_read, i8 %bckgndId_read, i1 %cmp2_i224, i8 %rampStart_load, i16 %y_3, i8 %colorFormatLocal, i11 %barWidth, i11 %barWidth, i16 %ZplateHorContDelta_read, i16 %ZplateVerContStart_read, i1 %cmp12_i, i16 %ZplateVerContDelta_read, i11 %sub_i_i_i, i10 %barWidthMinSamples, i16 %loopWidth, i16 %loopHeight, i16 %y_3, i8 %trunc_ln518, i1 %icmp, i2 %Sel, i8 %dpDynamicRange_read, i8 %dpYUVCoef_read, i1 %rampVal_3_flag_1_loc, i16 %rampVal_3_new_0, i16 %rampVal_3_loc_0, i16 %rampVal_loc_0, i8 %hBarSel_4_0_loc_0, i16 %zonePlateVAddr_loc_0, i8 %vBarSel_loc_0, i8 %hBarSel_0_loc_0, i1 %hdata_flag_1_loc, i16 %hdata_new_0, i16 %hdata_loc_0, i8 %vBarSel_2_loc_0, i8 %hBarSel_3_0_loc_0, i1 %rampVal_2_flag_1_loc, i16 %rampVal_2_new_0, i16 %rampVal_2_loc_0, i8 %vBarSel_3_loc_0, i8 %hBarSel_5_0_loc_0, i8 %p_0_2_0_0_0461_lcssa470, i8 %p_0_1_0_0_0459_lcssa467, i8 %p_0_0_0_0_0457_lcssa464, i8 %rampVal, i8 %redYuv, i8 %grnYuv, i8 %bluYuv, i8 %blkYuv, i8 %whiYuv, i2 %tpgBarSelRgb_r, i8 %tpgBarSelYuv_y, i2 %tpgBarSelRgb_g, i8 %tpgBarSelYuv_u, i8 %tpgBarSelYuv_v, i8 %hBarSel_4_0, i11 %xBar_0, i32 %s, i2 %tpgBarSelRgb_b, i20 %tpgSinTableArray, i16 %zonePlateVAddr, i16 %zonePlateVDelta, i3 %tpgTartanBarArray, i3 %hBarSel_0, i10 %xCount_0, i10 %yCount, i3 %vBarSel, i10 %xCount_4_0, i1 %vHatch, i10 %yCount_2, i8 %whiYuv_1, i8 %blkYuv_1, i8 %tpgSinTableArray_9bit_0, i8 %tpgSinTableArray_9bit_1, i9 %tpgSinTableArray_9bit_2, i8 %tpgSinTableArray_9bit_3, i8 %tpgSinTableArray_9bit_4, i2 %tpgCheckerBoardArray, i3 %hBarSel_3_0, i10 %xCount_3_0, i10 %yCount_3, i8 %vBarSel_2, i28 %rSerie, i28 %gSerie, i28 %bSerie, i2 %DPtpgBarSelRgb_VESA_r, i2 %DPtpgBarSelRgb_VESA_g, i2 %DPtpgBarSelRgb_VESA_b, i3 %DPtpgBarArray, i3 %hBarSel_5_0, i10 %xCount_5_0, i6 %yCount_1, i1 %vBarSel_1, i6 %DPtpgBarSelRgb_CEA_r, i6 %DPtpgBarSelRgb_CEA_g, i6 %DPtpgBarSelRgb_CEA_b, i8 %DPtpgBarSelYuv_601_y, i8 %DPtpgBarSelYuv_601_v, i8 %DPtpgBarSelYuv_601_u, i8 %DPtpgBarSelYuv_709_y, i8 %DPtpgBarSelYuv_709_v, i8 %DPtpgBarSelYuv_709_u" [C:/Users/shen/Downloads/vitis_2/dp_live/dp_live.runs/mpsoc_preset_v_tpg_0_0_synth_1/prj/sol/.autopilot/db/v_tpg.cpp:506]   --->   Operation 133 'call' 'call_ln506' <Predicate = true> <Delay = 0.00> <CoreType = "Generic">   --->   Core 0 '' <Latency = 0> <II = 1> <Delay = 1.00> <Generic> <Opcode : >

State 4 <SV = 3> <Delay = 0.00>
ST_4 : Operation 134 [1/1] (0.00ns)   --->   "%speclooptripcount_ln504 = speclooptripcount void @_ssdm_op_SpecLoopTripCount, i64 0, i64 65535, i64 32767" [C:/Users/shen/Downloads/vitis_2/dp_live/dp_live.runs/mpsoc_preset_v_tpg_0_0_synth_1/prj/sol/.autopilot/db/v_tpg.cpp:504]   --->   Operation 134 'speclooptripcount' 'speclooptripcount_ln504' <Predicate = true> <Delay = 0.00>
ST_4 : Operation 135 [1/1] (0.00ns)   --->   "%specloopname_ln518 = specloopname void @_ssdm_op_SpecLoopName, void @empty_24" [C:/Users/shen/Downloads/vitis_2/dp_live/dp_live.runs/mpsoc_preset_v_tpg_0_0_synth_1/prj/sol/.autopilot/db/v_tpg.cpp:518]   --->   Operation 135 'specloopname' 'specloopname_ln518' <Predicate = true> <Delay = 0.00>
ST_4 : Operation 136 [1/1] (0.00ns)   --->   "%rampVal_3_flag_1_loc_load = load i1 %rampVal_3_flag_1_loc"   --->   Operation 136 'load' 'rampVal_3_flag_1_loc_load' <Predicate = true> <Delay = 0.00>
ST_4 : Operation 137 [1/1] (0.00ns)   --->   "%hdata_flag_1_loc_load = load i1 %hdata_flag_1_loc"   --->   Operation 137 'load' 'hdata_flag_1_loc_load' <Predicate = true> <Delay = 0.00>
ST_4 : Operation 138 [1/1] (0.00ns)   --->   "%rampVal_2_flag_1_loc_load = load i1 %rampVal_2_flag_1_loc"   --->   Operation 138 'load' 'rampVal_2_flag_1_loc_load' <Predicate = true> <Delay = 0.00>
ST_4 : Operation 139 [1/1] (0.00ns)   --->   "%br_ln518 = br void %VITIS_LOOP_520_2" [C:/Users/shen/Downloads/vitis_2/dp_live/dp_live.runs/mpsoc_preset_v_tpg_0_0_synth_1/prj/sol/.autopilot/db/v_tpg.cpp:518]   --->   Operation 139 'br' 'br_ln518' <Predicate = true> <Delay = 0.00>


============================================================
+ Verbose Summary: Timing violations
============================================================
Target clock period: 5.334ns, clock uncertainty: 1.440ns.

 <State 1>: 1.618ns
The critical path consists of the following:
	wire read operation ('loopWidth', C:/Users/shen/Downloads/vitis_2/dp_live/dp_live.runs/mpsoc_preset_v_tpg_0_0_synth_1/prj/sol/.autopilot/db/v_tpg.cpp:506) on port 'width' (C:/Users/shen/Downloads/vitis_2/dp_live/dp_live.runs/mpsoc_preset_v_tpg_0_0_synth_1/prj/sol/.autopilot/db/v_tpg.cpp:506) [110]  (0.000 ns)
	'add' operation ('add2_i', C:/Users/shen/Downloads/vitis_2/dp_live/dp_live.runs/mpsoc_preset_v_tpg_0_0_synth_1/prj/sol/.autopilot/db/v_tpg.cpp:506) [129]  (0.831 ns)
	'add' operation ('barWidthMinSamples', C:/Users/shen/Downloads/vitis_2/dp_live/dp_live.runs/mpsoc_preset_v_tpg_0_0_synth_1/prj/sol/.autopilot/db/v_tpg.cpp:506) [131]  (0.787 ns)

 <State 2>: 3.283ns
The critical path consists of the following:
	'load' operation ('y', C:/Users/shen/Downloads/vitis_2/dp_live/dp_live.runs/mpsoc_preset_v_tpg_0_0_synth_1/prj/sol/.autopilot/db/v_tpg.cpp:518) on local variable 'y' [178]  (0.000 ns)
	'icmp' operation ('cmp12_i', C:/Users/shen/Downloads/vitis_2/dp_live/dp_live.runs/mpsoc_preset_v_tpg_0_0_synth_1/prj/sol/.autopilot/db/v_tpg.cpp:518) [186]  (0.853 ns)
	'call' operation ('call_ln506', C:/Users/shen/Downloads/vitis_2/dp_live/dp_live.runs/mpsoc_preset_v_tpg_0_0_synth_1/prj/sol/.autopilot/db/v_tpg.cpp:506) to 'tpgBackground_Pipeline_VITIS_LOOP_520_2' [189]  (2.430 ns)

 <State 3>: 0.000ns
The critical path consists of the following:

 <State 4>: 0.000ns
The critical path consists of the following:


============================================================
+ Verbose Summary: Binding
============================================================
N/A
* FSMD analyzer results:
  - Output states:
 - Input state : 
  - Chain level:
	State 1
	State 2
	State 3
	State 4


============================================================
+ Verbose Summary: Datapath Resource usage 
============================================================
N/A
