

================================================================
== Vitis HLS Report for 'tpgForeground'
================================================================
* Date:           Thu Nov 14 14:29:47 2024

* Version:        2023.1 (Build 3854077 on May  4 2023)
* Project:        prj
* Solution:       sol (Vivado IP Flow Target)
* Product family: zynquplus
* Target device:  xczu7ev-ffvc1156-2-e


================================================================
== Performance Estimates
================================================================
+ Timing: 
    * Summary: 
    +--------+---------+----------+------------+
    |  Clock |  Target | Estimated| Uncertainty|
    +--------+---------+----------+------------+
    |ap_clk  |  5.33 ns|  3.542 ns|     1.44 ns|
    +--------+---------+----------+------------+

+ Latency: 
    * Summary: 
    +---------+------------+----------+------------+-----+------------+---------+
    |   Latency (cycles)   |   Latency (absolute)  |     Interval     | Pipeline|
    |   min   |     max    |    min   |     max    | min |     max    |   Type  |
    +---------+------------+----------+------------+-----+------------+---------+
    |        1|  4295229436|  5.334 ns|  22.911 sec|    1|  4295229436|       no|
    +---------+------------+----------+------------+-----+------------+---------+

    + Detail: 
        * Instance: 
        +----------------------------------------------------+-----------------------------------------+---------+---------+-----------+----------+-----+-------+---------+
        |                                                    |                                         |  Latency (cycles) |  Latency (absolute)  |   Interval  | Pipeline|
        |                      Instance                      |                  Module                 |   min   |   max   |    min    |    max   | min |  max  |   Type  |
        +----------------------------------------------------+-----------------------------------------+---------+---------+-----------+----------+-----+-------+---------+
        |grp_tpgForeground_Pipeline_VITIS_LOOP_729_2_fu_182  |tpgForeground_Pipeline_VITIS_LOOP_729_2  |        2|    65538|  10.668 ns|  0.350 ms|    2|  65538|       no|
        +----------------------------------------------------+-----------------------------------------+---------+---------+-----------+----------+-----+-------+---------+

        * Loop: 
        +--------------------+---------+------------+-----------+-----------+-----------+-----------+----------+
        |                    |   Latency (cycles)   | Iteration |  Initiation Interval  |    Trip   |          |
        |      Loop Name     |   min   |     max    |  Latency  |  achieved |   target  |   Count   | Pipelined|
        +--------------------+---------+------------+-----------+-----------+-----------+-----------+----------+
        |- VITIS_LOOP_727_1  |        0|  4295229435|  5 ~ 65541|          -|          -|  0 ~ 65535|        no|
        +--------------------+---------+------------+-----------+-----------+-----------+-----------+----------+

============================================================
+ Verbose Summary: Synthesis Manager
============================================================
InlineROM: 1
ExposeGlobal: 0
============================================================
+ Verbose Summary: CDFG Model
============================================================
IsTopModel: 0
ResetActiveHigh: 1
IsCombinational: 2
IsDatapathOnly: 0
HasWiredReturn: 1
HasMFsm: 0
HasVarLatency: 1
IsPipeline: 0
IsRtlPipelined: 0
IsInstanceOverlapped: 0
IsDontTouch: 0
HasImplIP: 0
IsGatedGlobalClock: 0


============================================================
+ Verbose Summary: Schedule
============================================================
* Number of FSM states : 4
* Pipeline : 0
* Dataflow Pipeline: 0

* FSM state transitions: 
1 --> 2 
2 --> 3 
3 --> 4 
4 --> 2 

* FSM state operations: 

State 1 <SV = 0> <Delay = 1.15>
ST_1 : Operation 5 [1/1] (0.00ns)   --->   "%y = alloca i32 1"   --->   Operation 5 'alloca' 'y' <Predicate = true> <Delay = 0.00>
ST_1 : Operation 6 [1/1] (0.00ns)   --->   "%boxVCoord_loc_0 = alloca i32 1"   --->   Operation 6 'alloca' 'boxVCoord_loc_0' <Predicate = true> <Delay = 0.00>
ST_1 : Operation 7 [1/1] (0.00ns)   --->   "%boxHCoord_loc_0 = alloca i32 1"   --->   Operation 7 'alloca' 'boxHCoord_loc_0' <Predicate = true> <Delay = 0.00>
ST_1 : Operation 8 [1/1] (0.00ns)   --->   "%specstablecontent_ln0 = specstablecontent void @_ssdm_op_SpecStableContent, i16 %boxColorB, void "   --->   Operation 8 'specstablecontent' 'specstablecontent_ln0' <Predicate = true> <Delay = 0.00>
ST_1 : Operation 9 [1/1] (0.00ns)   --->   "%specstablecontent_ln0 = specstablecontent void @_ssdm_op_SpecStableContent, i16 %boxColorG, void "   --->   Operation 9 'specstablecontent' 'specstablecontent_ln0' <Predicate = true> <Delay = 0.00>
ST_1 : Operation 10 [1/1] (0.00ns)   --->   "%specstablecontent_ln0 = specstablecontent void @_ssdm_op_SpecStableContent, i16 %boxColorR, void "   --->   Operation 10 'specstablecontent' 'specstablecontent_ln0' <Predicate = true> <Delay = 0.00>
ST_1 : Operation 11 [1/1] (0.00ns)   --->   "%specstablecontent_ln0 = specstablecontent void @_ssdm_op_SpecStableContent, i16 %boxSize, void "   --->   Operation 11 'specstablecontent' 'specstablecontent_ln0' <Predicate = true> <Delay = 0.00>
ST_1 : Operation 12 [1/1] (0.00ns)   --->   "%specstablecontent_ln0 = specstablecontent void @_ssdm_op_SpecStableContent, i16 %crossHairY, void "   --->   Operation 12 'specstablecontent' 'specstablecontent_ln0' <Predicate = true> <Delay = 0.00>
ST_1 : Operation 13 [1/1] (0.00ns)   --->   "%specstablecontent_ln0 = specstablecontent void @_ssdm_op_SpecStableContent, i16 %crossHairX, void "   --->   Operation 13 'specstablecontent' 'specstablecontent_ln0' <Predicate = true> <Delay = 0.00>
ST_1 : Operation 14 [1/1] (0.00ns)   --->   "%specstablecontent_ln0 = specstablecontent void @_ssdm_op_SpecStableContent, i8 %colorFormat, void "   --->   Operation 14 'specstablecontent' 'specstablecontent_ln0' <Predicate = true> <Delay = 0.00>
ST_1 : Operation 15 [1/1] (0.00ns)   --->   "%specstablecontent_ln0 = specstablecontent void @_ssdm_op_SpecStableContent, i8 %motionSpeed, void "   --->   Operation 15 'specstablecontent' 'specstablecontent_ln0' <Predicate = true> <Delay = 0.00>
ST_1 : Operation 16 [1/1] (0.00ns)   --->   "%specstablecontent_ln0 = specstablecontent void @_ssdm_op_SpecStableContent, i8 %maskId, void "   --->   Operation 16 'specstablecontent' 'specstablecontent_ln0' <Predicate = true> <Delay = 0.00>
ST_1 : Operation 17 [1/1] (0.00ns)   --->   "%specstablecontent_ln0 = specstablecontent void @_ssdm_op_SpecStableContent, i8 %ovrlayId, void "   --->   Operation 17 'specstablecontent' 'specstablecontent_ln0' <Predicate = true> <Delay = 0.00>
ST_1 : Operation 18 [1/1] (0.00ns)   --->   "%specstablecontent_ln0 = specstablecontent void @_ssdm_op_SpecStableContent, i16 %height, void "   --->   Operation 18 'specstablecontent' 'specstablecontent_ln0' <Predicate = true> <Delay = 0.00>
ST_1 : Operation 19 [1/1] (0.00ns)   --->   "%specstablecontent_ln0 = specstablecontent void @_ssdm_op_SpecStableContent, i16 %width, void "   --->   Operation 19 'specstablecontent' 'specstablecontent_ln0' <Predicate = true> <Delay = 0.00>
ST_1 : Operation 20 [1/1] (0.00ns)   --->   "%specinterface_ln0 = specinterface void @_ssdm_op_SpecInterface, i24 %ovrlayYUV, void @empty_22, i32 0, i32 0, void @empty_33, i32 0, i32 0, void @empty_33, void @empty_33, void @empty_33, i32 0, i32 0, i32 0, i32 0, void @empty_33, void @empty_33, i32 4294967295, i32 0"   --->   Operation 20 'specinterface' 'specinterface_ln0' <Predicate = true> <Delay = 0.00>
ST_1 : Operation 21 [1/1] (0.00ns)   --->   "%specinterface_ln0 = specinterface void @_ssdm_op_SpecInterface, i24 %bckgndYUV, void @empty_22, i32 0, i32 0, void @empty_33, i32 0, i32 0, void @empty_33, void @empty_33, void @empty_33, i32 0, i32 0, i32 0, i32 0, void @empty_33, void @empty_33, i32 4294967295, i32 0"   --->   Operation 21 'specinterface' 'specinterface_ln0' <Predicate = true> <Delay = 0.00>
ST_1 : Operation 22 [1/1] (0.00ns)   --->   "%loopHeight = read i16 @_ssdm_op_Read.ap_auto.i16P0A, i16 %height" [C:/Users/shen/Downloads/vitis_2/dp_live/dp_live.runs/mpsoc_preset_v_tpg_0_0_synth_1/prj/sol/.autopilot/db/v_tpg.cpp:719]   --->   Operation 22 'read' 'loopHeight' <Predicate = true> <Delay = 0.00>
ST_1 : Operation 23 [1/1] (0.00ns)   --->   "%loopWidth = read i16 @_ssdm_op_Read.ap_auto.i16P0A, i16 %width" [C:/Users/shen/Downloads/vitis_2/dp_live/dp_live.runs/mpsoc_preset_v_tpg_0_0_synth_1/prj/sol/.autopilot/db/v_tpg.cpp:720]   --->   Operation 23 'read' 'loopWidth' <Predicate = true> <Delay = 0.00>
ST_1 : Operation 24 [1/1] (0.00ns)   --->   "%ovrlayId_read = read i8 @_ssdm_op_Read.ap_auto.i8P0A, i8 %ovrlayId"   --->   Operation 24 'read' 'ovrlayId_read' <Predicate = true> <Delay = 0.00>
ST_1 : Operation 25 [1/1] (0.00ns)   --->   "%maskId_read = read i8 @_ssdm_op_Read.ap_auto.i8P0A, i8 %maskId"   --->   Operation 25 'read' 'maskId_read' <Predicate = true> <Delay = 0.00>
ST_1 : Operation 26 [1/1] (0.76ns)   --->   "%tobool = icmp_eq  i8 %maskId_read, i8 0"   --->   Operation 26 'icmp' 'tobool' <Predicate = true> <Delay = 0.76> <CoreInst = "Cmp">   --->   Core 9 'Cmp' <Latency = 0> <II = 1> <Delay = 0.76> <FuncUnit> <Opcode : 'icmp'> <InPorts = 2> <OutPorts = 1>
ST_1 : Operation 27 [1/1] (0.00ns)   --->   "%boxSize_read = read i16 @_ssdm_op_Read.ap_auto.i16P0A, i16 %boxSize"   --->   Operation 27 'read' 'boxSize_read' <Predicate = true> <Delay = 0.00>
ST_1 : Operation 28 [1/1] (0.00ns)   --->   "%boxColorR_read = read i16 @_ssdm_op_Read.ap_auto.i16P0A, i16 %boxColorR"   --->   Operation 28 'read' 'boxColorR_read' <Predicate = true> <Delay = 0.00>
ST_1 : Operation 29 [1/1] (0.00ns)   --->   "%boxColorG_read = read i16 @_ssdm_op_Read.ap_auto.i16P0A, i16 %boxColorG"   --->   Operation 29 'read' 'boxColorG_read' <Predicate = true> <Delay = 0.00>
ST_1 : Operation 30 [1/1] (0.00ns)   --->   "%empty = trunc i16 %boxColorG_read"   --->   Operation 30 'trunc' 'empty' <Predicate = true> <Delay = 0.00>
ST_1 : Operation 31 [1/1] (0.00ns)   --->   "%boxColorB_read = read i16 @_ssdm_op_Read.ap_auto.i16P0A, i16 %boxColorB"   --->   Operation 31 'read' 'boxColorB_read' <Predicate = true> <Delay = 0.00>
ST_1 : Operation 32 [1/1] (0.00ns)   --->   "%motionSpeed_read = read i8 @_ssdm_op_Read.ap_auto.i8P0A, i8 %motionSpeed"   --->   Operation 32 'read' 'motionSpeed_read' <Predicate = true> <Delay = 0.00>
ST_1 : Operation 33 [1/1] (0.00ns)   --->   "%colorFormat_read = read i8 @_ssdm_op_Read.ap_auto.i8P0A, i8 %colorFormat"   --->   Operation 33 'read' 'colorFormat_read' <Predicate = true> <Delay = 0.00>
ST_1 : Operation 34 [1/1] (0.00ns)   --->   "%crossHairX_read = read i16 @_ssdm_op_Read.ap_auto.i16P0A, i16 %crossHairX"   --->   Operation 34 'read' 'crossHairX_read' <Predicate = true> <Delay = 0.00>
ST_1 : Operation 35 [1/1] (0.00ns)   --->   "%crossHairY_read = read i16 @_ssdm_op_Read.ap_auto.i16P0A, i16 %crossHairY"   --->   Operation 35 'read' 'crossHairY_read' <Predicate = true> <Delay = 0.00>
ST_1 : Operation 36 [1/1] (0.76ns)   --->   "%cmp31_i = icmp_eq  i8 %colorFormat_read, i8 0"   --->   Operation 36 'icmp' 'cmp31_i' <Predicate = true> <Delay = 0.76> <CoreInst = "Cmp">   --->   Core 9 'Cmp' <Latency = 0> <II = 1> <Delay = 0.76> <FuncUnit> <Opcode : 'icmp'> <InPorts = 2> <OutPorts = 1>
ST_1 : Operation 37 [1/1] (0.39ns)   --->   "%pixOut = select i1 %cmp31_i, i8 240, i8 128"   --->   Operation 37 'select' 'pixOut' <Predicate = true> <Delay = 0.39> <CoreInst = "Sel">   --->   Core 73 'Sel' <Latency = 0> <II = 1> <Delay = 0.39> <FuncUnit> <Opcode : 'select'> <InPorts = 3> <OutPorts = 1>
ST_1 : Operation 38 [1/1] (0.85ns)   --->   "%hMax = sub i16 %loopWidth, i16 %boxSize_read" [C:/Users/shen/Downloads/vitis_2/dp_live/dp_live.runs/mpsoc_preset_v_tpg_0_0_synth_1/prj/sol/.autopilot/db/v_tpg.cpp:720]   --->   Operation 38 'sub' 'hMax' <Predicate = true> <Delay = 0.85> <CoreInst = "Adder">   --->   Core 1 'Adder' <Latency = 0> <II = 1> <Delay = 0.85> <FuncUnit> <Opcode : 'add' 'sub'> <InPorts = 2> <OutPorts = 1>
ST_1 : Operation 39 [1/1] (0.85ns)   --->   "%vMax = sub i16 %loopHeight, i16 %boxSize_read" [C:/Users/shen/Downloads/vitis_2/dp_live/dp_live.runs/mpsoc_preset_v_tpg_0_0_synth_1/prj/sol/.autopilot/db/v_tpg.cpp:719]   --->   Operation 39 'sub' 'vMax' <Predicate = true> <Delay = 0.85> <CoreInst = "Adder">   --->   Core 1 'Adder' <Latency = 0> <II = 1> <Delay = 0.85> <FuncUnit> <Opcode : 'add' 'sub'> <InPorts = 2> <OutPorts = 1>
ST_1 : Operation 40 [1/1] (0.00ns)   --->   "%empty_68 = trunc i8 %maskId_read"   --->   Operation 40 'trunc' 'empty_68' <Predicate = true> <Delay = 0.00>
ST_1 : Operation 41 [1/1] (0.28ns)   --->   "%and4_i = and i1 %cmp31_i, i1 %empty_68"   --->   Operation 41 'and' 'and4_i' <Predicate = true> <Delay = 0.28> <CoreInst = "LogicGate">   --->   Core 74 'LogicGate' <Latency = 0> <II = 1> <Delay = 0.28> <FuncUnit> <Opcode : 'and' 'or' 'xor'> <InPorts = 2> <OutPorts = 1>
ST_1 : Operation 42 [1/1] (0.00ns)   --->   "%tmp = bitselect i1 @_ssdm_op_BitSelect.i1.i8.i32, i8 %maskId_read, i32 1"   --->   Operation 42 'bitselect' 'tmp' <Predicate = true> <Delay = 0.00>
ST_1 : Operation 43 [1/1] (0.28ns)   --->   "%and10_i = and i1 %cmp31_i, i1 %tmp"   --->   Operation 43 'and' 'and10_i' <Predicate = true> <Delay = 0.28> <CoreInst = "LogicGate">   --->   Core 74 'LogicGate' <Latency = 0> <II = 1> <Delay = 0.28> <FuncUnit> <Opcode : 'and' 'or' 'xor'> <InPorts = 2> <OutPorts = 1>
ST_1 : Operation 44 [1/1] (0.00ns)   --->   "%tmp_2 = bitselect i1 @_ssdm_op_BitSelect.i1.i8.i32, i8 %maskId_read, i32 2"   --->   Operation 44 'bitselect' 'tmp_2' <Predicate = true> <Delay = 0.00>
ST_1 : Operation 45 [1/1] (0.28ns)   --->   "%and26_i = and i1 %cmp31_i, i1 %tmp_2"   --->   Operation 45 'and' 'and26_i' <Predicate = true> <Delay = 0.28> <CoreInst = "LogicGate">   --->   Core 74 'LogicGate' <Latency = 0> <II = 1> <Delay = 0.28> <FuncUnit> <Opcode : 'and' 'or' 'xor'> <InPorts = 2> <OutPorts = 1>
ST_1 : Operation 46 [1/1] (0.00ns)   --->   "%empty_69 = trunc i16 %boxColorR_read"   --->   Operation 46 'trunc' 'empty_69' <Predicate = true> <Delay = 0.00>
ST_1 : Operation 47 [1/1] (0.00ns)   --->   "%tmp_3 = partselect i7 @_ssdm_op_PartSelect.i7.i8.i32.i32, i8 %colorFormat_read, i32 1, i32 7"   --->   Operation 47 'partselect' 'tmp_3' <Predicate = true> <Delay = 0.00>
ST_1 : Operation 48 [1/1] (0.77ns)   --->   "%icmp = icmp_ne  i7 %tmp_3, i7 0"   --->   Operation 48 'icmp' 'icmp' <Predicate = true> <Delay = 0.77> <CoreInst = "Cmp">   --->   Core 9 'Cmp' <Latency = 0> <II = 1> <Delay = 0.77> <FuncUnit> <Opcode : 'icmp'> <InPorts = 2> <OutPorts = 1>
ST_1 : Operation 49 [1/1] (0.00ns)   --->   "%empty_70 = trunc i16 %boxColorB_read"   --->   Operation 49 'trunc' 'empty_70' <Predicate = true> <Delay = 0.00>
ST_1 : Operation 50 [1/1] (0.00ns)   --->   "%shl_i = bitconcatenate i9 @_ssdm_op_BitConcatenate.i9.i8.i1, i8 %motionSpeed_read, i1 0"   --->   Operation 50 'bitconcatenate' 'shl_i' <Predicate = true> <Delay = 0.00>
ST_1 : Operation 51 [1/1] (0.00ns)   --->   "%boxHCoord_load = load i16 %boxHCoord" [C:/Users/shen/Downloads/vitis_2/dp_live/dp_live.runs/mpsoc_preset_v_tpg_0_0_synth_1/prj/sol/.autopilot/db/v_tpg.cpp:1844->C:/Users/shen/Downloads/vitis_2/dp_live/dp_live.runs/mpsoc_preset_v_tpg_0_0_synth_1/prj/sol/.autopilot/db/v_tpg.cpp:743]   --->   Operation 51 'load' 'boxHCoord_load' <Predicate = true> <Delay = 0.00>
ST_1 : Operation 52 [1/1] (0.00ns)   --->   "%boxVCoord_load = load i16 %boxVCoord" [C:/Users/shen/Downloads/vitis_2/dp_live/dp_live.runs/mpsoc_preset_v_tpg_0_0_synth_1/prj/sol/.autopilot/db/v_tpg.cpp:1856->C:/Users/shen/Downloads/vitis_2/dp_live/dp_live.runs/mpsoc_preset_v_tpg_0_0_synth_1/prj/sol/.autopilot/db/v_tpg.cpp:743]   --->   Operation 52 'load' 'boxVCoord_load' <Predicate = true> <Delay = 0.00>
ST_1 : Operation 53 [1/1] (0.00ns)   --->   "%store_ln727 = store i16 %boxHCoord_load, i16 %boxHCoord_loc_0" [C:/Users/shen/Downloads/vitis_2/dp_live/dp_live.runs/mpsoc_preset_v_tpg_0_0_synth_1/prj/sol/.autopilot/db/v_tpg.cpp:727]   --->   Operation 53 'store' 'store_ln727' <Predicate = true> <Delay = 0.00>
ST_1 : Operation 54 [1/1] (0.00ns)   --->   "%store_ln727 = store i16 %boxVCoord_load, i16 %boxVCoord_loc_0" [C:/Users/shen/Downloads/vitis_2/dp_live/dp_live.runs/mpsoc_preset_v_tpg_0_0_synth_1/prj/sol/.autopilot/db/v_tpg.cpp:727]   --->   Operation 54 'store' 'store_ln727' <Predicate = true> <Delay = 0.00>
ST_1 : Operation 55 [1/1] (0.42ns)   --->   "%store_ln727 = store i16 0, i16 %y" [C:/Users/shen/Downloads/vitis_2/dp_live/dp_live.runs/mpsoc_preset_v_tpg_0_0_synth_1/prj/sol/.autopilot/db/v_tpg.cpp:727]   --->   Operation 55 'store' 'store_ln727' <Predicate = true> <Delay = 0.42>
ST_1 : Operation 56 [1/1] (0.00ns)   --->   "%br_ln727 = br void %VITIS_LOOP_729_2" [C:/Users/shen/Downloads/vitis_2/dp_live/dp_live.runs/mpsoc_preset_v_tpg_0_0_synth_1/prj/sol/.autopilot/db/v_tpg.cpp:727]   --->   Operation 56 'br' 'br_ln727' <Predicate = true> <Delay = 0.00>

State 2 <SV = 1> <Delay = 1.28>
ST_2 : Operation 57 [1/1] (0.00ns)   --->   "%y_1 = load i16 %y" [C:/Users/shen/Downloads/vitis_2/dp_live/dp_live.runs/mpsoc_preset_v_tpg_0_0_synth_1/prj/sol/.autopilot/db/v_tpg.cpp:727]   --->   Operation 57 'load' 'y_1' <Predicate = true> <Delay = 0.00>
ST_2 : Operation 58 [1/1] (0.85ns)   --->   "%icmp_ln727 = icmp_eq  i16 %y_1, i16 %loopHeight" [C:/Users/shen/Downloads/vitis_2/dp_live/dp_live.runs/mpsoc_preset_v_tpg_0_0_synth_1/prj/sol/.autopilot/db/v_tpg.cpp:727]   --->   Operation 58 'icmp' 'icmp_ln727' <Predicate = true> <Delay = 0.85> <CoreInst = "Cmp">   --->   Core 9 'Cmp' <Latency = 0> <II = 1> <Delay = 0.85> <FuncUnit> <Opcode : 'icmp'> <InPorts = 2> <OutPorts = 1>
ST_2 : Operation 59 [1/1] (0.85ns)   --->   "%y_2 = add i16 %y_1, i16 1" [C:/Users/shen/Downloads/vitis_2/dp_live/dp_live.runs/mpsoc_preset_v_tpg_0_0_synth_1/prj/sol/.autopilot/db/v_tpg.cpp:727]   --->   Operation 59 'add' 'y_2' <Predicate = true> <Delay = 0.85> <CoreInst = "Adder">   --->   Core 1 'Adder' <Latency = 0> <II = 1> <Delay = 0.85> <FuncUnit> <Opcode : 'add' 'sub'> <InPorts = 2> <OutPorts = 1>
ST_2 : Operation 60 [1/1] (0.00ns)   --->   "%br_ln727 = br i1 %icmp_ln727, void %VITIS_LOOP_729_2.split, void %for.end18.loopexit" [C:/Users/shen/Downloads/vitis_2/dp_live/dp_live.runs/mpsoc_preset_v_tpg_0_0_synth_1/prj/sol/.autopilot/db/v_tpg.cpp:727]   --->   Operation 60 'br' 'br_ln727' <Predicate = true> <Delay = 0.00>
ST_2 : Operation 61 [1/1] (0.00ns)   --->   "%boxVCoord_loc_0_load = load i16 %boxVCoord_loc_0"   --->   Operation 61 'load' 'boxVCoord_loc_0_load' <Predicate = (!icmp_ln727)> <Delay = 0.00>
ST_2 : Operation 62 [1/1] (0.00ns)   --->   "%boxHCoord_loc_0_load = load i16 %boxHCoord_loc_0"   --->   Operation 62 'load' 'boxHCoord_loc_0_load' <Predicate = (!icmp_ln727)> <Delay = 0.00>
ST_2 : Operation 63 [1/1] (0.85ns)   --->   "%cmp2_i = icmp_eq  i16 %y_1, i16 %crossHairY_read" [C:/Users/shen/Downloads/vitis_2/dp_live/dp_live.runs/mpsoc_preset_v_tpg_0_0_synth_1/prj/sol/.autopilot/db/v_tpg.cpp:727]   --->   Operation 63 'icmp' 'cmp2_i' <Predicate = (!icmp_ln727)> <Delay = 0.85> <CoreInst = "Cmp">   --->   Core 9 'Cmp' <Latency = 0> <II = 1> <Delay = 0.85> <FuncUnit> <Opcode : 'icmp'> <InPorts = 2> <OutPorts = 1>
ST_2 : Operation 64 [1/1] (0.00ns)   --->   "%empty_71 = wait i32 @_ssdm_op_Wait"   --->   Operation 64 'wait' 'empty_71' <Predicate = (!icmp_ln727)> <Delay = 0.00>
ST_2 : Operation 65 [1/1] (0.42ns)   --->   "%store_ln727 = store i16 %y_2, i16 %y" [C:/Users/shen/Downloads/vitis_2/dp_live/dp_live.runs/mpsoc_preset_v_tpg_0_0_synth_1/prj/sol/.autopilot/db/v_tpg.cpp:727]   --->   Operation 65 'store' 'store_ln727' <Predicate = (!icmp_ln727)> <Delay = 0.42>
ST_2 : Operation 66 [1/1] (0.00ns)   --->   "%ret_ln766 = ret" [C:/Users/shen/Downloads/vitis_2/dp_live/dp_live.runs/mpsoc_preset_v_tpg_0_0_synth_1/prj/sol/.autopilot/db/v_tpg.cpp:766]   --->   Operation 66 'ret' 'ret_ln766' <Predicate = (icmp_ln727)> <Delay = 0.00>

State 3 <SV = 2> <Delay = 0.42>
ST_3 : Operation 67 [2/2] (0.42ns)   --->   "%call_ln720 = call void @tpgForeground_Pipeline_VITIS_LOOP_729_2, i16 %boxHCoord_loc_0_load, i16 %boxVCoord_loc_0_load, i16 %loopWidth, i8 %empty_70, i8 %pixOut, i8 %empty_69, i1 %and4_i, i1 %and26_i, i1 %tobool, i1 %and10_i, i24 %ovrlayYUV, i24 %bckgndYUV, i8 %ovrlayId_read, i16 %boxSize_read, i16 %y_1, i8 %motionSpeed_read, i16 %vMax, i16 %hMax, i9 %shl_i, i1 %icmp, i8 %empty, i16 %crossHairX_read, i1 %cmp2_i, i8 %colorFormat_read, i16 %boxHCoord_loc_0, i16 %boxVCoord_loc_0, i16 %boxHCoord, i16 %boxVCoord, i1 %vDir, i1 %hDir, i8 %whiYuv_2" [C:/Users/shen/Downloads/vitis_2/dp_live/dp_live.runs/mpsoc_preset_v_tpg_0_0_synth_1/prj/sol/.autopilot/db/v_tpg.cpp:720]   --->   Operation 67 'call' 'call_ln720' <Predicate = true> <Delay = 0.42> <CoreType = "Generic">   --->   Core 0 '' <Latency = 0> <II = 1> <Delay = 1.00> <Generic> <Opcode : >

State 4 <SV = 3> <Delay = 0.00>
ST_4 : Operation 68 [1/1] (0.00ns)   --->   "%speclooptripcount_ln718 = speclooptripcount void @_ssdm_op_SpecLoopTripCount, i64 0, i64 65535, i64 32767" [C:/Users/shen/Downloads/vitis_2/dp_live/dp_live.runs/mpsoc_preset_v_tpg_0_0_synth_1/prj/sol/.autopilot/db/v_tpg.cpp:718]   --->   Operation 68 'speclooptripcount' 'speclooptripcount_ln718' <Predicate = true> <Delay = 0.00>
ST_4 : Operation 69 [1/1] (0.00ns)   --->   "%specloopname_ln727 = specloopname void @_ssdm_op_SpecLoopName, void @empty_14" [C:/Users/shen/Downloads/vitis_2/dp_live/dp_live.runs/mpsoc_preset_v_tpg_0_0_synth_1/prj/sol/.autopilot/db/v_tpg.cpp:727]   --->   Operation 69 'specloopname' 'specloopname_ln727' <Predicate = true> <Delay = 0.00>
ST_4 : Operation 70 [1/2] (0.00ns)   --->   "%call_ln720 = call void @tpgForeground_Pipeline_VITIS_LOOP_729_2, i16 %boxHCoord_loc_0_load, i16 %boxVCoord_loc_0_load, i16 %loopWidth, i8 %empty_70, i8 %pixOut, i8 %empty_69, i1 %and4_i, i1 %and26_i, i1 %tobool, i1 %and10_i, i24 %ovrlayYUV, i24 %bckgndYUV, i8 %ovrlayId_read, i16 %boxSize_read, i16 %y_1, i8 %motionSpeed_read, i16 %vMax, i16 %hMax, i9 %shl_i, i1 %icmp, i8 %empty, i16 %crossHairX_read, i1 %cmp2_i, i8 %colorFormat_read, i16 %boxHCoord_loc_0, i16 %boxVCoord_loc_0, i16 %boxHCoord, i16 %boxVCoord, i1 %vDir, i1 %hDir, i8 %whiYuv_2" [C:/Users/shen/Downloads/vitis_2/dp_live/dp_live.runs/mpsoc_preset_v_tpg_0_0_synth_1/prj/sol/.autopilot/db/v_tpg.cpp:720]   --->   Operation 70 'call' 'call_ln720' <Predicate = true> <Delay = 0.00> <CoreType = "Generic">   --->   Core 0 '' <Latency = 0> <II = 1> <Delay = 1.00> <Generic> <Opcode : >
ST_4 : Operation 71 [1/1] (0.00ns)   --->   "%br_ln727 = br void %VITIS_LOOP_729_2" [C:/Users/shen/Downloads/vitis_2/dp_live/dp_live.runs/mpsoc_preset_v_tpg_0_0_synth_1/prj/sol/.autopilot/db/v_tpg.cpp:727]   --->   Operation 71 'br' 'br_ln727' <Predicate = true> <Delay = 0.00>


============================================================
+ Verbose Summary: Binding
============================================================
STG Binding: 
---------------- STG Properties BEGIN ----------------
- Is combinational: 0
- Is one-state seq: 0
- Is datapath-only: 0
- Is pipelined: 0
- Is top level: 0
Port [ Return ] is wired: 1; IO mode=ap_ctrl_hs:ce=0
Port [ bckgndYUV]:  wired=1; compound=1; hidden=0; nouse=0; global=0; static=0; extern=0; dir=0; type=3; pingpong=0; private_global=0; IO mode=ap_fifo:ce=0
Port [ height]:  wired=1; compound=0; hidden=0; nouse=0; global=0; static=0; extern=0; dir=0; type=0; pingpong=0; private_global=0; IO mode=ap_stable:ce=0
Port [ width]:  wired=1; compound=0; hidden=0; nouse=0; global=0; static=0; extern=0; dir=0; type=0; pingpong=0; private_global=0; IO mode=ap_stable:ce=0
Port [ ovrlayId]:  wired=1; compound=0; hidden=0; nouse=0; global=0; static=0; extern=0; dir=0; type=0; pingpong=0; private_global=0; IO mode=ap_stable:ce=0
Port [ maskId]:  wired=1; compound=0; hidden=0; nouse=0; global=0; static=0; extern=0; dir=0; type=0; pingpong=0; private_global=0; IO mode=ap_stable:ce=0
Port [ colorFormat]:  wired=1; compound=0; hidden=0; nouse=0; global=0; static=0; extern=0; dir=0; type=0; pingpong=0; private_global=0; IO mode=ap_stable:ce=0
Port [ crossHairX]:  wired=1; compound=0; hidden=0; nouse=0; global=0; static=0; extern=0; dir=0; type=0; pingpong=0; private_global=0; IO mode=ap_stable:ce=0
Port [ crossHairY]:  wired=1; compound=0; hidden=0; nouse=0; global=0; static=0; extern=0; dir=0; type=0; pingpong=0; private_global=0; IO mode=ap_stable:ce=0
Port [ boxSize]:  wired=1; compound=0; hidden=0; nouse=0; global=0; static=0; extern=0; dir=0; type=0; pingpong=0; private_global=0; IO mode=ap_stable:ce=0
Port [ boxColorR]:  wired=1; compound=0; hidden=0; nouse=0; global=0; static=0; extern=0; dir=0; type=0; pingpong=0; private_global=0; IO mode=ap_stable:ce=0
Port [ boxColorG]:  wired=1; compound=0; hidden=0; nouse=0; global=0; static=0; extern=0; dir=0; type=0; pingpong=0; private_global=0; IO mode=ap_stable:ce=0
Port [ boxColorB]:  wired=1; compound=0; hidden=0; nouse=0; global=0; static=0; extern=0; dir=0; type=0; pingpong=0; private_global=0; IO mode=ap_stable:ce=0
Port [ motionSpeed]:  wired=1; compound=0; hidden=0; nouse=0; global=0; static=0; extern=0; dir=0; type=0; pingpong=0; private_global=0; IO mode=ap_stable:ce=0
Port [ ovrlayYUV]:  wired=1; compound=1; hidden=0; nouse=0; global=0; static=0; extern=0; dir=1; type=3; pingpong=0; private_global=0; IO mode=ap_fifo:ce=0
Port [ boxHCoord]:  wired=0; compound=0; hidden=1; nouse=0; global=1; static=1; extern=0; dir=2; type=0; pingpong=0; private_global=1; IO mode=ap_ovld:ce=0
Port [ boxVCoord]:  wired=0; compound=0; hidden=1; nouse=0; global=1; static=1; extern=0; dir=2; type=0; pingpong=0; private_global=1; IO mode=ap_ovld:ce=0
Port [ vDir]:  wired=0; compound=0; hidden=1; nouse=1; global=1; static=1; extern=0; dir=2; type=0; pingpong=0; private_global=0; IO mode=ap_ovld:ce=0
Port [ hDir]:  wired=0; compound=0; hidden=1; nouse=1; global=1; static=1; extern=0; dir=2; type=0; pingpong=0; private_global=0; IO mode=ap_ovld:ce=0
Port [ whiYuv_2]:  wired=0; compound=1; hidden=1; nouse=1; global=1; static=1; extern=0; dir=0; type=1; pingpong=0; private_global=0; MemPort=[1]; IO mode=ap_memory:ce=0
---------------- STG Properties END ------------------

---------------- Datapath Model BEGIN ----------------

<LifeTime>
<method=bitvector/>
y                       (alloca           ) [ 01111]
boxVCoord_loc_0         (alloca           ) [ 01111]
boxHCoord_loc_0         (alloca           ) [ 01111]
specstablecontent_ln0   (specstablecontent) [ 00000]
specstablecontent_ln0   (specstablecontent) [ 00000]
specstablecontent_ln0   (specstablecontent) [ 00000]
specstablecontent_ln0   (specstablecontent) [ 00000]
specstablecontent_ln0   (specstablecontent) [ 00000]
specstablecontent_ln0   (specstablecontent) [ 00000]
specstablecontent_ln0   (specstablecontent) [ 00000]
specstablecontent_ln0   (specstablecontent) [ 00000]
specstablecontent_ln0   (specstablecontent) [ 00000]
specstablecontent_ln0   (specstablecontent) [ 00000]
specstablecontent_ln0   (specstablecontent) [ 00000]
specstablecontent_ln0   (specstablecontent) [ 00000]
specinterface_ln0       (specinterface    ) [ 00000]
specinterface_ln0       (specinterface    ) [ 00000]
loopHeight              (read             ) [ 00111]
loopWidth               (read             ) [ 00111]
ovrlayId_read           (read             ) [ 00111]
maskId_read             (read             ) [ 00000]
tobool                  (icmp             ) [ 00111]
boxSize_read            (read             ) [ 00111]
boxColorR_read          (read             ) [ 00000]
boxColorG_read          (read             ) [ 00000]
empty                   (trunc            ) [ 00111]
boxColorB_read          (read             ) [ 00000]
motionSpeed_read        (read             ) [ 00111]
colorFormat_read        (read             ) [ 00111]
crossHairX_read         (read             ) [ 00111]
crossHairY_read         (read             ) [ 00111]
cmp31_i                 (icmp             ) [ 00000]
pixOut                  (select           ) [ 00111]
hMax                    (sub              ) [ 00111]
vMax                    (sub              ) [ 00111]
empty_68                (trunc            ) [ 00000]
and4_i                  (and              ) [ 00111]
tmp                     (bitselect        ) [ 00000]
and10_i                 (and              ) [ 00111]
tmp_2                   (bitselect        ) [ 00000]
and26_i                 (and              ) [ 00111]
empty_69                (trunc            ) [ 00111]
tmp_3                   (partselect       ) [ 00000]
icmp                    (icmp             ) [ 00111]
empty_70                (trunc            ) [ 00111]
shl_i                   (bitconcatenate   ) [ 00111]
boxHCoord_load          (load             ) [ 00000]
boxVCoord_load          (load             ) [ 00000]
store_ln727             (store            ) [ 00000]
store_ln727             (store            ) [ 00000]
store_ln727             (store            ) [ 00000]
br_ln727                (br               ) [ 00000]
y_1                     (load             ) [ 00011]
icmp_ln727              (icmp             ) [ 00111]
y_2                     (add              ) [ 00000]
br_ln727                (br               ) [ 00000]
boxVCoord_loc_0_load    (load             ) [ 00011]
boxHCoord_loc_0_load    (load             ) [ 00011]
cmp2_i                  (icmp             ) [ 00011]
empty_71                (wait             ) [ 00000]
store_ln727             (store            ) [ 00000]
ret_ln766               (ret              ) [ 00000]
speclooptripcount_ln718 (speclooptripcount) [ 00000]
specloopname_ln727      (specloopname     ) [ 00000]
call_ln720              (call             ) [ 00000]
br_ln727                (br               ) [ 00000]
</LifeTime>

<model>

<comp_list>
<comp id="0" class="1000" name="bckgndYUV">
<pin_list>
<pin id="1" dir="1" index="0" bw="1" slack="0"/>
</pin_list>
<bind>
<StgValue><ssdm name="bckgndYUV"/></StgValue>
</bind>
</comp>

<comp id="2" class="1000" name="height">
<pin_list>
<pin id="3" dir="1" index="0" bw="1" slack="0"/>
</pin_list>
<bind>
<StgValue><ssdm name="height"/></StgValue>
</bind>
</comp>

<comp id="4" class="1000" name="width">
<pin_list>
<pin id="5" dir="1" index="0" bw="1" slack="0"/>
</pin_list>
<bind>
<StgValue><ssdm name="width"/></StgValue>
</bind>
</comp>

<comp id="6" class="1000" name="ovrlayId">
<pin_list>
<pin id="7" dir="1" index="0" bw="1" slack="0"/>
</pin_list>
<bind>
<StgValue><ssdm name="ovrlayId"/></StgValue>
</bind>
</comp>

<comp id="8" class="1000" name="maskId">
<pin_list>
<pin id="9" dir="1" index="0" bw="1" slack="0"/>
</pin_list>
<bind>
<StgValue><ssdm name="maskId"/></StgValue>
</bind>
</comp>

<comp id="10" class="1000" name="colorFormat">
<pin_list>
<pin id="11" dir="1" index="0" bw="1" slack="0"/>
</pin_list>
<bind>
<StgValue><ssdm name="colorFormat"/></StgValue>
</bind>
</comp>

<comp id="12" class="1000" name="crossHairX">
<pin_list>
<pin id="13" dir="1" index="0" bw="1" slack="0"/>
</pin_list>
<bind>
<StgValue><ssdm name="crossHairX"/></StgValue>
</bind>
</comp>

<comp id="14" class="1000" name="crossHairY">
<pin_list>
<pin id="15" dir="1" index="0" bw="1" slack="0"/>
</pin_list>
<bind>
<StgValue><ssdm name="crossHairY"/></StgValue>
</bind>
</comp>

<comp id="16" class="1000" name="boxSize">
<pin_list>
<pin id="17" dir="1" index="0" bw="1" slack="0"/>
</pin_list>
<bind>
<StgValue><ssdm name="boxSize"/></StgValue>
</bind>
</comp>

<comp id="18" class="1000" name="boxColorR">
<pin_list>
<pin id="19" dir="1" index="0" bw="1" slack="0"/>
</pin_list>
<bind>
<StgValue><ssdm name="boxColorR"/></StgValue>
</bind>
</comp>

<comp id="20" class="1000" name="boxColorG">
<pin_list>
<pin id="21" dir="1" index="0" bw="1" slack="0"/>
</pin_list>
<bind>
<StgValue><ssdm name="boxColorG"/></StgValue>
</bind>
</comp>

<comp id="22" class="1000" name="boxColorB">
<pin_list>
<pin id="23" dir="1" index="0" bw="1" slack="0"/>
</pin_list>
<bind>
<StgValue><ssdm name="boxColorB"/></StgValue>
</bind>
</comp>

<comp id="24" class="1000" name="motionSpeed">
<pin_list>
<pin id="25" dir="1" index="0" bw="1" slack="0"/>
</pin_list>
<bind>
<StgValue><ssdm name="motionSpeed"/></StgValue>
</bind>
</comp>

<comp id="26" class="1000" name="ovrlayYUV">
<pin_list>
<pin id="27" dir="1" index="0" bw="1" slack="0"/>
</pin_list>
<bind>
<StgValue><ssdm name="ovrlayYUV"/></StgValue>
</bind>
</comp>

<comp id="28" class="1000" name="boxHCoord">
<pin_list>
<pin id="29" dir="1" index="0" bw="1" slack="0"/>
</pin_list>
<bind>
<StgValue><ssdm name="boxHCoord"/></StgValue>
</bind>
</comp>

<comp id="30" class="1000" name="boxVCoord">
<pin_list>
<pin id="31" dir="1" index="0" bw="1" slack="0"/>
</pin_list>
<bind>
<StgValue><ssdm name="boxVCoord"/></StgValue>
</bind>
</comp>

<comp id="32" class="1000" name="vDir">
<pin_list>
<pin id="33" dir="1" index="0" bw="1" slack="0"/>
</pin_list>
<bind>
<StgValue><ssdm name="vDir"/></StgValue>
</bind>
</comp>

<comp id="34" class="1000" name="hDir">
<pin_list>
<pin id="35" dir="1" index="0" bw="1" slack="0"/>
</pin_list>
<bind>
<StgValue><ssdm name="hDir"/></StgValue>
</bind>
</comp>

<comp id="36" class="1000" name="whiYuv_2">
<pin_list>
<pin id="37" dir="1" index="0" bw="1" slack="0"/>
</pin_list>
<bind>
<StgValue><ssdm name="whiYuv_2"/><MemPortTyVec>1 </MemPortTyVec>
</StgValue>
</bind>
</comp>

<comp id="38" class="1001" name="const_38">
<pin_list>
<pin id="39" dir="1" index="0" bw="1" slack="0"/>
</pin_list>
<bind>
<StgValue><ssdm name=""/></StgValue>
</bind>
</comp>

<comp id="40" class="1001" name="const_40">
<pin_list>
<pin id="41" dir="1" index="0" bw="1" slack="2147483647"/>
</pin_list>
<bind>
<StgValue><ssdm name="_ssdm_op_SpecStableContent"/></StgValue>
</bind>
</comp>

<comp id="42" class="1001" name="const_42">
<pin_list>
<pin id="43" dir="1" index="0" bw="1" slack="2147483647"/>
</pin_list>
<bind>
<StgValue><ssdm name=""/></StgValue>
</bind>
</comp>

<comp id="44" class="1001" name="const_44">
<pin_list>
<pin id="45" dir="1" index="0" bw="1" slack="2147483647"/>
</pin_list>
<bind>
<StgValue><ssdm name="_ssdm_op_SpecInterface"/></StgValue>
</bind>
</comp>

<comp id="46" class="1001" name="const_46">
<pin_list>
<pin id="47" dir="1" index="0" bw="1" slack="2147483647"/>
</pin_list>
<bind>
<StgValue><ssdm name="empty_22"/></StgValue>
</bind>
</comp>

<comp id="48" class="1001" name="const_48">
<pin_list>
<pin id="49" dir="1" index="0" bw="1" slack="2147483647"/>
</pin_list>
<bind>
<StgValue><ssdm name=""/></StgValue>
</bind>
</comp>

<comp id="50" class="1001" name="const_50">
<pin_list>
<pin id="51" dir="1" index="0" bw="1" slack="2147483647"/>
</pin_list>
<bind>
<StgValue><ssdm name="empty_33"/></StgValue>
</bind>
</comp>

<comp id="52" class="1001" name="const_52">
<pin_list>
<pin id="53" dir="1" index="0" bw="1" slack="2147483647"/>
</pin_list>
<bind>
<StgValue><ssdm name=""/></StgValue>
</bind>
</comp>

<comp id="54" class="1001" name="const_54">
<pin_list>
<pin id="55" dir="1" index="0" bw="1" slack="0"/>
</pin_list>
<bind>
<StgValue><ssdm name="_ssdm_op_Read.ap_auto.i16P0A"/></StgValue>
</bind>
</comp>

<comp id="56" class="1001" name="const_56">
<pin_list>
<pin id="57" dir="1" index="0" bw="1" slack="0"/>
</pin_list>
<bind>
<StgValue><ssdm name="_ssdm_op_Read.ap_auto.i8P0A"/></StgValue>
</bind>
</comp>

<comp id="58" class="1001" name="const_58">
<pin_list>
<pin id="59" dir="1" index="0" bw="1" slack="0"/>
</pin_list>
<bind>
<StgValue><ssdm name=""/></StgValue>
</bind>
</comp>

<comp id="60" class="1001" name="const_60">
<pin_list>
<pin id="61" dir="1" index="0" bw="1" slack="0"/>
</pin_list>
<bind>
<StgValue><ssdm name=""/></StgValue>
</bind>
</comp>

<comp id="62" class="1001" name="const_62">
<pin_list>
<pin id="63" dir="1" index="0" bw="1" slack="0"/>
</pin_list>
<bind>
<StgValue><ssdm name=""/></StgValue>
</bind>
</comp>

<comp id="64" class="1001" name="const_64">
<pin_list>
<pin id="65" dir="1" index="0" bw="1" slack="0"/>
</pin_list>
<bind>
<StgValue><ssdm name="_ssdm_op_BitSelect.i1.i8.i32"/></StgValue>
</bind>
</comp>

<comp id="66" class="1001" name="const_66">
<pin_list>
<pin id="67" dir="1" index="0" bw="1" slack="0"/>
</pin_list>
<bind>
<StgValue><ssdm name=""/></StgValue>
</bind>
</comp>

<comp id="68" class="1001" name="const_68">
<pin_list>
<pin id="69" dir="1" index="0" bw="1" slack="0"/>
</pin_list>
<bind>
<StgValue><ssdm name="_ssdm_op_PartSelect.i7.i8.i32.i32"/></StgValue>
</bind>
</comp>

<comp id="70" class="1001" name="const_70">
<pin_list>
<pin id="71" dir="1" index="0" bw="1" slack="0"/>
</pin_list>
<bind>
<StgValue><ssdm name=""/></StgValue>
</bind>
</comp>

<comp id="72" class="1001" name="const_72">
<pin_list>
<pin id="73" dir="1" index="0" bw="1" slack="0"/>
</pin_list>
<bind>
<StgValue><ssdm name=""/></StgValue>
</bind>
</comp>

<comp id="74" class="1001" name="const_74">
<pin_list>
<pin id="75" dir="1" index="0" bw="1" slack="0"/>
</pin_list>
<bind>
<StgValue><ssdm name="_ssdm_op_BitConcatenate.i9.i8.i1"/></StgValue>
</bind>
</comp>

<comp id="76" class="1001" name="const_76">
<pin_list>
<pin id="77" dir="1" index="0" bw="1" slack="0"/>
</pin_list>
<bind>
<StgValue><ssdm name=""/></StgValue>
</bind>
</comp>

<comp id="78" class="1001" name="const_78">
<pin_list>
<pin id="79" dir="1" index="0" bw="1" slack="0"/>
</pin_list>
<bind>
<StgValue><ssdm name=""/></StgValue>
</bind>
</comp>

<comp id="80" class="1001" name="const_80">
<pin_list>
<pin id="81" dir="1" index="0" bw="1" slack="0"/>
</pin_list>
<bind>
<StgValue><ssdm name=""/></StgValue>
</bind>
</comp>

<comp id="82" class="1001" name="const_82">
<pin_list>
<pin id="83" dir="1" index="0" bw="1" slack="2147483647"/>
</pin_list>
<bind>
<StgValue><ssdm name="_ssdm_op_Wait"/></StgValue>
</bind>
</comp>

<comp id="84" class="1001" name="const_84">
<pin_list>
<pin id="85" dir="1" index="0" bw="1" slack="0"/>
</pin_list>
<bind>
<StgValue><ssdm name="tpgForeground_Pipeline_VITIS_LOOP_729_2"/></StgValue>
</bind>
</comp>

<comp id="86" class="1001" name="const_86">
<pin_list>
<pin id="87" dir="1" index="0" bw="1" slack="2147483647"/>
</pin_list>
<bind>
<StgValue><ssdm name="_ssdm_op_SpecLoopTripCount"/></StgValue>
</bind>
</comp>

<comp id="88" class="1001" name="const_88">
<pin_list>
<pin id="89" dir="1" index="0" bw="1" slack="2147483647"/>
</pin_list>
<bind>
<StgValue><ssdm name=""/></StgValue>
</bind>
</comp>

<comp id="90" class="1001" name="const_90">
<pin_list>
<pin id="91" dir="1" index="0" bw="1" slack="2147483647"/>
</pin_list>
<bind>
<StgValue><ssdm name=""/></StgValue>
</bind>
</comp>

<comp id="92" class="1001" name="const_92">
<pin_list>
<pin id="93" dir="1" index="0" bw="1" slack="2147483647"/>
</pin_list>
<bind>
<StgValue><ssdm name=""/></StgValue>
</bind>
</comp>

<comp id="94" class="1001" name="const_94">
<pin_list>
<pin id="95" dir="1" index="0" bw="1" slack="2147483647"/>
</pin_list>
<bind>
<StgValue><ssdm name="_ssdm_op_SpecLoopName"/></StgValue>
</bind>
</comp>

<comp id="96" class="1001" name="const_96">
<pin_list>
<pin id="97" dir="1" index="0" bw="1" slack="2147483647"/>
</pin_list>
<bind>
<StgValue><ssdm name="empty_14"/></StgValue>
</bind>
</comp>

<comp id="98" class="1004" name="y_fu_98">
<pin_list>
<pin id="99" dir="0" index="0" bw="1" slack="0"/>
<pin id="100" dir="1" index="1" bw="16" slack="0"/>
</pin_list>
<bind>
<opcode="alloca(26) " fcode="alloca"/>
<opset="y/1 "/>
</bind>
</comp>

<comp id="102" class="1004" name="boxVCoord_loc_0_fu_102">
<pin_list>
<pin id="103" dir="0" index="0" bw="1" slack="0"/>
<pin id="104" dir="1" index="1" bw="16" slack="0"/>
</pin_list>
<bind>
<opcode="alloca(26) " fcode="alloca"/>
<opset="boxVCoord_loc_0/1 "/>
</bind>
</comp>

<comp id="106" class="1004" name="boxHCoord_loc_0_fu_106">
<pin_list>
<pin id="107" dir="0" index="0" bw="1" slack="0"/>
<pin id="108" dir="1" index="1" bw="16" slack="0"/>
</pin_list>
<bind>
<opcode="alloca(26) " fcode="alloca"/>
<opset="boxHCoord_loc_0/1 "/>
</bind>
</comp>

<comp id="110" class="1004" name="loopHeight_read_fu_110">
<pin_list>
<pin id="111" dir="0" index="0" bw="16" slack="0"/>
<pin id="112" dir="0" index="1" bw="16" slack="0"/>
<pin id="113" dir="1" index="2" bw="16" slack="0"/>
</pin_list>
<bind>
<opcode="read(1150) " fcode="read"/>
<opset="loopHeight/1 "/>
</bind>
</comp>

<comp id="116" class="1004" name="loopWidth_read_fu_116">
<pin_list>
<pin id="117" dir="0" index="0" bw="16" slack="0"/>
<pin id="118" dir="0" index="1" bw="16" slack="0"/>
<pin id="119" dir="1" index="2" bw="16" slack="0"/>
</pin_list>
<bind>
<opcode="read(1150) " fcode="read"/>
<opset="loopWidth/1 "/>
</bind>
</comp>

<comp id="122" class="1004" name="ovrlayId_read_read_fu_122">
<pin_list>
<pin id="123" dir="0" index="0" bw="8" slack="0"/>
<pin id="124" dir="0" index="1" bw="8" slack="0"/>
<pin id="125" dir="1" index="2" bw="8" slack="2"/>
</pin_list>
<bind>
<opcode="read(1150) " fcode="read"/>
<opset="ovrlayId_read/1 "/>
</bind>
</comp>

<comp id="128" class="1004" name="maskId_read_read_fu_128">
<pin_list>
<pin id="129" dir="0" index="0" bw="8" slack="0"/>
<pin id="130" dir="0" index="1" bw="8" slack="0"/>
<pin id="131" dir="1" index="2" bw="8" slack="0"/>
</pin_list>
<bind>
<opcode="read(1150) " fcode="read"/>
<opset="maskId_read/1 "/>
</bind>
</comp>

<comp id="134" class="1004" name="boxSize_read_read_fu_134">
<pin_list>
<pin id="135" dir="0" index="0" bw="16" slack="0"/>
<pin id="136" dir="0" index="1" bw="16" slack="0"/>
<pin id="137" dir="1" index="2" bw="16" slack="0"/>
</pin_list>
<bind>
<opcode="read(1150) " fcode="read"/>
<opset="boxSize_read/1 "/>
</bind>
</comp>

<comp id="140" class="1004" name="boxColorR_read_read_fu_140">
<pin_list>
<pin id="141" dir="0" index="0" bw="16" slack="0"/>
<pin id="142" dir="0" index="1" bw="16" slack="0"/>
<pin id="143" dir="1" index="2" bw="16" slack="0"/>
</pin_list>
<bind>
<opcode="read(1150) " fcode="read"/>
<opset="boxColorR_read/1 "/>
</bind>
</comp>

<comp id="146" class="1004" name="boxColorG_read_read_fu_146">
<pin_list>
<pin id="147" dir="0" index="0" bw="16" slack="0"/>
<pin id="148" dir="0" index="1" bw="16" slack="0"/>
<pin id="149" dir="1" index="2" bw="16" slack="0"/>
</pin_list>
<bind>
<opcode="read(1150) " fcode="read"/>
<opset="boxColorG_read/1 "/>
</bind>
</comp>

<comp id="152" class="1004" name="boxColorB_read_read_fu_152">
<pin_list>
<pin id="153" dir="0" index="0" bw="16" slack="0"/>
<pin id="154" dir="0" index="1" bw="16" slack="0"/>
<pin id="155" dir="1" index="2" bw="16" slack="0"/>
</pin_list>
<bind>
<opcode="read(1150) " fcode="read"/>
<opset="boxColorB_read/1 "/>
</bind>
</comp>

<comp id="158" class="1004" name="motionSpeed_read_read_fu_158">
<pin_list>
<pin id="159" dir="0" index="0" bw="8" slack="0"/>
<pin id="160" dir="0" index="1" bw="8" slack="0"/>
<pin id="161" dir="1" index="2" bw="8" slack="0"/>
</pin_list>
<bind>
<opcode="read(1150) " fcode="read"/>
<opset="motionSpeed_read/1 "/>
</bind>
</comp>

<comp id="164" class="1004" name="colorFormat_read_read_fu_164">
<pin_list>
<pin id="165" dir="0" index="0" bw="8" slack="0"/>
<pin id="166" dir="0" index="1" bw="8" slack="0"/>
<pin id="167" dir="1" index="2" bw="8" slack="0"/>
</pin_list>
<bind>
<opcode="read(1150) " fcode="read"/>
<opset="colorFormat_read/1 "/>
</bind>
</comp>

<comp id="170" class="1004" name="crossHairX_read_read_fu_170">
<pin_list>
<pin id="171" dir="0" index="0" bw="16" slack="0"/>
<pin id="172" dir="0" index="1" bw="16" slack="0"/>
<pin id="173" dir="1" index="2" bw="16" slack="2"/>
</pin_list>
<bind>
<opcode="read(1150) " fcode="read"/>
<opset="crossHairX_read/1 "/>
</bind>
</comp>

<comp id="176" class="1004" name="crossHairY_read_read_fu_176">
<pin_list>
<pin id="177" dir="0" index="0" bw="16" slack="0"/>
<pin id="178" dir="0" index="1" bw="16" slack="0"/>
<pin id="179" dir="1" index="2" bw="16" slack="1"/>
</pin_list>
<bind>
<opcode="read(1150) " fcode="read"/>
<opset="crossHairY_read/1 "/>
</bind>
</comp>

<comp id="182" class="1004" name="grp_tpgForeground_Pipeline_VITIS_LOOP_729_2_fu_182">
<pin_list>
<pin id="183" dir="0" index="0" bw="0" slack="0"/>
<pin id="184" dir="0" index="1" bw="16" slack="2"/>
<pin id="185" dir="0" index="2" bw="16" slack="2"/>
<pin id="186" dir="0" index="3" bw="16" slack="2"/>
<pin id="187" dir="0" index="4" bw="8" slack="2"/>
<pin id="188" dir="0" index="5" bw="8" slack="2"/>
<pin id="189" dir="0" index="6" bw="8" slack="2"/>
<pin id="190" dir="0" index="7" bw="1" slack="2"/>
<pin id="191" dir="0" index="8" bw="1" slack="2"/>
<pin id="192" dir="0" index="9" bw="1" slack="2"/>
<pin id="193" dir="0" index="10" bw="1" slack="2"/>
<pin id="194" dir="0" index="11" bw="24" slack="0"/>
<pin id="195" dir="0" index="12" bw="24" slack="0"/>
<pin id="196" dir="0" index="13" bw="8" slack="2"/>
<pin id="197" dir="0" index="14" bw="16" slack="2"/>
<pin id="198" dir="0" index="15" bw="16" slack="1"/>
<pin id="199" dir="0" index="16" bw="8" slack="2"/>
<pin id="200" dir="0" index="17" bw="16" slack="2"/>
<pin id="201" dir="0" index="18" bw="16" slack="2"/>
<pin id="202" dir="0" index="19" bw="9" slack="2"/>
<pin id="203" dir="0" index="20" bw="1" slack="2"/>
<pin id="204" dir="0" index="21" bw="8" slack="2"/>
<pin id="205" dir="0" index="22" bw="16" slack="2"/>
<pin id="206" dir="0" index="23" bw="1" slack="1"/>
<pin id="207" dir="0" index="24" bw="8" slack="2"/>
<pin id="208" dir="0" index="25" bw="16" slack="2"/>
<pin id="209" dir="0" index="26" bw="16" slack="2"/>
<pin id="210" dir="0" index="27" bw="16" slack="0"/>
<pin id="211" dir="0" index="28" bw="16" slack="0"/>
<pin id="212" dir="0" index="29" bw="1" slack="0"/>
<pin id="213" dir="0" index="30" bw="1" slack="0"/>
<pin id="214" dir="0" index="31" bw="8" slack="0"/>
<pin id="215" dir="1" index="32" bw="0" slack="2147483647"/>
</pin_list>
<bind>
<opcode="call(48) " fcode="call"/>
<opset="call_ln720/3 "/>
</bind>
</comp>

<comp id="224" class="1004" name="tobool_fu_224">
<pin_list>
<pin id="225" dir="0" index="0" bw="8" slack="0"/>
<pin id="226" dir="0" index="1" bw="1" slack="0"/>
<pin id="227" dir="1" index="2" bw="1" slack="2"/>
</pin_list>
<bind>
<opcode="icmp(45) " fcode="icmp"/>
<opset="tobool/1 "/>
</bind>
</comp>

<comp id="230" class="1004" name="empty_fu_230">
<pin_list>
<pin id="231" dir="0" index="0" bw="16" slack="0"/>
<pin id="232" dir="1" index="1" bw="8" slack="2"/>
</pin_list>
<bind>
<opcode="trunc(33) " fcode="trunc"/>
<opset="empty/1 "/>
</bind>
</comp>

<comp id="234" class="1004" name="cmp31_i_fu_234">
<pin_list>
<pin id="235" dir="0" index="0" bw="8" slack="0"/>
<pin id="236" dir="0" index="1" bw="1" slack="0"/>
<pin id="237" dir="1" index="2" bw="1" slack="0"/>
</pin_list>
<bind>
<opcode="icmp(45) " fcode="icmp"/>
<opset="cmp31_i/1 "/>
</bind>
</comp>

<comp id="240" class="1004" name="pixOut_fu_240">
<pin_list>
<pin id="241" dir="0" index="0" bw="1" slack="0"/>
<pin id="242" dir="0" index="1" bw="5" slack="0"/>
<pin id="243" dir="0" index="2" bw="8" slack="0"/>
<pin id="244" dir="1" index="3" bw="8" slack="2"/>
</pin_list>
<bind>
<opcode="select(49) " fcode="select"/>
<opset="pixOut/1 "/>
</bind>
</comp>

<comp id="248" class="1004" name="hMax_fu_248">
<pin_list>
<pin id="249" dir="0" index="0" bw="16" slack="0"/>
<pin id="250" dir="0" index="1" bw="16" slack="0"/>
<pin id="251" dir="1" index="2" bw="16" slack="2"/>
</pin_list>
<bind>
<opcode="sub(10) " fcode="sub"/>
<opset="hMax/1 "/>
</bind>
</comp>

<comp id="254" class="1004" name="vMax_fu_254">
<pin_list>
<pin id="255" dir="0" index="0" bw="16" slack="0"/>
<pin id="256" dir="0" index="1" bw="16" slack="0"/>
<pin id="257" dir="1" index="2" bw="16" slack="2"/>
</pin_list>
<bind>
<opcode="sub(10) " fcode="sub"/>
<opset="vMax/1 "/>
</bind>
</comp>

<comp id="260" class="1004" name="empty_68_fu_260">
<pin_list>
<pin id="261" dir="0" index="0" bw="8" slack="0"/>
<pin id="262" dir="1" index="1" bw="1" slack="0"/>
</pin_list>
<bind>
<opcode="trunc(33) " fcode="trunc"/>
<opset="empty_68/1 "/>
</bind>
</comp>

<comp id="264" class="1004" name="and4_i_fu_264">
<pin_list>
<pin id="265" dir="0" index="0" bw="1" slack="0"/>
<pin id="266" dir="0" index="1" bw="1" slack="0"/>
<pin id="267" dir="1" index="2" bw="1" slack="2"/>
</pin_list>
<bind>
<opcode="and(23) " fcode="and"/>
<opset="and4_i/1 "/>
</bind>
</comp>

<comp id="270" class="1004" name="tmp_fu_270">
<pin_list>
<pin id="271" dir="0" index="0" bw="1" slack="0"/>
<pin id="272" dir="0" index="1" bw="8" slack="0"/>
<pin id="273" dir="0" index="2" bw="1" slack="0"/>
<pin id="274" dir="1" index="3" bw="1" slack="0"/>
</pin_list>
<bind>
<opcode="bitselect(1000) " fcode="bitselect"/>
<opset="tmp/1 "/>
</bind>
</comp>

<comp id="278" class="1004" name="and10_i_fu_278">
<pin_list>
<pin id="279" dir="0" index="0" bw="1" slack="0"/>
<pin id="280" dir="0" index="1" bw="1" slack="0"/>
<pin id="281" dir="1" index="2" bw="1" slack="2"/>
</pin_list>
<bind>
<opcode="and(23) " fcode="and"/>
<opset="and10_i/1 "/>
</bind>
</comp>

<comp id="284" class="1004" name="tmp_2_fu_284">
<pin_list>
<pin id="285" dir="0" index="0" bw="1" slack="0"/>
<pin id="286" dir="0" index="1" bw="8" slack="0"/>
<pin id="287" dir="0" index="2" bw="3" slack="0"/>
<pin id="288" dir="1" index="3" bw="1" slack="0"/>
</pin_list>
<bind>
<opcode="bitselect(1000) " fcode="bitselect"/>
<opset="tmp_2/1 "/>
</bind>
</comp>

<comp id="292" class="1004" name="and26_i_fu_292">
<pin_list>
<pin id="293" dir="0" index="0" bw="1" slack="0"/>
<pin id="294" dir="0" index="1" bw="1" slack="0"/>
<pin id="295" dir="1" index="2" bw="1" slack="2"/>
</pin_list>
<bind>
<opcode="and(23) " fcode="and"/>
<opset="and26_i/1 "/>
</bind>
</comp>

<comp id="298" class="1004" name="empty_69_fu_298">
<pin_list>
<pin id="299" dir="0" index="0" bw="16" slack="0"/>
<pin id="300" dir="1" index="1" bw="8" slack="2"/>
</pin_list>
<bind>
<opcode="trunc(33) " fcode="trunc"/>
<opset="empty_69/1 "/>
</bind>
</comp>

<comp id="302" class="1004" name="tmp_3_fu_302">
<pin_list>
<pin id="303" dir="0" index="0" bw="7" slack="0"/>
<pin id="304" dir="0" index="1" bw="8" slack="0"/>
<pin id="305" dir="0" index="2" bw="1" slack="0"/>
<pin id="306" dir="0" index="3" bw="4" slack="0"/>
<pin id="307" dir="1" index="4" bw="7" slack="0"/>
</pin_list>
<bind>
<opcode="partselect(1002) " fcode="partselect"/>
<opset="tmp_3/1 "/>
</bind>
</comp>

<comp id="312" class="1004" name="icmp_fu_312">
<pin_list>
<pin id="313" dir="0" index="0" bw="7" slack="0"/>
<pin id="314" dir="0" index="1" bw="1" slack="0"/>
<pin id="315" dir="1" index="2" bw="1" slack="2"/>
</pin_list>
<bind>
<opcode="icmp(45) " fcode="icmp"/>
<opset="icmp/1 "/>
</bind>
</comp>

<comp id="318" class="1004" name="empty_70_fu_318">
<pin_list>
<pin id="319" dir="0" index="0" bw="16" slack="0"/>
<pin id="320" dir="1" index="1" bw="8" slack="2"/>
</pin_list>
<bind>
<opcode="trunc(33) " fcode="trunc"/>
<opset="empty_70/1 "/>
</bind>
</comp>

<comp id="322" class="1004" name="shl_i_fu_322">
<pin_list>
<pin id="323" dir="0" index="0" bw="9" slack="0"/>
<pin id="324" dir="0" index="1" bw="8" slack="0"/>
<pin id="325" dir="0" index="2" bw="1" slack="0"/>
<pin id="326" dir="1" index="3" bw="9" slack="2"/>
</pin_list>
<bind>
<opcode="bitconcatenate(1004) " fcode="bitconcatenate"/>
<opset="shl_i/1 "/>
</bind>
</comp>

<comp id="330" class="1004" name="boxHCoord_load_load_fu_330">
<pin_list>
<pin id="331" dir="0" index="0" bw="16" slack="0"/>
<pin id="332" dir="1" index="1" bw="16" slack="0"/>
</pin_list>
<bind>
<opcode="load(27) " fcode="load"/>
<opset="boxHCoord_load/1 "/>
</bind>
</comp>

<comp id="334" class="1004" name="boxVCoord_load_load_fu_334">
<pin_list>
<pin id="335" dir="0" index="0" bw="16" slack="0"/>
<pin id="336" dir="1" index="1" bw="16" slack="0"/>
</pin_list>
<bind>
<opcode="load(27) " fcode="load"/>
<opset="boxVCoord_load/1 "/>
</bind>
</comp>

<comp id="338" class="1004" name="store_ln727_store_fu_338">
<pin_list>
<pin id="339" dir="0" index="0" bw="16" slack="0"/>
<pin id="340" dir="0" index="1" bw="16" slack="0"/>
<pin id="341" dir="1" index="2" bw="0" slack="2147483647"/>
</pin_list>
<bind>
<opcode="store(28) " fcode="store"/>
<opset="store_ln727/1 "/>
</bind>
</comp>

<comp id="343" class="1004" name="store_ln727_store_fu_343">
<pin_list>
<pin id="344" dir="0" index="0" bw="16" slack="0"/>
<pin id="345" dir="0" index="1" bw="16" slack="0"/>
<pin id="346" dir="1" index="2" bw="0" slack="2147483647"/>
</pin_list>
<bind>
<opcode="store(28) " fcode="store"/>
<opset="store_ln727/1 "/>
</bind>
</comp>

<comp id="348" class="1004" name="store_ln727_store_fu_348">
<pin_list>
<pin id="349" dir="0" index="0" bw="1" slack="0"/>
<pin id="350" dir="0" index="1" bw="16" slack="0"/>
<pin id="351" dir="1" index="2" bw="0" slack="2147483647"/>
</pin_list>
<bind>
<opcode="store(28) " fcode="store"/>
<opset="store_ln727/1 "/>
</bind>
</comp>

<comp id="353" class="1004" name="y_1_load_fu_353">
<pin_list>
<pin id="354" dir="0" index="0" bw="16" slack="1"/>
<pin id="355" dir="1" index="1" bw="16" slack="0"/>
</pin_list>
<bind>
<opcode="load(27) " fcode="load"/>
<opset="y_1/2 "/>
</bind>
</comp>

<comp id="356" class="1004" name="icmp_ln727_fu_356">
<pin_list>
<pin id="357" dir="0" index="0" bw="16" slack="0"/>
<pin id="358" dir="0" index="1" bw="16" slack="1"/>
<pin id="359" dir="1" index="2" bw="1" slack="2147483647"/>
</pin_list>
<bind>
<opcode="icmp(45) " fcode="icmp"/>
<opset="icmp_ln727/2 "/>
</bind>
</comp>

<comp id="361" class="1004" name="y_2_fu_361">
<pin_list>
<pin id="362" dir="0" index="0" bw="16" slack="0"/>
<pin id="363" dir="0" index="1" bw="1" slack="0"/>
<pin id="364" dir="1" index="2" bw="16" slack="0"/>
</pin_list>
<bind>
<opcode="add(8) " fcode="add"/>
<opset="y_2/2 "/>
</bind>
</comp>

<comp id="367" class="1004" name="boxVCoord_loc_0_load_load_fu_367">
<pin_list>
<pin id="368" dir="0" index="0" bw="16" slack="1"/>
<pin id="369" dir="1" index="1" bw="16" slack="2"/>
</pin_list>
<bind>
<opcode="load(27) " fcode="load"/>
<opset="boxVCoord_loc_0_load/2 "/>
</bind>
</comp>

<comp id="370" class="1004" name="boxHCoord_loc_0_load_load_fu_370">
<pin_list>
<pin id="371" dir="0" index="0" bw="16" slack="1"/>
<pin id="372" dir="1" index="1" bw="16" slack="2"/>
</pin_list>
<bind>
<opcode="load(27) " fcode="load"/>
<opset="boxHCoord_loc_0_load/2 "/>
</bind>
</comp>

<comp id="373" class="1004" name="cmp2_i_fu_373">
<pin_list>
<pin id="374" dir="0" index="0" bw="16" slack="0"/>
<pin id="375" dir="0" index="1" bw="16" slack="1"/>
<pin id="376" dir="1" index="2" bw="1" slack="1"/>
</pin_list>
<bind>
<opcode="icmp(45) " fcode="icmp"/>
<opset="cmp2_i/2 "/>
</bind>
</comp>

<comp id="378" class="1004" name="store_ln727_store_fu_378">
<pin_list>
<pin id="379" dir="0" index="0" bw="16" slack="0"/>
<pin id="380" dir="0" index="1" bw="16" slack="1"/>
<pin id="381" dir="1" index="2" bw="0" slack="2147483647"/>
</pin_list>
<bind>
<opcode="store(28) " fcode="store"/>
<opset="store_ln727/2 "/>
</bind>
</comp>

<comp id="383" class="1005" name="y_reg_383">
<pin_list>
<pin id="384" dir="0" index="0" bw="16" slack="0"/>
<pin id="385" dir="1" index="1" bw="16" slack="0"/>
</pin_list>
<bind>
<opset="y "/>
</bind>
</comp>

<comp id="390" class="1005" name="boxVCoord_loc_0_reg_390">
<pin_list>
<pin id="391" dir="0" index="0" bw="16" slack="0"/>
<pin id="392" dir="1" index="1" bw="16" slack="0"/>
</pin_list>
<bind>
<opset="boxVCoord_loc_0 "/>
</bind>
</comp>

<comp id="397" class="1005" name="boxHCoord_loc_0_reg_397">
<pin_list>
<pin id="398" dir="0" index="0" bw="16" slack="0"/>
<pin id="399" dir="1" index="1" bw="16" slack="0"/>
</pin_list>
<bind>
<opset="boxHCoord_loc_0 "/>
</bind>
</comp>

<comp id="404" class="1005" name="loopHeight_reg_404">
<pin_list>
<pin id="405" dir="0" index="0" bw="16" slack="1"/>
<pin id="406" dir="1" index="1" bw="16" slack="1"/>
</pin_list>
<bind>
<opset="loopHeight "/>
</bind>
</comp>

<comp id="409" class="1005" name="loopWidth_reg_409">
<pin_list>
<pin id="410" dir="0" index="0" bw="16" slack="2"/>
<pin id="411" dir="1" index="1" bw="16" slack="2"/>
</pin_list>
<bind>
<opset="loopWidth "/>
</bind>
</comp>

<comp id="414" class="1005" name="ovrlayId_read_reg_414">
<pin_list>
<pin id="415" dir="0" index="0" bw="8" slack="2"/>
<pin id="416" dir="1" index="1" bw="8" slack="2"/>
</pin_list>
<bind>
<opset="ovrlayId_read "/>
</bind>
</comp>

<comp id="419" class="1005" name="tobool_reg_419">
<pin_list>
<pin id="420" dir="0" index="0" bw="1" slack="2"/>
<pin id="421" dir="1" index="1" bw="1" slack="2"/>
</pin_list>
<bind>
<opset="tobool "/>
</bind>
</comp>

<comp id="424" class="1005" name="boxSize_read_reg_424">
<pin_list>
<pin id="425" dir="0" index="0" bw="16" slack="2"/>
<pin id="426" dir="1" index="1" bw="16" slack="2"/>
</pin_list>
<bind>
<opset="boxSize_read "/>
</bind>
</comp>

<comp id="429" class="1005" name="empty_reg_429">
<pin_list>
<pin id="430" dir="0" index="0" bw="8" slack="2"/>
<pin id="431" dir="1" index="1" bw="8" slack="2"/>
</pin_list>
<bind>
<opset="empty "/>
</bind>
</comp>

<comp id="434" class="1005" name="motionSpeed_read_reg_434">
<pin_list>
<pin id="435" dir="0" index="0" bw="8" slack="2"/>
<pin id="436" dir="1" index="1" bw="8" slack="2"/>
</pin_list>
<bind>
<opset="motionSpeed_read "/>
</bind>
</comp>

<comp id="439" class="1005" name="colorFormat_read_reg_439">
<pin_list>
<pin id="440" dir="0" index="0" bw="8" slack="2"/>
<pin id="441" dir="1" index="1" bw="8" slack="2"/>
</pin_list>
<bind>
<opset="colorFormat_read "/>
</bind>
</comp>

<comp id="444" class="1005" name="crossHairX_read_reg_444">
<pin_list>
<pin id="445" dir="0" index="0" bw="16" slack="2"/>
<pin id="446" dir="1" index="1" bw="16" slack="2"/>
</pin_list>
<bind>
<opset="crossHairX_read "/>
</bind>
</comp>

<comp id="449" class="1005" name="crossHairY_read_reg_449">
<pin_list>
<pin id="450" dir="0" index="0" bw="16" slack="1"/>
<pin id="451" dir="1" index="1" bw="16" slack="1"/>
</pin_list>
<bind>
<opset="crossHairY_read "/>
</bind>
</comp>

<comp id="454" class="1005" name="pixOut_reg_454">
<pin_list>
<pin id="455" dir="0" index="0" bw="8" slack="2"/>
<pin id="456" dir="1" index="1" bw="8" slack="2"/>
</pin_list>
<bind>
<opset="pixOut "/>
</bind>
</comp>

<comp id="459" class="1005" name="hMax_reg_459">
<pin_list>
<pin id="460" dir="0" index="0" bw="16" slack="2"/>
<pin id="461" dir="1" index="1" bw="16" slack="2"/>
</pin_list>
<bind>
<opset="hMax "/>
</bind>
</comp>

<comp id="464" class="1005" name="vMax_reg_464">
<pin_list>
<pin id="465" dir="0" index="0" bw="16" slack="2"/>
<pin id="466" dir="1" index="1" bw="16" slack="2"/>
</pin_list>
<bind>
<opset="vMax "/>
</bind>
</comp>

<comp id="469" class="1005" name="and4_i_reg_469">
<pin_list>
<pin id="470" dir="0" index="0" bw="1" slack="2"/>
<pin id="471" dir="1" index="1" bw="1" slack="2"/>
</pin_list>
<bind>
<opset="and4_i "/>
</bind>
</comp>

<comp id="474" class="1005" name="and10_i_reg_474">
<pin_list>
<pin id="475" dir="0" index="0" bw="1" slack="2"/>
<pin id="476" dir="1" index="1" bw="1" slack="2"/>
</pin_list>
<bind>
<opset="and10_i "/>
</bind>
</comp>

<comp id="479" class="1005" name="and26_i_reg_479">
<pin_list>
<pin id="480" dir="0" index="0" bw="1" slack="2"/>
<pin id="481" dir="1" index="1" bw="1" slack="2"/>
</pin_list>
<bind>
<opset="and26_i "/>
</bind>
</comp>

<comp id="484" class="1005" name="empty_69_reg_484">
<pin_list>
<pin id="485" dir="0" index="0" bw="8" slack="2"/>
<pin id="486" dir="1" index="1" bw="8" slack="2"/>
</pin_list>
<bind>
<opset="empty_69 "/>
</bind>
</comp>

<comp id="489" class="1005" name="icmp_reg_489">
<pin_list>
<pin id="490" dir="0" index="0" bw="1" slack="2"/>
<pin id="491" dir="1" index="1" bw="1" slack="2"/>
</pin_list>
<bind>
<opset="icmp "/>
</bind>
</comp>

<comp id="494" class="1005" name="empty_70_reg_494">
<pin_list>
<pin id="495" dir="0" index="0" bw="8" slack="2"/>
<pin id="496" dir="1" index="1" bw="8" slack="2"/>
</pin_list>
<bind>
<opset="empty_70 "/>
</bind>
</comp>

<comp id="499" class="1005" name="shl_i_reg_499">
<pin_list>
<pin id="500" dir="0" index="0" bw="9" slack="2"/>
<pin id="501" dir="1" index="1" bw="9" slack="2"/>
</pin_list>
<bind>
<opset="shl_i "/>
</bind>
</comp>

<comp id="504" class="1005" name="y_1_reg_504">
<pin_list>
<pin id="505" dir="0" index="0" bw="16" slack="1"/>
<pin id="506" dir="1" index="1" bw="16" slack="1"/>
</pin_list>
<bind>
<opset="y_1 "/>
</bind>
</comp>

<comp id="512" class="1005" name="boxVCoord_loc_0_load_reg_512">
<pin_list>
<pin id="513" dir="0" index="0" bw="16" slack="2"/>
<pin id="514" dir="1" index="1" bw="16" slack="2"/>
</pin_list>
<bind>
<opset="boxVCoord_loc_0_load "/>
</bind>
</comp>

<comp id="517" class="1005" name="boxHCoord_loc_0_load_reg_517">
<pin_list>
<pin id="518" dir="0" index="0" bw="16" slack="2"/>
<pin id="519" dir="1" index="1" bw="16" slack="2"/>
</pin_list>
<bind>
<opset="boxHCoord_loc_0_load "/>
</bind>
</comp>

<comp id="522" class="1005" name="cmp2_i_reg_522">
<pin_list>
<pin id="523" dir="0" index="0" bw="1" slack="1"/>
<pin id="524" dir="1" index="1" bw="1" slack="1"/>
</pin_list>
<bind>
<opset="cmp2_i "/>
</bind>
</comp>

</comp_list>

<net_list>
<net id="101"><net_src comp="38" pin="0"/><net_sink comp="98" pin=0"/></net>

<net id="105"><net_src comp="38" pin="0"/><net_sink comp="102" pin=0"/></net>

<net id="109"><net_src comp="38" pin="0"/><net_sink comp="106" pin=0"/></net>

<net id="114"><net_src comp="54" pin="0"/><net_sink comp="110" pin=0"/></net>

<net id="115"><net_src comp="2" pin="0"/><net_sink comp="110" pin=1"/></net>

<net id="120"><net_src comp="54" pin="0"/><net_sink comp="116" pin=0"/></net>

<net id="121"><net_src comp="4" pin="0"/><net_sink comp="116" pin=1"/></net>

<net id="126"><net_src comp="56" pin="0"/><net_sink comp="122" pin=0"/></net>

<net id="127"><net_src comp="6" pin="0"/><net_sink comp="122" pin=1"/></net>

<net id="132"><net_src comp="56" pin="0"/><net_sink comp="128" pin=0"/></net>

<net id="133"><net_src comp="8" pin="0"/><net_sink comp="128" pin=1"/></net>

<net id="138"><net_src comp="54" pin="0"/><net_sink comp="134" pin=0"/></net>

<net id="139"><net_src comp="16" pin="0"/><net_sink comp="134" pin=1"/></net>

<net id="144"><net_src comp="54" pin="0"/><net_sink comp="140" pin=0"/></net>

<net id="145"><net_src comp="18" pin="0"/><net_sink comp="140" pin=1"/></net>

<net id="150"><net_src comp="54" pin="0"/><net_sink comp="146" pin=0"/></net>

<net id="151"><net_src comp="20" pin="0"/><net_sink comp="146" pin=1"/></net>

<net id="156"><net_src comp="54" pin="0"/><net_sink comp="152" pin=0"/></net>

<net id="157"><net_src comp="22" pin="0"/><net_sink comp="152" pin=1"/></net>

<net id="162"><net_src comp="56" pin="0"/><net_sink comp="158" pin=0"/></net>

<net id="163"><net_src comp="24" pin="0"/><net_sink comp="158" pin=1"/></net>

<net id="168"><net_src comp="56" pin="0"/><net_sink comp="164" pin=0"/></net>

<net id="169"><net_src comp="10" pin="0"/><net_sink comp="164" pin=1"/></net>

<net id="174"><net_src comp="54" pin="0"/><net_sink comp="170" pin=0"/></net>

<net id="175"><net_src comp="12" pin="0"/><net_sink comp="170" pin=1"/></net>

<net id="180"><net_src comp="54" pin="0"/><net_sink comp="176" pin=0"/></net>

<net id="181"><net_src comp="14" pin="0"/><net_sink comp="176" pin=1"/></net>

<net id="216"><net_src comp="84" pin="0"/><net_sink comp="182" pin=0"/></net>

<net id="217"><net_src comp="26" pin="0"/><net_sink comp="182" pin=11"/></net>

<net id="218"><net_src comp="0" pin="0"/><net_sink comp="182" pin=12"/></net>

<net id="219"><net_src comp="28" pin="0"/><net_sink comp="182" pin=27"/></net>

<net id="220"><net_src comp="30" pin="0"/><net_sink comp="182" pin=28"/></net>

<net id="221"><net_src comp="32" pin="0"/><net_sink comp="182" pin=29"/></net>

<net id="222"><net_src comp="34" pin="0"/><net_sink comp="182" pin=30"/></net>

<net id="223"><net_src comp="36" pin="0"/><net_sink comp="182" pin=31"/></net>

<net id="228"><net_src comp="128" pin="2"/><net_sink comp="224" pin=0"/></net>

<net id="229"><net_src comp="58" pin="0"/><net_sink comp="224" pin=1"/></net>

<net id="233"><net_src comp="146" pin="2"/><net_sink comp="230" pin=0"/></net>

<net id="238"><net_src comp="164" pin="2"/><net_sink comp="234" pin=0"/></net>

<net id="239"><net_src comp="58" pin="0"/><net_sink comp="234" pin=1"/></net>

<net id="245"><net_src comp="234" pin="2"/><net_sink comp="240" pin=0"/></net>

<net id="246"><net_src comp="60" pin="0"/><net_sink comp="240" pin=1"/></net>

<net id="247"><net_src comp="62" pin="0"/><net_sink comp="240" pin=2"/></net>

<net id="252"><net_src comp="116" pin="2"/><net_sink comp="248" pin=0"/></net>

<net id="253"><net_src comp="134" pin="2"/><net_sink comp="248" pin=1"/></net>

<net id="258"><net_src comp="110" pin="2"/><net_sink comp="254" pin=0"/></net>

<net id="259"><net_src comp="134" pin="2"/><net_sink comp="254" pin=1"/></net>

<net id="263"><net_src comp="128" pin="2"/><net_sink comp="260" pin=0"/></net>

<net id="268"><net_src comp="234" pin="2"/><net_sink comp="264" pin=0"/></net>

<net id="269"><net_src comp="260" pin="1"/><net_sink comp="264" pin=1"/></net>

<net id="275"><net_src comp="64" pin="0"/><net_sink comp="270" pin=0"/></net>

<net id="276"><net_src comp="128" pin="2"/><net_sink comp="270" pin=1"/></net>

<net id="277"><net_src comp="38" pin="0"/><net_sink comp="270" pin=2"/></net>

<net id="282"><net_src comp="234" pin="2"/><net_sink comp="278" pin=0"/></net>

<net id="283"><net_src comp="270" pin="3"/><net_sink comp="278" pin=1"/></net>

<net id="289"><net_src comp="64" pin="0"/><net_sink comp="284" pin=0"/></net>

<net id="290"><net_src comp="128" pin="2"/><net_sink comp="284" pin=1"/></net>

<net id="291"><net_src comp="66" pin="0"/><net_sink comp="284" pin=2"/></net>

<net id="296"><net_src comp="234" pin="2"/><net_sink comp="292" pin=0"/></net>

<net id="297"><net_src comp="284" pin="3"/><net_sink comp="292" pin=1"/></net>

<net id="301"><net_src comp="140" pin="2"/><net_sink comp="298" pin=0"/></net>

<net id="308"><net_src comp="68" pin="0"/><net_sink comp="302" pin=0"/></net>

<net id="309"><net_src comp="164" pin="2"/><net_sink comp="302" pin=1"/></net>

<net id="310"><net_src comp="38" pin="0"/><net_sink comp="302" pin=2"/></net>

<net id="311"><net_src comp="70" pin="0"/><net_sink comp="302" pin=3"/></net>

<net id="316"><net_src comp="302" pin="4"/><net_sink comp="312" pin=0"/></net>

<net id="317"><net_src comp="72" pin="0"/><net_sink comp="312" pin=1"/></net>

<net id="321"><net_src comp="152" pin="2"/><net_sink comp="318" pin=0"/></net>

<net id="327"><net_src comp="74" pin="0"/><net_sink comp="322" pin=0"/></net>

<net id="328"><net_src comp="158" pin="2"/><net_sink comp="322" pin=1"/></net>

<net id="329"><net_src comp="76" pin="0"/><net_sink comp="322" pin=2"/></net>

<net id="333"><net_src comp="28" pin="0"/><net_sink comp="330" pin=0"/></net>

<net id="337"><net_src comp="30" pin="0"/><net_sink comp="334" pin=0"/></net>

<net id="342"><net_src comp="330" pin="1"/><net_sink comp="338" pin=0"/></net>

<net id="347"><net_src comp="334" pin="1"/><net_sink comp="343" pin=0"/></net>

<net id="352"><net_src comp="78" pin="0"/><net_sink comp="348" pin=0"/></net>

<net id="360"><net_src comp="353" pin="1"/><net_sink comp="356" pin=0"/></net>

<net id="365"><net_src comp="353" pin="1"/><net_sink comp="361" pin=0"/></net>

<net id="366"><net_src comp="80" pin="0"/><net_sink comp="361" pin=1"/></net>

<net id="377"><net_src comp="353" pin="1"/><net_sink comp="373" pin=0"/></net>

<net id="382"><net_src comp="361" pin="2"/><net_sink comp="378" pin=0"/></net>

<net id="386"><net_src comp="98" pin="1"/><net_sink comp="383" pin=0"/></net>

<net id="387"><net_src comp="383" pin="1"/><net_sink comp="348" pin=1"/></net>

<net id="388"><net_src comp="383" pin="1"/><net_sink comp="353" pin=0"/></net>

<net id="389"><net_src comp="383" pin="1"/><net_sink comp="378" pin=1"/></net>

<net id="393"><net_src comp="102" pin="1"/><net_sink comp="390" pin=0"/></net>

<net id="394"><net_src comp="390" pin="1"/><net_sink comp="343" pin=1"/></net>

<net id="395"><net_src comp="390" pin="1"/><net_sink comp="367" pin=0"/></net>

<net id="396"><net_src comp="390" pin="1"/><net_sink comp="182" pin=26"/></net>

<net id="400"><net_src comp="106" pin="1"/><net_sink comp="397" pin=0"/></net>

<net id="401"><net_src comp="397" pin="1"/><net_sink comp="338" pin=1"/></net>

<net id="402"><net_src comp="397" pin="1"/><net_sink comp="370" pin=0"/></net>

<net id="403"><net_src comp="397" pin="1"/><net_sink comp="182" pin=25"/></net>

<net id="407"><net_src comp="110" pin="2"/><net_sink comp="404" pin=0"/></net>

<net id="408"><net_src comp="404" pin="1"/><net_sink comp="356" pin=1"/></net>

<net id="412"><net_src comp="116" pin="2"/><net_sink comp="409" pin=0"/></net>

<net id="413"><net_src comp="409" pin="1"/><net_sink comp="182" pin=3"/></net>

<net id="417"><net_src comp="122" pin="2"/><net_sink comp="414" pin=0"/></net>

<net id="418"><net_src comp="414" pin="1"/><net_sink comp="182" pin=13"/></net>

<net id="422"><net_src comp="224" pin="2"/><net_sink comp="419" pin=0"/></net>

<net id="423"><net_src comp="419" pin="1"/><net_sink comp="182" pin=9"/></net>

<net id="427"><net_src comp="134" pin="2"/><net_sink comp="424" pin=0"/></net>

<net id="428"><net_src comp="424" pin="1"/><net_sink comp="182" pin=14"/></net>

<net id="432"><net_src comp="230" pin="1"/><net_sink comp="429" pin=0"/></net>

<net id="433"><net_src comp="429" pin="1"/><net_sink comp="182" pin=21"/></net>

<net id="437"><net_src comp="158" pin="2"/><net_sink comp="434" pin=0"/></net>

<net id="438"><net_src comp="434" pin="1"/><net_sink comp="182" pin=16"/></net>

<net id="442"><net_src comp="164" pin="2"/><net_sink comp="439" pin=0"/></net>

<net id="443"><net_src comp="439" pin="1"/><net_sink comp="182" pin=24"/></net>

<net id="447"><net_src comp="170" pin="2"/><net_sink comp="444" pin=0"/></net>

<net id="448"><net_src comp="444" pin="1"/><net_sink comp="182" pin=22"/></net>

<net id="452"><net_src comp="176" pin="2"/><net_sink comp="449" pin=0"/></net>

<net id="453"><net_src comp="449" pin="1"/><net_sink comp="373" pin=1"/></net>

<net id="457"><net_src comp="240" pin="3"/><net_sink comp="454" pin=0"/></net>

<net id="458"><net_src comp="454" pin="1"/><net_sink comp="182" pin=5"/></net>

<net id="462"><net_src comp="248" pin="2"/><net_sink comp="459" pin=0"/></net>

<net id="463"><net_src comp="459" pin="1"/><net_sink comp="182" pin=18"/></net>

<net id="467"><net_src comp="254" pin="2"/><net_sink comp="464" pin=0"/></net>

<net id="468"><net_src comp="464" pin="1"/><net_sink comp="182" pin=17"/></net>

<net id="472"><net_src comp="264" pin="2"/><net_sink comp="469" pin=0"/></net>

<net id="473"><net_src comp="469" pin="1"/><net_sink comp="182" pin=7"/></net>

<net id="477"><net_src comp="278" pin="2"/><net_sink comp="474" pin=0"/></net>

<net id="478"><net_src comp="474" pin="1"/><net_sink comp="182" pin=10"/></net>

<net id="482"><net_src comp="292" pin="2"/><net_sink comp="479" pin=0"/></net>

<net id="483"><net_src comp="479" pin="1"/><net_sink comp="182" pin=8"/></net>

<net id="487"><net_src comp="298" pin="1"/><net_sink comp="484" pin=0"/></net>

<net id="488"><net_src comp="484" pin="1"/><net_sink comp="182" pin=6"/></net>

<net id="492"><net_src comp="312" pin="2"/><net_sink comp="489" pin=0"/></net>

<net id="493"><net_src comp="489" pin="1"/><net_sink comp="182" pin=20"/></net>

<net id="497"><net_src comp="318" pin="1"/><net_sink comp="494" pin=0"/></net>

<net id="498"><net_src comp="494" pin="1"/><net_sink comp="182" pin=4"/></net>

<net id="502"><net_src comp="322" pin="3"/><net_sink comp="499" pin=0"/></net>

<net id="503"><net_src comp="499" pin="1"/><net_sink comp="182" pin=19"/></net>

<net id="507"><net_src comp="353" pin="1"/><net_sink comp="504" pin=0"/></net>

<net id="508"><net_src comp="504" pin="1"/><net_sink comp="182" pin=15"/></net>

<net id="515"><net_src comp="367" pin="1"/><net_sink comp="512" pin=0"/></net>

<net id="516"><net_src comp="512" pin="1"/><net_sink comp="182" pin=2"/></net>

<net id="520"><net_src comp="370" pin="1"/><net_sink comp="517" pin=0"/></net>

<net id="521"><net_src comp="517" pin="1"/><net_sink comp="182" pin=1"/></net>

<net id="525"><net_src comp="373" pin="2"/><net_sink comp="522" pin=0"/></net>

<net id="526"><net_src comp="522" pin="1"/><net_sink comp="182" pin=23"/></net>

</net_list>

</model> 
---------------- Datapath Model END ------------------

* FSMD analyzer results:
  - Output states:
	Port: ovrlayYUV | {3 4 }
	Port: boxHCoord | {3 4 }
	Port: boxVCoord | {3 4 }
	Port: vDir | {3 4 }
	Port: hDir | {3 4 }
 - Input state : 
	Port: tpgForeground : bckgndYUV | {3 4 }
	Port: tpgForeground : height | {1 }
	Port: tpgForeground : width | {1 }
	Port: tpgForeground : ovrlayId | {1 }
	Port: tpgForeground : maskId | {1 }
	Port: tpgForeground : colorFormat | {1 }
	Port: tpgForeground : crossHairX | {1 }
	Port: tpgForeground : crossHairY | {1 }
	Port: tpgForeground : boxSize | {1 }
	Port: tpgForeground : boxColorR | {1 }
	Port: tpgForeground : boxColorG | {1 }
	Port: tpgForeground : boxColorB | {1 }
	Port: tpgForeground : motionSpeed | {1 }
	Port: tpgForeground : boxHCoord | {1 }
	Port: tpgForeground : boxVCoord | {1 }
	Port: tpgForeground : vDir | {3 4 }
	Port: tpgForeground : hDir | {3 4 }
	Port: tpgForeground : whiYuv_2 | {3 4 }
  - Chain level:
	State 1
		pixOut : 1
		and4_i : 1
		and10_i : 1
		and26_i : 1
		icmp : 1
		store_ln727 : 1
		store_ln727 : 1
		store_ln727 : 1
	State 2
		icmp_ln727 : 1
		y_2 : 1
		br_ln727 : 2
		cmp2_i : 1
		store_ln727 : 2
	State 3
	State 4


============================================================
+ Verbose Summary: Datapath Resource usage 
============================================================

* Functional unit list:
|----------|----------------------------------------------------|---------|---------|---------|
| Operation|                   Functional Unit                  |  Delay  |    FF   |   LUT   |
|----------|----------------------------------------------------|---------|---------|---------|
|   call   | grp_tpgForeground_Pipeline_VITIS_LOOP_729_2_fu_182 |  0.427  |   353   |   543   |
|----------|----------------------------------------------------|---------|---------|---------|
|          |                    tobool_fu_224                   |    0    |    0    |    15   |
|          |                   cmp31_i_fu_234                   |    0    |    0    |    15   |
|   icmp   |                     icmp_fu_312                    |    0    |    0    |    14   |
|          |                  icmp_ln727_fu_356                 |    0    |    0    |    23   |
|          |                    cmp2_i_fu_373                   |    0    |    0    |    23   |
|----------|----------------------------------------------------|---------|---------|---------|
|    sub   |                     hMax_fu_248                    |    0    |    0    |    23   |
|          |                     vMax_fu_254                    |    0    |    0    |    23   |
|----------|----------------------------------------------------|---------|---------|---------|
|    add   |                     y_2_fu_361                     |    0    |    0    |    23   |
|----------|----------------------------------------------------|---------|---------|---------|
|  select  |                    pixOut_fu_240                   |    0    |    0    |    8    |
|----------|----------------------------------------------------|---------|---------|---------|
|          |                    and4_i_fu_264                   |    0    |    0    |    2    |
|    and   |                   and10_i_fu_278                   |    0    |    0    |    2    |
|          |                   and26_i_fu_292                   |    0    |    0    |    2    |
|----------|----------------------------------------------------|---------|---------|---------|
|          |               loopHeight_read_fu_110               |    0    |    0    |    0    |
|          |                loopWidth_read_fu_116               |    0    |    0    |    0    |
|          |              ovrlayId_read_read_fu_122             |    0    |    0    |    0    |
|          |               maskId_read_read_fu_128              |    0    |    0    |    0    |
|          |              boxSize_read_read_fu_134              |    0    |    0    |    0    |
|   read   |             boxColorR_read_read_fu_140             |    0    |    0    |    0    |
|          |             boxColorG_read_read_fu_146             |    0    |    0    |    0    |
|          |             boxColorB_read_read_fu_152             |    0    |    0    |    0    |
|          |            motionSpeed_read_read_fu_158            |    0    |    0    |    0    |
|          |            colorFormat_read_read_fu_164            |    0    |    0    |    0    |
|          |             crossHairX_read_read_fu_170            |    0    |    0    |    0    |
|          |             crossHairY_read_read_fu_176            |    0    |    0    |    0    |
|----------|----------------------------------------------------|---------|---------|---------|
|          |                    empty_fu_230                    |    0    |    0    |    0    |
|   trunc  |                   empty_68_fu_260                  |    0    |    0    |    0    |
|          |                   empty_69_fu_298                  |    0    |    0    |    0    |
|          |                   empty_70_fu_318                  |    0    |    0    |    0    |
|----------|----------------------------------------------------|---------|---------|---------|
| bitselect|                     tmp_fu_270                     |    0    |    0    |    0    |
|          |                    tmp_2_fu_284                    |    0    |    0    |    0    |
|----------|----------------------------------------------------|---------|---------|---------|
|partselect|                    tmp_3_fu_302                    |    0    |    0    |    0    |
|----------|----------------------------------------------------|---------|---------|---------|
|bitconcatenate|                    shl_i_fu_322                    |    0    |    0    |    0    |
|----------|----------------------------------------------------|---------|---------|---------|
|   Total  |                                                    |  0.427  |   353   |   716   |
|----------|----------------------------------------------------|---------|---------|---------|

Memories:
N/A

* Register list:
+----------------------------+--------+
|                            |   FF   |
+----------------------------+--------+
|       and10_i_reg_474      |    1   |
|       and26_i_reg_479      |    1   |
|       and4_i_reg_469       |    1   |
|boxHCoord_loc_0_load_reg_517|   16   |
|   boxHCoord_loc_0_reg_397  |   16   |
|    boxSize_read_reg_424    |   16   |
|boxVCoord_loc_0_load_reg_512|   16   |
|   boxVCoord_loc_0_reg_390  |   16   |
|       cmp2_i_reg_522       |    1   |
|  colorFormat_read_reg_439  |    8   |
|   crossHairX_read_reg_444  |   16   |
|   crossHairY_read_reg_449  |   16   |
|      empty_69_reg_484      |    8   |
|      empty_70_reg_494      |    8   |
|        empty_reg_429       |    8   |
|        hMax_reg_459        |   16   |
|        icmp_reg_489        |    1   |
|     loopHeight_reg_404     |   16   |
|      loopWidth_reg_409     |   16   |
|  motionSpeed_read_reg_434  |    8   |
|    ovrlayId_read_reg_414   |    8   |
|       pixOut_reg_454       |    8   |
|        shl_i_reg_499       |    9   |
|       tobool_reg_419       |    1   |
|        vMax_reg_464        |   16   |
|         y_1_reg_504        |   16   |
|          y_reg_383         |   16   |
+----------------------------+--------+
|            Total           |   279  |
+----------------------------+--------+

* Multiplexer (MUX) list: 
|--------|------|------|------|--------|
|  Comp  |  Pin | Size |  BW  | S x BW |
|--------|------|------|------|--------|
|  Total |      |      |      |    0   |
|--------|------|------|------|--------|



* Summary:
+-----------+--------+--------+--------+
|           |  Delay |   FF   |   LUT  |
+-----------+--------+--------+--------+
|  Function |    0   |   353  |   716  |
|   Memory  |    -   |    -   |    -   |
|Multiplexer|    -   |    -   |    -   |
|  Register |    -   |   279  |    -   |
+-----------+--------+--------+--------+
|   Total   |    0   |   632  |   716  |
+-----------+--------+--------+--------+
