

================================================================
== Vitis HLS Report for 'AXIvideo2MultiPixStream_Pipeline_loop_wait_for_eol'
================================================================
* Date:           Fri Nov 15 11:02:54 2024

* Version:        2023.1 (Build 3854077 on May  4 2023)
* Project:        prj
* Solution:       sol (Vivado IP Flow Target)
* Product family: zynquplus
* Target device:  xczu7ev-ffvc1156-2-e


================================================================
== Performance Estimates
================================================================
+ Timing: 
    * Summary: 
    +--------+---------+----------+------------+
    |  Clock |  Target | Estimated| Uncertainty|
    +--------+---------+----------+------------+
    |ap_clk  |  5.33 ns|  0.854 ns|     1.44 ns|
    +--------+---------+----------+------------+

+ Latency: 
    * Summary: 
    +---------+---------+-----------+-----------+-----+-----+---------+
    |  Latency (cycles) |   Latency (absolute)  |  Interval | Pipeline|
    |   min   |   max   |    min    |    max    | min | max |   Type  |
    +---------+---------+-----------+-----------+-----+-----+---------+
    |        2|        2|  10.668 ns|  10.668 ns|    2|    2|       no|
    +---------+---------+-----------+-----------+-----+-----+---------+

    + Detail: 
        * Instance: 
        N/A

        * Loop: 
        +---------------------+---------+---------+----------+-----------+-----------+------+----------+
        |                     |  Latency (cycles) | Iteration|  Initiation Interval  | Trip |          |
        |      Loop Name      |   min   |   max   |  Latency |  achieved |   target  | Count| Pipelined|
        +---------------------+---------+---------+----------+-----------+-----------+------+----------+
        |- loop_wait_for_eol  |        0|        0|         1|          1|          1|     0|       yes|
        +---------------------+---------+---------+----------+-----------+-----------+------+----------+

============================================================
+ Verbose Summary: Synthesis Manager
============================================================
InlineROM: 1
ExposeGlobal: 0
============================================================
+ Verbose Summary: CDFG Model
============================================================
IsTopModel: 0
ResetActiveHigh: 1
IsCombinational: 0
IsDatapathOnly: 0
HasWiredReturn: 1
HasMFsm: 2
HasVarLatency: 1
IsPipeline: 0
IsRtlPipelined: 0
IsInstanceOverlapped: 0
IsDontTouch: 0
HasImplIP: 0
IsGatedGlobalClock: 0

+ Individual pipeline summary: 
  * Pipeline-0: initiation interval (II) = 1, depth = 1


============================================================
+ Verbose Summary: Schedule
============================================================
* Number of FSM states : 1
* Pipeline : 1
  Pipeline-0 : II = 1, D = 1, States = { 1 }
* Dataflow Pipeline: 0

* FSM state transitions: 
1 --> 

* FSM state operations: 

State 1 <SV = 0> <Delay = 0.85>
ST_1 : Operation 4 [1/1] (0.00ns)   --->   "%specaxissidechannel_ln0 = specaxissidechannel void @_ssdm_op_SpecAXISSideChannel, i24 %s_axis_video_V_data_V, i3 %s_axis_video_V_keep_V, i3 %s_axis_video_V_strb_V, i1 %s_axis_video_V_user_V, i1 %s_axis_video_V_last_V, i1 %s_axis_video_V_id_V, i1 %s_axis_video_V_dest_V, void @empty_20"   --->   Operation 4 'specaxissidechannel' 'specaxissidechannel_ln0' <Predicate = true> <Delay = 0.00>
ST_1 : Operation 5 [1/1] (0.00ns)   --->   "%specinterface_ln0 = specinterface void @_ssdm_op_SpecInterface, i24 %s_axis_video_V_data_V, void @empty_34, i32 0, i32 0, void @empty_35, i32 0, i32 0, void @empty_36, void @empty_36, void @empty_36, i32 0, i32 0, i32 0, i32 0, void @empty_36, void @empty_36, i32 4294967295, i32 0"   --->   Operation 5 'specinterface' 'specinterface_ln0' <Predicate = true> <Delay = 0.00>
ST_1 : Operation 6 [1/1] (0.00ns)   --->   "%specinterface_ln0 = specinterface void @_ssdm_op_SpecInterface, i3 %s_axis_video_V_keep_V, void @empty_34, i32 0, i32 0, void @empty_35, i32 0, i32 0, void @empty_36, void @empty_36, void @empty_36, i32 0, i32 0, i32 0, i32 0, void @empty_36, void @empty_36, i32 4294967295, i32 0"   --->   Operation 6 'specinterface' 'specinterface_ln0' <Predicate = true> <Delay = 0.00>
ST_1 : Operation 7 [1/1] (0.00ns)   --->   "%specinterface_ln0 = specinterface void @_ssdm_op_SpecInterface, i3 %s_axis_video_V_strb_V, void @empty_34, i32 0, i32 0, void @empty_35, i32 0, i32 0, void @empty_36, void @empty_36, void @empty_36, i32 0, i32 0, i32 0, i32 0, void @empty_36, void @empty_36, i32 4294967295, i32 0"   --->   Operation 7 'specinterface' 'specinterface_ln0' <Predicate = true> <Delay = 0.00>
ST_1 : Operation 8 [1/1] (0.00ns)   --->   "%specinterface_ln0 = specinterface void @_ssdm_op_SpecInterface, i1 %s_axis_video_V_user_V, void @empty_34, i32 0, i32 0, void @empty_35, i32 0, i32 0, void @empty_36, void @empty_36, void @empty_36, i32 0, i32 0, i32 0, i32 0, void @empty_36, void @empty_36, i32 4294967295, i32 0"   --->   Operation 8 'specinterface' 'specinterface_ln0' <Predicate = true> <Delay = 0.00>
ST_1 : Operation 9 [1/1] (0.00ns)   --->   "%specinterface_ln0 = specinterface void @_ssdm_op_SpecInterface, i1 %s_axis_video_V_last_V, void @empty_34, i32 0, i32 0, void @empty_35, i32 0, i32 0, void @empty_36, void @empty_36, void @empty_36, i32 0, i32 0, i32 0, i32 0, void @empty_36, void @empty_36, i32 4294967295, i32 0"   --->   Operation 9 'specinterface' 'specinterface_ln0' <Predicate = true> <Delay = 0.00>
ST_1 : Operation 10 [1/1] (0.00ns)   --->   "%specinterface_ln0 = specinterface void @_ssdm_op_SpecInterface, i1 %s_axis_video_V_id_V, void @empty_34, i32 0, i32 0, void @empty_35, i32 0, i32 0, void @empty_36, void @empty_36, void @empty_36, i32 0, i32 0, i32 0, i32 0, void @empty_36, void @empty_36, i32 4294967295, i32 0"   --->   Operation 10 'specinterface' 'specinterface_ln0' <Predicate = true> <Delay = 0.00>
ST_1 : Operation 11 [1/1] (0.00ns)   --->   "%specinterface_ln0 = specinterface void @_ssdm_op_SpecInterface, i1 %s_axis_video_V_dest_V, void @empty_34, i32 0, i32 0, void @empty_35, i32 0, i32 0, void @empty_36, void @empty_36, void @empty_36, i32 0, i32 0, i32 0, i32 0, void @empty_36, void @empty_36, i32 4294967295, i32 0"   --->   Operation 11 'specinterface' 'specinterface_ln0' <Predicate = true> <Delay = 0.00>
ST_1 : Operation 12 [1/1] (0.00ns)   --->   "%eol_reload_read = read i1 @_ssdm_op_Read.ap_auto.i1, i1 %eol_reload"   --->   Operation 12 'read' 'eol_reload_read' <Predicate = true> <Delay = 0.00>
ST_1 : Operation 13 [1/1] (0.00ns)   --->   "%axi_data_14_reload_read = read i24 @_ssdm_op_Read.ap_auto.i24, i24 %axi_data_14_reload"   --->   Operation 13 'read' 'axi_data_14_reload_read' <Predicate = true> <Delay = 0.00>
ST_1 : Operation 14 [1/1] (0.42ns)   --->   "%store_ln0 = store i24 %axi_data_14_reload_read, i24 %axi_data_4_out"   --->   Operation 14 'store' 'store_ln0' <Predicate = true> <Delay = 0.42>
ST_1 : Operation 15 [1/1] (0.42ns)   --->   "%br_ln0 = br void %while.cond65"   --->   Operation 15 'br' 'br_ln0' <Predicate = true> <Delay = 0.42>
ST_1 : Operation 16 [1/1] (0.00ns)   --->   "%axi_last = phi i1 %axi_last_7, void %while.body67, i1 %eol_reload_read, void %newFuncRoot"   --->   Operation 16 'phi' 'axi_last' <Predicate = true> <Delay = 0.00>
ST_1 : Operation 17 [1/1] (0.00ns)   --->   "%br_ln545 = br i1 %axi_last, void %while.body67, void %for.inc73.exitStub" [D:/dp/zcu106/tpg_dp_live/vivado/tpg_dp_live/tpg_dp_live.runs/bd_85a6_csc_0_synth_1/prj/sol/.autopilot/db/v_csc.cpp:545]   --->   Operation 17 'br' 'br_ln545' <Predicate = true> <Delay = 0.00>
ST_1 : Operation 18 [1/1] (0.00ns)   --->   "%specpipeline_ln547 = specpipeline void @_ssdm_op_SpecPipeline, i32 1, i32 0, i32 0, i32 0, void @empty_36" [D:/dp/zcu106/tpg_dp_live/vivado/tpg_dp_live/tpg_dp_live.runs/bd_85a6_csc_0_synth_1/prj/sol/.autopilot/db/v_csc.cpp:547]   --->   Operation 18 'specpipeline' 'specpipeline_ln547' <Predicate = (!axi_last)> <Delay = 0.00>
ST_1 : Operation 19 [1/1] (0.00ns)   --->   "%speclooptripcount_ln548 = speclooptripcount void @_ssdm_op_SpecLoopTripCount, i64 0, i64 0, i64 0" [D:/dp/zcu106/tpg_dp_live/vivado/tpg_dp_live/tpg_dp_live.runs/bd_85a6_csc_0_synth_1/prj/sol/.autopilot/db/v_csc.cpp:548]   --->   Operation 19 'speclooptripcount' 'speclooptripcount_ln548' <Predicate = (!axi_last)> <Delay = 0.00>
ST_1 : Operation 20 [1/1] (0.00ns)   --->   "%specloopname_ln545 = specloopname void @_ssdm_op_SpecLoopName, void @empty_23" [D:/dp/zcu106/tpg_dp_live/vivado/tpg_dp_live/tpg_dp_live.runs/bd_85a6_csc_0_synth_1/prj/sol/.autopilot/db/v_csc.cpp:545]   --->   Operation 20 'specloopname' 'specloopname_ln545' <Predicate = (!axi_last)> <Delay = 0.00>
ST_1 : Operation 21 [1/1] (0.00ns)   --->   "%empty = read i34 @_ssdm_op_Read.axis.volatile.i24P0A.i3P0A.i3P0A.i1P0A.i1P0A.i1P0A.i1P0A, i24 %s_axis_video_V_data_V, i3 %s_axis_video_V_keep_V, i3 %s_axis_video_V_strb_V, i1 %s_axis_video_V_user_V, i1 %s_axis_video_V_last_V, i1 %s_axis_video_V_id_V, i1 %s_axis_video_V_dest_V" [D:/dp/zcu106/tpg_dp_live/vivado/tpg_dp_live/tpg_dp_live.runs/bd_85a6_csc_0_synth_1/prj/sol/.autopilot/db/v_csc.cpp:550]   --->   Operation 21 'read' 'empty' <Predicate = (!axi_last)> <Delay = 0.00> <CoreInst = "axis">   --->   Core 123 'axis' <Latency = 0> <II = 1> <Delay = 1.00> <Adapter> <Opcode : >
ST_1 : Operation 22 [1/1] (0.00ns)   --->   "%axi_data = extractvalue i34 %empty" [D:/dp/zcu106/tpg_dp_live/vivado/tpg_dp_live/tpg_dp_live.runs/bd_85a6_csc_0_synth_1/prj/sol/.autopilot/db/v_csc.cpp:550]   --->   Operation 22 'extractvalue' 'axi_data' <Predicate = (!axi_last)> <Delay = 0.00>
ST_1 : Operation 23 [1/1] (0.00ns)   --->   "%axi_last_7 = extractvalue i34 %empty" [D:/dp/zcu106/tpg_dp_live/vivado/tpg_dp_live/tpg_dp_live.runs/bd_85a6_csc_0_synth_1/prj/sol/.autopilot/db/v_csc.cpp:550]   --->   Operation 23 'extractvalue' 'axi_last_7' <Predicate = (!axi_last)> <Delay = 0.00>
ST_1 : Operation 24 [1/1] (0.42ns)   --->   "%store_ln545 = store i24 %axi_data, i24 %axi_data_4_out" [D:/dp/zcu106/tpg_dp_live/vivado/tpg_dp_live/tpg_dp_live.runs/bd_85a6_csc_0_synth_1/prj/sol/.autopilot/db/v_csc.cpp:545]   --->   Operation 24 'store' 'store_ln545' <Predicate = (!axi_last)> <Delay = 0.42>
ST_1 : Operation 25 [1/1] (0.00ns)   --->   "%br_ln545 = br void %while.cond65" [D:/dp/zcu106/tpg_dp_live/vivado/tpg_dp_live/tpg_dp_live.runs/bd_85a6_csc_0_synth_1/prj/sol/.autopilot/db/v_csc.cpp:545]   --->   Operation 25 'br' 'br_ln545' <Predicate = (!axi_last)> <Delay = 0.00>
ST_1 : Operation 26 [1/1] (0.00ns)   --->   "%ret_ln0 = ret"   --->   Operation 26 'ret' 'ret_ln0' <Predicate = (axi_last)> <Delay = 0.00>


============================================================
+ Verbose Summary: Timing violations
============================================================
Target clock period: 5.334ns, clock uncertainty: 1.440ns.

 <State 1>: 0.854ns
The critical path consists of the following:
	multiplexor before 'phi' operation ('axi.last') with incoming values : ('eol_reload_read') ('axi.last', D:/dp/zcu106/tpg_dp_live/vivado/tpg_dp_live/tpg_dp_live.runs/bd_85a6_csc_0_synth_1/prj/sol/.autopilot/db/v_csc.cpp:550) [24]  (0.427 ns)
	'phi' operation ('axi.last') with incoming values : ('eol_reload_read') ('axi.last', D:/dp/zcu106/tpg_dp_live/vivado/tpg_dp_live/tpg_dp_live.runs/bd_85a6_csc_0_synth_1/prj/sol/.autopilot/db/v_csc.cpp:550) [24]  (0.000 ns)
	blocking operation 0.427 ns on control path)


============================================================
+ Verbose Summary: Binding
============================================================
N/A
* FSMD analyzer results:
  - Output states:
 - Input state : 
  - Chain level:
	State 1


============================================================
+ Verbose Summary: Datapath Resource usage 
============================================================
N/A
