

================================================================
== Vitis HLS Report for 'MultiPixStream2AXIvideo_Pipeline_VITIS_LOOP_619_2'
================================================================
* Date:           Fri Nov 15 11:02:58 2024

* Version:        2023.1 (Build 3854077 on May  4 2023)
* Project:        prj
* Solution:       sol (Vivado IP Flow Target)
* Product family: zynquplus
* Target device:  xczu7ev-ffvc1156-2-e


================================================================
== Performance Estimates
================================================================
+ Timing: 
    * Summary: 
    +--------+---------+----------+------------+
    |  Clock |  Target | Estimated| Uncertainty|
    +--------+---------+----------+------------+
    |ap_clk  |  5.33 ns|  3.375 ns|     1.44 ns|
    +--------+---------+----------+------------+

+ Latency: 
    * Summary: 
    +---------+---------+----------+-----------+-----+------+---------+
    |  Latency (cycles) |  Latency (absolute)  |  Interval  | Pipeline|
    |   min   |   max   |    min   |    max    | min |  max |   Type  |
    +---------+---------+----------+-----------+-----+------+---------+
    |       67|     3843|  0.357 us|  20.499 us|   67|  3843|       no|
    +---------+---------+----------+-----------+-----+------+---------+

    + Detail: 
        * Instance: 
        N/A

        * Loop: 
        +--------------------+---------+---------+----------+-----------+-----------+-----------+----------+
        |                    |  Latency (cycles) | Iteration|  Initiation Interval  |    Trip   |          |
        |      Loop Name     |   min   |   max   |  Latency |  achieved |   target  |   Count   | Pipelined|
        +--------------------+---------+---------+----------+-----------+-----------+-----------+----------+
        |- VITIS_LOOP_619_2  |       65|     3841|         2|          1|          1|  64 ~ 3840|       yes|
        +--------------------+---------+---------+----------+-----------+-----------+-----------+----------+

============================================================
+ Verbose Summary: Synthesis Manager
============================================================
InlineROM: 1
ExposeGlobal: 0
============================================================
+ Verbose Summary: CDFG Model
============================================================
IsTopModel: 0
ResetActiveHigh: 1
IsCombinational: 0
IsDatapathOnly: 0
HasWiredReturn: 1
HasMFsm: 2
HasVarLatency: 1
IsPipeline: 0
IsRtlPipelined: 0
IsInstanceOverlapped: 0
IsDontTouch: 0
HasImplIP: 0
IsGatedGlobalClock: 0

+ Individual pipeline summary: 
  * Pipeline-0: initiation interval (II) = 1, depth = 2


============================================================
+ Verbose Summary: Schedule
============================================================
* Number of FSM states : 2
* Pipeline : 1
  Pipeline-0 : II = 1, D = 2, States = { 1 2 }
* Dataflow Pipeline: 0

* FSM state transitions: 
1 --> 2 
2 --> 

* FSM state operations: 

State 1 <SV = 0> <Delay = 1.23>
ST_1 : Operation 5 [1/1] (0.00ns)   --->   "%j = alloca i32 1"   --->   Operation 5 'alloca' 'j' <Predicate = true> <Delay = 0.00>
ST_1 : Operation 6 [1/1] (0.00ns)   --->   "%specaxissidechannel_ln0 = specaxissidechannel void @_ssdm_op_SpecAXISSideChannel, i24 %m_axis_video_V_data_V, i3 %m_axis_video_V_keep_V, i3 %m_axis_video_V_strb_V, i1 %m_axis_video_V_user_V, i1 %m_axis_video_V_last_V, i1 %m_axis_video_V_id_V, i1 %m_axis_video_V_dest_V, void @empty_19"   --->   Operation 6 'specaxissidechannel' 'specaxissidechannel_ln0' <Predicate = true> <Delay = 0.00>
ST_1 : Operation 7 [1/1] (0.00ns)   --->   "%specinterface_ln0 = specinterface void @_ssdm_op_SpecInterface, i24 %m_axis_video_V_data_V, i3 %m_axis_video_V_keep_V, i3 %m_axis_video_V_strb_V, i1 %m_axis_video_V_user_V, i1 %m_axis_video_V_last_V, i1 %m_axis_video_V_id_V, i1 %m_axis_video_V_dest_V, void @empty_34, i32 0, i32 0, void @empty_35, i32 0, i32 0, void @empty_36, void @empty_36, void @empty_36, i32 0, i32 0, i32 0, i32 0, void @empty_36, void @empty_36, i32 4294967295, i32 0"   --->   Operation 7 'specinterface' 'specinterface_ln0' <Predicate = true> <Delay = 0.00>
ST_1 : Operation 8 [1/1] (0.00ns)   --->   "%specinterface_ln0 = specinterface void @_ssdm_op_SpecInterface, i24 %stream_out_vresampled, void @empty_18, i32 0, i32 0, void @empty_36, i32 0, i32 0, void @empty_36, void @empty_36, void @empty_36, i32 0, i32 0, i32 0, i32 0, void @empty_36, void @empty_36, i32 4294967295, i32 0"   --->   Operation 8 'specinterface' 'specinterface_ln0' <Predicate = true> <Delay = 0.00>
ST_1 : Operation 9 [1/1] (0.00ns)   --->   "%sub_read = read i12 @_ssdm_op_Read.ap_auto.i12, i12 %sub"   --->   Operation 9 'read' 'sub_read' <Predicate = true> <Delay = 0.00>
ST_1 : Operation 10 [1/1] (0.00ns)   --->   "%p_read_8 = read i8 @_ssdm_op_Read.ap_auto.i8, i8 %p_read"   --->   Operation 10 'read' 'p_read_8' <Predicate = true> <Delay = 0.00>
ST_1 : Operation 11 [1/1] (0.00ns)   --->   "%cols_read = read i12 @_ssdm_op_Read.ap_auto.i12, i12 %cols"   --->   Operation 11 'read' 'cols_read' <Predicate = true> <Delay = 0.00>
ST_1 : Operation 12 [1/1] (0.00ns)   --->   "%sof_read = read i1 @_ssdm_op_Read.ap_auto.i1, i1 %sof"   --->   Operation 12 'read' 'sof_read' <Predicate = true> <Delay = 0.00>
ST_1 : Operation 13 [1/1] (0.42ns)   --->   "%store_ln0 = store i12 0, i12 %j"   --->   Operation 13 'store' 'store_ln0' <Predicate = true> <Delay = 0.42>
ST_1 : Operation 14 [1/1] (0.42ns)   --->   "%br_ln0 = br void %for.body25"   --->   Operation 14 'br' 'br_ln0' <Predicate = true> <Delay = 0.42>
ST_1 : Operation 15 [1/1] (0.00ns)   --->   "%j_1 = load i12 %j" [D:/dp/zcu106/tpg_dp_live/vivado/tpg_dp_live/tpg_dp_live.runs/bd_85a6_csc_0_synth_1/prj/sol/.autopilot/db/v_csc.cpp:619]   --->   Operation 15 'load' 'j_1' <Predicate = true> <Delay = 0.00>
ST_1 : Operation 16 [1/1] (0.80ns)   --->   "%icmp_ln619 = icmp_eq  i12 %j_1, i12 %cols_read" [D:/dp/zcu106/tpg_dp_live/vivado/tpg_dp_live/tpg_dp_live.runs/bd_85a6_csc_0_synth_1/prj/sol/.autopilot/db/v_csc.cpp:619]   --->   Operation 16 'icmp' 'icmp_ln619' <Predicate = true> <Delay = 0.80> <CoreInst = "Cmp">   --->   Core 9 'Cmp' <Latency = 0> <II = 1> <Delay = 0.80> <FuncUnit> <Opcode : 'icmp'> <InPorts = 2> <OutPorts = 1>
ST_1 : Operation 17 [1/1] (0.80ns)   --->   "%j_2 = add i12 %j_1, i12 1" [D:/dp/zcu106/tpg_dp_live/vivado/tpg_dp_live/tpg_dp_live.runs/bd_85a6_csc_0_synth_1/prj/sol/.autopilot/db/v_csc.cpp:619]   --->   Operation 17 'add' 'j_2' <Predicate = true> <Delay = 0.80> <CoreInst = "Adder">   --->   Core 1 'Adder' <Latency = 0> <II = 1> <Delay = 0.80> <FuncUnit> <Opcode : 'add' 'sub'> <InPorts = 2> <OutPorts = 1>
ST_1 : Operation 18 [1/1] (0.00ns)   --->   "%br_ln619 = br i1 %icmp_ln619, void %for.body25.split, void %for.inc90.exitStub" [D:/dp/zcu106/tpg_dp_live/vivado/tpg_dp_live/tpg_dp_live.runs/bd_85a6_csc_0_synth_1/prj/sol/.autopilot/db/v_csc.cpp:619]   --->   Operation 18 'br' 'br_ln619' <Predicate = true> <Delay = 0.00>
ST_1 : Operation 19 [1/1] (0.80ns)   --->   "%axi_last = icmp_eq  i12 %j_1, i12 %sub_read" [D:/dp/zcu106/tpg_dp_live/vivado/tpg_dp_live/tpg_dp_live.runs/bd_85a6_csc_0_synth_1/prj/sol/.autopilot/db/v_csc.cpp:632]   --->   Operation 19 'icmp' 'axi_last' <Predicate = (!icmp_ln619)> <Delay = 0.80> <CoreInst = "Cmp">   --->   Core 9 'Cmp' <Latency = 0> <II = 1> <Delay = 0.80> <FuncUnit> <Opcode : 'icmp'> <InPorts = 2> <OutPorts = 1>
ST_1 : Operation 20 [1/1] (0.75ns)   --->   "%switch_ln652 = switch i8 %p_read_8, void %sw.default, i8 0, void %sw.bb, i8 1, void %sw.bb72" [D:/dp/zcu106/tpg_dp_live/vivado/tpg_dp_live/tpg_dp_live.runs/bd_85a6_csc_0_synth_1/prj/sol/.autopilot/db/v_csc.cpp:652]   --->   Operation 20 'switch' 'switch_ln652' <Predicate = (!icmp_ln619)> <Delay = 0.75>
ST_1 : Operation 21 [1/1] (0.75ns)   --->   "%switch_ln652 = switch i8 %p_read_8, void %sw.default.1, i8 0, void %sw.bb.1, i8 1, void %sw.bb72.1" [D:/dp/zcu106/tpg_dp_live/vivado/tpg_dp_live/tpg_dp_live.runs/bd_85a6_csc_0_synth_1/prj/sol/.autopilot/db/v_csc.cpp:652]   --->   Operation 21 'switch' 'switch_ln652' <Predicate = (!icmp_ln619)> <Delay = 0.75>
ST_1 : Operation 22 [1/1] (0.75ns)   --->   "%switch_ln652 = switch i8 %p_read_8, void %sw.default.2, i8 0, void %sw.bb.2, i8 1, void %sw.bb72.2" [D:/dp/zcu106/tpg_dp_live/vivado/tpg_dp_live/tpg_dp_live.runs/bd_85a6_csc_0_synth_1/prj/sol/.autopilot/db/v_csc.cpp:652]   --->   Operation 22 'switch' 'switch_ln652' <Predicate = (!icmp_ln619)> <Delay = 0.75>
ST_1 : Operation 23 [1/1] (0.42ns)   --->   "%store_ln619 = store i12 %j_2, i12 %j" [D:/dp/zcu106/tpg_dp_live/vivado/tpg_dp_live/tpg_dp_live.runs/bd_85a6_csc_0_synth_1/prj/sol/.autopilot/db/v_csc.cpp:619]   --->   Operation 23 'store' 'store_ln619' <Predicate = (!icmp_ln619)> <Delay = 0.42>
ST_1 : Operation 24 [1/1] (0.00ns)   --->   "%br_ln619 = br void %for.body25" [D:/dp/zcu106/tpg_dp_live/vivado/tpg_dp_live/tpg_dp_live.runs/bd_85a6_csc_0_synth_1/prj/sol/.autopilot/db/v_csc.cpp:619]   --->   Operation 24 'br' 'br_ln619' <Predicate = (!icmp_ln619)> <Delay = 0.00>

State 2 <SV = 1> <Delay = 3.37>
ST_2 : Operation 25 [1/1] (0.00ns)   --->   "%sof_2 = phi i1 %sof_read, void %newFuncRoot, i1 0, void %for.inc.2"   --->   Operation 25 'phi' 'sof_2' <Predicate = true> <Delay = 0.00>
ST_2 : Operation 26 [1/1] (0.00ns)   --->   "%speclooptripcount_ln0 = speclooptripcount void @_ssdm_op_SpecLoopTripCount, i64 64, i64 3840, i64 0"   --->   Operation 26 'speclooptripcount' 'speclooptripcount_ln0' <Predicate = true> <Delay = 0.00>
ST_2 : Operation 27 [1/1] (0.00ns)   --->   "%specpipeline_ln622 = specpipeline void @_ssdm_op_SpecPipeline, i32 1, i32 0, i32 0, i32 0, void @empty_36" [D:/dp/zcu106/tpg_dp_live/vivado/tpg_dp_live/tpg_dp_live.runs/bd_85a6_csc_0_synth_1/prj/sol/.autopilot/db/v_csc.cpp:622]   --->   Operation 27 'specpipeline' 'specpipeline_ln622' <Predicate = (!icmp_ln619)> <Delay = 0.00>
ST_2 : Operation 28 [1/1] (0.00ns)   --->   "%specloopname_ln619 = specloopname void @_ssdm_op_SpecLoopName, void @empty_32" [D:/dp/zcu106/tpg_dp_live/vivado/tpg_dp_live/tpg_dp_live.runs/bd_85a6_csc_0_synth_1/prj/sol/.autopilot/db/v_csc.cpp:619]   --->   Operation 28 'specloopname' 'specloopname_ln619' <Predicate = (!icmp_ln619)> <Delay = 0.00>
ST_2 : Operation 29 [1/1] (1.94ns)   --->   "%stream_out_vresampled_read = read i24 @_ssdm_op_Read.ap_fifo.volatile.i24P0A, i24 %stream_out_vresampled" [D:/dp/zcu106/tpg_dp_live/vivado/tpg_dp_live/tpg_dp_live.runs/bd_85a6_csc_0_synth_1/prj/sol/.autopilot/db/v_csc.cpp:640]   --->   Operation 29 'read' 'stream_out_vresampled_read' <Predicate = (!icmp_ln619)> <Delay = 1.94> <CoreInst = "FIFO_SRL">   --->   Core 81 'FIFO_SRL' <Latency = 0> <II = 1> <Delay = 2.04> <Storage> <Opcode : 'read' 'write' 'nbread' 'nbwrite'> <Ports = 0> <Width = 24> <Depth = 16> <FIFO>
ST_2 : Operation 30 [1/1] (0.00ns)   --->   "%pix_rgb = trunc i24 %stream_out_vresampled_read" [D:/dp/zcu106/tpg_dp_live/vivado/tpg_dp_live/tpg_dp_live.runs/bd_85a6_csc_0_synth_1/prj/sol/.autopilot/db/v_csc.cpp:640]   --->   Operation 30 'trunc' 'pix_rgb' <Predicate = (!icmp_ln619)> <Delay = 0.00>
ST_2 : Operation 31 [1/1] (0.00ns)   --->   "%pix_444_1 = partselect i8 @_ssdm_op_PartSelect.i8.i24.i32.i32, i24 %stream_out_vresampled_read, i32 8, i32 15" [D:/dp/zcu106/tpg_dp_live/vivado/tpg_dp_live/tpg_dp_live.runs/bd_85a6_csc_0_synth_1/prj/sol/.autopilot/db/v_csc.cpp:640]   --->   Operation 31 'partselect' 'pix_444_1' <Predicate = (!icmp_ln619)> <Delay = 0.00>
ST_2 : Operation 32 [1/1] (0.00ns)   --->   "%pix_444 = partselect i8 @_ssdm_op_PartSelect.i8.i24.i32.i32, i24 %stream_out_vresampled_read, i32 16, i32 23" [D:/dp/zcu106/tpg_dp_live/vivado/tpg_dp_live/tpg_dp_live.runs/bd_85a6_csc_0_synth_1/prj/sol/.autopilot/db/v_csc.cpp:640]   --->   Operation 32 'partselect' 'pix_444' <Predicate = (!icmp_ln619)> <Delay = 0.00>
ST_2 : Operation 33 [1/1] (0.00ns)   --->   "%axi_data_3 = bitconcatenate i9 @_ssdm_op_BitConcatenate.i9.i1.i8, i1 1, i8 %pix_rgb" [D:/dp/zcu106/tpg_dp_live/vivado/tpg_dp_live/tpg_dp_live.runs/bd_85a6_csc_0_synth_1/prj/sol/.autopilot/db/v_csc.cpp:658]   --->   Operation 33 'bitconcatenate' 'axi_data_3' <Predicate = (!icmp_ln619 & p_read_8 == 1)> <Delay = 0.00>
ST_2 : Operation 34 [1/1] (0.47ns)   --->   "%br_ln659 = br void %for.inc" [D:/dp/zcu106/tpg_dp_live/vivado/tpg_dp_live/tpg_dp_live.runs/bd_85a6_csc_0_synth_1/prj/sol/.autopilot/db/v_csc.cpp:659]   --->   Operation 34 'br' 'br_ln659' <Predicate = (!icmp_ln619 & p_read_8 == 1)> <Delay = 0.47>
ST_2 : Operation 35 [1/1] (0.00ns)   --->   "%axi_data_1 = bitconcatenate i9 @_ssdm_op_BitConcatenate.i9.i1.i8, i1 1, i8 %pix_444_1" [D:/dp/zcu106/tpg_dp_live/vivado/tpg_dp_live/tpg_dp_live.runs/bd_85a6_csc_0_synth_1/prj/sol/.autopilot/db/v_csc.cpp:655]   --->   Operation 35 'bitconcatenate' 'axi_data_1' <Predicate = (!icmp_ln619 & p_read_8 == 0)> <Delay = 0.00>
ST_2 : Operation 36 [1/1] (0.47ns)   --->   "%br_ln656 = br void %for.inc" [D:/dp/zcu106/tpg_dp_live/vivado/tpg_dp_live/tpg_dp_live.runs/bd_85a6_csc_0_synth_1/prj/sol/.autopilot/db/v_csc.cpp:656]   --->   Operation 36 'br' 'br_ln656' <Predicate = (!icmp_ln619 & p_read_8 == 0)> <Delay = 0.47>
ST_2 : Operation 37 [1/1] (0.00ns)   --->   "%axi_data = bitconcatenate i9 @_ssdm_op_BitConcatenate.i9.i1.i8, i1 1, i8 %pix_rgb" [D:/dp/zcu106/tpg_dp_live/vivado/tpg_dp_live/tpg_dp_live.runs/bd_85a6_csc_0_synth_1/prj/sol/.autopilot/db/v_csc.cpp:661]   --->   Operation 37 'bitconcatenate' 'axi_data' <Predicate = (!icmp_ln619 & p_read_8 != 0 & p_read_8 != 1)> <Delay = 0.00>
ST_2 : Operation 38 [1/1] (0.47ns)   --->   "%br_ln662 = br void %for.inc" [D:/dp/zcu106/tpg_dp_live/vivado/tpg_dp_live/tpg_dp_live.runs/bd_85a6_csc_0_synth_1/prj/sol/.autopilot/db/v_csc.cpp:662]   --->   Operation 38 'br' 'br_ln662' <Predicate = (!icmp_ln619 & p_read_8 != 0 & p_read_8 != 1)> <Delay = 0.47>
ST_2 : Operation 39 [1/1] (0.00ns)   --->   "%axi_data_2 = phi i9 %axi_data, void %sw.default, i9 %axi_data_3, void %sw.bb72, i9 %axi_data_1, void %sw.bb"   --->   Operation 39 'phi' 'axi_data_2' <Predicate = (!icmp_ln619)> <Delay = 0.00>
ST_2 : Operation 40 [1/1] (0.00ns)   --->   "%sext_ln573 = sext i9 %axi_data_2" [D:/dp/zcu106/tpg_dp_live/vivado/tpg_dp_live/tpg_dp_live.runs/bd_85a6_csc_0_synth_1/prj/sol/.autopilot/db/v_csc.cpp:573]   --->   Operation 40 'sext' 'sext_ln573' <Predicate = (!icmp_ln619)> <Delay = 0.00>
ST_2 : Operation 41 [1/1] (0.00ns)   --->   "%axi_data_6 = partset i24 @_ssdm_op_PartSet.i24.i24.i8.i32.i32, i24 %sext_ln573, i8 %pix_444_1, i32 8, i32 15" [D:/dp/zcu106/tpg_dp_live/vivado/tpg_dp_live/tpg_dp_live.runs/bd_85a6_csc_0_synth_1/prj/sol/.autopilot/db/v_csc.cpp:658]   --->   Operation 41 'partset' 'axi_data_6' <Predicate = (!icmp_ln619 & p_read_8 == 1)> <Delay = 0.00>
ST_2 : Operation 42 [1/1] (0.47ns)   --->   "%br_ln659 = br void %for.inc.1" [D:/dp/zcu106/tpg_dp_live/vivado/tpg_dp_live/tpg_dp_live.runs/bd_85a6_csc_0_synth_1/prj/sol/.autopilot/db/v_csc.cpp:659]   --->   Operation 42 'br' 'br_ln659' <Predicate = (!icmp_ln619 & p_read_8 == 1)> <Delay = 0.47>
ST_2 : Operation 43 [1/1] (0.00ns)   --->   "%axi_data_5 = partset i24 @_ssdm_op_PartSet.i24.i24.i8.i32.i32, i24 %sext_ln573, i8 %pix_444, i32 8, i32 15" [D:/dp/zcu106/tpg_dp_live/vivado/tpg_dp_live/tpg_dp_live.runs/bd_85a6_csc_0_synth_1/prj/sol/.autopilot/db/v_csc.cpp:655]   --->   Operation 43 'partset' 'axi_data_5' <Predicate = (!icmp_ln619 & p_read_8 == 0)> <Delay = 0.00>
ST_2 : Operation 44 [1/1] (0.47ns)   --->   "%br_ln656 = br void %for.inc.1" [D:/dp/zcu106/tpg_dp_live/vivado/tpg_dp_live/tpg_dp_live.runs/bd_85a6_csc_0_synth_1/prj/sol/.autopilot/db/v_csc.cpp:656]   --->   Operation 44 'br' 'br_ln656' <Predicate = (!icmp_ln619 & p_read_8 == 0)> <Delay = 0.47>
ST_2 : Operation 45 [1/1] (0.00ns)   --->   "%axi_data_4 = partset i24 @_ssdm_op_PartSet.i24.i24.i8.i32.i32, i24 %sext_ln573, i8 %pix_444_1, i32 8, i32 15" [D:/dp/zcu106/tpg_dp_live/vivado/tpg_dp_live/tpg_dp_live.runs/bd_85a6_csc_0_synth_1/prj/sol/.autopilot/db/v_csc.cpp:661]   --->   Operation 45 'partset' 'axi_data_4' <Predicate = (!icmp_ln619 & p_read_8 != 0 & p_read_8 != 1)> <Delay = 0.00>
ST_2 : Operation 46 [1/1] (0.47ns)   --->   "%br_ln662 = br void %for.inc.1" [D:/dp/zcu106/tpg_dp_live/vivado/tpg_dp_live/tpg_dp_live.runs/bd_85a6_csc_0_synth_1/prj/sol/.autopilot/db/v_csc.cpp:662]   --->   Operation 46 'br' 'br_ln662' <Predicate = (!icmp_ln619 & p_read_8 != 0 & p_read_8 != 1)> <Delay = 0.47>
ST_2 : Operation 47 [1/1] (0.00ns)   --->   "%axi_data_7 = phi i24 %axi_data_4, void %sw.default.1, i24 %axi_data_6, void %sw.bb72.1, i24 %axi_data_5, void %sw.bb.1"   --->   Operation 47 'phi' 'axi_data_7' <Predicate = (!icmp_ln619)> <Delay = 0.00>
ST_2 : Operation 48 [1/1] (0.00ns)   --->   "%axi_data_10 = partset i24 @_ssdm_op_PartSet.i24.i24.i8.i32.i32, i24 %axi_data_7, i8 %pix_444, i32 16, i32 23" [D:/dp/zcu106/tpg_dp_live/vivado/tpg_dp_live/tpg_dp_live.runs/bd_85a6_csc_0_synth_1/prj/sol/.autopilot/db/v_csc.cpp:658]   --->   Operation 48 'partset' 'axi_data_10' <Predicate = (!icmp_ln619 & p_read_8 == 1)> <Delay = 0.00>
ST_2 : Operation 49 [1/1] (0.47ns)   --->   "%br_ln659 = br void %for.inc.2" [D:/dp/zcu106/tpg_dp_live/vivado/tpg_dp_live/tpg_dp_live.runs/bd_85a6_csc_0_synth_1/prj/sol/.autopilot/db/v_csc.cpp:659]   --->   Operation 49 'br' 'br_ln659' <Predicate = (!icmp_ln619 & p_read_8 == 1)> <Delay = 0.47>
ST_2 : Operation 50 [1/1] (0.00ns)   --->   "%axi_data_9 = partset i24 @_ssdm_op_PartSet.i24.i24.i8.i32.i32, i24 %axi_data_7, i8 %pix_rgb, i32 16, i32 23" [D:/dp/zcu106/tpg_dp_live/vivado/tpg_dp_live/tpg_dp_live.runs/bd_85a6_csc_0_synth_1/prj/sol/.autopilot/db/v_csc.cpp:655]   --->   Operation 50 'partset' 'axi_data_9' <Predicate = (!icmp_ln619 & p_read_8 == 0)> <Delay = 0.00>
ST_2 : Operation 51 [1/1] (0.47ns)   --->   "%br_ln656 = br void %for.inc.2" [D:/dp/zcu106/tpg_dp_live/vivado/tpg_dp_live/tpg_dp_live.runs/bd_85a6_csc_0_synth_1/prj/sol/.autopilot/db/v_csc.cpp:656]   --->   Operation 51 'br' 'br_ln656' <Predicate = (!icmp_ln619 & p_read_8 == 0)> <Delay = 0.47>
ST_2 : Operation 52 [1/1] (0.00ns)   --->   "%axi_data_8 = partset i24 @_ssdm_op_PartSet.i24.i24.i8.i32.i32, i24 %axi_data_7, i8 %pix_444, i32 16, i32 23" [D:/dp/zcu106/tpg_dp_live/vivado/tpg_dp_live/tpg_dp_live.runs/bd_85a6_csc_0_synth_1/prj/sol/.autopilot/db/v_csc.cpp:661]   --->   Operation 52 'partset' 'axi_data_8' <Predicate = (!icmp_ln619 & p_read_8 != 0 & p_read_8 != 1)> <Delay = 0.00>
ST_2 : Operation 53 [1/1] (0.47ns)   --->   "%br_ln662 = br void %for.inc.2" [D:/dp/zcu106/tpg_dp_live/vivado/tpg_dp_live/tpg_dp_live.runs/bd_85a6_csc_0_synth_1/prj/sol/.autopilot/db/v_csc.cpp:662]   --->   Operation 53 'br' 'br_ln662' <Predicate = (!icmp_ln619 & p_read_8 != 0 & p_read_8 != 1)> <Delay = 0.47>
ST_2 : Operation 54 [1/1] (0.00ns)   --->   "%axi_data_11 = phi i24 %axi_data_8, void %sw.default.2, i24 %axi_data_10, void %sw.bb72.2, i24 %axi_data_9, void %sw.bb.2"   --->   Operation 54 'phi' 'axi_data_11' <Predicate = (!icmp_ln619)> <Delay = 0.00>
ST_2 : Operation 55 [1/1] (0.00ns)   --->   "%write_ln667 = write void @_ssdm_op_Write.axis.volatile.i24P0A.i3P0A.i3P0A.i1P0A.i1P0A.i1P0A.i1P0A, i24 %m_axis_video_V_data_V, i3 %m_axis_video_V_keep_V, i3 %m_axis_video_V_strb_V, i1 %m_axis_video_V_user_V, i1 %m_axis_video_V_last_V, i1 %m_axis_video_V_id_V, i1 %m_axis_video_V_dest_V, i24 %axi_data_11, i3 7, i3 0, i1 %sof_2, i1 %axi_last, i1 0, i1 0" [D:/dp/zcu106/tpg_dp_live/vivado/tpg_dp_live/tpg_dp_live.runs/bd_85a6_csc_0_synth_1/prj/sol/.autopilot/db/v_csc.cpp:667]   --->   Operation 55 'write' 'write_ln667' <Predicate = (!icmp_ln619)> <Delay = 0.00> <CoreInst = "axis">   --->   Core 123 'axis' <Latency = 0> <II = 1> <Delay = 1.00> <Adapter> <Opcode : >
ST_2 : Operation 56 [1/1] (0.00ns)   --->   "%ret_ln0 = ret"   --->   Operation 56 'ret' 'ret_ln0' <Predicate = (icmp_ln619)> <Delay = 0.00>


============================================================
+ Verbose Summary: Timing violations
============================================================
Target clock period: 5.334ns, clock uncertainty: 1.440ns.

 <State 1>: 1.236ns
The critical path consists of the following:
	'alloca' operation ('j') [13]  (0.000 ns)
	'load' operation ('j', D:/dp/zcu106/tpg_dp_live/vivado/tpg_dp_live/tpg_dp_live.runs/bd_85a6_csc_0_synth_1/prj/sol/.autopilot/db/v_csc.cpp:619) on local variable 'j' [25]  (0.000 ns)
	'add' operation ('j', D:/dp/zcu106/tpg_dp_live/vivado/tpg_dp_live/tpg_dp_live.runs/bd_85a6_csc_0_synth_1/prj/sol/.autopilot/db/v_csc.cpp:619) [28]  (0.809 ns)
	'store' operation ('store_ln619', D:/dp/zcu106/tpg_dp_live/vivado/tpg_dp_live/tpg_dp_live.runs/bd_85a6_csc_0_synth_1/prj/sol/.autopilot/db/v_csc.cpp:619) of variable 'j', D:/dp/zcu106/tpg_dp_live/vivado/tpg_dp_live/tpg_dp_live.runs/bd_85a6_csc_0_synth_1/prj/sol/.autopilot/db/v_csc.cpp:619 on local variable 'j' [76]  (0.427 ns)

 <State 2>: 3.375ns
The critical path consists of the following:
	fifo read operation ('stream_out_vresampled_read', D:/dp/zcu106/tpg_dp_live/vivado/tpg_dp_live/tpg_dp_live.runs/bd_85a6_csc_0_synth_1/prj/sol/.autopilot/db/v_csc.cpp:640) on port 'stream_out_vresampled' (D:/dp/zcu106/tpg_dp_live/vivado/tpg_dp_live/tpg_dp_live.runs/bd_85a6_csc_0_synth_1/prj/sol/.autopilot/db/v_csc.cpp:640) [34]  (1.947 ns)
	multiplexor before 'phi' operation ('axi.data') with incoming values : ('axi.data', D:/dp/zcu106/tpg_dp_live/vivado/tpg_dp_live/tpg_dp_live.runs/bd_85a6_csc_0_synth_1/prj/sol/.autopilot/db/v_csc.cpp:658) ('axi.data', D:/dp/zcu106/tpg_dp_live/vivado/tpg_dp_live/tpg_dp_live.runs/bd_85a6_csc_0_synth_1/prj/sol/.autopilot/db/v_csc.cpp:655) ('axi.data', D:/dp/zcu106/tpg_dp_live/vivado/tpg_dp_live/tpg_dp_live.runs/bd_85a6_csc_0_synth_1/prj/sol/.autopilot/db/v_csc.cpp:661) [49]  (0.476 ns)
	'phi' operation ('axi.data') with incoming values : ('axi.data', D:/dp/zcu106/tpg_dp_live/vivado/tpg_dp_live/tpg_dp_live.runs/bd_85a6_csc_0_synth_1/prj/sol/.autopilot/db/v_csc.cpp:658) ('axi.data', D:/dp/zcu106/tpg_dp_live/vivado/tpg_dp_live/tpg_dp_live.runs/bd_85a6_csc_0_synth_1/prj/sol/.autopilot/db/v_csc.cpp:655) ('axi.data', D:/dp/zcu106/tpg_dp_live/vivado/tpg_dp_live/tpg_dp_live.runs/bd_85a6_csc_0_synth_1/prj/sol/.autopilot/db/v_csc.cpp:661) [49]  (0.000 ns)
	multiplexor before 'phi' operation ('axi.data') with incoming values : ('axi.data', D:/dp/zcu106/tpg_dp_live/vivado/tpg_dp_live/tpg_dp_live.runs/bd_85a6_csc_0_synth_1/prj/sol/.autopilot/db/v_csc.cpp:658) ('axi.data', D:/dp/zcu106/tpg_dp_live/vivado/tpg_dp_live/tpg_dp_live.runs/bd_85a6_csc_0_synth_1/prj/sol/.autopilot/db/v_csc.cpp:655) ('axi.data', D:/dp/zcu106/tpg_dp_live/vivado/tpg_dp_live/tpg_dp_live.runs/bd_85a6_csc_0_synth_1/prj/sol/.autopilot/db/v_csc.cpp:661) [62]  (0.476 ns)
	'phi' operation ('axi.data') with incoming values : ('axi.data', D:/dp/zcu106/tpg_dp_live/vivado/tpg_dp_live/tpg_dp_live.runs/bd_85a6_csc_0_synth_1/prj/sol/.autopilot/db/v_csc.cpp:658) ('axi.data', D:/dp/zcu106/tpg_dp_live/vivado/tpg_dp_live/tpg_dp_live.runs/bd_85a6_csc_0_synth_1/prj/sol/.autopilot/db/v_csc.cpp:655) ('axi.data', D:/dp/zcu106/tpg_dp_live/vivado/tpg_dp_live/tpg_dp_live.runs/bd_85a6_csc_0_synth_1/prj/sol/.autopilot/db/v_csc.cpp:661) [62]  (0.000 ns)
	multiplexor before 'phi' operation ('axi.data') with incoming values : ('axi.data', D:/dp/zcu106/tpg_dp_live/vivado/tpg_dp_live/tpg_dp_live.runs/bd_85a6_csc_0_synth_1/prj/sol/.autopilot/db/v_csc.cpp:658) ('axi.data', D:/dp/zcu106/tpg_dp_live/vivado/tpg_dp_live/tpg_dp_live.runs/bd_85a6_csc_0_synth_1/prj/sol/.autopilot/db/v_csc.cpp:655) ('axi.data', D:/dp/zcu106/tpg_dp_live/vivado/tpg_dp_live/tpg_dp_live.runs/bd_85a6_csc_0_synth_1/prj/sol/.autopilot/db/v_csc.cpp:661) [74]  (0.476 ns)
	'phi' operation ('axi.data') with incoming values : ('axi.data', D:/dp/zcu106/tpg_dp_live/vivado/tpg_dp_live/tpg_dp_live.runs/bd_85a6_csc_0_synth_1/prj/sol/.autopilot/db/v_csc.cpp:658) ('axi.data', D:/dp/zcu106/tpg_dp_live/vivado/tpg_dp_live/tpg_dp_live.runs/bd_85a6_csc_0_synth_1/prj/sol/.autopilot/db/v_csc.cpp:655) ('axi.data', D:/dp/zcu106/tpg_dp_live/vivado/tpg_dp_live/tpg_dp_live.runs/bd_85a6_csc_0_synth_1/prj/sol/.autopilot/db/v_csc.cpp:661) [74]  (0.000 ns)


============================================================
+ Verbose Summary: Binding
============================================================
N/A
* FSMD analyzer results:
  - Output states:
 - Input state : 
  - Chain level:
	State 1
	State 2


============================================================
+ Verbose Summary: Datapath Resource usage 
============================================================
N/A
