

================================================================
== Vitis HLS Report for 'MultiPixStream2AXIvideo'
================================================================
* Date:           Fri Nov 15 11:02:58 2024

* Version:        2023.1 (Build 3854077 on May  4 2023)
* Project:        prj
* Solution:       sol (Vivado IP Flow Target)
* Product family: zynquplus
* Target device:  xczu7ev-ffvc1156-2-e


================================================================
== Performance Estimates
================================================================
+ Timing: 
    * Summary: 
    +--------+---------+----------+------------+
    |  Clock |  Target | Estimated| Uncertainty|
    +--------+---------+----------+------------+
    |ap_clk  |  5.33 ns|  3.375 ns|     1.44 ns|
    +--------+---------+----------+------------+

+ Latency: 
    * Summary: 
    +---------+---------+-----------+-----------+------+---------+---------+
    |  Latency (cycles) |   Latency (absolute)  |    Interval    | Pipeline|
    |   min   |   max   |    min    |    max    |  min |   max   |   Type  |
    +---------+---------+-----------+-----------+------+---------+---------+
    |     4419|  8305203|  23.571 us|  44.300 ms|  4419|  8305203|       no|
    +---------+---------+-----------+-----------+------+---------+---------+

    + Detail: 
        * Instance: 
        N/A

        * Loop: 
        +--------------------+---------+---------+-----------+-----------+-----------+-----------+----------+
        |                    |  Latency (cycles) | Iteration |  Initiation Interval  |    Trip   |          |
        |      Loop Name     |   min   |   max   |  Latency  |  achieved |   target  |   Count   | Pipelined|
        +--------------------+---------+---------+-----------+-----------+-----------+-----------+----------+
        |- VITIS_LOOP_617_1  |     4416|  8305200|  69 ~ 3845|          -|          -|  64 ~ 2160|        no|
        +--------------------+---------+---------+-----------+-----------+-----------+-----------+----------+

============================================================
+ Verbose Summary: Synthesis Manager
============================================================
InlineROM: 1
ExposeGlobal: 0
============================================================
+ Verbose Summary: CDFG Model
============================================================
IsTopModel: 0
ResetActiveHigh: 1
IsCombinational: 2
IsDatapathOnly: 0
HasWiredReturn: 1
HasMFsm: 0
HasVarLatency: 1
IsPipeline: 0
IsRtlPipelined: 0
IsInstanceOverlapped: 0
IsDontTouch: 0
HasImplIP: 0
IsGatedGlobalClock: 0


============================================================
+ Verbose Summary: Schedule
============================================================
* Number of FSM states : 5
* Pipeline : 0
* Dataflow Pipeline: 0

* FSM state transitions: 
1 --> 2 
2 --> 3 
3 --> 4 5 
4 --> 3 
5 --> 

* FSM state operations: 

State 1 <SV = 0> <Delay = 1.83>
ST_1 : Operation 6 [1/1] (0.00ns)   --->   "%i = alloca i32 1"   --->   Operation 6 'alloca' 'i' <Predicate = true> <Delay = 0.00>
ST_1 : Operation 7 [1/1] (1.83ns)   --->   "%Height_read = read i12 @_ssdm_op_Read.ap_fifo.i12P0A, i12 %Height"   --->   Operation 7 'read' 'Height_read' <Predicate = true> <Delay = 1.83> <CoreInst = "FIFO_SRL">   --->   Core 81 'FIFO_SRL' <Latency = 0> <II = 1> <Delay = 1.83> <Storage> <Opcode : 'read' 'write' 'nbread' 'nbwrite'> <Ports = 0> <Width = 12> <Depth = 2> <FIFO>
ST_1 : Operation 8 [1/1] (1.83ns)   --->   "%WidthOut_read = read i12 @_ssdm_op_Read.ap_fifo.i12P0A, i12 %WidthOut"   --->   Operation 8 'read' 'WidthOut_read' <Predicate = true> <Delay = 1.83> <CoreInst = "FIFO_SRL">   --->   Core 81 'FIFO_SRL' <Latency = 0> <II = 1> <Delay = 1.83> <Storage> <Opcode : 'read' 'write' 'nbread' 'nbwrite'> <Ports = 0> <Width = 12> <Depth = 2> <FIFO>
ST_1 : Operation 9 [2/2] (0.00ns)   --->   "%rows = call i12 @reg<unsigned short>, i12 %Height_read" [D:/dp/zcu106/tpg_dp_live/vivado/tpg_dp_live/tpg_dp_live.runs/bd_85a6_csc_0_synth_1/prj/sol/.autopilot/db/v_csc.cpp:577]   --->   Operation 9 'call' 'rows' <Predicate = true> <Delay = 0.00> <CoreType = "Generic">   --->   Core 0 '' <Latency = 0> <II = 1> <Delay = 1.00> <Generic> <Opcode : >
ST_1 : Operation 10 [2/2] (0.00ns)   --->   "%cols = call i12 @reg<unsigned short>, i12 %WidthOut_read" [D:/dp/zcu106/tpg_dp_live/vivado/tpg_dp_live/tpg_dp_live.runs/bd_85a6_csc_0_synth_1/prj/sol/.autopilot/db/v_csc.cpp:578]   --->   Operation 10 'call' 'cols' <Predicate = true> <Delay = 0.00> <CoreType = "Generic">   --->   Core 0 '' <Latency = 0> <II = 1> <Delay = 1.00> <Generic> <Opcode : >
ST_1 : Operation 11 [1/1] (0.42ns)   --->   "%store_ln617 = store i12 0, i12 %i" [D:/dp/zcu106/tpg_dp_live/vivado/tpg_dp_live/tpg_dp_live.runs/bd_85a6_csc_0_synth_1/prj/sol/.autopilot/db/v_csc.cpp:617]   --->   Operation 11 'store' 'store_ln617' <Predicate = true> <Delay = 0.42>

State 2 <SV = 1> <Delay = 1.83>
ST_2 : Operation 12 [1/1] (0.00ns)   --->   "%specinterface_ln0 = specinterface void @_ssdm_op_SpecInterface, i12 %Height, void @ap_fifo_str, i32 0, i32 0, void @p_str, i32 0, i32 0, void @p_str, void @p_str, void @p_str, i32 2, i32 2, i32 16, i32 16, void @p_str, void @ScalarProp_str, i32 4294967295, i32 0"   --->   Operation 12 'specinterface' 'specinterface_ln0' <Predicate = true> <Delay = 0.00>
ST_2 : Operation 13 [1/1] (1.83ns)   --->   "%p_read_9 = read i8 @_ssdm_op_Read.ap_auto.i8, i8 %p_read"   --->   Operation 13 'read' 'p_read_9' <Predicate = true> <Delay = 1.83> <CoreInst = "FIFO_SRL">   --->   Core 81 'FIFO_SRL' <Latency = 0> <II = 1> <Delay = 1.83> <Storage> <Opcode : 'read' 'write' 'nbread' 'nbwrite'> <Ports = 0> <Width = -1> <Depth = -1> <FIFO>
ST_2 : Operation 14 [1/1] (0.00ns)   --->   "%specinterface_ln0 = specinterface void @_ssdm_op_SpecInterface, i12 %WidthOut, void @ap_fifo_str, i32 0, i32 0, void @p_str, i32 0, i32 0, void @p_str, void @p_str, void @p_str, i32 2, i32 2, i32 16, i32 16, void @p_str, void @ScalarProp_str, i32 4294967295, i32 0"   --->   Operation 14 'specinterface' 'specinterface_ln0' <Predicate = true> <Delay = 0.00>
ST_2 : Operation 15 [1/1] (0.00ns)   --->   "%specaxissidechannel_ln0 = specaxissidechannel void @_ssdm_op_SpecAXISSideChannel, i24 %m_axis_video_V_data_V, i3 %m_axis_video_V_keep_V, i3 %m_axis_video_V_strb_V, i1 %m_axis_video_V_user_V, i1 %m_axis_video_V_last_V, i1 %m_axis_video_V_id_V, i1 %m_axis_video_V_dest_V, void @empty_19"   --->   Operation 15 'specaxissidechannel' 'specaxissidechannel_ln0' <Predicate = true> <Delay = 0.00>
ST_2 : Operation 16 [1/1] (0.00ns)   --->   "%specinterface_ln0 = specinterface void @_ssdm_op_SpecInterface, i24 %stream_out_vresampled, void @empty_18, i32 0, i32 0, void @empty_36, i32 0, i32 0, void @empty_36, void @empty_36, void @empty_36, i32 0, i32 0, i32 0, i32 0, void @empty_36, void @empty_36, i32 4294967295, i32 0"   --->   Operation 16 'specinterface' 'specinterface_ln0' <Predicate = true> <Delay = 0.00>
ST_2 : Operation 17 [1/1] (0.00ns)   --->   "%specinterface_ln0 = specinterface void @_ssdm_op_SpecInterface, i1 %m_axis_video_V_dest_V, i1 %m_axis_video_V_id_V, i1 %m_axis_video_V_last_V, i1 %m_axis_video_V_user_V, i3 %m_axis_video_V_strb_V, i3 %m_axis_video_V_keep_V, i24 %m_axis_video_V_data_V, void @empty_34, i32 1, i32 1, void @empty_35, i32 0, i32 0, void @empty_36, void @empty_36, void @empty_36, i32 0, i32 0, i32 0, i32 0, void @empty_36, void @empty_36, i32 4294967295, i32 0"   --->   Operation 17 'specinterface' 'specinterface_ln0' <Predicate = true> <Delay = 0.00>
ST_2 : Operation 18 [1/2] (0.00ns)   --->   "%rows = call i12 @reg<unsigned short>, i12 %Height_read" [D:/dp/zcu106/tpg_dp_live/vivado/tpg_dp_live/tpg_dp_live.runs/bd_85a6_csc_0_synth_1/prj/sol/.autopilot/db/v_csc.cpp:577]   --->   Operation 18 'call' 'rows' <Predicate = true> <Delay = 0.00> <CoreType = "Generic">   --->   Core 0 '' <Latency = 0> <II = 1> <Delay = 1.00> <Generic> <Opcode : >
ST_2 : Operation 19 [1/2] (0.00ns)   --->   "%cols = call i12 @reg<unsigned short>, i12 %WidthOut_read" [D:/dp/zcu106/tpg_dp_live/vivado/tpg_dp_live/tpg_dp_live.runs/bd_85a6_csc_0_synth_1/prj/sol/.autopilot/db/v_csc.cpp:578]   --->   Operation 19 'call' 'cols' <Predicate = true> <Delay = 0.00> <CoreType = "Generic">   --->   Core 0 '' <Latency = 0> <II = 1> <Delay = 1.00> <Generic> <Opcode : >
ST_2 : Operation 20 [1/1] (0.80ns)   --->   "%sub = add i12 %cols, i12 4095" [D:/dp/zcu106/tpg_dp_live/vivado/tpg_dp_live/tpg_dp_live.runs/bd_85a6_csc_0_synth_1/prj/sol/.autopilot/db/v_csc.cpp:578]   --->   Operation 20 'add' 'sub' <Predicate = true> <Delay = 0.80> <CoreInst = "Adder">   --->   Core 1 'Adder' <Latency = 0> <II = 1> <Delay = 0.80> <FuncUnit> <Opcode : 'add' 'sub'> <InPorts = 2> <OutPorts = 1>
ST_2 : Operation 21 [1/1] (0.42ns)   --->   "%br_ln617 = br void %VITIS_LOOP_619_2" [D:/dp/zcu106/tpg_dp_live/vivado/tpg_dp_live/tpg_dp_live.runs/bd_85a6_csc_0_synth_1/prj/sol/.autopilot/db/v_csc.cpp:617]   --->   Operation 21 'br' 'br_ln617' <Predicate = true> <Delay = 0.42>

State 3 <SV = 2> <Delay = 2.04>
ST_3 : Operation 22 [1/1] (0.00ns)   --->   "%sof = phi i1 0, void %VITIS_LOOP_619_2.split, i1 1, void %for.body.lr.ph"   --->   Operation 22 'phi' 'sof' <Predicate = true> <Delay = 0.00>
ST_3 : Operation 23 [1/1] (0.00ns)   --->   "%i_1 = load i12 %i" [D:/dp/zcu106/tpg_dp_live/vivado/tpg_dp_live/tpg_dp_live.runs/bd_85a6_csc_0_synth_1/prj/sol/.autopilot/db/v_csc.cpp:617]   --->   Operation 23 'load' 'i_1' <Predicate = true> <Delay = 0.00>
ST_3 : Operation 24 [1/1] (0.80ns)   --->   "%icmp_ln617 = icmp_eq  i12 %i_1, i12 %rows" [D:/dp/zcu106/tpg_dp_live/vivado/tpg_dp_live/tpg_dp_live.runs/bd_85a6_csc_0_synth_1/prj/sol/.autopilot/db/v_csc.cpp:617]   --->   Operation 24 'icmp' 'icmp_ln617' <Predicate = true> <Delay = 0.80> <CoreInst = "Cmp">   --->   Core 9 'Cmp' <Latency = 0> <II = 1> <Delay = 0.80> <FuncUnit> <Opcode : 'icmp'> <InPorts = 2> <OutPorts = 1>
ST_3 : Operation 25 [1/1] (0.00ns)   --->   "%speclooptripcount_ln0 = speclooptripcount void @_ssdm_op_SpecLoopTripCount, i64 64, i64 2160, i64 0"   --->   Operation 25 'speclooptripcount' 'speclooptripcount_ln0' <Predicate = true> <Delay = 0.00>
ST_3 : Operation 26 [1/1] (0.80ns)   --->   "%i_2 = add i12 %i_1, i12 1" [D:/dp/zcu106/tpg_dp_live/vivado/tpg_dp_live/tpg_dp_live.runs/bd_85a6_csc_0_synth_1/prj/sol/.autopilot/db/v_csc.cpp:617]   --->   Operation 26 'add' 'i_2' <Predicate = true> <Delay = 0.80> <CoreInst = "Adder">   --->   Core 1 'Adder' <Latency = 0> <II = 1> <Delay = 0.80> <FuncUnit> <Opcode : 'add' 'sub'> <InPorts = 2> <OutPorts = 1>
ST_3 : Operation 27 [1/1] (0.00ns)   --->   "%br_ln617 = br i1 %icmp_ln617, void %VITIS_LOOP_619_2.split, void %for.end92" [D:/dp/zcu106/tpg_dp_live/vivado/tpg_dp_live/tpg_dp_live.runs/bd_85a6_csc_0_synth_1/prj/sol/.autopilot/db/v_csc.cpp:617]   --->   Operation 27 'br' 'br_ln617' <Predicate = true> <Delay = 0.00>
ST_3 : Operation 28 [1/1] (0.00ns)   --->   "%empty = wait i32 @_ssdm_op_Wait"   --->   Operation 28 'wait' 'empty' <Predicate = (!icmp_ln617)> <Delay = 0.00>
ST_3 : Operation 29 [2/2] (1.23ns)   --->   "%call_ln578 = call void @MultiPixStream2AXIvideo_Pipeline_VITIS_LOOP_619_2, i1 %sof, i12 %cols, i24 %m_axis_video_V_data_V, i3 %m_axis_video_V_keep_V, i3 %m_axis_video_V_strb_V, i1 %m_axis_video_V_user_V, i1 %m_axis_video_V_last_V, i1 %m_axis_video_V_id_V, i1 %m_axis_video_V_dest_V, i8 %p_read_9, i12 %sub, i24 %stream_out_vresampled" [D:/dp/zcu106/tpg_dp_live/vivado/tpg_dp_live/tpg_dp_live.runs/bd_85a6_csc_0_synth_1/prj/sol/.autopilot/db/v_csc.cpp:578]   --->   Operation 29 'call' 'call_ln578' <Predicate = (!icmp_ln617)> <Delay = 1.23> <CoreType = "Generic">   --->   Core 0 '' <Latency = 0> <II = 1> <Delay = 1.00> <Generic> <Opcode : >
ST_3 : Operation 30 [1/1] (0.42ns)   --->   "%store_ln617 = store i12 %i_2, i12 %i" [D:/dp/zcu106/tpg_dp_live/vivado/tpg_dp_live/tpg_dp_live.runs/bd_85a6_csc_0_synth_1/prj/sol/.autopilot/db/v_csc.cpp:617]   --->   Operation 30 'store' 'store_ln617' <Predicate = (!icmp_ln617)> <Delay = 0.42>

State 4 <SV = 3> <Delay = 3.37>
ST_4 : Operation 31 [1/1] (0.00ns)   --->   "%specloopname_ln617 = specloopname void @_ssdm_op_SpecLoopName, void @empty_33" [D:/dp/zcu106/tpg_dp_live/vivado/tpg_dp_live/tpg_dp_live.runs/bd_85a6_csc_0_synth_1/prj/sol/.autopilot/db/v_csc.cpp:617]   --->   Operation 31 'specloopname' 'specloopname_ln617' <Predicate = true> <Delay = 0.00>
ST_4 : Operation 32 [1/2] (3.37ns)   --->   "%call_ln578 = call void @MultiPixStream2AXIvideo_Pipeline_VITIS_LOOP_619_2, i1 %sof, i12 %cols, i24 %m_axis_video_V_data_V, i3 %m_axis_video_V_keep_V, i3 %m_axis_video_V_strb_V, i1 %m_axis_video_V_user_V, i1 %m_axis_video_V_last_V, i1 %m_axis_video_V_id_V, i1 %m_axis_video_V_dest_V, i8 %p_read_9, i12 %sub, i24 %stream_out_vresampled" [D:/dp/zcu106/tpg_dp_live/vivado/tpg_dp_live/tpg_dp_live.runs/bd_85a6_csc_0_synth_1/prj/sol/.autopilot/db/v_csc.cpp:578]   --->   Operation 32 'call' 'call_ln578' <Predicate = true> <Delay = 3.37> <CoreType = "Generic">   --->   Core 0 '' <Latency = 0> <II = 1> <Delay = 1.00> <Generic> <Opcode : >
ST_4 : Operation 33 [1/1] (0.00ns)   --->   "%br_ln617 = br void %VITIS_LOOP_619_2" [D:/dp/zcu106/tpg_dp_live/vivado/tpg_dp_live/tpg_dp_live.runs/bd_85a6_csc_0_synth_1/prj/sol/.autopilot/db/v_csc.cpp:617]   --->   Operation 33 'br' 'br_ln617' <Predicate = true> <Delay = 0.00>

State 5 <SV = 4> <Delay = 0.00>
ST_5 : Operation 34 [1/1] (0.00ns)   --->   "%ret_ln0 = ret"   --->   Operation 34 'ret' 'ret_ln0' <Predicate = true> <Delay = 0.00>


============================================================
+ Verbose Summary: Timing violations
============================================================
Target clock period: 5.334ns, clock uncertainty: 1.440ns.

 <State 1>: 1.838ns
The critical path consists of the following:
	fifo read operation ('Height_read') on port 'Height' [15]  (1.838 ns)

 <State 2>: 1.838ns
The critical path consists of the following:
	wire read operation ('p_read_9') on port 'p_read' [14]  (1.838 ns)

 <State 3>: 2.045ns
The critical path consists of the following:
	'phi' operation ('sof') [27]  (0.000 ns)
	'call' operation ('call_ln578', D:/dp/zcu106/tpg_dp_live/vivado/tpg_dp_live/tpg_dp_live.runs/bd_85a6_csc_0_synth_1/prj/sol/.autopilot/db/v_csc.cpp:578) to 'MultiPixStream2AXIvideo_Pipeline_VITIS_LOOP_619_2' [36]  (1.236 ns)
	blocking operation 0.809 ns on control path)

 <State 4>: 3.375ns
The critical path consists of the following:
	'call' operation ('call_ln578', D:/dp/zcu106/tpg_dp_live/vivado/tpg_dp_live/tpg_dp_live.runs/bd_85a6_csc_0_synth_1/prj/sol/.autopilot/db/v_csc.cpp:578) to 'MultiPixStream2AXIvideo_Pipeline_VITIS_LOOP_619_2' [36]  (3.375 ns)

 <State 5>: 0.000ns
The critical path consists of the following:


============================================================
+ Verbose Summary: Binding
============================================================
N/A
* FSMD analyzer results:
  - Output states:
 - Input state : 
  - Chain level:
	State 1
	State 2
	State 3
	State 4
	State 5


============================================================
+ Verbose Summary: Datapath Resource usage 
============================================================
N/A
