

================================================================
== Vitis HLS Report for 'v_csc_core_Pipeline_VITIS_LOOP_91_2'
================================================================
* Date:           Fri Nov 15 11:02:56 2024

* Version:        2023.1 (Build 3854077 on May  4 2023)
* Project:        prj
* Solution:       sol (Vivado IP Flow Target)
* Product family: zynquplus
* Target device:  xczu7ev-ffvc1156-2-e


================================================================
== Performance Estimates
================================================================
+ Timing: 
    * Summary: 
    +--------+---------+----------+------------+
    |  Clock |  Target | Estimated| Uncertainty|
    +--------+---------+----------+------------+
    |ap_clk  |  5.33 ns|  3.671 ns|     1.44 ns|
    +--------+---------+----------+------------+

+ Latency: 
    * Summary: 
    +---------+---------+-----------+-----------+-----+------+---------+
    |  Latency (cycles) |   Latency (absolute)  |  Interval  | Pipeline|
    |   min   |   max   |    min    |    max    | min |  max |   Type  |
    +---------+---------+-----------+-----------+-----+------+---------+
    |        2|     4101|  10.668 ns|  21.875 us|    2|  4101|       no|
    +---------+---------+-----------+-----------+-----+------+---------+

    + Detail: 
        * Instance: 
        N/A

        * Loop: 
        +-------------------+---------+---------+----------+-----------+-----------+----------+----------+
        |                   |  Latency (cycles) | Iteration|  Initiation Interval  |   Trip   |          |
        |     Loop Name     |   min   |   max   |  Latency |  achieved |   target  |   Count  | Pipelined|
        +-------------------+---------+---------+----------+-----------+-----------+----------+----------+
        |- VITIS_LOOP_91_2  |        0|     4099|         6|          1|          1|  0 ~ 4095|       yes|
        +-------------------+---------+---------+----------+-----------+-----------+----------+----------+

============================================================
+ Verbose Summary: Synthesis Manager
============================================================
InlineROM: 1
ExposeGlobal: 0
============================================================
+ Verbose Summary: CDFG Model
============================================================
IsTopModel: 0
ResetActiveHigh: 1
IsCombinational: 0
IsDatapathOnly: 0
HasWiredReturn: 1
HasMFsm: 2
HasVarLatency: 1
IsPipeline: 0
IsRtlPipelined: 0
IsInstanceOverlapped: 0
IsDontTouch: 0
HasImplIP: 0
IsGatedGlobalClock: 0

+ Individual pipeline summary: 
  * Pipeline-0: initiation interval (II) = 1, depth = 6


============================================================
+ Verbose Summary: Schedule
============================================================
* Number of FSM states : 6
* Pipeline : 1
  Pipeline-0 : II = 1, D = 6, States = { 1 2 3 4 5 6 }
* Dataflow Pipeline: 0

* FSM state transitions: 
1 --> 2 
2 --> 3 
3 --> 4 
4 --> 5 
5 --> 6 
6 --> 

* FSM state operations: 

State 1 <SV = 0> <Delay = 1.42>
ST_1 : Operation 9 [1/1] (0.00ns)   --->   "%x = alloca i32 1"   --->   Operation 9 'alloca' 'x' <Predicate = true> <Delay = 0.00>
ST_1 : Operation 10 [1/1] (0.00ns)   --->   "%specinterface_ln0 = specinterface void @_ssdm_op_SpecInterface, i24 %stream_in_hresampled, void @empty_18, i32 0, i32 0, void @empty_36, i32 0, i32 0, void @empty_36, void @empty_36, void @empty_36, i32 0, i32 0, i32 0, i32 0, void @empty_36, void @empty_36, i32 4294967295, i32 0"   --->   Operation 10 'specinterface' 'specinterface_ln0' <Predicate = true> <Delay = 0.00>
ST_1 : Operation 11 [1/1] (0.00ns)   --->   "%specinterface_ln0 = specinterface void @_ssdm_op_SpecInterface, i24 %stream_csc, void @empty_18, i32 0, i32 0, void @empty_36, i32 0, i32 0, void @empty_36, void @empty_36, void @empty_36, i32 0, i32 0, i32 0, i32 0, void @empty_36, void @empty_36, i32 4294967295, i32 0"   --->   Operation 11 'specinterface' 'specinterface_ln0' <Predicate = true> <Delay = 0.00>
ST_1 : Operation 12 [1/1] (0.00ns)   --->   "%ROffset_2_read_1 = read i10 @_ssdm_op_Read.ap_auto.i10, i10 %ROffset_2_read" [D:/dp/zcu106/tpg_dp_live/vivado/tpg_dp_live/tpg_dp_live.runs/bd_85a6_csc_0_synth_1/prj/sol/.autopilot/db/v_csc.cpp:46]   --->   Operation 12 'read' 'ROffset_2_read_1' <Predicate = true> <Delay = 0.00>
ST_1 : Operation 13 [1/1] (0.00ns)   --->   "%ROffset_read_1 = read i10 @_ssdm_op_Read.ap_auto.i10, i10 %ROffset_read" [D:/dp/zcu106/tpg_dp_live/vivado/tpg_dp_live/tpg_dp_live.runs/bd_85a6_csc_0_synth_1/prj/sol/.autopilot/db/v_csc.cpp:46]   --->   Operation 13 'read' 'ROffset_read_1' <Predicate = true> <Delay = 0.00>
ST_1 : Operation 14 [1/1] (0.00ns)   --->   "%GOffset_2_read_1 = read i10 @_ssdm_op_Read.ap_auto.i10, i10 %GOffset_2_read" [D:/dp/zcu106/tpg_dp_live/vivado/tpg_dp_live/tpg_dp_live.runs/bd_85a6_csc_0_synth_1/prj/sol/.autopilot/db/v_csc.cpp:46]   --->   Operation 14 'read' 'GOffset_2_read_1' <Predicate = true> <Delay = 0.00>
ST_1 : Operation 15 [1/1] (0.00ns)   --->   "%GOffset_read_1 = read i10 @_ssdm_op_Read.ap_auto.i10, i10 %GOffset_read" [D:/dp/zcu106/tpg_dp_live/vivado/tpg_dp_live/tpg_dp_live.runs/bd_85a6_csc_0_synth_1/prj/sol/.autopilot/db/v_csc.cpp:46]   --->   Operation 15 'read' 'GOffset_read_1' <Predicate = true> <Delay = 0.00>
ST_1 : Operation 16 [1/1] (0.00ns)   --->   "%BOffset_2_read_1 = read i10 @_ssdm_op_Read.ap_auto.i10, i10 %BOffset_2_read" [D:/dp/zcu106/tpg_dp_live/vivado/tpg_dp_live/tpg_dp_live.runs/bd_85a6_csc_0_synth_1/prj/sol/.autopilot/db/v_csc.cpp:46]   --->   Operation 16 'read' 'BOffset_2_read_1' <Predicate = true> <Delay = 0.00>
ST_1 : Operation 17 [1/1] (0.00ns)   --->   "%BOffset_read_1 = read i10 @_ssdm_op_Read.ap_auto.i10, i10 %BOffset_read" [D:/dp/zcu106/tpg_dp_live/vivado/tpg_dp_live/tpg_dp_live.runs/bd_85a6_csc_0_synth_1/prj/sol/.autopilot/db/v_csc.cpp:46]   --->   Operation 17 'read' 'BOffset_read_1' <Predicate = true> <Delay = 0.00>
ST_1 : Operation 18 [1/1] (0.00ns)   --->   "%ClampMin_2_read_1 = read i8 @_ssdm_op_Read.ap_auto.i8, i8 %ClampMin_2_read" [D:/dp/zcu106/tpg_dp_live/vivado/tpg_dp_live/tpg_dp_live.runs/bd_85a6_csc_0_synth_1/prj/sol/.autopilot/db/v_csc.cpp:46]   --->   Operation 18 'read' 'ClampMin_2_read_1' <Predicate = true> <Delay = 0.00>
ST_1 : Operation 19 [1/1] (0.00ns)   --->   "%ClampMin_read_1 = read i8 @_ssdm_op_Read.ap_auto.i8, i8 %ClampMin_read" [D:/dp/zcu106/tpg_dp_live/vivado/tpg_dp_live/tpg_dp_live.runs/bd_85a6_csc_0_synth_1/prj/sol/.autopilot/db/v_csc.cpp:46]   --->   Operation 19 'read' 'ClampMin_read_1' <Predicate = true> <Delay = 0.00>
ST_1 : Operation 20 [1/1] (0.00ns)   --->   "%ClipMax_2_read_1 = read i8 @_ssdm_op_Read.ap_auto.i8, i8 %ClipMax_2_read" [D:/dp/zcu106/tpg_dp_live/vivado/tpg_dp_live/tpg_dp_live.runs/bd_85a6_csc_0_synth_1/prj/sol/.autopilot/db/v_csc.cpp:46]   --->   Operation 20 'read' 'ClipMax_2_read_1' <Predicate = true> <Delay = 0.00>
ST_1 : Operation 21 [1/1] (0.00ns)   --->   "%ClipMax_read_1 = read i8 @_ssdm_op_Read.ap_auto.i8, i8 %ClipMax_read" [D:/dp/zcu106/tpg_dp_live/vivado/tpg_dp_live/tpg_dp_live.runs/bd_85a6_csc_0_synth_1/prj/sol/.autopilot/db/v_csc.cpp:46]   --->   Operation 21 'read' 'ClipMax_read_1' <Predicate = true> <Delay = 0.00>
ST_1 : Operation 22 [1/1] (0.00ns)   --->   "%K33_2_read_1 = read i16 @_ssdm_op_Read.ap_auto.i16, i16 %K33_2_read" [D:/dp/zcu106/tpg_dp_live/vivado/tpg_dp_live/tpg_dp_live.runs/bd_85a6_csc_0_synth_1/prj/sol/.autopilot/db/v_csc.cpp:46]   --->   Operation 22 'read' 'K33_2_read_1' <Predicate = true> <Delay = 0.00>
ST_1 : Operation 23 [1/1] (0.00ns)   --->   "%K33_read_1 = read i16 @_ssdm_op_Read.ap_auto.i16, i16 %K33_read" [D:/dp/zcu106/tpg_dp_live/vivado/tpg_dp_live/tpg_dp_live.runs/bd_85a6_csc_0_synth_1/prj/sol/.autopilot/db/v_csc.cpp:46]   --->   Operation 23 'read' 'K33_read_1' <Predicate = true> <Delay = 0.00>
ST_1 : Operation 24 [1/1] (0.00ns)   --->   "%K32_2_read_1 = read i16 @_ssdm_op_Read.ap_auto.i16, i16 %K32_2_read" [D:/dp/zcu106/tpg_dp_live/vivado/tpg_dp_live/tpg_dp_live.runs/bd_85a6_csc_0_synth_1/prj/sol/.autopilot/db/v_csc.cpp:46]   --->   Operation 24 'read' 'K32_2_read_1' <Predicate = true> <Delay = 0.00>
ST_1 : Operation 25 [1/1] (0.00ns)   --->   "%K32_read_1 = read i16 @_ssdm_op_Read.ap_auto.i16, i16 %K32_read" [D:/dp/zcu106/tpg_dp_live/vivado/tpg_dp_live/tpg_dp_live.runs/bd_85a6_csc_0_synth_1/prj/sol/.autopilot/db/v_csc.cpp:46]   --->   Operation 25 'read' 'K32_read_1' <Predicate = true> <Delay = 0.00>
ST_1 : Operation 26 [1/1] (0.00ns)   --->   "%K31_2_read_1 = read i16 @_ssdm_op_Read.ap_auto.i16, i16 %K31_2_read" [D:/dp/zcu106/tpg_dp_live/vivado/tpg_dp_live/tpg_dp_live.runs/bd_85a6_csc_0_synth_1/prj/sol/.autopilot/db/v_csc.cpp:46]   --->   Operation 26 'read' 'K31_2_read_1' <Predicate = true> <Delay = 0.00>
ST_1 : Operation 27 [1/1] (0.00ns)   --->   "%K31_read_1 = read i16 @_ssdm_op_Read.ap_auto.i16, i16 %K31_read" [D:/dp/zcu106/tpg_dp_live/vivado/tpg_dp_live/tpg_dp_live.runs/bd_85a6_csc_0_synth_1/prj/sol/.autopilot/db/v_csc.cpp:46]   --->   Operation 27 'read' 'K31_read_1' <Predicate = true> <Delay = 0.00>
ST_1 : Operation 28 [1/1] (0.00ns)   --->   "%K23_2_read_1 = read i16 @_ssdm_op_Read.ap_auto.i16, i16 %K23_2_read" [D:/dp/zcu106/tpg_dp_live/vivado/tpg_dp_live/tpg_dp_live.runs/bd_85a6_csc_0_synth_1/prj/sol/.autopilot/db/v_csc.cpp:46]   --->   Operation 28 'read' 'K23_2_read_1' <Predicate = true> <Delay = 0.00>
ST_1 : Operation 29 [1/1] (0.00ns)   --->   "%K23_read_1 = read i16 @_ssdm_op_Read.ap_auto.i16, i16 %K23_read" [D:/dp/zcu106/tpg_dp_live/vivado/tpg_dp_live/tpg_dp_live.runs/bd_85a6_csc_0_synth_1/prj/sol/.autopilot/db/v_csc.cpp:46]   --->   Operation 29 'read' 'K23_read_1' <Predicate = true> <Delay = 0.00>
ST_1 : Operation 30 [1/1] (0.00ns)   --->   "%K22_2_read_1 = read i16 @_ssdm_op_Read.ap_auto.i16, i16 %K22_2_read" [D:/dp/zcu106/tpg_dp_live/vivado/tpg_dp_live/tpg_dp_live.runs/bd_85a6_csc_0_synth_1/prj/sol/.autopilot/db/v_csc.cpp:46]   --->   Operation 30 'read' 'K22_2_read_1' <Predicate = true> <Delay = 0.00>
ST_1 : Operation 31 [1/1] (0.00ns)   --->   "%K22_read_1 = read i16 @_ssdm_op_Read.ap_auto.i16, i16 %K22_read" [D:/dp/zcu106/tpg_dp_live/vivado/tpg_dp_live/tpg_dp_live.runs/bd_85a6_csc_0_synth_1/prj/sol/.autopilot/db/v_csc.cpp:46]   --->   Operation 31 'read' 'K22_read_1' <Predicate = true> <Delay = 0.00>
ST_1 : Operation 32 [1/1] (0.00ns)   --->   "%K21_2_read_1 = read i16 @_ssdm_op_Read.ap_auto.i16, i16 %K21_2_read" [D:/dp/zcu106/tpg_dp_live/vivado/tpg_dp_live/tpg_dp_live.runs/bd_85a6_csc_0_synth_1/prj/sol/.autopilot/db/v_csc.cpp:46]   --->   Operation 32 'read' 'K21_2_read_1' <Predicate = true> <Delay = 0.00>
ST_1 : Operation 33 [1/1] (0.00ns)   --->   "%K21_read_1 = read i16 @_ssdm_op_Read.ap_auto.i16, i16 %K21_read" [D:/dp/zcu106/tpg_dp_live/vivado/tpg_dp_live/tpg_dp_live.runs/bd_85a6_csc_0_synth_1/prj/sol/.autopilot/db/v_csc.cpp:46]   --->   Operation 33 'read' 'K21_read_1' <Predicate = true> <Delay = 0.00>
ST_1 : Operation 34 [1/1] (0.00ns)   --->   "%K13_2_read_1 = read i16 @_ssdm_op_Read.ap_auto.i16, i16 %K13_2_read" [D:/dp/zcu106/tpg_dp_live/vivado/tpg_dp_live/tpg_dp_live.runs/bd_85a6_csc_0_synth_1/prj/sol/.autopilot/db/v_csc.cpp:46]   --->   Operation 34 'read' 'K13_2_read_1' <Predicate = true> <Delay = 0.00>
ST_1 : Operation 35 [1/1] (0.00ns)   --->   "%K13_read_1 = read i16 @_ssdm_op_Read.ap_auto.i16, i16 %K13_read" [D:/dp/zcu106/tpg_dp_live/vivado/tpg_dp_live/tpg_dp_live.runs/bd_85a6_csc_0_synth_1/prj/sol/.autopilot/db/v_csc.cpp:46]   --->   Operation 35 'read' 'K13_read_1' <Predicate = true> <Delay = 0.00>
ST_1 : Operation 36 [1/1] (0.00ns)   --->   "%K12_2_read_1 = read i16 @_ssdm_op_Read.ap_auto.i16, i16 %K12_2_read" [D:/dp/zcu106/tpg_dp_live/vivado/tpg_dp_live/tpg_dp_live.runs/bd_85a6_csc_0_synth_1/prj/sol/.autopilot/db/v_csc.cpp:46]   --->   Operation 36 'read' 'K12_2_read_1' <Predicate = true> <Delay = 0.00>
ST_1 : Operation 37 [1/1] (0.00ns)   --->   "%K12_read_1 = read i16 @_ssdm_op_Read.ap_auto.i16, i16 %K12_read" [D:/dp/zcu106/tpg_dp_live/vivado/tpg_dp_live/tpg_dp_live.runs/bd_85a6_csc_0_synth_1/prj/sol/.autopilot/db/v_csc.cpp:46]   --->   Operation 37 'read' 'K12_read_1' <Predicate = true> <Delay = 0.00>
ST_1 : Operation 38 [1/1] (0.00ns)   --->   "%K11_2_read_1 = read i16 @_ssdm_op_Read.ap_auto.i16, i16 %K11_2_read" [D:/dp/zcu106/tpg_dp_live/vivado/tpg_dp_live/tpg_dp_live.runs/bd_85a6_csc_0_synth_1/prj/sol/.autopilot/db/v_csc.cpp:46]   --->   Operation 38 'read' 'K11_2_read_1' <Predicate = true> <Delay = 0.00>
ST_1 : Operation 39 [1/1] (0.00ns)   --->   "%K11_read_1 = read i16 @_ssdm_op_Read.ap_auto.i16, i16 %K11_read" [D:/dp/zcu106/tpg_dp_live/vivado/tpg_dp_live/tpg_dp_live.runs/bd_85a6_csc_0_synth_1/prj/sol/.autopilot/db/v_csc.cpp:46]   --->   Operation 39 'read' 'K11_read_1' <Predicate = true> <Delay = 0.00>
ST_1 : Operation 40 [1/1] (0.00ns)   --->   "%cmp17_not_read = read i1 @_ssdm_op_Read.ap_auto.i1, i1 %cmp17_not" [D:/dp/zcu106/tpg_dp_live/vivado/tpg_dp_live/tpg_dp_live.runs/bd_85a6_csc_0_synth_1/prj/sol/.autopilot/db/v_csc.cpp:46]   --->   Operation 40 'read' 'cmp17_not_read' <Predicate = true> <Delay = 0.00>
ST_1 : Operation 41 [1/1] (0.00ns)   --->   "%cmp20_not_read = read i1 @_ssdm_op_Read.ap_auto.i1, i1 %cmp20_not" [D:/dp/zcu106/tpg_dp_live/vivado/tpg_dp_live/tpg_dp_live.runs/bd_85a6_csc_0_synth_1/prj/sol/.autopilot/db/v_csc.cpp:46]   --->   Operation 41 'read' 'cmp20_not_read' <Predicate = true> <Delay = 0.00>
ST_1 : Operation 42 [1/1] (0.00ns)   --->   "%ColEnd_read_1 = read i16 @_ssdm_op_Read.ap_auto.i16, i16 %ColEnd_read" [D:/dp/zcu106/tpg_dp_live/vivado/tpg_dp_live/tpg_dp_live.runs/bd_85a6_csc_0_synth_1/prj/sol/.autopilot/db/v_csc.cpp:46]   --->   Operation 42 'read' 'ColEnd_read_1' <Predicate = true> <Delay = 0.00>
ST_1 : Operation 43 [1/1] (0.00ns)   --->   "%ColStart_read_1 = read i16 @_ssdm_op_Read.ap_auto.i16, i16 %ColStart_read" [D:/dp/zcu106/tpg_dp_live/vivado/tpg_dp_live/tpg_dp_live.runs/bd_85a6_csc_0_synth_1/prj/sol/.autopilot/db/v_csc.cpp:46]   --->   Operation 43 'read' 'ColStart_read_1' <Predicate = true> <Delay = 0.00>
ST_1 : Operation 44 [1/1] (0.00ns)   --->   "%add_ln89_read = read i13 @_ssdm_op_Read.ap_auto.i13, i13 %add_ln89" [D:/dp/zcu106/tpg_dp_live/vivado/tpg_dp_live/tpg_dp_live.runs/bd_85a6_csc_0_synth_1/prj/sol/.autopilot/db/v_csc.cpp:46]   --->   Operation 44 'read' 'add_ln89_read' <Predicate = true> <Delay = 0.00>
ST_1 : Operation 45 [1/1] (0.42ns)   --->   "%store_ln0 = store i13 1, i13 %x"   --->   Operation 45 'store' 'store_ln0' <Predicate = true> <Delay = 0.42>
ST_1 : Operation 46 [1/1] (0.00ns)   --->   "%br_ln0 = br void %for.body14"   --->   Operation 46 'br' 'br_ln0' <Predicate = true> <Delay = 0.00>
ST_1 : Operation 47 [1/1] (0.00ns)   --->   "%x_4 = load i13 %x" [D:/dp/zcu106/tpg_dp_live/vivado/tpg_dp_live/tpg_dp_live.runs/bd_85a6_csc_0_synth_1/prj/sol/.autopilot/db/v_csc.cpp:91]   --->   Operation 47 'load' 'x_4' <Predicate = true> <Delay = 0.00>
ST_1 : Operation 48 [1/1] (0.00ns)   --->   "%zext_ln91 = zext i13 %x_4" [D:/dp/zcu106/tpg_dp_live/vivado/tpg_dp_live/tpg_dp_live.runs/bd_85a6_csc_0_synth_1/prj/sol/.autopilot/db/v_csc.cpp:91]   --->   Operation 48 'zext' 'zext_ln91' <Predicate = true> <Delay = 0.00>
ST_1 : Operation 49 [1/1] (0.00ns)   --->   "%speclooptripcount_ln0 = speclooptripcount void @_ssdm_op_SpecLoopTripCount, i64 0, i64 4095, i64 0"   --->   Operation 49 'speclooptripcount' 'speclooptripcount_ln0' <Predicate = true> <Delay = 0.00>
ST_1 : Operation 50 [1/1] (0.82ns)   --->   "%icmp_ln91 = icmp_eq  i13 %x_4, i13 %add_ln89_read" [D:/dp/zcu106/tpg_dp_live/vivado/tpg_dp_live/tpg_dp_live.runs/bd_85a6_csc_0_synth_1/prj/sol/.autopilot/db/v_csc.cpp:91]   --->   Operation 50 'icmp' 'icmp_ln91' <Predicate = true> <Delay = 0.82> <CoreInst = "Cmp">   --->   Core 9 'Cmp' <Latency = 0> <II = 1> <Delay = 0.82> <FuncUnit> <Opcode : 'icmp'> <InPorts = 2> <OutPorts = 1>
ST_1 : Operation 51 [1/1] (0.00ns)   --->   "%br_ln91 = br i1 %icmp_ln91, void %for.body14.split_ifconv, void %for.inc201.loopexit.exitStub" [D:/dp/zcu106/tpg_dp_live/vivado/tpg_dp_live/tpg_dp_live.runs/bd_85a6_csc_0_synth_1/prj/sol/.autopilot/db/v_csc.cpp:91]   --->   Operation 51 'br' 'br_ln91' <Predicate = true> <Delay = 0.00>
ST_1 : Operation 52 [1/1] (0.85ns)   --->   "%icmp_ln103 = icmp_ne  i16 %zext_ln91, i16 %ColStart_read_1" [D:/dp/zcu106/tpg_dp_live/vivado/tpg_dp_live/tpg_dp_live.runs/bd_85a6_csc_0_synth_1/prj/sol/.autopilot/db/v_csc.cpp:103]   --->   Operation 52 'icmp' 'icmp_ln103' <Predicate = (!icmp_ln91)> <Delay = 0.85> <CoreInst = "Cmp">   --->   Core 9 'Cmp' <Latency = 0> <II = 1> <Delay = 0.85> <FuncUnit> <Opcode : 'icmp'> <InPorts = 2> <OutPorts = 1>
ST_1 : Operation 53 [1/1] (0.85ns)   --->   "%icmp_ln103_1 = icmp_eq  i16 %zext_ln91, i16 %ColEnd_read_1" [D:/dp/zcu106/tpg_dp_live/vivado/tpg_dp_live/tpg_dp_live.runs/bd_85a6_csc_0_synth_1/prj/sol/.autopilot/db/v_csc.cpp:103]   --->   Operation 53 'icmp' 'icmp_ln103_1' <Predicate = (!icmp_ln91)> <Delay = 0.85> <CoreInst = "Cmp">   --->   Core 9 'Cmp' <Latency = 0> <II = 1> <Delay = 0.85> <FuncUnit> <Opcode : 'icmp'> <InPorts = 2> <OutPorts = 1>
ST_1 : Operation 54 [1/1] (0.00ns) (grouped into LUT with out node or_ln105_1)   --->   "%or_ln103 = or i1 %icmp_ln103, i1 %icmp_ln103_1" [D:/dp/zcu106/tpg_dp_live/vivado/tpg_dp_live/tpg_dp_live.runs/bd_85a6_csc_0_synth_1/prj/sol/.autopilot/db/v_csc.cpp:103]   --->   Operation 54 'or' 'or_ln103' <Predicate = (!icmp_ln91)> <Delay = 0.00> <CoreInst = "LogicGate">   --->   Core 74 'LogicGate' <Latency = 0> <II = 1> <Delay = 0.28> <FuncUnit> <Opcode : 'and' 'or' 'xor'> <InPorts = 2> <OutPorts = 1>
ST_1 : Operation 55 [1/1] (0.85ns)   --->   "%icmp_ln104 = icmp_sgt  i16 %zext_ln91, i16 %ColStart_read_1" [D:/dp/zcu106/tpg_dp_live/vivado/tpg_dp_live/tpg_dp_live.runs/bd_85a6_csc_0_synth_1/prj/sol/.autopilot/db/v_csc.cpp:104]   --->   Operation 55 'icmp' 'icmp_ln104' <Predicate = (!icmp_ln91)> <Delay = 0.85> <CoreInst = "Cmp">   --->   Core 9 'Cmp' <Latency = 0> <II = 1> <Delay = 0.85> <FuncUnit> <Opcode : 'icmp'> <InPorts = 2> <OutPorts = 1>
ST_1 : Operation 56 [1/1] (0.85ns)   --->   "%icmp_ln104_1 = icmp_slt  i16 %zext_ln91, i16 %ColEnd_read_1" [D:/dp/zcu106/tpg_dp_live/vivado/tpg_dp_live/tpg_dp_live.runs/bd_85a6_csc_0_synth_1/prj/sol/.autopilot/db/v_csc.cpp:104]   --->   Operation 56 'icmp' 'icmp_ln104_1' <Predicate = (!icmp_ln91)> <Delay = 0.85> <CoreInst = "Cmp">   --->   Core 9 'Cmp' <Latency = 0> <II = 1> <Delay = 0.85> <FuncUnit> <Opcode : 'icmp'> <InPorts = 2> <OutPorts = 1>
ST_1 : Operation 57 [1/1] (0.00ns) (grouped into LUT with out node or_ln105_1)   --->   "%and_ln104 = and i1 %icmp_ln104_1, i1 %icmp_ln104" [D:/dp/zcu106/tpg_dp_live/vivado/tpg_dp_live/tpg_dp_live.runs/bd_85a6_csc_0_synth_1/prj/sol/.autopilot/db/v_csc.cpp:104]   --->   Operation 57 'and' 'and_ln104' <Predicate = (!icmp_ln91)> <Delay = 0.00> <CoreInst = "LogicGate">   --->   Core 74 'LogicGate' <Latency = 0> <II = 1> <Delay = 0.28> <FuncUnit> <Opcode : 'and' 'or' 'xor'> <InPorts = 2> <OutPorts = 1>
ST_1 : Operation 58 [1/1] (0.00ns) (grouped into LUT with out node or_ln105_1)   --->   "%or_ln105 = or i1 %and_ln104, i1 %icmp_ln103_1" [D:/dp/zcu106/tpg_dp_live/vivado/tpg_dp_live/tpg_dp_live.runs/bd_85a6_csc_0_synth_1/prj/sol/.autopilot/db/v_csc.cpp:105]   --->   Operation 58 'or' 'or_ln105' <Predicate = (!icmp_ln91)> <Delay = 0.00> <CoreInst = "LogicGate">   --->   Core 74 'LogicGate' <Latency = 0> <II = 1> <Delay = 0.28> <FuncUnit> <Opcode : 'and' 'or' 'xor'> <InPorts = 2> <OutPorts = 1>
ST_1 : Operation 59 [1/1] (0.00ns) (grouped into LUT with out node or_ln105_1)   --->   "%xor_ln105 = xor i1 %or_ln105, i1 1" [D:/dp/zcu106/tpg_dp_live/vivado/tpg_dp_live/tpg_dp_live.runs/bd_85a6_csc_0_synth_1/prj/sol/.autopilot/db/v_csc.cpp:105]   --->   Operation 59 'xor' 'xor_ln105' <Predicate = (!icmp_ln91)> <Delay = 0.00> <CoreInst = "LogicGate">   --->   Core 74 'LogicGate' <Latency = 0> <II = 1> <Delay = 0.28> <FuncUnit> <Opcode : 'and' 'or' 'xor'> <InPorts = 2> <OutPorts = 1>
ST_1 : Operation 60 [1/1] (0.00ns) (grouped into LUT with out node or_ln105_1)   --->   "%and_ln105 = and i1 %or_ln103, i1 %xor_ln105" [D:/dp/zcu106/tpg_dp_live/vivado/tpg_dp_live/tpg_dp_live.runs/bd_85a6_csc_0_synth_1/prj/sol/.autopilot/db/v_csc.cpp:105]   --->   Operation 60 'and' 'and_ln105' <Predicate = (!icmp_ln91)> <Delay = 0.00> <CoreInst = "LogicGate">   --->   Core 74 'LogicGate' <Latency = 0> <II = 1> <Delay = 0.28> <FuncUnit> <Opcode : 'and' 'or' 'xor'> <InPorts = 2> <OutPorts = 1>
ST_1 : Operation 61 [1/1] (0.28ns) (out node of the LUT)   --->   "%or_ln105_1 = or i1 %cmp20_not_read, i1 %and_ln105" [D:/dp/zcu106/tpg_dp_live/vivado/tpg_dp_live/tpg_dp_live.runs/bd_85a6_csc_0_synth_1/prj/sol/.autopilot/db/v_csc.cpp:105]   --->   Operation 61 'or' 'or_ln105_1' <Predicate = (!icmp_ln91)> <Delay = 0.28> <CoreInst = "LogicGate">   --->   Core 74 'LogicGate' <Latency = 0> <II = 1> <Delay = 0.28> <FuncUnit> <Opcode : 'and' 'or' 'xor'> <InPorts = 2> <OutPorts = 1>
ST_1 : Operation 62 [1/1] (0.28ns) (out node of the LUT)   --->   "%or_ln105_2 = or i1 %or_ln105_1, i1 %cmp17_not_read" [D:/dp/zcu106/tpg_dp_live/vivado/tpg_dp_live/tpg_dp_live.runs/bd_85a6_csc_0_synth_1/prj/sol/.autopilot/db/v_csc.cpp:105]   --->   Operation 62 'or' 'or_ln105_2' <Predicate = (!icmp_ln91)> <Delay = 0.28> <CoreInst = "LogicGate">   --->   Core 74 'LogicGate' <Latency = 0> <II = 1> <Delay = 0.28> <FuncUnit> <Opcode : 'and' 'or' 'xor'> <InPorts = 2> <OutPorts = 1>
ST_1 : Operation 63 [1/1] (0.82ns)   --->   "%x_5 = add i13 %x_4, i13 1" [D:/dp/zcu106/tpg_dp_live/vivado/tpg_dp_live/tpg_dp_live.runs/bd_85a6_csc_0_synth_1/prj/sol/.autopilot/db/v_csc.cpp:91]   --->   Operation 63 'add' 'x_5' <Predicate = (!icmp_ln91)> <Delay = 0.82> <CoreInst = "Adder">   --->   Core 1 'Adder' <Latency = 0> <II = 1> <Delay = 0.82> <FuncUnit> <Opcode : 'add' 'sub'> <InPorts = 2> <OutPorts = 1>
ST_1 : Operation 64 [1/1] (0.42ns)   --->   "%store_ln91 = store i13 %x_5, i13 %x" [D:/dp/zcu106/tpg_dp_live/vivado/tpg_dp_live/tpg_dp_live.runs/bd_85a6_csc_0_synth_1/prj/sol/.autopilot/db/v_csc.cpp:91]   --->   Operation 64 'store' 'store_ln91' <Predicate = (!icmp_ln91)> <Delay = 0.42>

State 2 <SV = 1> <Delay = 2.94>
ST_2 : Operation 65 [1/1] (1.94ns)   --->   "%stream_in_hresampled_read = read i24 @_ssdm_op_Read.ap_fifo.volatile.i24P0A, i24 %stream_in_hresampled" [D:/dp/zcu106/tpg_dp_live/vivado/tpg_dp_live/tpg_dp_live.runs/bd_85a6_csc_0_synth_1/prj/sol/.autopilot/db/v_csc.cpp:95]   --->   Operation 65 'read' 'stream_in_hresampled_read' <Predicate = true> <Delay = 1.94> <CoreInst = "FIFO_SRL">   --->   Core 81 'FIFO_SRL' <Latency = 0> <II = 1> <Delay = 2.04> <Storage> <Opcode : 'read' 'write' 'nbread' 'nbwrite'> <Ports = 0> <Width = 24> <Depth = 16> <FIFO>
ST_2 : Operation 66 [1/1] (0.00ns)   --->   "%Rpix = trunc i24 %stream_in_hresampled_read" [D:/dp/zcu106/tpg_dp_live/vivado/tpg_dp_live/tpg_dp_live.runs/bd_85a6_csc_0_synth_1/prj/sol/.autopilot/db/v_csc.cpp:95]   --->   Operation 66 'trunc' 'Rpix' <Predicate = true> <Delay = 0.00>
ST_2 : Operation 67 [1/1] (0.00ns)   --->   "%Gpix = partselect i8 @_ssdm_op_PartSelect.i8.i24.i32.i32, i24 %stream_in_hresampled_read, i32 8, i32 15" [D:/dp/zcu106/tpg_dp_live/vivado/tpg_dp_live/tpg_dp_live.runs/bd_85a6_csc_0_synth_1/prj/sol/.autopilot/db/v_csc.cpp:95]   --->   Operation 67 'partselect' 'Gpix' <Predicate = true> <Delay = 0.00>
ST_2 : Operation 68 [1/1] (0.00ns)   --->   "%Bpix = partselect i8 @_ssdm_op_PartSelect.i8.i24.i32.i32, i24 %stream_in_hresampled_read, i32 16, i32 23" [D:/dp/zcu106/tpg_dp_live/vivado/tpg_dp_live/tpg_dp_live.runs/bd_85a6_csc_0_synth_1/prj/sol/.autopilot/db/v_csc.cpp:95]   --->   Operation 68 'partselect' 'Bpix' <Predicate = true> <Delay = 0.00>
ST_2 : Operation 69 [1/1] (0.00ns)   --->   "%zext_ln95 = zext i8 %Bpix" [D:/dp/zcu106/tpg_dp_live/vivado/tpg_dp_live/tpg_dp_live.runs/bd_85a6_csc_0_synth_1/prj/sol/.autopilot/db/v_csc.cpp:95]   --->   Operation 69 'zext' 'zext_ln95' <Predicate = true> <Delay = 0.00>
ST_2 : Operation 70 [1/1] (0.35ns)   --->   "%coef13 = select i1 %or_ln105_2, i16 %K13_read_1, i16 %K13_2_read_1" [D:/dp/zcu106/tpg_dp_live/vivado/tpg_dp_live/tpg_dp_live.runs/bd_85a6_csc_0_synth_1/prj/sol/.autopilot/db/v_csc.cpp:105]   --->   Operation 70 'select' 'coef13' <Predicate = true> <Delay = 0.35> <CoreInst = "Sel">   --->   Core 73 'Sel' <Latency = 0> <II = 1> <Delay = 0.35> <FuncUnit> <Opcode : 'select'> <InPorts = 3> <OutPorts = 1>
ST_2 : Operation 71 [1/1] (0.35ns)   --->   "%coef23 = select i1 %or_ln105_2, i16 %K23_read_1, i16 %K23_2_read_1" [D:/dp/zcu106/tpg_dp_live/vivado/tpg_dp_live/tpg_dp_live.runs/bd_85a6_csc_0_synth_1/prj/sol/.autopilot/db/v_csc.cpp:105]   --->   Operation 71 'select' 'coef23' <Predicate = true> <Delay = 0.35> <CoreInst = "Sel">   --->   Core 73 'Sel' <Latency = 0> <II = 1> <Delay = 0.35> <FuncUnit> <Opcode : 'select'> <InPorts = 3> <OutPorts = 1>
ST_2 : Operation 72 [1/1] (0.35ns)   --->   "%coef33 = select i1 %or_ln105_2, i16 %K33_read_1, i16 %K33_2_read_1" [D:/dp/zcu106/tpg_dp_live/vivado/tpg_dp_live/tpg_dp_live.runs/bd_85a6_csc_0_synth_1/prj/sol/.autopilot/db/v_csc.cpp:105]   --->   Operation 72 'select' 'coef33' <Predicate = true> <Delay = 0.35> <CoreInst = "Sel">   --->   Core 73 'Sel' <Latency = 0> <II = 1> <Delay = 0.35> <FuncUnit> <Opcode : 'select'> <InPorts = 3> <OutPorts = 1>
ST_2 : Operation 73 [1/1] (0.00ns)   --->   "%sext_ln63 = sext i16 %coef33" [D:/dp/zcu106/tpg_dp_live/vivado/tpg_dp_live/tpg_dp_live.runs/bd_85a6_csc_0_synth_1/prj/sol/.autopilot/db/v_csc.cpp:63]   --->   Operation 73 'sext' 'sext_ln63' <Predicate = true> <Delay = 0.00>
ST_2 : Operation 74 [1/1] (0.00ns)   --->   "%sext_ln63_3 = sext i16 %coef23" [D:/dp/zcu106/tpg_dp_live/vivado/tpg_dp_live/tpg_dp_live.runs/bd_85a6_csc_0_synth_1/prj/sol/.autopilot/db/v_csc.cpp:63]   --->   Operation 74 'sext' 'sext_ln63_3' <Predicate = true> <Delay = 0.00>
ST_2 : Operation 75 [1/1] (0.00ns)   --->   "%sext_ln63_6 = sext i16 %coef13" [D:/dp/zcu106/tpg_dp_live/vivado/tpg_dp_live/tpg_dp_live.runs/bd_85a6_csc_0_synth_1/prj/sol/.autopilot/db/v_csc.cpp:63]   --->   Operation 75 'sext' 'sext_ln63_6' <Predicate = true> <Delay = 0.00>
ST_2 : Operation 76 [3/3] (0.99ns) (grouped into DSP with root node add_ln147_1)   --->   "%mul_ln147_2 = mul i24 %zext_ln95, i24 %sext_ln63_6" [D:/dp/zcu106/tpg_dp_live/vivado/tpg_dp_live/tpg_dp_live.runs/bd_85a6_csc_0_synth_1/prj/sol/.autopilot/db/v_csc.cpp:147]   --->   Operation 76 'mul' 'mul_ln147_2' <Predicate = true> <Delay = 0.99> <CoreInst = "DSP48">   --->   Core 127 'DSP48' <Latency = 3> <II = 1> <Delay = 0.53> <IPBlock> <Opcode : '<invalid operator> ' 'mul' 'add' 'sub' 'select'> <InPorts = 0> <OutPorts = 1> <Sync> <CReg>
ST_2 : Operation 77 [3/3] (0.99ns) (grouped into DSP with root node add_ln149_1)   --->   "%mul_ln149_2 = mul i24 %zext_ln95, i24 %sext_ln63_3" [D:/dp/zcu106/tpg_dp_live/vivado/tpg_dp_live/tpg_dp_live.runs/bd_85a6_csc_0_synth_1/prj/sol/.autopilot/db/v_csc.cpp:149]   --->   Operation 77 'mul' 'mul_ln149_2' <Predicate = true> <Delay = 0.99> <CoreInst = "DSP48">   --->   Core 127 'DSP48' <Latency = 3> <II = 1> <Delay = 0.53> <IPBlock> <Opcode : '<invalid operator> ' 'mul' 'add' 'sub' 'select'> <InPorts = 0> <OutPorts = 1> <Sync> <CReg>
ST_2 : Operation 78 [3/3] (0.99ns) (grouped into DSP with root node add_ln151_1)   --->   "%mul_ln151_2 = mul i24 %zext_ln95, i24 %sext_ln63" [D:/dp/zcu106/tpg_dp_live/vivado/tpg_dp_live/tpg_dp_live.runs/bd_85a6_csc_0_synth_1/prj/sol/.autopilot/db/v_csc.cpp:151]   --->   Operation 78 'mul' 'mul_ln151_2' <Predicate = true> <Delay = 0.99> <CoreInst = "DSP48">   --->   Core 127 'DSP48' <Latency = 3> <II = 1> <Delay = 0.53> <IPBlock> <Opcode : '<invalid operator> ' 'mul' 'add' 'sub' 'select'> <InPorts = 0> <OutPorts = 1> <Sync> <CReg>

State 3 <SV = 2> <Delay = 0.99>
ST_3 : Operation 79 [2/3] (0.99ns) (grouped into DSP with root node add_ln147_1)   --->   "%mul_ln147_2 = mul i24 %zext_ln95, i24 %sext_ln63_6" [D:/dp/zcu106/tpg_dp_live/vivado/tpg_dp_live/tpg_dp_live.runs/bd_85a6_csc_0_synth_1/prj/sol/.autopilot/db/v_csc.cpp:147]   --->   Operation 79 'mul' 'mul_ln147_2' <Predicate = true> <Delay = 0.99> <CoreInst = "DSP48">   --->   Core 127 'DSP48' <Latency = 3> <II = 1> <Delay = 0.53> <IPBlock> <Opcode : '<invalid operator> ' 'mul' 'add' 'sub' 'select'> <InPorts = 0> <OutPorts = 1> <Sync> <CReg>
ST_3 : Operation 80 [2/3] (0.99ns) (grouped into DSP with root node add_ln149_1)   --->   "%mul_ln149_2 = mul i24 %zext_ln95, i24 %sext_ln63_3" [D:/dp/zcu106/tpg_dp_live/vivado/tpg_dp_live/tpg_dp_live.runs/bd_85a6_csc_0_synth_1/prj/sol/.autopilot/db/v_csc.cpp:149]   --->   Operation 80 'mul' 'mul_ln149_2' <Predicate = true> <Delay = 0.99> <CoreInst = "DSP48">   --->   Core 127 'DSP48' <Latency = 3> <II = 1> <Delay = 0.53> <IPBlock> <Opcode : '<invalid operator> ' 'mul' 'add' 'sub' 'select'> <InPorts = 0> <OutPorts = 1> <Sync> <CReg>
ST_3 : Operation 81 [2/3] (0.99ns) (grouped into DSP with root node add_ln151_1)   --->   "%mul_ln151_2 = mul i24 %zext_ln95, i24 %sext_ln63" [D:/dp/zcu106/tpg_dp_live/vivado/tpg_dp_live/tpg_dp_live.runs/bd_85a6_csc_0_synth_1/prj/sol/.autopilot/db/v_csc.cpp:151]   --->   Operation 81 'mul' 'mul_ln151_2' <Predicate = true> <Delay = 0.99> <CoreInst = "DSP48">   --->   Core 127 'DSP48' <Latency = 3> <II = 1> <Delay = 0.53> <IPBlock> <Opcode : '<invalid operator> ' 'mul' 'add' 'sub' 'select'> <InPorts = 0> <OutPorts = 1> <Sync> <CReg>

State 4 <SV = 3> <Delay = 3.67>
ST_4 : Operation 82 [1/1] (0.35ns)   --->   "%coef11 = select i1 %or_ln105_2, i16 %K11_read_1, i16 %K11_2_read_1" [D:/dp/zcu106/tpg_dp_live/vivado/tpg_dp_live/tpg_dp_live.runs/bd_85a6_csc_0_synth_1/prj/sol/.autopilot/db/v_csc.cpp:105]   --->   Operation 82 'select' 'coef11' <Predicate = true> <Delay = 0.35> <CoreInst = "Sel">   --->   Core 73 'Sel' <Latency = 0> <II = 1> <Delay = 0.35> <FuncUnit> <Opcode : 'select'> <InPorts = 3> <OutPorts = 1>
ST_4 : Operation 83 [1/1] (0.35ns)   --->   "%coef12 = select i1 %or_ln105_2, i16 %K12_read_1, i16 %K12_2_read_1" [D:/dp/zcu106/tpg_dp_live/vivado/tpg_dp_live/tpg_dp_live.runs/bd_85a6_csc_0_synth_1/prj/sol/.autopilot/db/v_csc.cpp:105]   --->   Operation 83 'select' 'coef12' <Predicate = true> <Delay = 0.35> <CoreInst = "Sel">   --->   Core 73 'Sel' <Latency = 0> <II = 1> <Delay = 0.35> <FuncUnit> <Opcode : 'select'> <InPorts = 3> <OutPorts = 1>
ST_4 : Operation 84 [1/1] (0.35ns)   --->   "%coef21 = select i1 %or_ln105_2, i16 %K21_read_1, i16 %K21_2_read_1" [D:/dp/zcu106/tpg_dp_live/vivado/tpg_dp_live/tpg_dp_live.runs/bd_85a6_csc_0_synth_1/prj/sol/.autopilot/db/v_csc.cpp:105]   --->   Operation 84 'select' 'coef21' <Predicate = true> <Delay = 0.35> <CoreInst = "Sel">   --->   Core 73 'Sel' <Latency = 0> <II = 1> <Delay = 0.35> <FuncUnit> <Opcode : 'select'> <InPorts = 3> <OutPorts = 1>
ST_4 : Operation 85 [1/1] (0.35ns)   --->   "%coef22 = select i1 %or_ln105_2, i16 %K22_read_1, i16 %K22_2_read_1" [D:/dp/zcu106/tpg_dp_live/vivado/tpg_dp_live/tpg_dp_live.runs/bd_85a6_csc_0_synth_1/prj/sol/.autopilot/db/v_csc.cpp:105]   --->   Operation 85 'select' 'coef22' <Predicate = true> <Delay = 0.35> <CoreInst = "Sel">   --->   Core 73 'Sel' <Latency = 0> <II = 1> <Delay = 0.35> <FuncUnit> <Opcode : 'select'> <InPorts = 3> <OutPorts = 1>
ST_4 : Operation 86 [1/1] (0.35ns)   --->   "%coef31 = select i1 %or_ln105_2, i16 %K31_read_1, i16 %K31_2_read_1" [D:/dp/zcu106/tpg_dp_live/vivado/tpg_dp_live/tpg_dp_live.runs/bd_85a6_csc_0_synth_1/prj/sol/.autopilot/db/v_csc.cpp:105]   --->   Operation 86 'select' 'coef31' <Predicate = true> <Delay = 0.35> <CoreInst = "Sel">   --->   Core 73 'Sel' <Latency = 0> <II = 1> <Delay = 0.35> <FuncUnit> <Opcode : 'select'> <InPorts = 3> <OutPorts = 1>
ST_4 : Operation 87 [1/1] (0.35ns)   --->   "%coef32 = select i1 %or_ln105_2, i16 %K32_read_1, i16 %K32_2_read_1" [D:/dp/zcu106/tpg_dp_live/vivado/tpg_dp_live/tpg_dp_live.runs/bd_85a6_csc_0_synth_1/prj/sol/.autopilot/db/v_csc.cpp:105]   --->   Operation 87 'select' 'coef32' <Predicate = true> <Delay = 0.35> <CoreInst = "Sel">   --->   Core 73 'Sel' <Latency = 0> <II = 1> <Delay = 0.35> <FuncUnit> <Opcode : 'select'> <InPorts = 3> <OutPorts = 1>
ST_4 : Operation 88 [1/1] (0.40ns)   --->   "%select_ln105_11 = select i1 %or_ln105_2, i10 %BOffset_read_1, i10 %BOffset_2_read_1" [D:/dp/zcu106/tpg_dp_live/vivado/tpg_dp_live/tpg_dp_live.runs/bd_85a6_csc_0_synth_1/prj/sol/.autopilot/db/v_csc.cpp:105]   --->   Operation 88 'select' 'select_ln105_11' <Predicate = true> <Delay = 0.40> <CoreInst = "Sel">   --->   Core 73 'Sel' <Latency = 0> <II = 1> <Delay = 0.40> <FuncUnit> <Opcode : 'select'> <InPorts = 3> <OutPorts = 1>
ST_4 : Operation 89 [1/1] (0.00ns)   --->   "%offsetB = bitconcatenate i22 @_ssdm_op_BitConcatenate.i22.i10.i12, i10 %select_ln105_11, i12 0" [D:/dp/zcu106/tpg_dp_live/vivado/tpg_dp_live/tpg_dp_live.runs/bd_85a6_csc_0_synth_1/prj/sol/.autopilot/db/v_csc.cpp:64]   --->   Operation 89 'bitconcatenate' 'offsetB' <Predicate = true> <Delay = 0.00>
ST_4 : Operation 90 [1/1] (0.40ns)   --->   "%select_ln105_12 = select i1 %or_ln105_2, i10 %GOffset_read_1, i10 %GOffset_2_read_1" [D:/dp/zcu106/tpg_dp_live/vivado/tpg_dp_live/tpg_dp_live.runs/bd_85a6_csc_0_synth_1/prj/sol/.autopilot/db/v_csc.cpp:105]   --->   Operation 90 'select' 'select_ln105_12' <Predicate = true> <Delay = 0.40> <CoreInst = "Sel">   --->   Core 73 'Sel' <Latency = 0> <II = 1> <Delay = 0.40> <FuncUnit> <Opcode : 'select'> <InPorts = 3> <OutPorts = 1>
ST_4 : Operation 91 [1/1] (0.00ns)   --->   "%offsetG = bitconcatenate i22 @_ssdm_op_BitConcatenate.i22.i10.i12, i10 %select_ln105_12, i12 0" [D:/dp/zcu106/tpg_dp_live/vivado/tpg_dp_live/tpg_dp_live.runs/bd_85a6_csc_0_synth_1/prj/sol/.autopilot/db/v_csc.cpp:64]   --->   Operation 91 'bitconcatenate' 'offsetG' <Predicate = true> <Delay = 0.00>
ST_4 : Operation 92 [1/1] (0.40ns)   --->   "%select_ln105_13 = select i1 %or_ln105_2, i10 %ROffset_read_1, i10 %ROffset_2_read_1" [D:/dp/zcu106/tpg_dp_live/vivado/tpg_dp_live/tpg_dp_live.runs/bd_85a6_csc_0_synth_1/prj/sol/.autopilot/db/v_csc.cpp:105]   --->   Operation 92 'select' 'select_ln105_13' <Predicate = true> <Delay = 0.40> <CoreInst = "Sel">   --->   Core 73 'Sel' <Latency = 0> <II = 1> <Delay = 0.40> <FuncUnit> <Opcode : 'select'> <InPorts = 3> <OutPorts = 1>
ST_4 : Operation 93 [1/1] (0.00ns)   --->   "%offsetR = bitconcatenate i22 @_ssdm_op_BitConcatenate.i22.i10.i12, i10 %select_ln105_13, i12 0" [D:/dp/zcu106/tpg_dp_live/vivado/tpg_dp_live/tpg_dp_live.runs/bd_85a6_csc_0_synth_1/prj/sol/.autopilot/db/v_csc.cpp:64]   --->   Operation 93 'bitconcatenate' 'offsetR' <Predicate = true> <Delay = 0.00>
ST_4 : Operation 94 [1/1] (0.00ns)   --->   "%sext_ln63_1 = sext i16 %coef32" [D:/dp/zcu106/tpg_dp_live/vivado/tpg_dp_live/tpg_dp_live.runs/bd_85a6_csc_0_synth_1/prj/sol/.autopilot/db/v_csc.cpp:63]   --->   Operation 94 'sext' 'sext_ln63_1' <Predicate = true> <Delay = 0.00>
ST_4 : Operation 95 [1/1] (0.00ns)   --->   "%sext_ln63_2 = sext i16 %coef31" [D:/dp/zcu106/tpg_dp_live/vivado/tpg_dp_live/tpg_dp_live.runs/bd_85a6_csc_0_synth_1/prj/sol/.autopilot/db/v_csc.cpp:63]   --->   Operation 95 'sext' 'sext_ln63_2' <Predicate = true> <Delay = 0.00>
ST_4 : Operation 96 [1/1] (0.00ns)   --->   "%sext_ln63_4 = sext i16 %coef22" [D:/dp/zcu106/tpg_dp_live/vivado/tpg_dp_live/tpg_dp_live.runs/bd_85a6_csc_0_synth_1/prj/sol/.autopilot/db/v_csc.cpp:63]   --->   Operation 96 'sext' 'sext_ln63_4' <Predicate = true> <Delay = 0.00>
ST_4 : Operation 97 [1/1] (0.00ns)   --->   "%sext_ln63_5 = sext i16 %coef21" [D:/dp/zcu106/tpg_dp_live/vivado/tpg_dp_live/tpg_dp_live.runs/bd_85a6_csc_0_synth_1/prj/sol/.autopilot/db/v_csc.cpp:63]   --->   Operation 97 'sext' 'sext_ln63_5' <Predicate = true> <Delay = 0.00>
ST_4 : Operation 98 [1/1] (0.00ns)   --->   "%sext_ln63_7 = sext i16 %coef12" [D:/dp/zcu106/tpg_dp_live/vivado/tpg_dp_live/tpg_dp_live.runs/bd_85a6_csc_0_synth_1/prj/sol/.autopilot/db/v_csc.cpp:63]   --->   Operation 98 'sext' 'sext_ln63_7' <Predicate = true> <Delay = 0.00>
ST_4 : Operation 99 [1/1] (0.00ns)   --->   "%sext_ln63_8 = sext i16 %coef11" [D:/dp/zcu106/tpg_dp_live/vivado/tpg_dp_live/tpg_dp_live.runs/bd_85a6_csc_0_synth_1/prj/sol/.autopilot/db/v_csc.cpp:63]   --->   Operation 99 'sext' 'sext_ln63_8' <Predicate = true> <Delay = 0.00>
ST_4 : Operation 100 [1/1] (0.00ns)   --->   "%zext_ln61 = zext i8 %Rpix" [D:/dp/zcu106/tpg_dp_live/vivado/tpg_dp_live/tpg_dp_live.runs/bd_85a6_csc_0_synth_1/prj/sol/.autopilot/db/v_csc.cpp:61]   --->   Operation 100 'zext' 'zext_ln61' <Predicate = true> <Delay = 0.00>
ST_4 : Operation 101 [1/1] (0.00ns)   --->   "%zext_ln61_1 = zext i8 %Gpix" [D:/dp/zcu106/tpg_dp_live/vivado/tpg_dp_live/tpg_dp_live.runs/bd_85a6_csc_0_synth_1/prj/sol/.autopilot/db/v_csc.cpp:61]   --->   Operation 101 'zext' 'zext_ln61_1' <Predicate = true> <Delay = 0.00>
ST_4 : Operation 102 [1/1] (0.00ns)   --->   "%or_ln147 = or i22 %offsetR, i22 2048" [D:/dp/zcu106/tpg_dp_live/vivado/tpg_dp_live/tpg_dp_live.runs/bd_85a6_csc_0_synth_1/prj/sol/.autopilot/db/v_csc.cpp:147]   --->   Operation 102 'or' 'or_ln147' <Predicate = true> <Delay = 0.00>
ST_4 : Operation 103 [1/1] (0.00ns)   --->   "%sext_ln147 = sext i22 %or_ln147" [D:/dp/zcu106/tpg_dp_live/vivado/tpg_dp_live/tpg_dp_live.runs/bd_85a6_csc_0_synth_1/prj/sol/.autopilot/db/v_csc.cpp:147]   --->   Operation 103 'sext' 'sext_ln147' <Predicate = true> <Delay = 0.00>
ST_4 : Operation 104 [1/1] (2.38ns)   --->   "%mul_ln147 = mul i24 %sext_ln63_8, i24 %zext_ln61" [D:/dp/zcu106/tpg_dp_live/vivado/tpg_dp_live/tpg_dp_live.runs/bd_85a6_csc_0_synth_1/prj/sol/.autopilot/db/v_csc.cpp:147]   --->   Operation 104 'mul' 'mul_ln147' <Predicate = true> <Delay = 2.38> <CoreInst = "Multiplier">   --->   Core 3 'Multiplier' <Latency = 0> <II = 1> <Delay = 2.38> <FuncUnit> <Opcode : 'mul'> <InPorts = 2> <OutPorts = 1>
ST_4 : Operation 105 [1/1] (0.00ns)   --->   "%sext_ln147_1 = sext i24 %mul_ln147" [D:/dp/zcu106/tpg_dp_live/vivado/tpg_dp_live/tpg_dp_live.runs/bd_85a6_csc_0_synth_1/prj/sol/.autopilot/db/v_csc.cpp:147]   --->   Operation 105 'sext' 'sext_ln147_1' <Predicate = true> <Delay = 0.00>
ST_4 : Operation 106 [1/1] (2.38ns)   --->   "%mul_ln147_1 = mul i24 %sext_ln63_7, i24 %zext_ln61_1" [D:/dp/zcu106/tpg_dp_live/vivado/tpg_dp_live/tpg_dp_live.runs/bd_85a6_csc_0_synth_1/prj/sol/.autopilot/db/v_csc.cpp:147]   --->   Operation 106 'mul' 'mul_ln147_1' <Predicate = true> <Delay = 2.38> <CoreInst = "Multiplier">   --->   Core 3 'Multiplier' <Latency = 0> <II = 1> <Delay = 2.38> <FuncUnit> <Opcode : 'mul'> <InPorts = 2> <OutPorts = 1>
ST_4 : Operation 107 [1/1] (0.00ns)   --->   "%sext_ln147_2 = sext i24 %mul_ln147_1" [D:/dp/zcu106/tpg_dp_live/vivado/tpg_dp_live/tpg_dp_live.runs/bd_85a6_csc_0_synth_1/prj/sol/.autopilot/db/v_csc.cpp:147]   --->   Operation 107 'sext' 'sext_ln147_2' <Predicate = true> <Delay = 0.00>
ST_4 : Operation 108 [1/3] (0.00ns) (grouped into DSP with root node add_ln147_1)   --->   "%mul_ln147_2 = mul i24 %zext_ln95, i24 %sext_ln63_6" [D:/dp/zcu106/tpg_dp_live/vivado/tpg_dp_live/tpg_dp_live.runs/bd_85a6_csc_0_synth_1/prj/sol/.autopilot/db/v_csc.cpp:147]   --->   Operation 108 'mul' 'mul_ln147_2' <Predicate = true> <Delay = 0.00> <CoreInst = "DSP48">   --->   Core 127 'DSP48' <Latency = 3> <II = 1> <Delay = 0.53> <IPBlock> <Opcode : '<invalid operator> ' 'mul' 'add' 'sub' 'select'> <InPorts = 0> <OutPorts = 1> <Sync> <CReg>
ST_4 : Operation 109 [1/1] (0.00ns) (grouped into DSP with root node add_ln147_1)   --->   "%sext_ln147_3 = sext i24 %mul_ln147_2" [D:/dp/zcu106/tpg_dp_live/vivado/tpg_dp_live/tpg_dp_live.runs/bd_85a6_csc_0_synth_1/prj/sol/.autopilot/db/v_csc.cpp:147]   --->   Operation 109 'sext' 'sext_ln147_3' <Predicate = true> <Delay = 0.00>
ST_4 : Operation 110 [1/1] (0.93ns)   --->   "%add_ln147_4 = add i24 %mul_ln147_1, i24 %mul_ln147" [D:/dp/zcu106/tpg_dp_live/vivado/tpg_dp_live/tpg_dp_live.runs/bd_85a6_csc_0_synth_1/prj/sol/.autopilot/db/v_csc.cpp:147]   --->   Operation 110 'add' 'add_ln147_4' <Predicate = true> <Delay = 0.93> <CoreInst = "Adder">   --->   Core 1 'Adder' <Latency = 0> <II = 1> <Delay = 0.93> <FuncUnit> <Opcode : 'add' 'sub'> <InPorts = 2> <OutPorts = 1>
ST_4 : Operation 111 [1/1] (0.93ns)   --->   "%add_ln147 = add i25 %sext_ln147_2, i25 %sext_ln147_1" [D:/dp/zcu106/tpg_dp_live/vivado/tpg_dp_live/tpg_dp_live.runs/bd_85a6_csc_0_synth_1/prj/sol/.autopilot/db/v_csc.cpp:147]   --->   Operation 111 'add' 'add_ln147' <Predicate = true> <Delay = 0.93> <CoreInst = "Adder">   --->   Core 1 'Adder' <Latency = 0> <II = 1> <Delay = 0.93> <FuncUnit> <Opcode : 'add' 'sub'> <InPorts = 2> <OutPorts = 1>
ST_4 : Operation 112 [1/1] (0.00ns)   --->   "%trunc_ln147 = trunc i24 %add_ln147_4" [D:/dp/zcu106/tpg_dp_live/vivado/tpg_dp_live/tpg_dp_live.runs/bd_85a6_csc_0_synth_1/prj/sol/.autopilot/db/v_csc.cpp:147]   --->   Operation 112 'trunc' 'trunc_ln147' <Predicate = true> <Delay = 0.00>
ST_4 : Operation 113 [2/2] (0.64ns) (root node of the DSP)   --->   "%add_ln147_1 = add i25 %sext_ln147_3, i25 %sext_ln147" [D:/dp/zcu106/tpg_dp_live/vivado/tpg_dp_live/tpg_dp_live.runs/bd_85a6_csc_0_synth_1/prj/sol/.autopilot/db/v_csc.cpp:147]   --->   Operation 113 'add' 'add_ln147_1' <Predicate = true> <Delay = 0.64> <CoreInst = "DSP48">   --->   Core 127 'DSP48' <Latency = 3> <II = 1> <Delay = 0.53> <IPBlock> <Opcode : '<invalid operator> ' 'mul' 'add' 'sub' 'select'> <InPorts = 0> <OutPorts = 1> <Sync> <CReg>
ST_4 : Operation 114 [1/1] (0.00ns)   --->   "%or_ln149 = or i22 %offsetG, i22 2048" [D:/dp/zcu106/tpg_dp_live/vivado/tpg_dp_live/tpg_dp_live.runs/bd_85a6_csc_0_synth_1/prj/sol/.autopilot/db/v_csc.cpp:149]   --->   Operation 114 'or' 'or_ln149' <Predicate = true> <Delay = 0.00>
ST_4 : Operation 115 [1/1] (0.00ns)   --->   "%sext_ln149 = sext i22 %or_ln149" [D:/dp/zcu106/tpg_dp_live/vivado/tpg_dp_live/tpg_dp_live.runs/bd_85a6_csc_0_synth_1/prj/sol/.autopilot/db/v_csc.cpp:149]   --->   Operation 115 'sext' 'sext_ln149' <Predicate = true> <Delay = 0.00>
ST_4 : Operation 116 [1/1] (2.38ns)   --->   "%mul_ln149 = mul i24 %sext_ln63_5, i24 %zext_ln61" [D:/dp/zcu106/tpg_dp_live/vivado/tpg_dp_live/tpg_dp_live.runs/bd_85a6_csc_0_synth_1/prj/sol/.autopilot/db/v_csc.cpp:149]   --->   Operation 116 'mul' 'mul_ln149' <Predicate = true> <Delay = 2.38> <CoreInst = "Multiplier">   --->   Core 3 'Multiplier' <Latency = 0> <II = 1> <Delay = 2.38> <FuncUnit> <Opcode : 'mul'> <InPorts = 2> <OutPorts = 1>
ST_4 : Operation 117 [1/1] (0.00ns)   --->   "%sext_ln149_1 = sext i24 %mul_ln149" [D:/dp/zcu106/tpg_dp_live/vivado/tpg_dp_live/tpg_dp_live.runs/bd_85a6_csc_0_synth_1/prj/sol/.autopilot/db/v_csc.cpp:149]   --->   Operation 117 'sext' 'sext_ln149_1' <Predicate = true> <Delay = 0.00>
ST_4 : Operation 118 [1/1] (2.38ns)   --->   "%mul_ln149_1 = mul i24 %sext_ln63_4, i24 %zext_ln61_1" [D:/dp/zcu106/tpg_dp_live/vivado/tpg_dp_live/tpg_dp_live.runs/bd_85a6_csc_0_synth_1/prj/sol/.autopilot/db/v_csc.cpp:149]   --->   Operation 118 'mul' 'mul_ln149_1' <Predicate = true> <Delay = 2.38> <CoreInst = "Multiplier">   --->   Core 3 'Multiplier' <Latency = 0> <II = 1> <Delay = 2.38> <FuncUnit> <Opcode : 'mul'> <InPorts = 2> <OutPorts = 1>
ST_4 : Operation 119 [1/1] (0.00ns)   --->   "%sext_ln149_2 = sext i24 %mul_ln149_1" [D:/dp/zcu106/tpg_dp_live/vivado/tpg_dp_live/tpg_dp_live.runs/bd_85a6_csc_0_synth_1/prj/sol/.autopilot/db/v_csc.cpp:149]   --->   Operation 119 'sext' 'sext_ln149_2' <Predicate = true> <Delay = 0.00>
ST_4 : Operation 120 [1/3] (0.00ns) (grouped into DSP with root node add_ln149_1)   --->   "%mul_ln149_2 = mul i24 %zext_ln95, i24 %sext_ln63_3" [D:/dp/zcu106/tpg_dp_live/vivado/tpg_dp_live/tpg_dp_live.runs/bd_85a6_csc_0_synth_1/prj/sol/.autopilot/db/v_csc.cpp:149]   --->   Operation 120 'mul' 'mul_ln149_2' <Predicate = true> <Delay = 0.00> <CoreInst = "DSP48">   --->   Core 127 'DSP48' <Latency = 3> <II = 1> <Delay = 0.53> <IPBlock> <Opcode : '<invalid operator> ' 'mul' 'add' 'sub' 'select'> <InPorts = 0> <OutPorts = 1> <Sync> <CReg>
ST_4 : Operation 121 [1/1] (0.00ns) (grouped into DSP with root node add_ln149_1)   --->   "%sext_ln149_3 = sext i24 %mul_ln149_2" [D:/dp/zcu106/tpg_dp_live/vivado/tpg_dp_live/tpg_dp_live.runs/bd_85a6_csc_0_synth_1/prj/sol/.autopilot/db/v_csc.cpp:149]   --->   Operation 121 'sext' 'sext_ln149_3' <Predicate = true> <Delay = 0.00>
ST_4 : Operation 122 [1/1] (0.93ns)   --->   "%add_ln149_4 = add i24 %mul_ln149_1, i24 %mul_ln149" [D:/dp/zcu106/tpg_dp_live/vivado/tpg_dp_live/tpg_dp_live.runs/bd_85a6_csc_0_synth_1/prj/sol/.autopilot/db/v_csc.cpp:149]   --->   Operation 122 'add' 'add_ln149_4' <Predicate = true> <Delay = 0.93> <CoreInst = "Adder">   --->   Core 1 'Adder' <Latency = 0> <II = 1> <Delay = 0.93> <FuncUnit> <Opcode : 'add' 'sub'> <InPorts = 2> <OutPorts = 1>
ST_4 : Operation 123 [1/1] (0.93ns)   --->   "%add_ln149 = add i25 %sext_ln149_2, i25 %sext_ln149_1" [D:/dp/zcu106/tpg_dp_live/vivado/tpg_dp_live/tpg_dp_live.runs/bd_85a6_csc_0_synth_1/prj/sol/.autopilot/db/v_csc.cpp:149]   --->   Operation 123 'add' 'add_ln149' <Predicate = true> <Delay = 0.93> <CoreInst = "Adder">   --->   Core 1 'Adder' <Latency = 0> <II = 1> <Delay = 0.93> <FuncUnit> <Opcode : 'add' 'sub'> <InPorts = 2> <OutPorts = 1>
ST_4 : Operation 124 [1/1] (0.00ns)   --->   "%trunc_ln149 = trunc i24 %add_ln149_4" [D:/dp/zcu106/tpg_dp_live/vivado/tpg_dp_live/tpg_dp_live.runs/bd_85a6_csc_0_synth_1/prj/sol/.autopilot/db/v_csc.cpp:149]   --->   Operation 124 'trunc' 'trunc_ln149' <Predicate = true> <Delay = 0.00>
ST_4 : Operation 125 [2/2] (0.64ns) (root node of the DSP)   --->   "%add_ln149_1 = add i25 %sext_ln149_3, i25 %sext_ln149" [D:/dp/zcu106/tpg_dp_live/vivado/tpg_dp_live/tpg_dp_live.runs/bd_85a6_csc_0_synth_1/prj/sol/.autopilot/db/v_csc.cpp:149]   --->   Operation 125 'add' 'add_ln149_1' <Predicate = true> <Delay = 0.64> <CoreInst = "DSP48">   --->   Core 127 'DSP48' <Latency = 3> <II = 1> <Delay = 0.53> <IPBlock> <Opcode : '<invalid operator> ' 'mul' 'add' 'sub' 'select'> <InPorts = 0> <OutPorts = 1> <Sync> <CReg>
ST_4 : Operation 126 [1/1] (0.00ns)   --->   "%or_ln151 = or i22 %offsetB, i22 2048" [D:/dp/zcu106/tpg_dp_live/vivado/tpg_dp_live/tpg_dp_live.runs/bd_85a6_csc_0_synth_1/prj/sol/.autopilot/db/v_csc.cpp:151]   --->   Operation 126 'or' 'or_ln151' <Predicate = true> <Delay = 0.00>
ST_4 : Operation 127 [1/1] (0.00ns)   --->   "%sext_ln151 = sext i22 %or_ln151" [D:/dp/zcu106/tpg_dp_live/vivado/tpg_dp_live/tpg_dp_live.runs/bd_85a6_csc_0_synth_1/prj/sol/.autopilot/db/v_csc.cpp:151]   --->   Operation 127 'sext' 'sext_ln151' <Predicate = true> <Delay = 0.00>
ST_4 : Operation 128 [1/1] (2.38ns)   --->   "%mul_ln151 = mul i24 %sext_ln63_2, i24 %zext_ln61" [D:/dp/zcu106/tpg_dp_live/vivado/tpg_dp_live/tpg_dp_live.runs/bd_85a6_csc_0_synth_1/prj/sol/.autopilot/db/v_csc.cpp:151]   --->   Operation 128 'mul' 'mul_ln151' <Predicate = true> <Delay = 2.38> <CoreInst = "Multiplier">   --->   Core 3 'Multiplier' <Latency = 0> <II = 1> <Delay = 2.38> <FuncUnit> <Opcode : 'mul'> <InPorts = 2> <OutPorts = 1>
ST_4 : Operation 129 [1/1] (0.00ns)   --->   "%sext_ln151_1 = sext i24 %mul_ln151" [D:/dp/zcu106/tpg_dp_live/vivado/tpg_dp_live/tpg_dp_live.runs/bd_85a6_csc_0_synth_1/prj/sol/.autopilot/db/v_csc.cpp:151]   --->   Operation 129 'sext' 'sext_ln151_1' <Predicate = true> <Delay = 0.00>
ST_4 : Operation 130 [1/1] (2.38ns)   --->   "%mul_ln151_1 = mul i24 %sext_ln63_1, i24 %zext_ln61_1" [D:/dp/zcu106/tpg_dp_live/vivado/tpg_dp_live/tpg_dp_live.runs/bd_85a6_csc_0_synth_1/prj/sol/.autopilot/db/v_csc.cpp:151]   --->   Operation 130 'mul' 'mul_ln151_1' <Predicate = true> <Delay = 2.38> <CoreInst = "Multiplier">   --->   Core 3 'Multiplier' <Latency = 0> <II = 1> <Delay = 2.38> <FuncUnit> <Opcode : 'mul'> <InPorts = 2> <OutPorts = 1>
ST_4 : Operation 131 [1/1] (0.00ns)   --->   "%sext_ln151_2 = sext i24 %mul_ln151_1" [D:/dp/zcu106/tpg_dp_live/vivado/tpg_dp_live/tpg_dp_live.runs/bd_85a6_csc_0_synth_1/prj/sol/.autopilot/db/v_csc.cpp:151]   --->   Operation 131 'sext' 'sext_ln151_2' <Predicate = true> <Delay = 0.00>
ST_4 : Operation 132 [1/3] (0.00ns) (grouped into DSP with root node add_ln151_1)   --->   "%mul_ln151_2 = mul i24 %zext_ln95, i24 %sext_ln63" [D:/dp/zcu106/tpg_dp_live/vivado/tpg_dp_live/tpg_dp_live.runs/bd_85a6_csc_0_synth_1/prj/sol/.autopilot/db/v_csc.cpp:151]   --->   Operation 132 'mul' 'mul_ln151_2' <Predicate = true> <Delay = 0.00> <CoreInst = "DSP48">   --->   Core 127 'DSP48' <Latency = 3> <II = 1> <Delay = 0.53> <IPBlock> <Opcode : '<invalid operator> ' 'mul' 'add' 'sub' 'select'> <InPorts = 0> <OutPorts = 1> <Sync> <CReg>
ST_4 : Operation 133 [1/1] (0.00ns) (grouped into DSP with root node add_ln151_1)   --->   "%sext_ln151_3 = sext i24 %mul_ln151_2" [D:/dp/zcu106/tpg_dp_live/vivado/tpg_dp_live/tpg_dp_live.runs/bd_85a6_csc_0_synth_1/prj/sol/.autopilot/db/v_csc.cpp:151]   --->   Operation 133 'sext' 'sext_ln151_3' <Predicate = true> <Delay = 0.00>
ST_4 : Operation 134 [1/1] (0.93ns)   --->   "%add_ln151_4 = add i24 %mul_ln151_1, i24 %mul_ln151" [D:/dp/zcu106/tpg_dp_live/vivado/tpg_dp_live/tpg_dp_live.runs/bd_85a6_csc_0_synth_1/prj/sol/.autopilot/db/v_csc.cpp:151]   --->   Operation 134 'add' 'add_ln151_4' <Predicate = true> <Delay = 0.93> <CoreInst = "Adder">   --->   Core 1 'Adder' <Latency = 0> <II = 1> <Delay = 0.93> <FuncUnit> <Opcode : 'add' 'sub'> <InPorts = 2> <OutPorts = 1>
ST_4 : Operation 135 [1/1] (0.93ns)   --->   "%add_ln151 = add i25 %sext_ln151_2, i25 %sext_ln151_1" [D:/dp/zcu106/tpg_dp_live/vivado/tpg_dp_live/tpg_dp_live.runs/bd_85a6_csc_0_synth_1/prj/sol/.autopilot/db/v_csc.cpp:151]   --->   Operation 135 'add' 'add_ln151' <Predicate = true> <Delay = 0.93> <CoreInst = "Adder">   --->   Core 1 'Adder' <Latency = 0> <II = 1> <Delay = 0.93> <FuncUnit> <Opcode : 'add' 'sub'> <InPorts = 2> <OutPorts = 1>
ST_4 : Operation 136 [1/1] (0.00ns)   --->   "%trunc_ln151 = trunc i24 %add_ln151_4" [D:/dp/zcu106/tpg_dp_live/vivado/tpg_dp_live/tpg_dp_live.runs/bd_85a6_csc_0_synth_1/prj/sol/.autopilot/db/v_csc.cpp:151]   --->   Operation 136 'trunc' 'trunc_ln151' <Predicate = true> <Delay = 0.00>
ST_4 : Operation 137 [2/2] (0.64ns) (root node of the DSP)   --->   "%add_ln151_1 = add i25 %sext_ln151_3, i25 %sext_ln151" [D:/dp/zcu106/tpg_dp_live/vivado/tpg_dp_live/tpg_dp_live.runs/bd_85a6_csc_0_synth_1/prj/sol/.autopilot/db/v_csc.cpp:151]   --->   Operation 137 'add' 'add_ln151_1' <Predicate = true> <Delay = 0.64> <CoreInst = "DSP48">   --->   Core 127 'DSP48' <Latency = 3> <II = 1> <Delay = 0.53> <IPBlock> <Opcode : '<invalid operator> ' 'mul' 'add' 'sub' 'select'> <InPorts = 0> <OutPorts = 1> <Sync> <CReg>

State 5 <SV = 4> <Delay = 2.81>
ST_5 : Operation 138 [1/1] (0.39ns)   --->   "%max_val = select i1 %or_ln105_2, i8 %ClipMax_read_1, i8 %ClipMax_2_read_1" [D:/dp/zcu106/tpg_dp_live/vivado/tpg_dp_live/tpg_dp_live.runs/bd_85a6_csc_0_synth_1/prj/sol/.autopilot/db/v_csc.cpp:105]   --->   Operation 138 'select' 'max_val' <Predicate = true> <Delay = 0.39> <CoreInst = "Sel">   --->   Core 73 'Sel' <Latency = 0> <II = 1> <Delay = 0.39> <FuncUnit> <Opcode : 'select'> <InPorts = 3> <OutPorts = 1>
ST_5 : Operation 139 [1/1] (0.39ns)   --->   "%min_val = select i1 %or_ln105_2, i8 %ClampMin_read_1, i8 %ClampMin_2_read_1" [D:/dp/zcu106/tpg_dp_live/vivado/tpg_dp_live/tpg_dp_live.runs/bd_85a6_csc_0_synth_1/prj/sol/.autopilot/db/v_csc.cpp:105]   --->   Operation 139 'select' 'min_val' <Predicate = true> <Delay = 0.39> <CoreInst = "Sel">   --->   Core 73 'Sel' <Latency = 0> <II = 1> <Delay = 0.39> <FuncUnit> <Opcode : 'select'> <InPorts = 3> <OutPorts = 1>
ST_5 : Operation 140 [1/1] (0.00ns)   --->   "%zext_ln65 = zext i8 %min_val" [D:/dp/zcu106/tpg_dp_live/vivado/tpg_dp_live/tpg_dp_live.runs/bd_85a6_csc_0_synth_1/prj/sol/.autopilot/db/v_csc.cpp:65]   --->   Operation 140 'zext' 'zext_ln65' <Predicate = true> <Delay = 0.00>
ST_5 : Operation 141 [1/1] (0.00ns)   --->   "%zext_ln65_1 = zext i8 %max_val" [D:/dp/zcu106/tpg_dp_live/vivado/tpg_dp_live/tpg_dp_live.runs/bd_85a6_csc_0_synth_1/prj/sol/.autopilot/db/v_csc.cpp:65]   --->   Operation 141 'zext' 'zext_ln65_1' <Predicate = true> <Delay = 0.00>
ST_5 : Operation 142 [1/1] (0.00ns)   --->   "%sext_ln147_4 = sext i25 %add_ln147" [D:/dp/zcu106/tpg_dp_live/vivado/tpg_dp_live/tpg_dp_live.runs/bd_85a6_csc_0_synth_1/prj/sol/.autopilot/db/v_csc.cpp:147]   --->   Operation 142 'sext' 'sext_ln147_4' <Predicate = true> <Delay = 0.00>
ST_5 : Operation 143 [1/2] (0.64ns) (root node of the DSP)   --->   "%add_ln147_1 = add i25 %sext_ln147_3, i25 %sext_ln147" [D:/dp/zcu106/tpg_dp_live/vivado/tpg_dp_live/tpg_dp_live.runs/bd_85a6_csc_0_synth_1/prj/sol/.autopilot/db/v_csc.cpp:147]   --->   Operation 143 'add' 'add_ln147_1' <Predicate = true> <Delay = 0.64> <CoreInst = "DSP48">   --->   Core 127 'DSP48' <Latency = 3> <II = 1> <Delay = 0.53> <IPBlock> <Opcode : '<invalid operator> ' 'mul' 'add' 'sub' 'select'> <InPorts = 0> <OutPorts = 1> <Sync> <CReg>
ST_5 : Operation 144 [1/1] (0.00ns)   --->   "%trunc_ln147_1 = trunc i25 %add_ln147_1" [D:/dp/zcu106/tpg_dp_live/vivado/tpg_dp_live/tpg_dp_live.runs/bd_85a6_csc_0_synth_1/prj/sol/.autopilot/db/v_csc.cpp:147]   --->   Operation 144 'trunc' 'trunc_ln147_1' <Predicate = true> <Delay = 0.00>
ST_5 : Operation 145 [1/1] (0.00ns)   --->   "%sext_ln147_5 = sext i25 %add_ln147_1" [D:/dp/zcu106/tpg_dp_live/vivado/tpg_dp_live/tpg_dp_live.runs/bd_85a6_csc_0_synth_1/prj/sol/.autopilot/db/v_csc.cpp:147]   --->   Operation 145 'sext' 'sext_ln147_5' <Predicate = true> <Delay = 0.00>
ST_5 : Operation 146 [1/1] (0.89ns)   --->   "%add_ln147_3 = add i20 %trunc_ln147_1, i20 %trunc_ln147" [D:/dp/zcu106/tpg_dp_live/vivado/tpg_dp_live/tpg_dp_live.runs/bd_85a6_csc_0_synth_1/prj/sol/.autopilot/db/v_csc.cpp:147]   --->   Operation 146 'add' 'add_ln147_3' <Predicate = true> <Delay = 0.89> <CoreInst = "Adder">   --->   Core 1 'Adder' <Latency = 0> <II = 1> <Delay = 0.89> <FuncUnit> <Opcode : 'add' 'sub'> <InPorts = 2> <OutPorts = 1>
ST_5 : Operation 147 [1/1] (0.94ns)   --->   "%add_ln147_2 = add i26 %sext_ln147_5, i26 %sext_ln147_4" [D:/dp/zcu106/tpg_dp_live/vivado/tpg_dp_live/tpg_dp_live.runs/bd_85a6_csc_0_synth_1/prj/sol/.autopilot/db/v_csc.cpp:147]   --->   Operation 147 'add' 'add_ln147_2' <Predicate = true> <Delay = 0.94> <CoreInst = "Adder">   --->   Core 1 'Adder' <Latency = 0> <II = 1> <Delay = 0.94> <FuncUnit> <Opcode : 'add' 'sub'> <InPorts = 2> <OutPorts = 1>
ST_5 : Operation 148 [1/1] (0.00ns)   --->   "%Rres = partselect i14 @_ssdm_op_PartSelect.i14.i26.i32.i32, i26 %add_ln147_2, i32 12, i32 25" [D:/dp/zcu106/tpg_dp_live/vivado/tpg_dp_live/tpg_dp_live.runs/bd_85a6_csc_0_synth_1/prj/sol/.autopilot/db/v_csc.cpp:148]   --->   Operation 148 'partselect' 'Rres' <Predicate = true> <Delay = 0.00>
ST_5 : Operation 149 [1/1] (0.00ns)   --->   "%sext_ln149_4 = sext i25 %add_ln149" [D:/dp/zcu106/tpg_dp_live/vivado/tpg_dp_live/tpg_dp_live.runs/bd_85a6_csc_0_synth_1/prj/sol/.autopilot/db/v_csc.cpp:149]   --->   Operation 149 'sext' 'sext_ln149_4' <Predicate = true> <Delay = 0.00>
ST_5 : Operation 150 [1/2] (0.64ns) (root node of the DSP)   --->   "%add_ln149_1 = add i25 %sext_ln149_3, i25 %sext_ln149" [D:/dp/zcu106/tpg_dp_live/vivado/tpg_dp_live/tpg_dp_live.runs/bd_85a6_csc_0_synth_1/prj/sol/.autopilot/db/v_csc.cpp:149]   --->   Operation 150 'add' 'add_ln149_1' <Predicate = true> <Delay = 0.64> <CoreInst = "DSP48">   --->   Core 127 'DSP48' <Latency = 3> <II = 1> <Delay = 0.53> <IPBlock> <Opcode : '<invalid operator> ' 'mul' 'add' 'sub' 'select'> <InPorts = 0> <OutPorts = 1> <Sync> <CReg>
ST_5 : Operation 151 [1/1] (0.00ns)   --->   "%trunc_ln149_1 = trunc i25 %add_ln149_1" [D:/dp/zcu106/tpg_dp_live/vivado/tpg_dp_live/tpg_dp_live.runs/bd_85a6_csc_0_synth_1/prj/sol/.autopilot/db/v_csc.cpp:149]   --->   Operation 151 'trunc' 'trunc_ln149_1' <Predicate = true> <Delay = 0.00>
ST_5 : Operation 152 [1/1] (0.00ns)   --->   "%sext_ln149_5 = sext i25 %add_ln149_1" [D:/dp/zcu106/tpg_dp_live/vivado/tpg_dp_live/tpg_dp_live.runs/bd_85a6_csc_0_synth_1/prj/sol/.autopilot/db/v_csc.cpp:149]   --->   Operation 152 'sext' 'sext_ln149_5' <Predicate = true> <Delay = 0.00>
ST_5 : Operation 153 [1/1] (0.89ns)   --->   "%add_ln149_3 = add i20 %trunc_ln149_1, i20 %trunc_ln149" [D:/dp/zcu106/tpg_dp_live/vivado/tpg_dp_live/tpg_dp_live.runs/bd_85a6_csc_0_synth_1/prj/sol/.autopilot/db/v_csc.cpp:149]   --->   Operation 153 'add' 'add_ln149_3' <Predicate = true> <Delay = 0.89> <CoreInst = "Adder">   --->   Core 1 'Adder' <Latency = 0> <II = 1> <Delay = 0.89> <FuncUnit> <Opcode : 'add' 'sub'> <InPorts = 2> <OutPorts = 1>
ST_5 : Operation 154 [1/1] (0.94ns)   --->   "%add_ln149_2 = add i26 %sext_ln149_5, i26 %sext_ln149_4" [D:/dp/zcu106/tpg_dp_live/vivado/tpg_dp_live/tpg_dp_live.runs/bd_85a6_csc_0_synth_1/prj/sol/.autopilot/db/v_csc.cpp:149]   --->   Operation 154 'add' 'add_ln149_2' <Predicate = true> <Delay = 0.94> <CoreInst = "Adder">   --->   Core 1 'Adder' <Latency = 0> <II = 1> <Delay = 0.94> <FuncUnit> <Opcode : 'add' 'sub'> <InPorts = 2> <OutPorts = 1>
ST_5 : Operation 155 [1/1] (0.00ns)   --->   "%Gres = partselect i14 @_ssdm_op_PartSelect.i14.i26.i32.i32, i26 %add_ln149_2, i32 12, i32 25" [D:/dp/zcu106/tpg_dp_live/vivado/tpg_dp_live/tpg_dp_live.runs/bd_85a6_csc_0_synth_1/prj/sol/.autopilot/db/v_csc.cpp:150]   --->   Operation 155 'partselect' 'Gres' <Predicate = true> <Delay = 0.00>
ST_5 : Operation 156 [1/1] (0.00ns)   --->   "%sext_ln151_4 = sext i25 %add_ln151" [D:/dp/zcu106/tpg_dp_live/vivado/tpg_dp_live/tpg_dp_live.runs/bd_85a6_csc_0_synth_1/prj/sol/.autopilot/db/v_csc.cpp:151]   --->   Operation 156 'sext' 'sext_ln151_4' <Predicate = true> <Delay = 0.00>
ST_5 : Operation 157 [1/2] (0.64ns) (root node of the DSP)   --->   "%add_ln151_1 = add i25 %sext_ln151_3, i25 %sext_ln151" [D:/dp/zcu106/tpg_dp_live/vivado/tpg_dp_live/tpg_dp_live.runs/bd_85a6_csc_0_synth_1/prj/sol/.autopilot/db/v_csc.cpp:151]   --->   Operation 157 'add' 'add_ln151_1' <Predicate = true> <Delay = 0.64> <CoreInst = "DSP48">   --->   Core 127 'DSP48' <Latency = 3> <II = 1> <Delay = 0.53> <IPBlock> <Opcode : '<invalid operator> ' 'mul' 'add' 'sub' 'select'> <InPorts = 0> <OutPorts = 1> <Sync> <CReg>
ST_5 : Operation 158 [1/1] (0.00ns)   --->   "%trunc_ln151_1 = trunc i25 %add_ln151_1" [D:/dp/zcu106/tpg_dp_live/vivado/tpg_dp_live/tpg_dp_live.runs/bd_85a6_csc_0_synth_1/prj/sol/.autopilot/db/v_csc.cpp:151]   --->   Operation 158 'trunc' 'trunc_ln151_1' <Predicate = true> <Delay = 0.00>
ST_5 : Operation 159 [1/1] (0.00ns)   --->   "%sext_ln151_5 = sext i25 %add_ln151_1" [D:/dp/zcu106/tpg_dp_live/vivado/tpg_dp_live/tpg_dp_live.runs/bd_85a6_csc_0_synth_1/prj/sol/.autopilot/db/v_csc.cpp:151]   --->   Operation 159 'sext' 'sext_ln151_5' <Predicate = true> <Delay = 0.00>
ST_5 : Operation 160 [1/1] (0.89ns)   --->   "%add_ln151_3 = add i20 %trunc_ln151_1, i20 %trunc_ln151" [D:/dp/zcu106/tpg_dp_live/vivado/tpg_dp_live/tpg_dp_live.runs/bd_85a6_csc_0_synth_1/prj/sol/.autopilot/db/v_csc.cpp:151]   --->   Operation 160 'add' 'add_ln151_3' <Predicate = true> <Delay = 0.89> <CoreInst = "Adder">   --->   Core 1 'Adder' <Latency = 0> <II = 1> <Delay = 0.89> <FuncUnit> <Opcode : 'add' 'sub'> <InPorts = 2> <OutPorts = 1>
ST_5 : Operation 161 [1/1] (0.94ns)   --->   "%add_ln151_2 = add i26 %sext_ln151_5, i26 %sext_ln151_4" [D:/dp/zcu106/tpg_dp_live/vivado/tpg_dp_live/tpg_dp_live.runs/bd_85a6_csc_0_synth_1/prj/sol/.autopilot/db/v_csc.cpp:151]   --->   Operation 161 'add' 'add_ln151_2' <Predicate = true> <Delay = 0.94> <CoreInst = "Adder">   --->   Core 1 'Adder' <Latency = 0> <II = 1> <Delay = 0.94> <FuncUnit> <Opcode : 'add' 'sub'> <InPorts = 2> <OutPorts = 1>
ST_5 : Operation 162 [1/1] (0.00ns)   --->   "%Bres = partselect i14 @_ssdm_op_PartSelect.i14.i26.i32.i32, i26 %add_ln151_2, i32 12, i32 25" [D:/dp/zcu106/tpg_dp_live/vivado/tpg_dp_live/tpg_dp_live.runs/bd_85a6_csc_0_synth_1/prj/sol/.autopilot/db/v_csc.cpp:152]   --->   Operation 162 'partselect' 'Bres' <Predicate = true> <Delay = 0.00>
ST_5 : Operation 163 [1/1] (0.83ns)   --->   "%icmp_ln153 = icmp_slt  i14 %Rres, i14 %zext_ln65" [D:/dp/zcu106/tpg_dp_live/vivado/tpg_dp_live/tpg_dp_live.runs/bd_85a6_csc_0_synth_1/prj/sol/.autopilot/db/v_csc.cpp:153]   --->   Operation 163 'icmp' 'icmp_ln153' <Predicate = true> <Delay = 0.83> <CoreInst = "Cmp">   --->   Core 9 'Cmp' <Latency = 0> <II = 1> <Delay = 0.83> <FuncUnit> <Opcode : 'icmp'> <InPorts = 2> <OutPorts = 1>
ST_5 : Operation 164 [1/1] (0.83ns)   --->   "%icmp_ln153_1 = icmp_sgt  i14 %Rres, i14 %zext_ln65_1" [D:/dp/zcu106/tpg_dp_live/vivado/tpg_dp_live/tpg_dp_live.runs/bd_85a6_csc_0_synth_1/prj/sol/.autopilot/db/v_csc.cpp:153]   --->   Operation 164 'icmp' 'icmp_ln153_1' <Predicate = true> <Delay = 0.83> <CoreInst = "Cmp">   --->   Core 9 'Cmp' <Latency = 0> <II = 1> <Delay = 0.83> <FuncUnit> <Opcode : 'icmp'> <InPorts = 2> <OutPorts = 1>
ST_5 : Operation 165 [1/1] (0.00ns) (grouped into LUT with out node select_ln153_1)   --->   "%trunc_ln = partselect i8 @_ssdm_op_PartSelect.i8.i20.i32.i32, i20 %add_ln147_3, i32 12, i32 19" [D:/dp/zcu106/tpg_dp_live/vivado/tpg_dp_live/tpg_dp_live.runs/bd_85a6_csc_0_synth_1/prj/sol/.autopilot/db/v_csc.cpp:153]   --->   Operation 165 'partselect' 'trunc_ln' <Predicate = true> <Delay = 0.00>
ST_5 : Operation 166 [1/1] (0.00ns) (grouped into LUT with out node select_ln153_1)   --->   "%select_ln153 = select i1 %icmp_ln153_1, i8 %max_val, i8 %trunc_ln" [D:/dp/zcu106/tpg_dp_live/vivado/tpg_dp_live/tpg_dp_live.runs/bd_85a6_csc_0_synth_1/prj/sol/.autopilot/db/v_csc.cpp:153]   --->   Operation 166 'select' 'select_ln153' <Predicate = true> <Delay = 0.00> <CoreInst = "Sel">   --->   Core 73 'Sel' <Latency = 0> <II = 1> <Delay = 0.39> <FuncUnit> <Opcode : 'select'> <InPorts = 3> <OutPorts = 1>
ST_5 : Operation 167 [1/1] (0.39ns) (out node of the LUT)   --->   "%select_ln153_1 = select i1 %icmp_ln153, i8 %min_val, i8 %select_ln153" [D:/dp/zcu106/tpg_dp_live/vivado/tpg_dp_live/tpg_dp_live.runs/bd_85a6_csc_0_synth_1/prj/sol/.autopilot/db/v_csc.cpp:153]   --->   Operation 167 'select' 'select_ln153_1' <Predicate = true> <Delay = 0.39> <CoreInst = "Sel">   --->   Core 73 'Sel' <Latency = 0> <II = 1> <Delay = 0.39> <FuncUnit> <Opcode : 'select'> <InPorts = 3> <OutPorts = 1>
ST_5 : Operation 168 [1/1] (0.83ns)   --->   "%icmp_ln154 = icmp_slt  i14 %Gres, i14 %zext_ln65" [D:/dp/zcu106/tpg_dp_live/vivado/tpg_dp_live/tpg_dp_live.runs/bd_85a6_csc_0_synth_1/prj/sol/.autopilot/db/v_csc.cpp:154]   --->   Operation 168 'icmp' 'icmp_ln154' <Predicate = true> <Delay = 0.83> <CoreInst = "Cmp">   --->   Core 9 'Cmp' <Latency = 0> <II = 1> <Delay = 0.83> <FuncUnit> <Opcode : 'icmp'> <InPorts = 2> <OutPorts = 1>
ST_5 : Operation 169 [1/1] (0.83ns)   --->   "%icmp_ln154_1 = icmp_sgt  i14 %Gres, i14 %zext_ln65_1" [D:/dp/zcu106/tpg_dp_live/vivado/tpg_dp_live/tpg_dp_live.runs/bd_85a6_csc_0_synth_1/prj/sol/.autopilot/db/v_csc.cpp:154]   --->   Operation 169 'icmp' 'icmp_ln154_1' <Predicate = true> <Delay = 0.83> <CoreInst = "Cmp">   --->   Core 9 'Cmp' <Latency = 0> <II = 1> <Delay = 0.83> <FuncUnit> <Opcode : 'icmp'> <InPorts = 2> <OutPorts = 1>
ST_5 : Operation 170 [1/1] (0.00ns) (grouped into LUT with out node select_ln154_1)   --->   "%trunc_ln4 = partselect i8 @_ssdm_op_PartSelect.i8.i20.i32.i32, i20 %add_ln149_3, i32 12, i32 19" [D:/dp/zcu106/tpg_dp_live/vivado/tpg_dp_live/tpg_dp_live.runs/bd_85a6_csc_0_synth_1/prj/sol/.autopilot/db/v_csc.cpp:154]   --->   Operation 170 'partselect' 'trunc_ln4' <Predicate = true> <Delay = 0.00>
ST_5 : Operation 171 [1/1] (0.83ns)   --->   "%icmp_ln155 = icmp_slt  i14 %Bres, i14 %zext_ln65" [D:/dp/zcu106/tpg_dp_live/vivado/tpg_dp_live/tpg_dp_live.runs/bd_85a6_csc_0_synth_1/prj/sol/.autopilot/db/v_csc.cpp:155]   --->   Operation 171 'icmp' 'icmp_ln155' <Predicate = true> <Delay = 0.83> <CoreInst = "Cmp">   --->   Core 9 'Cmp' <Latency = 0> <II = 1> <Delay = 0.83> <FuncUnit> <Opcode : 'icmp'> <InPorts = 2> <OutPorts = 1>
ST_5 : Operation 172 [1/1] (0.83ns)   --->   "%icmp_ln155_1 = icmp_sgt  i14 %Bres, i14 %zext_ln65_1" [D:/dp/zcu106/tpg_dp_live/vivado/tpg_dp_live/tpg_dp_live.runs/bd_85a6_csc_0_synth_1/prj/sol/.autopilot/db/v_csc.cpp:155]   --->   Operation 172 'icmp' 'icmp_ln155_1' <Predicate = true> <Delay = 0.83> <CoreInst = "Cmp">   --->   Core 9 'Cmp' <Latency = 0> <II = 1> <Delay = 0.83> <FuncUnit> <Opcode : 'icmp'> <InPorts = 2> <OutPorts = 1>
ST_5 : Operation 173 [1/1] (0.00ns) (grouped into LUT with out node select_ln155_1)   --->   "%trunc_ln5 = partselect i8 @_ssdm_op_PartSelect.i8.i20.i32.i32, i20 %add_ln151_3, i32 12, i32 19" [D:/dp/zcu106/tpg_dp_live/vivado/tpg_dp_live/tpg_dp_live.runs/bd_85a6_csc_0_synth_1/prj/sol/.autopilot/db/v_csc.cpp:155]   --->   Operation 173 'partselect' 'trunc_ln5' <Predicate = true> <Delay = 0.00>
ST_5 : Operation 174 [1/1] (0.00ns) (grouped into LUT with out node select_ln155_1)   --->   "%select_ln155 = select i1 %icmp_ln155_1, i8 %max_val, i8 %trunc_ln5" [D:/dp/zcu106/tpg_dp_live/vivado/tpg_dp_live/tpg_dp_live.runs/bd_85a6_csc_0_synth_1/prj/sol/.autopilot/db/v_csc.cpp:155]   --->   Operation 174 'select' 'select_ln155' <Predicate = true> <Delay = 0.00> <CoreInst = "Sel">   --->   Core 73 'Sel' <Latency = 0> <II = 1> <Delay = 0.39> <FuncUnit> <Opcode : 'select'> <InPorts = 3> <OutPorts = 1>
ST_5 : Operation 175 [1/1] (0.39ns) (out node of the LUT)   --->   "%select_ln155_1 = select i1 %icmp_ln155, i8 %min_val, i8 %select_ln155" [D:/dp/zcu106/tpg_dp_live/vivado/tpg_dp_live/tpg_dp_live.runs/bd_85a6_csc_0_synth_1/prj/sol/.autopilot/db/v_csc.cpp:155]   --->   Operation 175 'select' 'select_ln155_1' <Predicate = true> <Delay = 0.39> <CoreInst = "Sel">   --->   Core 73 'Sel' <Latency = 0> <II = 1> <Delay = 0.39> <FuncUnit> <Opcode : 'select'> <InPorts = 3> <OutPorts = 1>
ST_5 : Operation 176 [1/1] (0.00ns) (grouped into LUT with out node select_ln154_1)   --->   "%select_ln154 = select i1 %icmp_ln154_1, i8 %max_val, i8 %trunc_ln4" [D:/dp/zcu106/tpg_dp_live/vivado/tpg_dp_live/tpg_dp_live.runs/bd_85a6_csc_0_synth_1/prj/sol/.autopilot/db/v_csc.cpp:154]   --->   Operation 176 'select' 'select_ln154' <Predicate = true> <Delay = 0.00> <CoreInst = "Sel">   --->   Core 73 'Sel' <Latency = 0> <II = 1> <Delay = 0.39> <FuncUnit> <Opcode : 'select'> <InPorts = 3> <OutPorts = 1>
ST_5 : Operation 177 [1/1] (0.39ns) (out node of the LUT)   --->   "%select_ln154_1 = select i1 %icmp_ln154, i8 %min_val, i8 %select_ln154" [D:/dp/zcu106/tpg_dp_live/vivado/tpg_dp_live/tpg_dp_live.runs/bd_85a6_csc_0_synth_1/prj/sol/.autopilot/db/v_csc.cpp:154]   --->   Operation 177 'select' 'select_ln154_1' <Predicate = true> <Delay = 0.39> <CoreInst = "Sel">   --->   Core 73 'Sel' <Latency = 0> <II = 1> <Delay = 0.39> <FuncUnit> <Opcode : 'select'> <InPorts = 3> <OutPorts = 1>
ST_5 : Operation 183 [1/1] (0.00ns)   --->   "%ret_ln0 = ret"   --->   Operation 183 'ret' 'ret_ln0' <Predicate = (icmp_ln91)> <Delay = 0.00>

State 6 <SV = 5> <Delay = 1.94>
ST_6 : Operation 178 [1/1] (0.00ns)   --->   "%specpipeline_ln94 = specpipeline void @_ssdm_op_SpecPipeline, i32 1, i32 0, i32 0, i32 0, void @empty_36" [D:/dp/zcu106/tpg_dp_live/vivado/tpg_dp_live/tpg_dp_live.runs/bd_85a6_csc_0_synth_1/prj/sol/.autopilot/db/v_csc.cpp:94]   --->   Operation 178 'specpipeline' 'specpipeline_ln94' <Predicate = true> <Delay = 0.00>
ST_6 : Operation 179 [1/1] (0.00ns)   --->   "%specloopname_ln91 = specloopname void @_ssdm_op_SpecLoopName, void @empty_30" [D:/dp/zcu106/tpg_dp_live/vivado/tpg_dp_live/tpg_dp_live.runs/bd_85a6_csc_0_synth_1/prj/sol/.autopilot/db/v_csc.cpp:91]   --->   Operation 179 'specloopname' 'specloopname_ln91' <Predicate = true> <Delay = 0.00>
ST_6 : Operation 180 [1/1] (0.00ns)   --->   "%p_0 = bitconcatenate i24 @_ssdm_op_BitConcatenate.i24.i8.i8.i8, i8 %select_ln155_1, i8 %select_ln154_1, i8 %select_ln153_1" [D:/dp/zcu106/tpg_dp_live/vivado/tpg_dp_live/tpg_dp_live.runs/bd_85a6_csc_0_synth_1/prj/sol/.autopilot/db/v_csc.cpp:160]   --->   Operation 180 'bitconcatenate' 'p_0' <Predicate = true> <Delay = 0.00>
ST_6 : Operation 181 [1/1] (1.94ns)   --->   "%write_ln160 = write void @_ssdm_op_Write.ap_fifo.volatile.i24P0A, i24 %stream_csc, i24 %p_0" [D:/dp/zcu106/tpg_dp_live/vivado/tpg_dp_live/tpg_dp_live.runs/bd_85a6_csc_0_synth_1/prj/sol/.autopilot/db/v_csc.cpp:160]   --->   Operation 181 'write' 'write_ln160' <Predicate = true> <Delay = 1.94> <CoreInst = "FIFO_SRL">   --->   Core 81 'FIFO_SRL' <Latency = 0> <II = 1> <Delay = 2.04> <Storage> <Opcode : 'read' 'write' 'nbread' 'nbwrite'> <Ports = 0> <Width = 24> <Depth = 16> <FIFO>
ST_6 : Operation 182 [1/1] (0.00ns)   --->   "%br_ln91 = br void %for.body14" [D:/dp/zcu106/tpg_dp_live/vivado/tpg_dp_live/tpg_dp_live.runs/bd_85a6_csc_0_synth_1/prj/sol/.autopilot/db/v_csc.cpp:91]   --->   Operation 182 'br' 'br_ln91' <Predicate = true> <Delay = 0.00>


============================================================
+ Verbose Summary: Timing violations
============================================================
Target clock period: 5.334ns, clock uncertainty: 1.440ns.

 <State 1>: 1.427ns
The critical path consists of the following:
	'alloca' operation ('x') [36]  (0.000 ns)
	'load' operation ('x', D:/dp/zcu106/tpg_dp_live/vivado/tpg_dp_live/tpg_dp_live.runs/bd_85a6_csc_0_synth_1/prj/sol/.autopilot/db/v_csc.cpp:91) on local variable 'x' [75]  (0.000 ns)
	'icmp' operation ('icmp_ln103_1', D:/dp/zcu106/tpg_dp_live/vivado/tpg_dp_live/tpg_dp_live.runs/bd_85a6_csc_0_synth_1/prj/sol/.autopilot/db/v_csc.cpp:103) [89]  (0.853 ns)
	'or' operation ('or_ln105', D:/dp/zcu106/tpg_dp_live/vivado/tpg_dp_live/tpg_dp_live.runs/bd_85a6_csc_0_synth_1/prj/sol/.autopilot/db/v_csc.cpp:105) [94]  (0.000 ns)
	'xor' operation ('xor_ln105', D:/dp/zcu106/tpg_dp_live/vivado/tpg_dp_live/tpg_dp_live.runs/bd_85a6_csc_0_synth_1/prj/sol/.autopilot/db/v_csc.cpp:105) [95]  (0.000 ns)
	'and' operation ('and_ln105', D:/dp/zcu106/tpg_dp_live/vivado/tpg_dp_live/tpg_dp_live.runs/bd_85a6_csc_0_synth_1/prj/sol/.autopilot/db/v_csc.cpp:105) [96]  (0.000 ns)
	'or' operation ('or_ln105_1', D:/dp/zcu106/tpg_dp_live/vivado/tpg_dp_live/tpg_dp_live.runs/bd_85a6_csc_0_synth_1/prj/sol/.autopilot/db/v_csc.cpp:105) [97]  (0.287 ns)
	'or' operation ('or_ln105_2', D:/dp/zcu106/tpg_dp_live/vivado/tpg_dp_live/tpg_dp_live.runs/bd_85a6_csc_0_synth_1/prj/sol/.autopilot/db/v_csc.cpp:105) [98]  (0.287 ns)

 <State 2>: 2.943ns
The critical path consists of the following:
	fifo read operation ('stream_in_hresampled_read', D:/dp/zcu106/tpg_dp_live/vivado/tpg_dp_live/tpg_dp_live.runs/bd_85a6_csc_0_synth_1/prj/sol/.autopilot/db/v_csc.cpp:95) on port 'stream_in_hresampled' (D:/dp/zcu106/tpg_dp_live/vivado/tpg_dp_live/tpg_dp_live.runs/bd_85a6_csc_0_synth_1/prj/sol/.autopilot/db/v_csc.cpp:95) [83]  (1.947 ns)
	'mul' operation of DSP[141] ('mul_ln147_2', D:/dp/zcu106/tpg_dp_live/vivado/tpg_dp_live/tpg_dp_live.runs/bd_85a6_csc_0_synth_1/prj/sol/.autopilot/db/v_csc.cpp:147) [135]  (0.996 ns)

 <State 3>: 0.996ns
The critical path consists of the following:
	'mul' operation of DSP[141] ('mul_ln147_2', D:/dp/zcu106/tpg_dp_live/vivado/tpg_dp_live/tpg_dp_live.runs/bd_85a6_csc_0_synth_1/prj/sol/.autopilot/db/v_csc.cpp:147) [135]  (0.996 ns)

 <State 4>: 3.671ns
The critical path consists of the following:
	'select' operation ('coef11', D:/dp/zcu106/tpg_dp_live/vivado/tpg_dp_live/tpg_dp_live.runs/bd_85a6_csc_0_synth_1/prj/sol/.autopilot/db/v_csc.cpp:105) [99]  (0.357 ns)
	'mul' operation ('mul_ln147', D:/dp/zcu106/tpg_dp_live/vivado/tpg_dp_live/tpg_dp_live.runs/bd_85a6_csc_0_synth_1/prj/sol/.autopilot/db/v_csc.cpp:147) [131]  (2.380 ns)
	'add' operation ('add_ln147_4', D:/dp/zcu106/tpg_dp_live/vivado/tpg_dp_live/tpg_dp_live.runs/bd_85a6_csc_0_synth_1/prj/sol/.autopilot/db/v_csc.cpp:147) [137]  (0.934 ns)

 <State 5>: 2.814ns
The critical path consists of the following:
	'add' operation of DSP[141] ('add_ln147_1', D:/dp/zcu106/tpg_dp_live/vivado/tpg_dp_live/tpg_dp_live.runs/bd_85a6_csc_0_synth_1/prj/sol/.autopilot/db/v_csc.cpp:147) [141]  (0.645 ns)
	'add' operation ('add_ln147_2', D:/dp/zcu106/tpg_dp_live/vivado/tpg_dp_live/tpg_dp_live.runs/bd_85a6_csc_0_synth_1/prj/sol/.autopilot/db/v_csc.cpp:147) [145]  (0.945 ns)
	'icmp' operation ('icmp_ln153', D:/dp/zcu106/tpg_dp_live/vivado/tpg_dp_live/tpg_dp_live.runs/bd_85a6_csc_0_synth_1/prj/sol/.autopilot/db/v_csc.cpp:153) [183]  (0.831 ns)
	'select' operation ('select_ln153_1', D:/dp/zcu106/tpg_dp_live/vivado/tpg_dp_live/tpg_dp_live.runs/bd_85a6_csc_0_synth_1/prj/sol/.autopilot/db/v_csc.cpp:153) [187]  (0.393 ns)

 <State 6>: 1.947ns
The critical path consists of the following:
	fifo write operation ('write_ln160', D:/dp/zcu106/tpg_dp_live/vivado/tpg_dp_live/tpg_dp_live.runs/bd_85a6_csc_0_synth_1/prj/sol/.autopilot/db/v_csc.cpp:160) on port 'stream_csc' (D:/dp/zcu106/tpg_dp_live/vivado/tpg_dp_live/tpg_dp_live.runs/bd_85a6_csc_0_synth_1/prj/sol/.autopilot/db/v_csc.cpp:160) [199]  (1.947 ns)


============================================================
+ Verbose Summary: Binding
============================================================
N/A
* FSMD analyzer results:
  - Output states:
 - Input state : 
  - Chain level:
	State 1
	State 2
	State 3
	State 4
	State 5
	State 6


============================================================
+ Verbose Summary: Datapath Resource usage 
============================================================
N/A
