

================================================================
== Vitis HLS Report for 'v_hcresampler_core_Pipeline_VITIS_LOOP_724_2'
================================================================
* Date:           Fri Nov 15 11:02:56 2024

* Version:        2023.1 (Build 3854077 on May  4 2023)
* Project:        prj
* Solution:       sol (Vivado IP Flow Target)
* Product family: zynquplus
* Target device:  xczu7ev-ffvc1156-2-e


================================================================
== Performance Estimates
================================================================
+ Timing: 
    * Summary: 
    +--------+---------+----------+------------+
    |  Clock |  Target | Estimated| Uncertainty|
    +--------+---------+----------+------------+
    |ap_clk  |  5.33 ns|  2.542 ns|     1.44 ns|
    +--------+---------+----------+------------+

+ Latency: 
    * Summary: 
    +---------+---------+-----------+----------+-----+-------+---------+
    |  Latency (cycles) |  Latency (absolute)  |   Interval  | Pipeline|
    |   min   |   max   |    min    |    max   | min |  max  |   Type  |
    +---------+---------+-----------+----------+-----+-------+---------+
    |        5|    32771|  26.670 ns|  0.175 ms|    5|  32771|       no|
    +---------+---------+-----------+----------+-----+-------+---------+

    + Detail: 
        * Instance: 
        N/A

        * Loop: 
        +--------------------+---------+---------+----------+-----------+-----------+-----------+----------+
        |                    |  Latency (cycles) | Iteration|  Initiation Interval  |    Trip   |          |
        |      Loop Name     |   min   |   max   |  Latency |  achieved |   target  |   Count   | Pipelined|
        +--------------------+---------+---------+----------+-----------+-----------+-----------+----------+
        |- VITIS_LOOP_724_2  |        3|    32769|         4|          1|          1|  1 ~ 32767|       yes|
        +--------------------+---------+---------+----------+-----------+-----------+-----------+----------+

============================================================
+ Verbose Summary: Synthesis Manager
============================================================
InlineROM: 1
ExposeGlobal: 0
============================================================
+ Verbose Summary: CDFG Model
============================================================
IsTopModel: 0
ResetActiveHigh: 1
IsCombinational: 0
IsDatapathOnly: 0
HasWiredReturn: 1
HasMFsm: 2
HasVarLatency: 1
IsPipeline: 0
IsRtlPipelined: 0
IsInstanceOverlapped: 0
IsDontTouch: 0
HasImplIP: 0
IsGatedGlobalClock: 0

+ Individual pipeline summary: 
  * Pipeline-0: initiation interval (II) = 1, depth = 4


============================================================
+ Verbose Summary: Schedule
============================================================
* Number of FSM states : 4
* Pipeline : 1
  Pipeline-0 : II = 1, D = 4, States = { 1 2 3 4 }
* Dataflow Pipeline: 0

* FSM state transitions: 
1 --> 2 
2 --> 3 
3 --> 4 
4 --> 

* FSM state operations: 

State 1 <SV = 0> <Delay = 1.24>
ST_1 : Operation 7 [1/1] (0.00ns)   --->   "%x = alloca i32 1"   --->   Operation 7 'alloca' 'x' <Predicate = true> <Delay = 0.00>
ST_1 : Operation 8 [1/1] (0.00ns)   --->   "%pixbuf_y_1 = alloca i32 1"   --->   Operation 8 'alloca' 'pixbuf_y_1' <Predicate = true> <Delay = 0.00>
ST_1 : Operation 9 [1/1] (0.00ns)   --->   "%pixbuf_y_2 = alloca i32 1"   --->   Operation 9 'alloca' 'pixbuf_y_2' <Predicate = true> <Delay = 0.00>
ST_1 : Operation 10 [1/1] (0.00ns)   --->   "%pixbuf_y_3 = alloca i32 1"   --->   Operation 10 'alloca' 'pixbuf_y_3' <Predicate = true> <Delay = 0.00>
ST_1 : Operation 11 [1/1] (0.00ns)   --->   "%pixbuf_y_4 = alloca i32 1"   --->   Operation 11 'alloca' 'pixbuf_y_4' <Predicate = true> <Delay = 0.00>
ST_1 : Operation 12 [1/1] (0.00ns)   --->   "%pixbuf_y_5 = alloca i32 1"   --->   Operation 12 'alloca' 'pixbuf_y_5' <Predicate = true> <Delay = 0.00>
ST_1 : Operation 13 [1/1] (0.00ns)   --->   "%p_read_5 = read i1 @_ssdm_op_Read.ap_auto.i1, i1 %p_read"   --->   Operation 13 'read' 'p_read_5' <Predicate = true> <Delay = 0.00>
ST_1 : Operation 14 [1/1] (0.00ns)   --->   "%zext_ln720_read = read i12 @_ssdm_op_Read.ap_auto.i12, i12 %zext_ln720"   --->   Operation 14 'read' 'zext_ln720_read' <Predicate = true> <Delay = 0.00>
ST_1 : Operation 15 [1/1] (0.00ns)   --->   "%select_ln685_read = read i2 @_ssdm_op_Read.ap_auto.i2, i2 %select_ln685"   --->   Operation 15 'read' 'select_ln685_read' <Predicate = true> <Delay = 0.00>
ST_1 : Operation 16 [1/1] (0.00ns)   --->   "%p_cast17_i_read = read i1 @_ssdm_op_Read.ap_auto.i1, i1 %p_cast17_i"   --->   Operation 16 'read' 'p_cast17_i_read' <Predicate = true> <Delay = 0.00>
ST_1 : Operation 17 [1/1] (0.00ns)   --->   "%loopWidth_read = read i13 @_ssdm_op_Read.ap_auto.i13, i13 %loopWidth"   --->   Operation 17 'read' 'loopWidth_read' <Predicate = true> <Delay = 0.00>
ST_1 : Operation 18 [1/1] (0.00ns)   --->   "%p_0_0_0_0_0536742_lcssa768_i_read = read i8 @_ssdm_op_Read.ap_auto.i8, i8 %p_0_0_0_0_0536742_lcssa768_i"   --->   Operation 18 'read' 'p_0_0_0_0_0536742_lcssa768_i_read' <Predicate = true> <Delay = 0.00>
ST_1 : Operation 19 [1/1] (0.00ns)   --->   "%pixbuf_y_read = read i8 @_ssdm_op_Read.ap_auto.i8, i8 %pixbuf_y"   --->   Operation 19 'read' 'pixbuf_y_read' <Predicate = true> <Delay = 0.00>
ST_1 : Operation 20 [1/1] (0.00ns)   --->   "%pixbuf_y_17_read = read i8 @_ssdm_op_Read.ap_auto.i8, i8 %pixbuf_y_17"   --->   Operation 20 'read' 'pixbuf_y_17_read' <Predicate = true> <Delay = 0.00>
ST_1 : Operation 21 [1/1] (0.00ns)   --->   "%pixbuf_y_18_read = read i8 @_ssdm_op_Read.ap_auto.i8, i8 %pixbuf_y_18"   --->   Operation 21 'read' 'pixbuf_y_18_read' <Predicate = true> <Delay = 0.00>
ST_1 : Operation 22 [1/1] (0.00ns)   --->   "%pixbuf_y_19_read = read i8 @_ssdm_op_Read.ap_auto.i8, i8 %pixbuf_y_19"   --->   Operation 22 'read' 'pixbuf_y_19_read' <Predicate = true> <Delay = 0.00>
ST_1 : Operation 23 [1/1] (0.00ns)   --->   "%zext_ln720_cast = zext i12 %zext_ln720_read"   --->   Operation 23 'zext' 'zext_ln720_cast' <Predicate = true> <Delay = 0.00>
ST_1 : Operation 24 [1/1] (0.00ns)   --->   "%select_ln685_cast = zext i2 %select_ln685_read"   --->   Operation 24 'zext' 'select_ln685_cast' <Predicate = true> <Delay = 0.00>
ST_1 : Operation 25 [1/1] (0.17ns)   --->   "%p_cast17_i_cast = select i1 %p_cast17_i_read, i2 3, i2 0"   --->   Operation 25 'select' 'p_cast17_i_cast' <Predicate = true> <Delay = 0.17> <CoreInst = "Sel">   --->   Core 73 'Sel' <Latency = 0> <II = 1> <Delay = 0.17> <FuncUnit> <Opcode : 'select'> <InPorts = 3> <OutPorts = 1>
ST_1 : Operation 26 [1/1] (0.00ns)   --->   "%specinterface_ln0 = specinterface void @_ssdm_op_SpecInterface, i24 %stream_out_hresampled, void @empty_18, i32 0, i32 0, void @empty_36, i32 0, i32 0, void @empty_36, void @empty_36, void @empty_36, i32 0, i32 0, i32 0, i32 0, void @empty_36, void @empty_36, i32 4294967295, i32 0"   --->   Operation 26 'specinterface' 'specinterface_ln0' <Predicate = true> <Delay = 0.00>
ST_1 : Operation 27 [1/1] (0.00ns)   --->   "%specinterface_ln0 = specinterface void @_ssdm_op_SpecInterface, i24 %stream_csc, void @empty_18, i32 0, i32 0, void @empty_36, i32 0, i32 0, void @empty_36, void @empty_36, void @empty_36, i32 0, i32 0, i32 0, i32 0, void @empty_36, void @empty_36, i32 4294967295, i32 0"   --->   Operation 27 'specinterface' 'specinterface_ln0' <Predicate = true> <Delay = 0.00>
ST_1 : Operation 28 [1/1] (0.42ns)   --->   "%store_ln0 = store i8 %pixbuf_y_19_read, i8 %pixbuf_y_5"   --->   Operation 28 'store' 'store_ln0' <Predicate = true> <Delay = 0.42>
ST_1 : Operation 29 [1/1] (0.42ns)   --->   "%store_ln0 = store i8 %pixbuf_y_18_read, i8 %pixbuf_y_4"   --->   Operation 29 'store' 'store_ln0' <Predicate = true> <Delay = 0.42>
ST_1 : Operation 30 [1/1] (0.42ns)   --->   "%store_ln0 = store i8 %pixbuf_y_17_read, i8 %pixbuf_y_3"   --->   Operation 30 'store' 'store_ln0' <Predicate = true> <Delay = 0.42>
ST_1 : Operation 31 [1/1] (0.42ns)   --->   "%store_ln0 = store i8 %p_0_0_0_0_0536742_lcssa768_i_read, i8 %pixbuf_y_2"   --->   Operation 31 'store' 'store_ln0' <Predicate = true> <Delay = 0.42>
ST_1 : Operation 32 [1/1] (0.42ns)   --->   "%store_ln0 = store i8 %pixbuf_y_read, i8 %pixbuf_y_1"   --->   Operation 32 'store' 'store_ln0' <Predicate = true> <Delay = 0.42>
ST_1 : Operation 33 [1/1] (0.42ns)   --->   "%store_ln0 = store i13 0, i13 %x"   --->   Operation 33 'store' 'store_ln0' <Predicate = true> <Delay = 0.42>
ST_1 : Operation 34 [1/1] (0.00ns)   --->   "%br_ln0 = br void %for.body37.i"   --->   Operation 34 'br' 'br_ln0' <Predicate = true> <Delay = 0.00>
ST_1 : Operation 35 [1/1] (0.00ns)   --->   "%x_2 = load i13 %x" [D:/dp/zcu106/tpg_dp_live/vivado/tpg_dp_live/tpg_dp_live.runs/bd_85a6_csc_0_synth_1/prj/sol/.autopilot/db/v_csc.cpp:724->D:/dp/zcu106/tpg_dp_live/vivado/tpg_dp_live/tpg_dp_live.runs/bd_85a6_csc_0_synth_1/prj/sol/.autopilot/db/v_csc.cpp:438]   --->   Operation 35 'load' 'x_2' <Predicate = true> <Delay = 0.00>
ST_1 : Operation 36 [1/1] (0.82ns)   --->   "%icmp_ln724 = icmp_eq  i13 %x_2, i13 %loopWidth_read" [D:/dp/zcu106/tpg_dp_live/vivado/tpg_dp_live/tpg_dp_live.runs/bd_85a6_csc_0_synth_1/prj/sol/.autopilot/db/v_csc.cpp:724->D:/dp/zcu106/tpg_dp_live/vivado/tpg_dp_live/tpg_dp_live.runs/bd_85a6_csc_0_synth_1/prj/sol/.autopilot/db/v_csc.cpp:438]   --->   Operation 36 'icmp' 'icmp_ln724' <Predicate = true> <Delay = 0.82> <CoreInst = "Cmp">   --->   Core 9 'Cmp' <Latency = 0> <II = 1> <Delay = 0.82> <FuncUnit> <Opcode : 'icmp'> <InPorts = 2> <OutPorts = 1>
ST_1 : Operation 37 [1/1] (0.82ns)   --->   "%add_ln724 = add i13 %x_2, i13 1" [D:/dp/zcu106/tpg_dp_live/vivado/tpg_dp_live/tpg_dp_live.runs/bd_85a6_csc_0_synth_1/prj/sol/.autopilot/db/v_csc.cpp:724->D:/dp/zcu106/tpg_dp_live/vivado/tpg_dp_live/tpg_dp_live.runs/bd_85a6_csc_0_synth_1/prj/sol/.autopilot/db/v_csc.cpp:438]   --->   Operation 37 'add' 'add_ln724' <Predicate = true> <Delay = 0.82> <CoreInst = "Adder">   --->   Core 1 'Adder' <Latency = 0> <II = 1> <Delay = 0.82> <FuncUnit> <Opcode : 'add' 'sub'> <InPorts = 2> <OutPorts = 1>
ST_1 : Operation 38 [1/1] (0.00ns)   --->   "%br_ln724 = br i1 %icmp_ln724, void %for.body37.split.i, void %for.inc476.i.loopexit.exitStub" [D:/dp/zcu106/tpg_dp_live/vivado/tpg_dp_live/tpg_dp_live.runs/bd_85a6_csc_0_synth_1/prj/sol/.autopilot/db/v_csc.cpp:724->D:/dp/zcu106/tpg_dp_live/vivado/tpg_dp_live/tpg_dp_live.runs/bd_85a6_csc_0_synth_1/prj/sol/.autopilot/db/v_csc.cpp:438]   --->   Operation 38 'br' 'br_ln724' <Predicate = true> <Delay = 0.00>
ST_1 : Operation 39 [1/1] (0.00ns)   --->   "%specpipeline_ln727 = specpipeline void @_ssdm_op_SpecPipeline, i32 1, i32 0, i32 0, i32 0, void @empty_36" [D:/dp/zcu106/tpg_dp_live/vivado/tpg_dp_live/tpg_dp_live.runs/bd_85a6_csc_0_synth_1/prj/sol/.autopilot/db/v_csc.cpp:727->D:/dp/zcu106/tpg_dp_live/vivado/tpg_dp_live/tpg_dp_live.runs/bd_85a6_csc_0_synth_1/prj/sol/.autopilot/db/v_csc.cpp:438]   --->   Operation 39 'specpipeline' 'specpipeline_ln727' <Predicate = (!icmp_ln724)> <Delay = 0.00>
ST_1 : Operation 40 [1/1] (0.00ns)   --->   "%specloopname_ln724 = specloopname void @_ssdm_op_SpecLoopName, void @empty_28" [D:/dp/zcu106/tpg_dp_live/vivado/tpg_dp_live/tpg_dp_live.runs/bd_85a6_csc_0_synth_1/prj/sol/.autopilot/db/v_csc.cpp:724->D:/dp/zcu106/tpg_dp_live/vivado/tpg_dp_live/tpg_dp_live.runs/bd_85a6_csc_0_synth_1/prj/sol/.autopilot/db/v_csc.cpp:438]   --->   Operation 40 'specloopname' 'specloopname_ln724' <Predicate = (!icmp_ln724)> <Delay = 0.00>
ST_1 : Operation 41 [1/1] (0.00ns)   --->   "%zext_ln730 = zext i13 %x_2" [D:/dp/zcu106/tpg_dp_live/vivado/tpg_dp_live/tpg_dp_live.runs/bd_85a6_csc_0_synth_1/prj/sol/.autopilot/db/v_csc.cpp:730->D:/dp/zcu106/tpg_dp_live/vivado/tpg_dp_live/tpg_dp_live.runs/bd_85a6_csc_0_synth_1/prj/sol/.autopilot/db/v_csc.cpp:438]   --->   Operation 41 'zext' 'zext_ln730' <Predicate = (!icmp_ln724)> <Delay = 0.00>
ST_1 : Operation 42 [1/1] (0.82ns)   --->   "%out_x = sub i14 %zext_ln730, i14 %select_ln685_cast" [D:/dp/zcu106/tpg_dp_live/vivado/tpg_dp_live/tpg_dp_live.runs/bd_85a6_csc_0_synth_1/prj/sol/.autopilot/db/v_csc.cpp:730->D:/dp/zcu106/tpg_dp_live/vivado/tpg_dp_live/tpg_dp_live.runs/bd_85a6_csc_0_synth_1/prj/sol/.autopilot/db/v_csc.cpp:438]   --->   Operation 42 'sub' 'out_x' <Predicate = (!icmp_ln724)> <Delay = 0.82> <CoreInst = "Adder">   --->   Core 1 'Adder' <Latency = 0> <II = 1> <Delay = 0.82> <FuncUnit> <Opcode : 'add' 'sub'> <InPorts = 2> <OutPorts = 1>
ST_1 : Operation 43 [1/1] (0.00ns)   --->   "%odd_col = trunc i14 %out_x" [D:/dp/zcu106/tpg_dp_live/vivado/tpg_dp_live/tpg_dp_live.runs/bd_85a6_csc_0_synth_1/prj/sol/.autopilot/db/v_csc.cpp:688->D:/dp/zcu106/tpg_dp_live/vivado/tpg_dp_live/tpg_dp_live.runs/bd_85a6_csc_0_synth_1/prj/sol/.autopilot/db/v_csc.cpp:438]   --->   Operation 43 'trunc' 'odd_col' <Predicate = (!icmp_ln724)> <Delay = 0.00>
ST_1 : Operation 44 [1/1] (0.82ns)   --->   "%icmp_ln732 = icmp_ult  i13 %x_2, i13 %zext_ln720_cast" [D:/dp/zcu106/tpg_dp_live/vivado/tpg_dp_live/tpg_dp_live.runs/bd_85a6_csc_0_synth_1/prj/sol/.autopilot/db/v_csc.cpp:732->D:/dp/zcu106/tpg_dp_live/vivado/tpg_dp_live/tpg_dp_live.runs/bd_85a6_csc_0_synth_1/prj/sol/.autopilot/db/v_csc.cpp:438]   --->   Operation 44 'icmp' 'icmp_ln732' <Predicate = (!icmp_ln724)> <Delay = 0.82> <CoreInst = "Cmp">   --->   Core 9 'Cmp' <Latency = 0> <II = 1> <Delay = 0.82> <FuncUnit> <Opcode : 'icmp'> <InPorts = 2> <OutPorts = 1>
ST_1 : Operation 45 [1/1] (0.00ns)   --->   "%br_ln732 = br i1 %icmp_ln732, void %for.body144.i_ifconv, void %for.body50.i" [D:/dp/zcu106/tpg_dp_live/vivado/tpg_dp_live/tpg_dp_live.runs/bd_85a6_csc_0_synth_1/prj/sol/.autopilot/db/v_csc.cpp:732->D:/dp/zcu106/tpg_dp_live/vivado/tpg_dp_live/tpg_dp_live.runs/bd_85a6_csc_0_synth_1/prj/sol/.autopilot/db/v_csc.cpp:438]   --->   Operation 45 'br' 'br_ln732' <Predicate = (!icmp_ln724)> <Delay = 0.00>
ST_1 : Operation 46 [1/1] (0.82ns)   --->   "%cmp148_i = icmp_eq  i13 %x_2, i13 0" [D:/dp/zcu106/tpg_dp_live/vivado/tpg_dp_live/tpg_dp_live.runs/bd_85a6_csc_0_synth_1/prj/sol/.autopilot/db/v_csc.cpp:724->D:/dp/zcu106/tpg_dp_live/vivado/tpg_dp_live/tpg_dp_live.runs/bd_85a6_csc_0_synth_1/prj/sol/.autopilot/db/v_csc.cpp:438]   --->   Operation 46 'icmp' 'cmp148_i' <Predicate = (!icmp_ln724)> <Delay = 0.82> <CoreInst = "Cmp">   --->   Core 9 'Cmp' <Latency = 0> <II = 1> <Delay = 0.82> <FuncUnit> <Opcode : 'icmp'> <InPorts = 2> <OutPorts = 1>
ST_1 : Operation 47 [1/1] (0.00ns)   --->   "%tmp = bitselect i1 @_ssdm_op_BitSelect.i1.i14.i32, i14 %out_x, i32 13" [D:/dp/zcu106/tpg_dp_live/vivado/tpg_dp_live/tpg_dp_live.runs/bd_85a6_csc_0_synth_1/prj/sol/.autopilot/db/v_csc.cpp:877->D:/dp/zcu106/tpg_dp_live/vivado/tpg_dp_live/tpg_dp_live.runs/bd_85a6_csc_0_synth_1/prj/sol/.autopilot/db/v_csc.cpp:438]   --->   Operation 47 'bitselect' 'tmp' <Predicate = (!icmp_ln724)> <Delay = 0.00>
ST_1 : Operation 48 [1/1] (0.00ns)   --->   "%br_ln877 = br i1 %tmp, void %if.then468.i, void %for.inc473.i" [D:/dp/zcu106/tpg_dp_live/vivado/tpg_dp_live/tpg_dp_live.runs/bd_85a6_csc_0_synth_1/prj/sol/.autopilot/db/v_csc.cpp:877->D:/dp/zcu106/tpg_dp_live/vivado/tpg_dp_live/tpg_dp_live.runs/bd_85a6_csc_0_synth_1/prj/sol/.autopilot/db/v_csc.cpp:438]   --->   Operation 48 'br' 'br_ln877' <Predicate = (!icmp_ln724)> <Delay = 0.00>
ST_1 : Operation 49 [1/1] (0.00ns)   --->   "%br_ln879 = br i1 %p_read_5, void %if.else470.i, void %if.then469.i" [D:/dp/zcu106/tpg_dp_live/vivado/tpg_dp_live/tpg_dp_live.runs/bd_85a6_csc_0_synth_1/prj/sol/.autopilot/db/v_csc.cpp:879->D:/dp/zcu106/tpg_dp_live/vivado/tpg_dp_live/tpg_dp_live.runs/bd_85a6_csc_0_synth_1/prj/sol/.autopilot/db/v_csc.cpp:438]   --->   Operation 49 'br' 'br_ln879' <Predicate = (!icmp_ln724 & !tmp)> <Delay = 0.00>
ST_1 : Operation 50 [1/1] (0.00ns)   --->   "%br_ln883 = br void %for.inc473.i" [D:/dp/zcu106/tpg_dp_live/vivado/tpg_dp_live/tpg_dp_live.runs/bd_85a6_csc_0_synth_1/prj/sol/.autopilot/db/v_csc.cpp:883->D:/dp/zcu106/tpg_dp_live/vivado/tpg_dp_live/tpg_dp_live.runs/bd_85a6_csc_0_synth_1/prj/sol/.autopilot/db/v_csc.cpp:438]   --->   Operation 50 'br' 'br_ln883' <Predicate = (!icmp_ln724 & !tmp)> <Delay = 0.00>
ST_1 : Operation 51 [1/1] (0.42ns)   --->   "%store_ln724 = store i13 %add_ln724, i13 %x" [D:/dp/zcu106/tpg_dp_live/vivado/tpg_dp_live/tpg_dp_live.runs/bd_85a6_csc_0_synth_1/prj/sol/.autopilot/db/v_csc.cpp:724->D:/dp/zcu106/tpg_dp_live/vivado/tpg_dp_live/tpg_dp_live.runs/bd_85a6_csc_0_synth_1/prj/sol/.autopilot/db/v_csc.cpp:438]   --->   Operation 51 'store' 'store_ln724' <Predicate = (!icmp_ln724)> <Delay = 0.42>

State 2 <SV = 1> <Delay = 2.37>
ST_2 : Operation 52 [1/1] (1.94ns)   --->   "%stream_csc_read = read i24 @_ssdm_op_Read.ap_fifo.volatile.i24P0A, i24 %stream_csc" [D:/dp/zcu106/tpg_dp_live/vivado/tpg_dp_live/tpg_dp_live.runs/bd_85a6_csc_0_synth_1/prj/sol/.autopilot/db/v_csc.cpp:734->D:/dp/zcu106/tpg_dp_live/vivado/tpg_dp_live/tpg_dp_live.runs/bd_85a6_csc_0_synth_1/prj/sol/.autopilot/db/v_csc.cpp:438]   --->   Operation 52 'read' 'stream_csc_read' <Predicate = (!icmp_ln724 & icmp_ln732)> <Delay = 1.94> <CoreInst = "FIFO_SRL">   --->   Core 81 'FIFO_SRL' <Latency = 0> <II = 1> <Delay = 2.04> <Storage> <Opcode : 'read' 'write' 'nbread' 'nbwrite'> <Ports = 0> <Width = 24> <Depth = 16> <FIFO>
ST_2 : Operation 53 [1/1] (0.00ns)   --->   "%trunc_ln734 = trunc i24 %stream_csc_read" [D:/dp/zcu106/tpg_dp_live/vivado/tpg_dp_live/tpg_dp_live.runs/bd_85a6_csc_0_synth_1/prj/sol/.autopilot/db/v_csc.cpp:734->D:/dp/zcu106/tpg_dp_live/vivado/tpg_dp_live/tpg_dp_live.runs/bd_85a6_csc_0_synth_1/prj/sol/.autopilot/db/v_csc.cpp:438]   --->   Operation 53 'trunc' 'trunc_ln734' <Predicate = (!icmp_ln724 & icmp_ln732)> <Delay = 0.00>
ST_2 : Operation 54 [1/1] (0.00ns)   --->   "%trunc_ln734_5 = partselect i8 @_ssdm_op_PartSelect.i8.i24.i32.i32, i24 %stream_csc_read, i32 8, i32 15" [D:/dp/zcu106/tpg_dp_live/vivado/tpg_dp_live/tpg_dp_live.runs/bd_85a6_csc_0_synth_1/prj/sol/.autopilot/db/v_csc.cpp:734->D:/dp/zcu106/tpg_dp_live/vivado/tpg_dp_live/tpg_dp_live.runs/bd_85a6_csc_0_synth_1/prj/sol/.autopilot/db/v_csc.cpp:438]   --->   Operation 54 'partselect' 'trunc_ln734_5' <Predicate = (!icmp_ln724 & icmp_ln732)> <Delay = 0.00>
ST_2 : Operation 55 [1/1] (0.00ns)   --->   "%trunc_ln734_6 = partselect i8 @_ssdm_op_PartSelect.i8.i24.i32.i32, i24 %stream_csc_read, i32 16, i32 23" [D:/dp/zcu106/tpg_dp_live/vivado/tpg_dp_live/tpg_dp_live.runs/bd_85a6_csc_0_synth_1/prj/sol/.autopilot/db/v_csc.cpp:734->D:/dp/zcu106/tpg_dp_live/vivado/tpg_dp_live/tpg_dp_live.runs/bd_85a6_csc_0_synth_1/prj/sol/.autopilot/db/v_csc.cpp:438]   --->   Operation 55 'partselect' 'trunc_ln734_6' <Predicate = (!icmp_ln724 & icmp_ln732)> <Delay = 0.00>
ST_2 : Operation 56 [1/1] (0.00ns)   --->   "%store_ln739 = store i8 %trunc_ln734_6, i8 %p_0_1_0_0_0751_i_out" [D:/dp/zcu106/tpg_dp_live/vivado/tpg_dp_live/tpg_dp_live.runs/bd_85a6_csc_0_synth_1/prj/sol/.autopilot/db/v_csc.cpp:739->D:/dp/zcu106/tpg_dp_live/vivado/tpg_dp_live/tpg_dp_live.runs/bd_85a6_csc_0_synth_1/prj/sol/.autopilot/db/v_csc.cpp:438]   --->   Operation 56 'store' 'store_ln739' <Predicate = (!icmp_ln724 & icmp_ln732)> <Delay = 0.00>
ST_2 : Operation 57 [1/1] (0.00ns)   --->   "%store_ln739 = store i8 %trunc_ln734_5, i8 %p_0_1_0_0_0747_i_out" [D:/dp/zcu106/tpg_dp_live/vivado/tpg_dp_live/tpg_dp_live.runs/bd_85a6_csc_0_synth_1/prj/sol/.autopilot/db/v_csc.cpp:739->D:/dp/zcu106/tpg_dp_live/vivado/tpg_dp_live/tpg_dp_live.runs/bd_85a6_csc_0_synth_1/prj/sol/.autopilot/db/v_csc.cpp:438]   --->   Operation 57 'store' 'store_ln739' <Predicate = (!icmp_ln724 & icmp_ln732)> <Delay = 0.00>
ST_2 : Operation 58 [1/1] (0.42ns)   --->   "%store_ln739 = store i8 %trunc_ln734, i8 %pixbuf_y_2" [D:/dp/zcu106/tpg_dp_live/vivado/tpg_dp_live/tpg_dp_live.runs/bd_85a6_csc_0_synth_1/prj/sol/.autopilot/db/v_csc.cpp:739->D:/dp/zcu106/tpg_dp_live/vivado/tpg_dp_live/tpg_dp_live.runs/bd_85a6_csc_0_synth_1/prj/sol/.autopilot/db/v_csc.cpp:438]   --->   Operation 58 'store' 'store_ln739' <Predicate = (!icmp_ln724 & icmp_ln732)> <Delay = 0.42>
ST_2 : Operation 59 [1/1] (0.00ns)   --->   "%store_ln739 = store i8 %trunc_ln734_6, i8 %p_0_2_0_0_0741_i_out" [D:/dp/zcu106/tpg_dp_live/vivado/tpg_dp_live/tpg_dp_live.runs/bd_85a6_csc_0_synth_1/prj/sol/.autopilot/db/v_csc.cpp:739->D:/dp/zcu106/tpg_dp_live/vivado/tpg_dp_live/tpg_dp_live.runs/bd_85a6_csc_0_synth_1/prj/sol/.autopilot/db/v_csc.cpp:438]   --->   Operation 59 'store' 'store_ln739' <Predicate = (!icmp_ln724 & icmp_ln732)> <Delay = 0.00>
ST_2 : Operation 60 [1/1] (0.00ns)   --->   "%store_ln739 = store i8 %trunc_ln734_5, i8 %p_0_1_0_0_0739_i_out" [D:/dp/zcu106/tpg_dp_live/vivado/tpg_dp_live/tpg_dp_live.runs/bd_85a6_csc_0_synth_1/prj/sol/.autopilot/db/v_csc.cpp:739->D:/dp/zcu106/tpg_dp_live/vivado/tpg_dp_live/tpg_dp_live.runs/bd_85a6_csc_0_synth_1/prj/sol/.autopilot/db/v_csc.cpp:438]   --->   Operation 60 'store' 'store_ln739' <Predicate = (!icmp_ln724 & icmp_ln732)> <Delay = 0.00>
ST_2 : Operation 61 [1/1] (0.00ns)   --->   "%store_ln739 = store i8 %trunc_ln734, i8 %p_0_0_0_0_0536737_i_out" [D:/dp/zcu106/tpg_dp_live/vivado/tpg_dp_live/tpg_dp_live.runs/bd_85a6_csc_0_synth_1/prj/sol/.autopilot/db/v_csc.cpp:739->D:/dp/zcu106/tpg_dp_live/vivado/tpg_dp_live/tpg_dp_live.runs/bd_85a6_csc_0_synth_1/prj/sol/.autopilot/db/v_csc.cpp:438]   --->   Operation 61 'store' 'store_ln739' <Predicate = (!icmp_ln724 & icmp_ln732)> <Delay = 0.00>
ST_2 : Operation 62 [1/1] (0.00ns)   --->   "%br_ln739 = br void %for.body144.i_ifconv" [D:/dp/zcu106/tpg_dp_live/vivado/tpg_dp_live/tpg_dp_live.runs/bd_85a6_csc_0_synth_1/prj/sol/.autopilot/db/v_csc.cpp:739->D:/dp/zcu106/tpg_dp_live/vivado/tpg_dp_live/tpg_dp_live.runs/bd_85a6_csc_0_synth_1/prj/sol/.autopilot/db/v_csc.cpp:438]   --->   Operation 62 'br' 'br_ln739' <Predicate = (!icmp_ln724 & icmp_ln732)> <Delay = 0.00>

State 3 <SV = 2> <Delay = 2.54>
ST_3 : Operation 63 [1/1] (0.00ns)   --->   "%pixbuf_y_6 = load i8 %pixbuf_y_3"   --->   Operation 63 'load' 'pixbuf_y_6' <Predicate = true> <Delay = 0.00>
ST_3 : Operation 64 [1/1] (0.00ns)   --->   "%pixbuf_y_7 = load i8 %pixbuf_y_4"   --->   Operation 64 'load' 'pixbuf_y_7' <Predicate = true> <Delay = 0.00>
ST_3 : Operation 65 [1/1] (0.00ns)   --->   "%pixbuf_y_8 = load i8 %pixbuf_y_5"   --->   Operation 65 'load' 'pixbuf_y_8' <Predicate = true> <Delay = 0.00>
ST_3 : Operation 66 [1/1] (0.00ns)   --->   "%speclooptripcount_ln0 = speclooptripcount void @_ssdm_op_SpecLoopTripCount, i64 1, i64 32767, i64 32767"   --->   Operation 66 'speclooptripcount' 'speclooptripcount_ln0' <Predicate = true> <Delay = 0.00>
ST_3 : Operation 67 [1/1] (0.00ns)   --->   "%filt_res1_1_out_load = load i64 %filt_res1_1_out" [D:/dp/zcu106/tpg_dp_live/vivado/tpg_dp_live/tpg_dp_live.runs/bd_85a6_csc_0_synth_1/prj/sol/.autopilot/db/v_csc.cpp:724->D:/dp/zcu106/tpg_dp_live/vivado/tpg_dp_live/tpg_dp_live.runs/bd_85a6_csc_0_synth_1/prj/sol/.autopilot/db/v_csc.cpp:438]   --->   Operation 67 'load' 'filt_res1_1_out_load' <Predicate = (!icmp_ln724)> <Delay = 0.00>
ST_3 : Operation 68 [1/1] (0.00ns)   --->   "%p_0_0_0480782_i_out_load = load i8 %p_0_0_0480782_i_out" [D:/dp/zcu106/tpg_dp_live/vivado/tpg_dp_live/tpg_dp_live.runs/bd_85a6_csc_0_synth_1/prj/sol/.autopilot/db/v_csc.cpp:814->D:/dp/zcu106/tpg_dp_live/vivado/tpg_dp_live/tpg_dp_live.runs/bd_85a6_csc_0_synth_1/prj/sol/.autopilot/db/v_csc.cpp:438]   --->   Operation 68 'load' 'p_0_0_0480782_i_out_load' <Predicate = (!icmp_ln724 & !cmp148_i & !odd_col)> <Delay = 0.00>
ST_3 : Operation 69 [1/1] (0.00ns)   --->   "%p_0_0_0785_i_out_load = load i8 %p_0_0_0785_i_out" [D:/dp/zcu106/tpg_dp_live/vivado/tpg_dp_live/tpg_dp_live.runs/bd_85a6_csc_0_synth_1/prj/sol/.autopilot/db/v_csc.cpp:814->D:/dp/zcu106/tpg_dp_live/vivado/tpg_dp_live/tpg_dp_live.runs/bd_85a6_csc_0_synth_1/prj/sol/.autopilot/db/v_csc.cpp:438]   --->   Operation 69 'load' 'p_0_0_0785_i_out_load' <Predicate = (!icmp_ln724 & !cmp148_i & !odd_col)> <Delay = 0.00>
ST_3 : Operation 70 [1/1] (0.00ns)   --->   "%p_out1_load = load i8 %p_out1" [D:/dp/zcu106/tpg_dp_live/vivado/tpg_dp_live/tpg_dp_live.runs/bd_85a6_csc_0_synth_1/prj/sol/.autopilot/db/v_csc.cpp:814->D:/dp/zcu106/tpg_dp_live/vivado/tpg_dp_live/tpg_dp_live.runs/bd_85a6_csc_0_synth_1/prj/sol/.autopilot/db/v_csc.cpp:438]   --->   Operation 70 'load' 'p_out1_load' <Predicate = (!icmp_ln724 & !cmp148_i)> <Delay = 0.00>
ST_3 : Operation 71 [1/1] (0.00ns)   --->   "%p_out_load = load i8 %p_out" [D:/dp/zcu106/tpg_dp_live/vivado/tpg_dp_live/tpg_dp_live.runs/bd_85a6_csc_0_synth_1/prj/sol/.autopilot/db/v_csc.cpp:814->D:/dp/zcu106/tpg_dp_live/vivado/tpg_dp_live/tpg_dp_live.runs/bd_85a6_csc_0_synth_1/prj/sol/.autopilot/db/v_csc.cpp:438]   --->   Operation 71 'load' 'p_out_load' <Predicate = (!icmp_ln724 & !cmp148_i)> <Delay = 0.00>
ST_3 : Operation 72 [1/1] (0.00ns)   --->   "%p_0_1_0_0_0744792_i_out_load = load i8 %p_0_1_0_0_0744792_i_out" [D:/dp/zcu106/tpg_dp_live/vivado/tpg_dp_live/tpg_dp_live.runs/bd_85a6_csc_0_synth_1/prj/sol/.autopilot/db/v_csc.cpp:814->D:/dp/zcu106/tpg_dp_live/vivado/tpg_dp_live/tpg_dp_live.runs/bd_85a6_csc_0_synth_1/prj/sol/.autopilot/db/v_csc.cpp:438]   --->   Operation 72 'load' 'p_0_1_0_0_0744792_i_out_load' <Predicate = (!icmp_ln724 & !cmp148_i)> <Delay = 0.00>
ST_3 : Operation 73 [1/1] (0.00ns)   --->   "%p_0_1_0_0_0748795_i_out_load = load i8 %p_0_1_0_0_0748795_i_out" [D:/dp/zcu106/tpg_dp_live/vivado/tpg_dp_live/tpg_dp_live.runs/bd_85a6_csc_0_synth_1/prj/sol/.autopilot/db/v_csc.cpp:814->D:/dp/zcu106/tpg_dp_live/vivado/tpg_dp_live/tpg_dp_live.runs/bd_85a6_csc_0_synth_1/prj/sol/.autopilot/db/v_csc.cpp:438]   --->   Operation 73 'load' 'p_0_1_0_0_0748795_i_out_load' <Predicate = (!icmp_ln724 & !cmp148_i)> <Delay = 0.00>
ST_3 : Operation 74 [1/1] (0.00ns)   --->   "%pixbuf_y_9 = load i8 %pixbuf_y_2"   --->   Operation 74 'load' 'pixbuf_y_9' <Predicate = (!icmp_ln724)> <Delay = 0.00>
ST_3 : Operation 75 [1/1] (0.00ns)   --->   "%p_0_1_0_0_0747_i_out_load = load i8 %p_0_1_0_0_0747_i_out" [D:/dp/zcu106/tpg_dp_live/vivado/tpg_dp_live/tpg_dp_live.runs/bd_85a6_csc_0_synth_1/prj/sol/.autopilot/db/v_csc.cpp:814->D:/dp/zcu106/tpg_dp_live/vivado/tpg_dp_live/tpg_dp_live.runs/bd_85a6_csc_0_synth_1/prj/sol/.autopilot/db/v_csc.cpp:438]   --->   Operation 75 'load' 'p_0_1_0_0_0747_i_out_load' <Predicate = (!icmp_ln724)> <Delay = 0.00>
ST_3 : Operation 76 [1/1] (0.00ns)   --->   "%p_0_1_0_0_0751_i_out_load = load i8 %p_0_1_0_0_0751_i_out" [D:/dp/zcu106/tpg_dp_live/vivado/tpg_dp_live/tpg_dp_live.runs/bd_85a6_csc_0_synth_1/prj/sol/.autopilot/db/v_csc.cpp:814->D:/dp/zcu106/tpg_dp_live/vivado/tpg_dp_live/tpg_dp_live.runs/bd_85a6_csc_0_synth_1/prj/sol/.autopilot/db/v_csc.cpp:438]   --->   Operation 76 'load' 'p_0_1_0_0_0751_i_out_load' <Predicate = (!icmp_ln724)> <Delay = 0.00>
ST_3 : Operation 77 [1/1] (0.39ns)   --->   "%select_ln814 = select i1 %cmp148_i, i8 %p_0_1_0_0_0751_i_out_load, i8 %p_0_1_0_0_0748795_i_out_load" [D:/dp/zcu106/tpg_dp_live/vivado/tpg_dp_live/tpg_dp_live.runs/bd_85a6_csc_0_synth_1/prj/sol/.autopilot/db/v_csc.cpp:814->D:/dp/zcu106/tpg_dp_live/vivado/tpg_dp_live/tpg_dp_live.runs/bd_85a6_csc_0_synth_1/prj/sol/.autopilot/db/v_csc.cpp:438]   --->   Operation 77 'select' 'select_ln814' <Predicate = (!icmp_ln724)> <Delay = 0.39> <CoreInst = "Sel">   --->   Core 73 'Sel' <Latency = 0> <II = 1> <Delay = 0.39> <FuncUnit> <Opcode : 'select'> <InPorts = 3> <OutPorts = 1>
ST_3 : Operation 78 [1/1] (0.39ns)   --->   "%select_ln814_1 = select i1 %cmp148_i, i8 %p_0_1_0_0_0747_i_out_load, i8 %p_0_1_0_0_0744792_i_out_load" [D:/dp/zcu106/tpg_dp_live/vivado/tpg_dp_live/tpg_dp_live.runs/bd_85a6_csc_0_synth_1/prj/sol/.autopilot/db/v_csc.cpp:814->D:/dp/zcu106/tpg_dp_live/vivado/tpg_dp_live/tpg_dp_live.runs/bd_85a6_csc_0_synth_1/prj/sol/.autopilot/db/v_csc.cpp:438]   --->   Operation 78 'select' 'select_ln814_1' <Predicate = (!icmp_ln724)> <Delay = 0.39> <CoreInst = "Sel">   --->   Core 73 'Sel' <Latency = 0> <II = 1> <Delay = 0.39> <FuncUnit> <Opcode : 'select'> <InPorts = 3> <OutPorts = 1>
ST_3 : Operation 79 [1/1] (0.39ns)   --->   "%select_ln814_2 = select i1 %cmp148_i, i8 %p_0_1_0_0_0751_i_out_load, i8 %p_0_0_0785_i_out_load" [D:/dp/zcu106/tpg_dp_live/vivado/tpg_dp_live/tpg_dp_live.runs/bd_85a6_csc_0_synth_1/prj/sol/.autopilot/db/v_csc.cpp:814->D:/dp/zcu106/tpg_dp_live/vivado/tpg_dp_live/tpg_dp_live.runs/bd_85a6_csc_0_synth_1/prj/sol/.autopilot/db/v_csc.cpp:438]   --->   Operation 79 'select' 'select_ln814_2' <Predicate = (!icmp_ln724 & !odd_col)> <Delay = 0.39> <CoreInst = "Sel">   --->   Core 73 'Sel' <Latency = 0> <II = 1> <Delay = 0.39> <FuncUnit> <Opcode : 'select'> <InPorts = 3> <OutPorts = 1>
ST_3 : Operation 80 [1/1] (0.39ns)   --->   "%select_ln814_3 = select i1 %cmp148_i, i8 %p_0_1_0_0_0751_i_out_load, i8 %p_out_load" [D:/dp/zcu106/tpg_dp_live/vivado/tpg_dp_live/tpg_dp_live.runs/bd_85a6_csc_0_synth_1/prj/sol/.autopilot/db/v_csc.cpp:814->D:/dp/zcu106/tpg_dp_live/vivado/tpg_dp_live/tpg_dp_live.runs/bd_85a6_csc_0_synth_1/prj/sol/.autopilot/db/v_csc.cpp:438]   --->   Operation 80 'select' 'select_ln814_3' <Predicate = (!icmp_ln724)> <Delay = 0.39> <CoreInst = "Sel">   --->   Core 73 'Sel' <Latency = 0> <II = 1> <Delay = 0.39> <FuncUnit> <Opcode : 'select'> <InPorts = 3> <OutPorts = 1>
ST_3 : Operation 81 [1/1] (0.39ns)   --->   "%select_ln814_4 = select i1 %cmp148_i, i8 %p_0_1_0_0_0747_i_out_load, i8 %p_0_0_0480782_i_out_load" [D:/dp/zcu106/tpg_dp_live/vivado/tpg_dp_live/tpg_dp_live.runs/bd_85a6_csc_0_synth_1/prj/sol/.autopilot/db/v_csc.cpp:814->D:/dp/zcu106/tpg_dp_live/vivado/tpg_dp_live/tpg_dp_live.runs/bd_85a6_csc_0_synth_1/prj/sol/.autopilot/db/v_csc.cpp:438]   --->   Operation 81 'select' 'select_ln814_4' <Predicate = (!icmp_ln724 & !odd_col)> <Delay = 0.39> <CoreInst = "Sel">   --->   Core 73 'Sel' <Latency = 0> <II = 1> <Delay = 0.39> <FuncUnit> <Opcode : 'select'> <InPorts = 3> <OutPorts = 1>
ST_3 : Operation 82 [1/1] (0.39ns)   --->   "%select_ln814_5 = select i1 %cmp148_i, i8 %p_0_1_0_0_0747_i_out_load, i8 %p_out1_load" [D:/dp/zcu106/tpg_dp_live/vivado/tpg_dp_live/tpg_dp_live.runs/bd_85a6_csc_0_synth_1/prj/sol/.autopilot/db/v_csc.cpp:814->D:/dp/zcu106/tpg_dp_live/vivado/tpg_dp_live/tpg_dp_live.runs/bd_85a6_csc_0_synth_1/prj/sol/.autopilot/db/v_csc.cpp:438]   --->   Operation 82 'select' 'select_ln814_5' <Predicate = (!icmp_ln724)> <Delay = 0.39> <CoreInst = "Sel">   --->   Core 73 'Sel' <Latency = 0> <II = 1> <Delay = 0.39> <FuncUnit> <Opcode : 'select'> <InPorts = 3> <OutPorts = 1>
ST_3 : Operation 83 [1/1] (0.00ns)   --->   "%shl_ln = bitconcatenate i9 @_ssdm_op_BitConcatenate.i9.i8.i1, i8 %select_ln814_5, i1 0" [D:/dp/zcu106/tpg_dp_live/vivado/tpg_dp_live/tpg_dp_live.runs/bd_85a6_csc_0_synth_1/prj/sol/.autopilot/db/v_csc.cpp:845->D:/dp/zcu106/tpg_dp_live/vivado/tpg_dp_live/tpg_dp_live.runs/bd_85a6_csc_0_synth_1/prj/sol/.autopilot/db/v_csc.cpp:438]   --->   Operation 83 'bitconcatenate' 'shl_ln' <Predicate = (!icmp_ln724 & !odd_col)> <Delay = 0.00>
ST_3 : Operation 84 [1/1] (0.00ns)   --->   "%zext_ln845 = zext i8 %select_ln814_4" [D:/dp/zcu106/tpg_dp_live/vivado/tpg_dp_live/tpg_dp_live.runs/bd_85a6_csc_0_synth_1/prj/sol/.autopilot/db/v_csc.cpp:845->D:/dp/zcu106/tpg_dp_live/vivado/tpg_dp_live/tpg_dp_live.runs/bd_85a6_csc_0_synth_1/prj/sol/.autopilot/db/v_csc.cpp:438]   --->   Operation 84 'zext' 'zext_ln845' <Predicate = (!icmp_ln724 & !odd_col)> <Delay = 0.00>
ST_3 : Operation 85 [1/1] (0.00ns)   --->   "%zext_ln845_1 = zext i9 %shl_ln" [D:/dp/zcu106/tpg_dp_live/vivado/tpg_dp_live/tpg_dp_live.runs/bd_85a6_csc_0_synth_1/prj/sol/.autopilot/db/v_csc.cpp:845->D:/dp/zcu106/tpg_dp_live/vivado/tpg_dp_live/tpg_dp_live.runs/bd_85a6_csc_0_synth_1/prj/sol/.autopilot/db/v_csc.cpp:438]   --->   Operation 85 'zext' 'zext_ln845_1' <Predicate = (!icmp_ln724 & !odd_col)> <Delay = 0.00>
ST_3 : Operation 86 [1/1] (0.00ns)   --->   "%zext_ln846 = zext i8 %select_ln814_1" [D:/dp/zcu106/tpg_dp_live/vivado/tpg_dp_live/tpg_dp_live.runs/bd_85a6_csc_0_synth_1/prj/sol/.autopilot/db/v_csc.cpp:846->D:/dp/zcu106/tpg_dp_live/vivado/tpg_dp_live/tpg_dp_live.runs/bd_85a6_csc_0_synth_1/prj/sol/.autopilot/db/v_csc.cpp:438]   --->   Operation 86 'zext' 'zext_ln846' <Predicate = (!icmp_ln724 & !odd_col)> <Delay = 0.00>
ST_3 : Operation 87 [1/1] (0.76ns)   --->   "%add_ln846 = add i9 %zext_ln846, i9 2" [D:/dp/zcu106/tpg_dp_live/vivado/tpg_dp_live/tpg_dp_live.runs/bd_85a6_csc_0_synth_1/prj/sol/.autopilot/db/v_csc.cpp:846->D:/dp/zcu106/tpg_dp_live/vivado/tpg_dp_live/tpg_dp_live.runs/bd_85a6_csc_0_synth_1/prj/sol/.autopilot/db/v_csc.cpp:438]   --->   Operation 87 'add' 'add_ln846' <Predicate = (!icmp_ln724 & !odd_col)> <Delay = 0.76> <CoreInst = "Adder">   --->   Core 1 'Adder' <Latency = 0> <II = 1> <Delay = 0.76> <FuncUnit> <Opcode : 'add' 'sub'> <InPorts = 2> <OutPorts = 1>
ST_3 : Operation 88 [1/1] (0.00ns)   --->   "%zext_ln846_1 = zext i9 %add_ln846" [D:/dp/zcu106/tpg_dp_live/vivado/tpg_dp_live/tpg_dp_live.runs/bd_85a6_csc_0_synth_1/prj/sol/.autopilot/db/v_csc.cpp:846->D:/dp/zcu106/tpg_dp_live/vivado/tpg_dp_live/tpg_dp_live.runs/bd_85a6_csc_0_synth_1/prj/sol/.autopilot/db/v_csc.cpp:438]   --->   Operation 88 'zext' 'zext_ln846_1' <Predicate = (!icmp_ln724 & !odd_col)> <Delay = 0.00>
ST_3 : Operation 89 [1/1] (0.00ns) (grouped into TernaryAdder)   --->   "%add_ln846_2 = add i10 %zext_ln846_1, i10 %zext_ln845" [D:/dp/zcu106/tpg_dp_live/vivado/tpg_dp_live/tpg_dp_live.runs/bd_85a6_csc_0_synth_1/prj/sol/.autopilot/db/v_csc.cpp:846->D:/dp/zcu106/tpg_dp_live/vivado/tpg_dp_live/tpg_dp_live.runs/bd_85a6_csc_0_synth_1/prj/sol/.autopilot/db/v_csc.cpp:438]   --->   Operation 89 'add' 'add_ln846_2' <Predicate = (!icmp_ln724 & !odd_col)> <Delay = 0.00> <CoreInst = "TAddSub">   --->   Core 10 'TAddSub' <Latency = 0> <II = 1> <Delay = 0.48> <IPBlock> <Opcode : '<invalid operator> ' 'add' 'sub'> <InPorts = 3> <OutPorts = 1> <Sync> <CReg>
ST_3 : Operation 90 [1/1] (0.96ns) (root node of TernaryAdder)   --->   "%add_ln846_1 = add i10 %add_ln846_2, i10 %zext_ln845_1" [D:/dp/zcu106/tpg_dp_live/vivado/tpg_dp_live/tpg_dp_live.runs/bd_85a6_csc_0_synth_1/prj/sol/.autopilot/db/v_csc.cpp:846->D:/dp/zcu106/tpg_dp_live/vivado/tpg_dp_live/tpg_dp_live.runs/bd_85a6_csc_0_synth_1/prj/sol/.autopilot/db/v_csc.cpp:438]   --->   Operation 90 'add' 'add_ln846_1' <Predicate = (!icmp_ln724 & !odd_col)> <Delay = 0.96> <CoreInst = "TAddSub">   --->   Core 10 'TAddSub' <Latency = 0> <II = 1> <Delay = 0.48> <IPBlock> <Opcode : '<invalid operator> ' 'add' 'sub'> <InPorts = 3> <OutPorts = 1> <Sync> <CReg>
ST_3 : Operation 91 [1/1] (0.00ns)   --->   "%trunc_ln3 = partselect i8 @_ssdm_op_PartSelect.i8.i10.i32.i32, i10 %add_ln846_1, i32 2, i32 9" [D:/dp/zcu106/tpg_dp_live/vivado/tpg_dp_live/tpg_dp_live.runs/bd_85a6_csc_0_synth_1/prj/sol/.autopilot/db/v_csc.cpp:702->D:/dp/zcu106/tpg_dp_live/vivado/tpg_dp_live/tpg_dp_live.runs/bd_85a6_csc_0_synth_1/prj/sol/.autopilot/db/v_csc.cpp:438]   --->   Operation 91 'partselect' 'trunc_ln3' <Predicate = (!icmp_ln724 & !odd_col)> <Delay = 0.00>
ST_3 : Operation 92 [1/1] (0.00ns)   --->   "%shl_ln1 = bitconcatenate i9 @_ssdm_op_BitConcatenate.i9.i8.i1, i8 %select_ln814_3, i1 0" [D:/dp/zcu106/tpg_dp_live/vivado/tpg_dp_live/tpg_dp_live.runs/bd_85a6_csc_0_synth_1/prj/sol/.autopilot/db/v_csc.cpp:848->D:/dp/zcu106/tpg_dp_live/vivado/tpg_dp_live/tpg_dp_live.runs/bd_85a6_csc_0_synth_1/prj/sol/.autopilot/db/v_csc.cpp:438]   --->   Operation 92 'bitconcatenate' 'shl_ln1' <Predicate = (!icmp_ln724 & !odd_col)> <Delay = 0.00>
ST_3 : Operation 93 [1/1] (0.00ns)   --->   "%zext_ln848 = zext i8 %select_ln814_2" [D:/dp/zcu106/tpg_dp_live/vivado/tpg_dp_live/tpg_dp_live.runs/bd_85a6_csc_0_synth_1/prj/sol/.autopilot/db/v_csc.cpp:848->D:/dp/zcu106/tpg_dp_live/vivado/tpg_dp_live/tpg_dp_live.runs/bd_85a6_csc_0_synth_1/prj/sol/.autopilot/db/v_csc.cpp:438]   --->   Operation 93 'zext' 'zext_ln848' <Predicate = (!icmp_ln724 & !odd_col)> <Delay = 0.00>
ST_3 : Operation 94 [1/1] (0.00ns)   --->   "%zext_ln848_1 = zext i9 %shl_ln1" [D:/dp/zcu106/tpg_dp_live/vivado/tpg_dp_live/tpg_dp_live.runs/bd_85a6_csc_0_synth_1/prj/sol/.autopilot/db/v_csc.cpp:848->D:/dp/zcu106/tpg_dp_live/vivado/tpg_dp_live/tpg_dp_live.runs/bd_85a6_csc_0_synth_1/prj/sol/.autopilot/db/v_csc.cpp:438]   --->   Operation 94 'zext' 'zext_ln848_1' <Predicate = (!icmp_ln724 & !odd_col)> <Delay = 0.00>
ST_3 : Operation 95 [1/1] (0.00ns)   --->   "%zext_ln849 = zext i8 %select_ln814" [D:/dp/zcu106/tpg_dp_live/vivado/tpg_dp_live/tpg_dp_live.runs/bd_85a6_csc_0_synth_1/prj/sol/.autopilot/db/v_csc.cpp:849->D:/dp/zcu106/tpg_dp_live/vivado/tpg_dp_live/tpg_dp_live.runs/bd_85a6_csc_0_synth_1/prj/sol/.autopilot/db/v_csc.cpp:438]   --->   Operation 95 'zext' 'zext_ln849' <Predicate = (!icmp_ln724 & !odd_col)> <Delay = 0.00>
ST_3 : Operation 96 [1/1] (0.76ns)   --->   "%add_ln849 = add i9 %zext_ln849, i9 2" [D:/dp/zcu106/tpg_dp_live/vivado/tpg_dp_live/tpg_dp_live.runs/bd_85a6_csc_0_synth_1/prj/sol/.autopilot/db/v_csc.cpp:849->D:/dp/zcu106/tpg_dp_live/vivado/tpg_dp_live/tpg_dp_live.runs/bd_85a6_csc_0_synth_1/prj/sol/.autopilot/db/v_csc.cpp:438]   --->   Operation 96 'add' 'add_ln849' <Predicate = (!icmp_ln724 & !odd_col)> <Delay = 0.76> <CoreInst = "Adder">   --->   Core 1 'Adder' <Latency = 0> <II = 1> <Delay = 0.76> <FuncUnit> <Opcode : 'add' 'sub'> <InPorts = 2> <OutPorts = 1>
ST_3 : Operation 97 [1/1] (0.00ns)   --->   "%zext_ln849_1 = zext i9 %add_ln849" [D:/dp/zcu106/tpg_dp_live/vivado/tpg_dp_live/tpg_dp_live.runs/bd_85a6_csc_0_synth_1/prj/sol/.autopilot/db/v_csc.cpp:849->D:/dp/zcu106/tpg_dp_live/vivado/tpg_dp_live/tpg_dp_live.runs/bd_85a6_csc_0_synth_1/prj/sol/.autopilot/db/v_csc.cpp:438]   --->   Operation 97 'zext' 'zext_ln849_1' <Predicate = (!icmp_ln724 & !odd_col)> <Delay = 0.00>
ST_3 : Operation 98 [1/1] (0.00ns) (grouped into TernaryAdder)   --->   "%add_ln849_2 = add i10 %zext_ln848_1, i10 %zext_ln848" [D:/dp/zcu106/tpg_dp_live/vivado/tpg_dp_live/tpg_dp_live.runs/bd_85a6_csc_0_synth_1/prj/sol/.autopilot/db/v_csc.cpp:849->D:/dp/zcu106/tpg_dp_live/vivado/tpg_dp_live/tpg_dp_live.runs/bd_85a6_csc_0_synth_1/prj/sol/.autopilot/db/v_csc.cpp:438]   --->   Operation 98 'add' 'add_ln849_2' <Predicate = (!icmp_ln724 & !odd_col)> <Delay = 0.00> <CoreInst = "TAddSub">   --->   Core 10 'TAddSub' <Latency = 0> <II = 1> <Delay = 0.48> <IPBlock> <Opcode : '<invalid operator> ' 'add' 'sub'> <InPorts = 3> <OutPorts = 1> <Sync> <CReg>
ST_3 : Operation 99 [1/1] (0.96ns) (root node of TernaryAdder)   --->   "%add_ln849_1 = add i10 %add_ln849_2, i10 %zext_ln849_1" [D:/dp/zcu106/tpg_dp_live/vivado/tpg_dp_live/tpg_dp_live.runs/bd_85a6_csc_0_synth_1/prj/sol/.autopilot/db/v_csc.cpp:849->D:/dp/zcu106/tpg_dp_live/vivado/tpg_dp_live/tpg_dp_live.runs/bd_85a6_csc_0_synth_1/prj/sol/.autopilot/db/v_csc.cpp:438]   --->   Operation 99 'add' 'add_ln849_1' <Predicate = (!icmp_ln724 & !odd_col)> <Delay = 0.96> <CoreInst = "TAddSub">   --->   Core 10 'TAddSub' <Latency = 0> <II = 1> <Delay = 0.48> <IPBlock> <Opcode : '<invalid operator> ' 'add' 'sub'> <InPorts = 3> <OutPorts = 1> <Sync> <CReg>
ST_3 : Operation 100 [1/1] (0.00ns)   --->   "%filt_res1_3 = partselect i8 @_ssdm_op_PartSelect.i8.i10.i32.i32, i10 %add_ln849_1, i32 2, i32 9" [D:/dp/zcu106/tpg_dp_live/vivado/tpg_dp_live/tpg_dp_live.runs/bd_85a6_csc_0_synth_1/prj/sol/.autopilot/db/v_csc.cpp:849->D:/dp/zcu106/tpg_dp_live/vivado/tpg_dp_live/tpg_dp_live.runs/bd_85a6_csc_0_synth_1/prj/sol/.autopilot/db/v_csc.cpp:438]   --->   Operation 100 'partselect' 'filt_res1_3' <Predicate = (!icmp_ln724 & !odd_col)> <Delay = 0.00>
ST_3 : Operation 101 [1/1] (0.00ns)   --->   "%zext_ln847 = zext i8 %filt_res1_3" [D:/dp/zcu106/tpg_dp_live/vivado/tpg_dp_live/tpg_dp_live.runs/bd_85a6_csc_0_synth_1/prj/sol/.autopilot/db/v_csc.cpp:847->D:/dp/zcu106/tpg_dp_live/vivado/tpg_dp_live/tpg_dp_live.runs/bd_85a6_csc_0_synth_1/prj/sol/.autopilot/db/v_csc.cpp:438]   --->   Operation 101 'zext' 'zext_ln847' <Predicate = (!icmp_ln724 & !odd_col)> <Delay = 0.00>
ST_3 : Operation 102 [1/1] (0.42ns)   --->   "%filt_res1 = select i1 %odd_col, i64 %filt_res1_1_out_load, i64 %zext_ln847" [D:/dp/zcu106/tpg_dp_live/vivado/tpg_dp_live/tpg_dp_live.runs/bd_85a6_csc_0_synth_1/prj/sol/.autopilot/db/v_csc.cpp:688->D:/dp/zcu106/tpg_dp_live/vivado/tpg_dp_live/tpg_dp_live.runs/bd_85a6_csc_0_synth_1/prj/sol/.autopilot/db/v_csc.cpp:438]   --->   Operation 102 'select' 'filt_res1' <Predicate = (!icmp_ln724)> <Delay = 0.42> <CoreInst = "Sel">   --->   Core 73 'Sel' <Latency = 0> <II = 1> <Delay = 0.42> <FuncUnit> <Opcode : 'select'> <InPorts = 3> <OutPorts = 1>
ST_3 : Operation 103 [1/1] (0.00ns)   --->   "%trunc_ln724 = trunc i64 %filt_res1_1_out_load" [D:/dp/zcu106/tpg_dp_live/vivado/tpg_dp_live/tpg_dp_live.runs/bd_85a6_csc_0_synth_1/prj/sol/.autopilot/db/v_csc.cpp:724->D:/dp/zcu106/tpg_dp_live/vivado/tpg_dp_live/tpg_dp_live.runs/bd_85a6_csc_0_synth_1/prj/sol/.autopilot/db/v_csc.cpp:438]   --->   Operation 103 'trunc' 'trunc_ln724' <Predicate = (!icmp_ln724 & odd_col)> <Delay = 0.00>
ST_3 : Operation 104 [1/1] (0.39ns)   --->   "%select_ln851 = select i1 %odd_col, i8 %trunc_ln724, i8 %trunc_ln3" [D:/dp/zcu106/tpg_dp_live/vivado/tpg_dp_live/tpg_dp_live.runs/bd_85a6_csc_0_synth_1/prj/sol/.autopilot/db/v_csc.cpp:851->D:/dp/zcu106/tpg_dp_live/vivado/tpg_dp_live/tpg_dp_live.runs/bd_85a6_csc_0_synth_1/prj/sol/.autopilot/db/v_csc.cpp:438]   --->   Operation 104 'select' 'select_ln851' <Predicate = (!icmp_ln724)> <Delay = 0.39> <CoreInst = "Sel">   --->   Core 73 'Sel' <Latency = 0> <II = 1> <Delay = 0.39> <FuncUnit> <Opcode : 'select'> <InPorts = 3> <OutPorts = 1>
ST_3 : Operation 105 [1/1] (0.00ns)   --->   "%p_0_0_0_0_0536737_i_out_load = load i8 %p_0_0_0_0_0536737_i_out" [D:/dp/zcu106/tpg_dp_live/vivado/tpg_dp_live/tpg_dp_live.runs/bd_85a6_csc_0_synth_1/prj/sol/.autopilot/db/v_csc.cpp:880->D:/dp/zcu106/tpg_dp_live/vivado/tpg_dp_live/tpg_dp_live.runs/bd_85a6_csc_0_synth_1/prj/sol/.autopilot/db/v_csc.cpp:438]   --->   Operation 105 'load' 'p_0_0_0_0_0536737_i_out_load' <Predicate = (!icmp_ln724 & !tmp & p_read_5)> <Delay = 0.00>
ST_3 : Operation 106 [1/1] (0.00ns)   --->   "%p_0_1_0_0_0739_i_out_load = load i8 %p_0_1_0_0_0739_i_out" [D:/dp/zcu106/tpg_dp_live/vivado/tpg_dp_live/tpg_dp_live.runs/bd_85a6_csc_0_synth_1/prj/sol/.autopilot/db/v_csc.cpp:880->D:/dp/zcu106/tpg_dp_live/vivado/tpg_dp_live/tpg_dp_live.runs/bd_85a6_csc_0_synth_1/prj/sol/.autopilot/db/v_csc.cpp:438]   --->   Operation 106 'load' 'p_0_1_0_0_0739_i_out_load' <Predicate = (!icmp_ln724 & !tmp & p_read_5)> <Delay = 0.00>
ST_3 : Operation 107 [1/1] (0.00ns)   --->   "%p_0_2_0_0_0741_i_out_load = load i8 %p_0_2_0_0_0741_i_out" [D:/dp/zcu106/tpg_dp_live/vivado/tpg_dp_live/tpg_dp_live.runs/bd_85a6_csc_0_synth_1/prj/sol/.autopilot/db/v_csc.cpp:880->D:/dp/zcu106/tpg_dp_live/vivado/tpg_dp_live/tpg_dp_live.runs/bd_85a6_csc_0_synth_1/prj/sol/.autopilot/db/v_csc.cpp:438]   --->   Operation 107 'load' 'p_0_2_0_0_0741_i_out_load' <Predicate = (!icmp_ln724 & !tmp & p_read_5)> <Delay = 0.00>
ST_3 : Operation 108 [1/1] (0.00ns)   --->   "%p_0 = bitconcatenate i24 @_ssdm_op_BitConcatenate.i24.i8.i8.i8, i8 %p_0_2_0_0_0741_i_out_load, i8 %p_0_1_0_0_0739_i_out_load, i8 %p_0_0_0_0_0536737_i_out_load" [D:/dp/zcu106/tpg_dp_live/vivado/tpg_dp_live/tpg_dp_live.runs/bd_85a6_csc_0_synth_1/prj/sol/.autopilot/db/v_csc.cpp:880->D:/dp/zcu106/tpg_dp_live/vivado/tpg_dp_live/tpg_dp_live.runs/bd_85a6_csc_0_synth_1/prj/sol/.autopilot/db/v_csc.cpp:438]   --->   Operation 108 'bitconcatenate' 'p_0' <Predicate = (!icmp_ln724 & !tmp & p_read_5)> <Delay = 0.00>
ST_3 : Operation 109 [1/1] (1.94ns)   --->   "%write_ln880 = write void @_ssdm_op_Write.ap_fifo.volatile.i24P0A, i24 %stream_out_hresampled, i24 %p_0" [D:/dp/zcu106/tpg_dp_live/vivado/tpg_dp_live/tpg_dp_live.runs/bd_85a6_csc_0_synth_1/prj/sol/.autopilot/db/v_csc.cpp:880->D:/dp/zcu106/tpg_dp_live/vivado/tpg_dp_live/tpg_dp_live.runs/bd_85a6_csc_0_synth_1/prj/sol/.autopilot/db/v_csc.cpp:438]   --->   Operation 109 'write' 'write_ln880' <Predicate = (!icmp_ln724 & !tmp & p_read_5)> <Delay = 1.94> <CoreInst = "FIFO_SRL">   --->   Core 81 'FIFO_SRL' <Latency = 0> <II = 1> <Delay = 2.04> <Storage> <Opcode : 'read' 'write' 'nbread' 'nbwrite'> <Ports = 0> <Width = 24> <Depth = 16> <FIFO>
ST_3 : Operation 110 [1/1] (0.00ns)   --->   "%br_ln880 = br void %if.end471.i" [D:/dp/zcu106/tpg_dp_live/vivado/tpg_dp_live/tpg_dp_live.runs/bd_85a6_csc_0_synth_1/prj/sol/.autopilot/db/v_csc.cpp:880->D:/dp/zcu106/tpg_dp_live/vivado/tpg_dp_live/tpg_dp_live.runs/bd_85a6_csc_0_synth_1/prj/sol/.autopilot/db/v_csc.cpp:438]   --->   Operation 110 'br' 'br_ln880' <Predicate = (!icmp_ln724 & !tmp & p_read_5)> <Delay = 0.00>
ST_3 : Operation 111 [1/1] (0.00ns)   --->   "%pixbuf_y_1_load_1 = load i8 %pixbuf_y_1" [D:/dp/zcu106/tpg_dp_live/vivado/tpg_dp_live/tpg_dp_live.runs/bd_85a6_csc_0_synth_1/prj/sol/.autopilot/db/v_csc.cpp:724->D:/dp/zcu106/tpg_dp_live/vivado/tpg_dp_live/tpg_dp_live.runs/bd_85a6_csc_0_synth_1/prj/sol/.autopilot/db/v_csc.cpp:438]   --->   Operation 111 'load' 'pixbuf_y_1_load_1' <Predicate = (!icmp_ln724)> <Delay = 0.00>
ST_3 : Operation 112 [1/1] (0.42ns)   --->   "%store_ln724 = store i8 %pixbuf_y_1_load_1, i8 %pixbuf_y_5" [D:/dp/zcu106/tpg_dp_live/vivado/tpg_dp_live/tpg_dp_live.runs/bd_85a6_csc_0_synth_1/prj/sol/.autopilot/db/v_csc.cpp:724->D:/dp/zcu106/tpg_dp_live/vivado/tpg_dp_live/tpg_dp_live.runs/bd_85a6_csc_0_synth_1/prj/sol/.autopilot/db/v_csc.cpp:438]   --->   Operation 112 'store' 'store_ln724' <Predicate = (!icmp_ln724)> <Delay = 0.42>
ST_3 : Operation 113 [1/1] (0.42ns)   --->   "%store_ln724 = store i8 %pixbuf_y_8, i8 %pixbuf_y_4" [D:/dp/zcu106/tpg_dp_live/vivado/tpg_dp_live/tpg_dp_live.runs/bd_85a6_csc_0_synth_1/prj/sol/.autopilot/db/v_csc.cpp:724->D:/dp/zcu106/tpg_dp_live/vivado/tpg_dp_live/tpg_dp_live.runs/bd_85a6_csc_0_synth_1/prj/sol/.autopilot/db/v_csc.cpp:438]   --->   Operation 113 'store' 'store_ln724' <Predicate = (!icmp_ln724)> <Delay = 0.42>
ST_3 : Operation 114 [1/1] (0.42ns)   --->   "%store_ln724 = store i8 %pixbuf_y_7, i8 %pixbuf_y_3" [D:/dp/zcu106/tpg_dp_live/vivado/tpg_dp_live/tpg_dp_live.runs/bd_85a6_csc_0_synth_1/prj/sol/.autopilot/db/v_csc.cpp:724->D:/dp/zcu106/tpg_dp_live/vivado/tpg_dp_live/tpg_dp_live.runs/bd_85a6_csc_0_synth_1/prj/sol/.autopilot/db/v_csc.cpp:438]   --->   Operation 114 'store' 'store_ln724' <Predicate = (!icmp_ln724)> <Delay = 0.42>
ST_3 : Operation 115 [1/1] (0.42ns)   --->   "%store_ln724 = store i8 %pixbuf_y_9, i8 %pixbuf_y_1" [D:/dp/zcu106/tpg_dp_live/vivado/tpg_dp_live/tpg_dp_live.runs/bd_85a6_csc_0_synth_1/prj/sol/.autopilot/db/v_csc.cpp:724->D:/dp/zcu106/tpg_dp_live/vivado/tpg_dp_live/tpg_dp_live.runs/bd_85a6_csc_0_synth_1/prj/sol/.autopilot/db/v_csc.cpp:438]   --->   Operation 115 'store' 'store_ln724' <Predicate = (!icmp_ln724)> <Delay = 0.42>
ST_3 : Operation 116 [1/1] (0.00ns)   --->   "%store_ln724 = store i8 %p_0_1_0_0_0751_i_out_load, i8 %p_0_1_0_0_0748795_i_out" [D:/dp/zcu106/tpg_dp_live/vivado/tpg_dp_live/tpg_dp_live.runs/bd_85a6_csc_0_synth_1/prj/sol/.autopilot/db/v_csc.cpp:724->D:/dp/zcu106/tpg_dp_live/vivado/tpg_dp_live/tpg_dp_live.runs/bd_85a6_csc_0_synth_1/prj/sol/.autopilot/db/v_csc.cpp:438]   --->   Operation 116 'store' 'store_ln724' <Predicate = (!icmp_ln724)> <Delay = 0.00>
ST_3 : Operation 117 [1/1] (0.00ns)   --->   "%store_ln724 = store i8 %p_0_1_0_0_0747_i_out_load, i8 %p_0_1_0_0_0744792_i_out" [D:/dp/zcu106/tpg_dp_live/vivado/tpg_dp_live/tpg_dp_live.runs/bd_85a6_csc_0_synth_1/prj/sol/.autopilot/db/v_csc.cpp:724->D:/dp/zcu106/tpg_dp_live/vivado/tpg_dp_live/tpg_dp_live.runs/bd_85a6_csc_0_synth_1/prj/sol/.autopilot/db/v_csc.cpp:438]   --->   Operation 117 'store' 'store_ln724' <Predicate = (!icmp_ln724)> <Delay = 0.00>
ST_3 : Operation 118 [1/1] (0.00ns)   --->   "%store_ln724 = store i8 %select_ln814, i8 %p_out" [D:/dp/zcu106/tpg_dp_live/vivado/tpg_dp_live/tpg_dp_live.runs/bd_85a6_csc_0_synth_1/prj/sol/.autopilot/db/v_csc.cpp:724->D:/dp/zcu106/tpg_dp_live/vivado/tpg_dp_live/tpg_dp_live.runs/bd_85a6_csc_0_synth_1/prj/sol/.autopilot/db/v_csc.cpp:438]   --->   Operation 118 'store' 'store_ln724' <Predicate = (!icmp_ln724)> <Delay = 0.00>
ST_3 : Operation 119 [1/1] (0.00ns)   --->   "%store_ln724 = store i8 %select_ln814_1, i8 %p_out1" [D:/dp/zcu106/tpg_dp_live/vivado/tpg_dp_live/tpg_dp_live.runs/bd_85a6_csc_0_synth_1/prj/sol/.autopilot/db/v_csc.cpp:724->D:/dp/zcu106/tpg_dp_live/vivado/tpg_dp_live/tpg_dp_live.runs/bd_85a6_csc_0_synth_1/prj/sol/.autopilot/db/v_csc.cpp:438]   --->   Operation 119 'store' 'store_ln724' <Predicate = (!icmp_ln724)> <Delay = 0.00>
ST_3 : Operation 120 [1/1] (0.00ns)   --->   "%store_ln724 = store i8 %select_ln814_3, i8 %p_0_0_0785_i_out" [D:/dp/zcu106/tpg_dp_live/vivado/tpg_dp_live/tpg_dp_live.runs/bd_85a6_csc_0_synth_1/prj/sol/.autopilot/db/v_csc.cpp:724->D:/dp/zcu106/tpg_dp_live/vivado/tpg_dp_live/tpg_dp_live.runs/bd_85a6_csc_0_synth_1/prj/sol/.autopilot/db/v_csc.cpp:438]   --->   Operation 120 'store' 'store_ln724' <Predicate = (!icmp_ln724)> <Delay = 0.00>
ST_3 : Operation 121 [1/1] (0.00ns)   --->   "%store_ln724 = store i8 %select_ln814_5, i8 %p_0_0_0480782_i_out" [D:/dp/zcu106/tpg_dp_live/vivado/tpg_dp_live/tpg_dp_live.runs/bd_85a6_csc_0_synth_1/prj/sol/.autopilot/db/v_csc.cpp:724->D:/dp/zcu106/tpg_dp_live/vivado/tpg_dp_live/tpg_dp_live.runs/bd_85a6_csc_0_synth_1/prj/sol/.autopilot/db/v_csc.cpp:438]   --->   Operation 121 'store' 'store_ln724' <Predicate = (!icmp_ln724)> <Delay = 0.00>
ST_3 : Operation 122 [1/1] (0.00ns)   --->   "%store_ln724 = store i64 %filt_res1, i64 %filt_res1_1_out" [D:/dp/zcu106/tpg_dp_live/vivado/tpg_dp_live/tpg_dp_live.runs/bd_85a6_csc_0_synth_1/prj/sol/.autopilot/db/v_csc.cpp:724->D:/dp/zcu106/tpg_dp_live/vivado/tpg_dp_live/tpg_dp_live.runs/bd_85a6_csc_0_synth_1/prj/sol/.autopilot/db/v_csc.cpp:438]   --->   Operation 122 'store' 'store_ln724' <Predicate = (!icmp_ln724)> <Delay = 0.00>
ST_3 : Operation 131 [1/1] (0.00ns)   --->   "%pixbuf_y_1_load = load i8 %pixbuf_y_1"   --->   Operation 131 'load' 'pixbuf_y_1_load' <Predicate = (icmp_ln724)> <Delay = 0.00>
ST_3 : Operation 132 [1/1] (0.00ns)   --->   "%store_ln0 = store i8 %pixbuf_y_8, i8 %pixbuf_y_24_out"   --->   Operation 132 'store' 'store_ln0' <Predicate = (icmp_ln724)> <Delay = 0.00>
ST_3 : Operation 133 [1/1] (0.00ns)   --->   "%store_ln0 = store i8 %pixbuf_y_7, i8 %pixbuf_y_23_out"   --->   Operation 133 'store' 'store_ln0' <Predicate = (icmp_ln724)> <Delay = 0.00>
ST_3 : Operation 134 [1/1] (0.00ns)   --->   "%store_ln0 = store i8 %pixbuf_y_6, i8 %pixbuf_y_22_out"   --->   Operation 134 'store' 'store_ln0' <Predicate = (icmp_ln724)> <Delay = 0.00>
ST_3 : Operation 135 [1/1] (0.00ns)   --->   "%write_ln0 = write void @_ssdm_op_Write.ap_auto.i8P0A, i8 %pixbuf_y_20_out, i8 %pixbuf_y_1_load"   --->   Operation 135 'write' 'write_ln0' <Predicate = (icmp_ln724)> <Delay = 0.00>
ST_3 : Operation 136 [1/1] (0.00ns)   --->   "%ret_ln0 = ret"   --->   Operation 136 'ret' 'ret_ln0' <Predicate = (icmp_ln724)> <Delay = 0.00>

State 4 <SV = 3> <Delay = 2.47>
ST_4 : Operation 123 [1/1] (0.00ns)   --->   "%pixbuf_y_21_out_load = load i8 %pixbuf_y_21_out" [D:/dp/zcu106/tpg_dp_live/vivado/tpg_dp_live/tpg_dp_live.runs/bd_85a6_csc_0_synth_1/prj/sol/.autopilot/db/v_csc.cpp:839->D:/dp/zcu106/tpg_dp_live/vivado/tpg_dp_live/tpg_dp_live.runs/bd_85a6_csc_0_synth_1/prj/sol/.autopilot/db/v_csc.cpp:438]   --->   Operation 123 'load' 'pixbuf_y_21_out_load' <Predicate = true> <Delay = 0.00>
ST_4 : Operation 124 [1/1] (0.52ns)   --->   "%tmp_i = mux i8 @_ssdm_op_Mux.ap_auto.4i8.i2, i8 %pixbuf_y_21_out_load, i8 %pixbuf_y_6, i8 %pixbuf_y_7, i8 %pixbuf_y_8, i2 %p_cast17_i_cast" [D:/dp/zcu106/tpg_dp_live/vivado/tpg_dp_live/tpg_dp_live.runs/bd_85a6_csc_0_synth_1/prj/sol/.autopilot/db/v_csc.cpp:839->D:/dp/zcu106/tpg_dp_live/vivado/tpg_dp_live/tpg_dp_live.runs/bd_85a6_csc_0_synth_1/prj/sol/.autopilot/db/v_csc.cpp:438]   --->   Operation 124 'mux' 'tmp_i' <Predicate = true> <Delay = 0.52> <CoreInst = "Multiplexer">   --->   Core 76 'Multiplexer' <Latency = 0> <II = 1> <Delay = 0.52> <FuncUnit> <Opcode : 'mux'> <InPorts = 2> <OutPorts = 1>
ST_4 : Operation 125 [1/1] (0.00ns)   --->   "%tmp_4_i = bitconcatenate i16 @_ssdm_op_BitConcatenate.i16.i8.i8, i8 %select_ln851, i8 %tmp_i" [D:/dp/zcu106/tpg_dp_live/vivado/tpg_dp_live/tpg_dp_live.runs/bd_85a6_csc_0_synth_1/prj/sol/.autopilot/db/v_csc.cpp:882->D:/dp/zcu106/tpg_dp_live/vivado/tpg_dp_live/tpg_dp_live.runs/bd_85a6_csc_0_synth_1/prj/sol/.autopilot/db/v_csc.cpp:438]   --->   Operation 125 'bitconcatenate' 'tmp_4_i' <Predicate = (!tmp & !p_read_5)> <Delay = 0.00>
ST_4 : Operation 126 [1/1] (0.00ns)   --->   "%zext_ln882 = zext i16 %tmp_4_i" [D:/dp/zcu106/tpg_dp_live/vivado/tpg_dp_live/tpg_dp_live.runs/bd_85a6_csc_0_synth_1/prj/sol/.autopilot/db/v_csc.cpp:882->D:/dp/zcu106/tpg_dp_live/vivado/tpg_dp_live/tpg_dp_live.runs/bd_85a6_csc_0_synth_1/prj/sol/.autopilot/db/v_csc.cpp:438]   --->   Operation 126 'zext' 'zext_ln882' <Predicate = (!tmp & !p_read_5)> <Delay = 0.00>
ST_4 : Operation 127 [1/1] (1.94ns)   --->   "%write_ln882 = write void @_ssdm_op_Write.ap_fifo.volatile.i24P0A, i24 %stream_out_hresampled, i24 %zext_ln882" [D:/dp/zcu106/tpg_dp_live/vivado/tpg_dp_live/tpg_dp_live.runs/bd_85a6_csc_0_synth_1/prj/sol/.autopilot/db/v_csc.cpp:882->D:/dp/zcu106/tpg_dp_live/vivado/tpg_dp_live/tpg_dp_live.runs/bd_85a6_csc_0_synth_1/prj/sol/.autopilot/db/v_csc.cpp:438]   --->   Operation 127 'write' 'write_ln882' <Predicate = (!tmp & !p_read_5)> <Delay = 1.94> <CoreInst = "FIFO_SRL">   --->   Core 81 'FIFO_SRL' <Latency = 0> <II = 1> <Delay = 2.04> <Storage> <Opcode : 'read' 'write' 'nbread' 'nbwrite'> <Ports = 0> <Width = 24> <Depth = 16> <FIFO>
ST_4 : Operation 128 [1/1] (0.00ns)   --->   "%br_ln0 = br void %if.end471.i"   --->   Operation 128 'br' 'br_ln0' <Predicate = (!tmp & !p_read_5)> <Delay = 0.00>
ST_4 : Operation 129 [1/1] (0.00ns)   --->   "%store_ln724 = store i8 %pixbuf_y_6, i8 %pixbuf_y_21_out" [D:/dp/zcu106/tpg_dp_live/vivado/tpg_dp_live/tpg_dp_live.runs/bd_85a6_csc_0_synth_1/prj/sol/.autopilot/db/v_csc.cpp:724->D:/dp/zcu106/tpg_dp_live/vivado/tpg_dp_live/tpg_dp_live.runs/bd_85a6_csc_0_synth_1/prj/sol/.autopilot/db/v_csc.cpp:438]   --->   Operation 129 'store' 'store_ln724' <Predicate = true> <Delay = 0.00>
ST_4 : Operation 130 [1/1] (0.00ns)   --->   "%br_ln724 = br void %for.body37.i" [D:/dp/zcu106/tpg_dp_live/vivado/tpg_dp_live/tpg_dp_live.runs/bd_85a6_csc_0_synth_1/prj/sol/.autopilot/db/v_csc.cpp:724->D:/dp/zcu106/tpg_dp_live/vivado/tpg_dp_live/tpg_dp_live.runs/bd_85a6_csc_0_synth_1/prj/sol/.autopilot/db/v_csc.cpp:438]   --->   Operation 130 'br' 'br_ln724' <Predicate = true> <Delay = 0.00>


============================================================
+ Verbose Summary: Timing violations
============================================================
Target clock period: 5.334ns, clock uncertainty: 1.440ns.

 <State 1>: 1.247ns
The critical path consists of the following:
	'alloca' operation ('x') [30]  (0.000 ns)
	'load' operation ('x', D:/dp/zcu106/tpg_dp_live/vivado/tpg_dp_live/tpg_dp_live.runs/bd_85a6_csc_0_synth_1/prj/sol/.autopilot/db/v_csc.cpp:724->D:/dp/zcu106/tpg_dp_live/vivado/tpg_dp_live/tpg_dp_live.runs/bd_85a6_csc_0_synth_1/prj/sol/.autopilot/db/v_csc.cpp:438) on local variable 'x' [59]  (0.000 ns)
	'add' operation ('add_ln724', D:/dp/zcu106/tpg_dp_live/vivado/tpg_dp_live/tpg_dp_live.runs/bd_85a6_csc_0_synth_1/prj/sol/.autopilot/db/v_csc.cpp:724->D:/dp/zcu106/tpg_dp_live/vivado/tpg_dp_live/tpg_dp_live.runs/bd_85a6_csc_0_synth_1/prj/sol/.autopilot/db/v_csc.cpp:438) [65]  (0.820 ns)
	'store' operation ('store_ln724', D:/dp/zcu106/tpg_dp_live/vivado/tpg_dp_live/tpg_dp_live.runs/bd_85a6_csc_0_synth_1/prj/sol/.autopilot/db/v_csc.cpp:724->D:/dp/zcu106/tpg_dp_live/vivado/tpg_dp_live/tpg_dp_live.runs/bd_85a6_csc_0_synth_1/prj/sol/.autopilot/db/v_csc.cpp:438) of variable 'add_ln724', D:/dp/zcu106/tpg_dp_live/vivado/tpg_dp_live/tpg_dp_live.runs/bd_85a6_csc_0_synth_1/prj/sol/.autopilot/db/v_csc.cpp:724->D:/dp/zcu106/tpg_dp_live/vivado/tpg_dp_live/tpg_dp_live.runs/bd_85a6_csc_0_synth_1/prj/sol/.autopilot/db/v_csc.cpp:438 on local variable 'x' [154]  (0.427 ns)

 <State 2>: 2.374ns
The critical path consists of the following:
	fifo read operation ('stream_csc_read', D:/dp/zcu106/tpg_dp_live/vivado/tpg_dp_live/tpg_dp_live.runs/bd_85a6_csc_0_synth_1/prj/sol/.autopilot/db/v_csc.cpp:734->D:/dp/zcu106/tpg_dp_live/vivado/tpg_dp_live/tpg_dp_live.runs/bd_85a6_csc_0_synth_1/prj/sol/.autopilot/db/v_csc.cpp:438) on port 'stream_csc' (D:/dp/zcu106/tpg_dp_live/vivado/tpg_dp_live/tpg_dp_live.runs/bd_85a6_csc_0_synth_1/prj/sol/.autopilot/db/v_csc.cpp:734->D:/dp/zcu106/tpg_dp_live/vivado/tpg_dp_live/tpg_dp_live.runs/bd_85a6_csc_0_synth_1/prj/sol/.autopilot/db/v_csc.cpp:438) [76]  (1.947 ns)
	'store' operation ('store_ln739', D:/dp/zcu106/tpg_dp_live/vivado/tpg_dp_live/tpg_dp_live.runs/bd_85a6_csc_0_synth_1/prj/sol/.autopilot/db/v_csc.cpp:739->D:/dp/zcu106/tpg_dp_live/vivado/tpg_dp_live/tpg_dp_live.runs/bd_85a6_csc_0_synth_1/prj/sol/.autopilot/db/v_csc.cpp:438) of variable 'trunc_ln734', D:/dp/zcu106/tpg_dp_live/vivado/tpg_dp_live/tpg_dp_live.runs/bd_85a6_csc_0_synth_1/prj/sol/.autopilot/db/v_csc.cpp:734->D:/dp/zcu106/tpg_dp_live/vivado/tpg_dp_live/tpg_dp_live.runs/bd_85a6_csc_0_synth_1/prj/sol/.autopilot/db/v_csc.cpp:438 on local variable 'pixbuf_y' [82]  (0.427 ns)

 <State 3>: 2.542ns
The critical path consists of the following:
	'load' operation ('p_0_1_0_0_0748795_i_out_load', D:/dp/zcu106/tpg_dp_live/vivado/tpg_dp_live/tpg_dp_live.runs/bd_85a6_csc_0_synth_1/prj/sol/.autopilot/db/v_csc.cpp:814->D:/dp/zcu106/tpg_dp_live/vivado/tpg_dp_live/tpg_dp_live.runs/bd_85a6_csc_0_synth_1/prj/sol/.autopilot/db/v_csc.cpp:438) on local variable 'p_0_1_0_0_0748795_i_out' [94]  (0.000 ns)
	'select' operation ('select_ln814', D:/dp/zcu106/tpg_dp_live/vivado/tpg_dp_live/tpg_dp_live.runs/bd_85a6_csc_0_synth_1/prj/sol/.autopilot/db/v_csc.cpp:814->D:/dp/zcu106/tpg_dp_live/vivado/tpg_dp_live/tpg_dp_live.runs/bd_85a6_csc_0_synth_1/prj/sol/.autopilot/db/v_csc.cpp:438) [100]  (0.393 ns)
	'add' operation ('add_ln849', D:/dp/zcu106/tpg_dp_live/vivado/tpg_dp_live/tpg_dp_live.runs/bd_85a6_csc_0_synth_1/prj/sol/.autopilot/db/v_csc.cpp:849->D:/dp/zcu106/tpg_dp_live/vivado/tpg_dp_live/tpg_dp_live.runs/bd_85a6_csc_0_synth_1/prj/sol/.autopilot/db/v_csc.cpp:438) [120]  (0.765 ns)
	'add' operation ('add_ln849_1', D:/dp/zcu106/tpg_dp_live/vivado/tpg_dp_live/tpg_dp_live.runs/bd_85a6_csc_0_synth_1/prj/sol/.autopilot/db/v_csc.cpp:849->D:/dp/zcu106/tpg_dp_live/vivado/tpg_dp_live/tpg_dp_live.runs/bd_85a6_csc_0_synth_1/prj/sol/.autopilot/db/v_csc.cpp:438) [123]  (0.960 ns)
	'select' operation ('filt_res1', D:/dp/zcu106/tpg_dp_live/vivado/tpg_dp_live/tpg_dp_live.runs/bd_85a6_csc_0_synth_1/prj/sol/.autopilot/db/v_csc.cpp:688->D:/dp/zcu106/tpg_dp_live/vivado/tpg_dp_live/tpg_dp_live.runs/bd_85a6_csc_0_synth_1/prj/sol/.autopilot/db/v_csc.cpp:438) [126]  (0.424 ns)
	'store' operation ('store_ln724', D:/dp/zcu106/tpg_dp_live/vivado/tpg_dp_live/tpg_dp_live.runs/bd_85a6_csc_0_synth_1/prj/sol/.autopilot/db/v_csc.cpp:724->D:/dp/zcu106/tpg_dp_live/vivado/tpg_dp_live/tpg_dp_live.runs/bd_85a6_csc_0_synth_1/prj/sol/.autopilot/db/v_csc.cpp:438) of variable 'filt_res1', D:/dp/zcu106/tpg_dp_live/vivado/tpg_dp_live/tpg_dp_live.runs/bd_85a6_csc_0_synth_1/prj/sol/.autopilot/db/v_csc.cpp:688->D:/dp/zcu106/tpg_dp_live/vivado/tpg_dp_live/tpg_dp_live.runs/bd_85a6_csc_0_synth_1/prj/sol/.autopilot/db/v_csc.cpp:438 on local variable 'filt_res1_1_out' [161]  (0.000 ns)

 <State 4>: 2.472ns
The critical path consists of the following:
	'load' operation ('pixbuf_y_21_out_load', D:/dp/zcu106/tpg_dp_live/vivado/tpg_dp_live/tpg_dp_live.runs/bd_85a6_csc_0_synth_1/prj/sol/.autopilot/db/v_csc.cpp:839->D:/dp/zcu106/tpg_dp_live/vivado/tpg_dp_live/tpg_dp_live.runs/bd_85a6_csc_0_synth_1/prj/sol/.autopilot/db/v_csc.cpp:438) on local variable 'pixbuf_y_21_out' [95]  (0.000 ns)
	'mux' operation ('tmp_i', D:/dp/zcu106/tpg_dp_live/vivado/tpg_dp_live/tpg_dp_live.runs/bd_85a6_csc_0_synth_1/prj/sol/.autopilot/db/v_csc.cpp:839->D:/dp/zcu106/tpg_dp_live/vivado/tpg_dp_live/tpg_dp_live.runs/bd_85a6_csc_0_synth_1/prj/sol/.autopilot/db/v_csc.cpp:438) [106]  (0.525 ns)
	fifo write operation ('write_ln882', D:/dp/zcu106/tpg_dp_live/vivado/tpg_dp_live/tpg_dp_live.runs/bd_85a6_csc_0_synth_1/prj/sol/.autopilot/db/v_csc.cpp:882->D:/dp/zcu106/tpg_dp_live/vivado/tpg_dp_live/tpg_dp_live.runs/bd_85a6_csc_0_synth_1/prj/sol/.autopilot/db/v_csc.cpp:438) on port 'stream_out_hresampled' (D:/dp/zcu106/tpg_dp_live/vivado/tpg_dp_live/tpg_dp_live.runs/bd_85a6_csc_0_synth_1/prj/sol/.autopilot/db/v_csc.cpp:882->D:/dp/zcu106/tpg_dp_live/vivado/tpg_dp_live/tpg_dp_live.runs/bd_85a6_csc_0_synth_1/prj/sol/.autopilot/db/v_csc.cpp:438) [136]  (1.947 ns)


============================================================
+ Verbose Summary: Binding
============================================================
N/A
* FSMD analyzer results:
  - Output states:
 - Input state : 
  - Chain level:
	State 1
	State 2
	State 3
	State 4


============================================================
+ Verbose Summary: Datapath Resource usage 
============================================================
N/A
