

================================================================
== Vitis HLS Report for 'MultiPixStream2AXIvideo'
================================================================
* Date:           Fri Nov 15 11:03:04 2024

* Version:        2023.1 (Build 3854077 on May  4 2023)
* Project:        prj
* Solution:       sol (Vivado IP Flow Target)
* Product family: zynquplus
* Target device:  xczu7ev-ffvc1156-2-e


================================================================
== Performance Estimates
================================================================
+ Timing: 
    * Summary: 
    +--------+---------+----------+------------+
    |  Clock |  Target | Estimated| Uncertainty|
    +--------+---------+----------+------------+
    |ap_clk  |  5.33 ns|  3.375 ns|     1.44 ns|
    +--------+---------+----------+------------+

+ Latency: 
    * Summary: 
    +---------+---------+-----------+-----------+------+---------+---------+
    |  Latency (cycles) |   Latency (absolute)  |    Interval    | Pipeline|
    |   min   |   max   |    min    |    max    |  min |   max   |   Type  |
    +---------+---------+-----------+-----------+------+---------+---------+
    |     4419|  8305203|  23.571 us|  44.300 ms|  4419|  8305203|       no|
    +---------+---------+-----------+-----------+------+---------+---------+

    + Detail: 
        * Instance: 
        +--------------------------------------------------------------+---------------------------------------------------+---------+---------+----------+-----------+-----+------+---------+
        |                                                              |                                                   |  Latency (cycles) |  Latency (absolute)  |  Interval  | Pipeline|
        |                           Instance                           |                       Module                      |   min   |   max   |    min   |    max    | min |  max |   Type  |
        +--------------------------------------------------------------+---------------------------------------------------+---------+---------+----------+-----------+-----+------+---------+
        |grp_MultiPixStream2AXIvideo_Pipeline_VITIS_LOOP_619_2_fu_120  |MultiPixStream2AXIvideo_Pipeline_VITIS_LOOP_619_2  |       67|     3843|  0.357 us|  20.499 us|   67|  3843|       no|
        |grp_reg_unsigned_short_s_fu_145                               |reg_unsigned_short_s                               |        1|        1|  5.334 ns|   5.334 ns|    1|     1|      yes|
        |grp_reg_unsigned_short_s_fu_151                               |reg_unsigned_short_s                               |        1|        1|  5.334 ns|   5.334 ns|    1|     1|      yes|
        +--------------------------------------------------------------+---------------------------------------------------+---------+---------+----------+-----------+-----+------+---------+

        * Loop: 
        +--------------------+---------+---------+-----------+-----------+-----------+-----------+----------+
        |                    |  Latency (cycles) | Iteration |  Initiation Interval  |    Trip   |          |
        |      Loop Name     |   min   |   max   |  Latency  |  achieved |   target  |   Count   | Pipelined|
        +--------------------+---------+---------+-----------+-----------+-----------+-----------+----------+
        |- VITIS_LOOP_617_1  |     4416|  8305200|  69 ~ 3845|          -|          -|  64 ~ 2160|        no|
        +--------------------+---------+---------+-----------+-----------+-----------+-----------+----------+



================================================================
== Utilization Estimates
================================================================
* Summary: 
+-----------------+---------+------+--------+--------+-----+
|       Name      | BRAM_18K|  DSP |   FF   |   LUT  | URAM|
+-----------------+---------+------+--------+--------+-----+
|DSP              |        -|     -|       -|       -|    -|
|Expression       |        -|     -|       0|      61|    -|
|FIFO             |        -|     -|       -|       -|    -|
|Instance         |        -|     -|      69|     220|    -|
|Memory           |        -|     -|       -|       -|    -|
|Multiplexer      |        -|     -|       -|      76|    -|
|Register         |        -|     -|      56|       -|    -|
+-----------------+---------+------+--------+--------+-----+
|Total            |        0|     0|     125|     357|    0|
+-----------------+---------+------+--------+--------+-----+
|Available        |      624|  1728|  460800|  230400|   96|
+-----------------+---------+------+--------+--------+-----+
|Utilization (%)  |        0|     0|      ~0|      ~0|    0|
+-----------------+---------+------+--------+--------+-----+

+ Detail: 
    * Instance: 
    +--------------------------------------------------------------+---------------------------------------------------+---------+----+----+-----+-----+
    |                           Instance                           |                       Module                      | BRAM_18K| DSP| FF | LUT | URAM|
    +--------------------------------------------------------------+---------------------------------------------------+---------+----+----+-----+-----+
    |grp_MultiPixStream2AXIvideo_Pipeline_VITIS_LOOP_619_2_fu_120  |MultiPixStream2AXIvideo_Pipeline_VITIS_LOOP_619_2  |        0|   0|  19|  192|    0|
    |grp_reg_unsigned_short_s_fu_145                               |reg_unsigned_short_s                               |        0|   0|  25|   14|    0|
    |grp_reg_unsigned_short_s_fu_151                               |reg_unsigned_short_s                               |        0|   0|  25|   14|    0|
    +--------------------------------------------------------------+---------------------------------------------------+---------+----+----+-----+-----+
    |Total                                                         |                                                   |        0|   0|  69|  220|    0|
    +--------------------------------------------------------------+---------------------------------------------------+---------+----+----+-----+-----+

    * DSP: 
    N/A

    * Memory: 
    N/A

    * FIFO: 
    N/A

    * Expression: 
    +----------------------------------------------------------------------------------+----------+----+---+----+------------+------------+
    |                                   Variable Name                                  | Operation| DSP| FF| LUT| Bitwidth P0| Bitwidth P1|
    +----------------------------------------------------------------------------------+----------+----+---+----+------------+------------+
    |i_2_fu_176_p2                                                                     |         +|   0|  0|  19|          12|           1|
    |sub_fu_162_p2                                                                     |         +|   0|  0|  19|          12|           2|
    |grp_MultiPixStream2AXIvideo_Pipeline_VITIS_LOOP_619_2_fu_120_m_axis_video_TREADY  |       and|   0|  0|   2|           1|           1|
    |icmp_ln617_fu_171_p2                                                              |      icmp|   0|  0|  19|          12|          12|
    |ap_block_state1                                                                   |        or|   0|  0|   2|           1|           1|
    +----------------------------------------------------------------------------------+----------+----+---+----+------------+------------+
    |Total                                                                             |          |   0|  0|  61|          38|          17|
    +----------------------------------------------------------------------------------+----------+----+---+----+------------+------------+

    * Multiplexer: 
    +----------------------------+----+-----------+-----+-----------+
    |            Name            | LUT| Input Size| Bits| Total Bits|
    +----------------------------+----+-----------+-----+-----------+
    |Height_blk_n                |   9|          2|    1|          2|
    |WidthOut_blk_n              |   9|          2|    1|          2|
    |ap_NS_fsm                   |  31|          6|    1|          6|
    |ap_done                     |   9|          2|    1|          2|
    |i_fu_84                     |   9|          2|   12|         24|
    |stream_out_vresampled_read  |   9|          2|    1|          2|
    +----------------------------+----+-----------+-----+-----------+
    |Total                       |  76|         16|   17|         38|
    +----------------------------+----+-----------+-----+-----------+

    * Register: 
    +---------------------------------------------------------------------------+----+----+-----+-----------+
    |                                    Name                                   | FF | LUT| Bits| Const Bits|
    +---------------------------------------------------------------------------+----+----+-----+-----------+
    |ap_CS_fsm                                                                  |   5|   0|    5|          0|
    |ap_done_reg                                                                |   1|   0|    1|          0|
    |cols_reg_204                                                               |  12|   0|   12|          0|
    |grp_MultiPixStream2AXIvideo_Pipeline_VITIS_LOOP_619_2_fu_120_ap_start_reg  |   1|   0|    1|          0|
    |i_fu_84                                                                    |  12|   0|   12|          0|
    |rows_reg_199                                                               |  12|   0|   12|          0|
    |sof_reg_106                                                                |   1|   0|    1|          0|
    |sub_reg_209                                                                |  12|   0|   12|          0|
    +---------------------------------------------------------------------------+----+----+-----+-----------+
    |Total                                                                      |  56|   0|   56|          0|
    +---------------------------------------------------------------------------+----+----+-----+-----------+



================================================================
== Interface
================================================================
* Summary: 
+--------------------------------------+-----+-----+------------+-------------------------+--------------+
|               RTL Ports              | Dir | Bits|  Protocol  |      Source Object      |    C Type    |
+--------------------------------------+-----+-----+------------+-------------------------+--------------+
|ap_clk                                |   in|    1|  ap_ctrl_hs|  MultiPixStream2AXIvideo|  return value|
|ap_rst                                |   in|    1|  ap_ctrl_hs|  MultiPixStream2AXIvideo|  return value|
|ap_start                              |   in|    1|  ap_ctrl_hs|  MultiPixStream2AXIvideo|  return value|
|ap_done                               |  out|    1|  ap_ctrl_hs|  MultiPixStream2AXIvideo|  return value|
|ap_continue                           |   in|    1|  ap_ctrl_hs|  MultiPixStream2AXIvideo|  return value|
|ap_idle                               |  out|    1|  ap_ctrl_hs|  MultiPixStream2AXIvideo|  return value|
|ap_ready                              |  out|    1|  ap_ctrl_hs|  MultiPixStream2AXIvideo|  return value|
|stream_out_vresampled_dout            |   in|   24|     ap_fifo|    stream_out_vresampled|       pointer|
|stream_out_vresampled_num_data_valid  |   in|    5|     ap_fifo|    stream_out_vresampled|       pointer|
|stream_out_vresampled_fifo_cap        |   in|    5|     ap_fifo|    stream_out_vresampled|       pointer|
|stream_out_vresampled_empty_n         |   in|    1|     ap_fifo|    stream_out_vresampled|       pointer|
|stream_out_vresampled_read            |  out|    1|     ap_fifo|    stream_out_vresampled|       pointer|
|m_axis_video_TDATA                    |  out|   24|        axis|    m_axis_video_V_data_V|       pointer|
|m_axis_video_TVALID                   |  out|    1|        axis|    m_axis_video_V_dest_V|       pointer|
|m_axis_video_TREADY                   |   in|    1|        axis|    m_axis_video_V_dest_V|       pointer|
|m_axis_video_TDEST                    |  out|    1|        axis|    m_axis_video_V_dest_V|       pointer|
|m_axis_video_TKEEP                    |  out|    3|        axis|    m_axis_video_V_keep_V|       pointer|
|m_axis_video_TSTRB                    |  out|    3|        axis|    m_axis_video_V_strb_V|       pointer|
|m_axis_video_TUSER                    |  out|    1|        axis|    m_axis_video_V_user_V|       pointer|
|m_axis_video_TLAST                    |  out|    1|        axis|    m_axis_video_V_last_V|       pointer|
|m_axis_video_TID                      |  out|    1|        axis|      m_axis_video_V_id_V|       pointer|
|Height_dout                           |   in|   12|     ap_fifo|                   Height|       pointer|
|Height_num_data_valid                 |   in|    2|     ap_fifo|                   Height|       pointer|
|Height_fifo_cap                       |   in|    2|     ap_fifo|                   Height|       pointer|
|Height_empty_n                        |   in|    1|     ap_fifo|                   Height|       pointer|
|Height_read                           |  out|    1|     ap_fifo|                   Height|       pointer|
|WidthOut_dout                         |   in|   12|     ap_fifo|                 WidthOut|       pointer|
|WidthOut_num_data_valid               |   in|    2|     ap_fifo|                 WidthOut|       pointer|
|WidthOut_fifo_cap                     |   in|    2|     ap_fifo|                 WidthOut|       pointer|
|WidthOut_empty_n                      |   in|    1|     ap_fifo|                 WidthOut|       pointer|
|WidthOut_read                         |  out|    1|     ap_fifo|                 WidthOut|       pointer|
|p_read                                |   in|    8|     ap_none|                   p_read|        scalar|
+--------------------------------------+-----+-----+------------+-------------------------+--------------+

