

================================================================
== Vitis HLS Report for 'v_csc'
================================================================
* Date:           Fri Nov 15 11:03:08 2024

* Version:        2023.1 (Build 3854077 on May  4 2023)
* Project:        prj
* Solution:       sol (Vivado IP Flow Target)
* Product family: zynquplus
* Target device:  xczu7ev-ffvc1156-2-e


================================================================
== Performance Estimates
================================================================
+ Timing: 
    * Summary: 
    +--------+---------+----------+------------+
    |  Clock |  Target | Estimated| Uncertainty|
    +--------+---------+----------+------------+
    |ap_clk  |  5.33 ns|  3.748 ns|     1.44 ns|
    +--------+---------+----------+------------+

+ Latency: 
    * Summary: 
    +---------+------------+-----------+-----------+------+------------+----------+
    |   Latency (cycles)   |   Latency (absolute)  |      Interval     | Pipeline |
    |   min   |     max    |    min    |    max    |  min |     max    |   Type   |
    +---------+------------+-----------+-----------+------+------------+----------+
    |     4679|  1073938438|  24.958 us|  5.728 sec|  4679|  1073938427|  dataflow|
    +---------+------------+-----------+-----------+------+------------+----------+

    + Detail: 
        * Instance: 
        +----------------------------+-------------------------+---------+------------+-----------+-----------+------+------------+---------+
        |                            |                         |   Latency (cycles)   |   Latency (absolute)  |      Interval     | Pipeline|
        |          Instance          |          Module         |   min   |     max    |    min    |    max    |  min |     max    |   Type  |
        +----------------------------+-------------------------+---------+------------+-----------+-----------+------+------------+---------+
        |Block_entry3_proc_U0        |Block_entry3_proc        |        0|           0|       0 ns|       0 ns|     0|           0|       no|
        |AXIvideo2MultiPixStream_U0  |AXIvideo2MultiPixStream  |     4678|     8313846|  24.952 us|  44.346 ms|  4678|     8313846|       no|
        |v_vcresampler_core_1_U0     |v_vcresampler_core_1     |        1|  1073872892|   5.334 ns|  5.728 sec|     1|  1073872892|       no|
        |v_hcresampler_core_2_U0     |v_hcresampler_core_2     |        1|  1073938426|   5.334 ns|  5.728 sec|     1|  1073938426|       no|
        |v_csc_core_U0               |v_csc_core               |        1|    16801786|   5.334 ns|  89.621 ms|     1|    16801786|       no|
        |v_hcresampler_core_U0       |v_hcresampler_core       |        1|  1073938426|   5.334 ns|  5.728 sec|     1|  1073938426|       no|
        |v_vcresampler_core_U0       |v_vcresampler_core       |        1|  1073872892|   5.334 ns|  5.728 sec|     1|  1073872892|       no|
        |MultiPixStream2AXIvideo_U0  |MultiPixStream2AXIvideo  |     4419|     8305203|  23.571 us|  44.300 ms|  4419|     8305203|       no|
        +----------------------------+-------------------------+---------+------------+-----------+-----------+------+------------+---------+

        * Loop: 
        N/A



================================================================
== Utilization Estimates
================================================================
* Summary: 
+-----------------+---------+------+--------+--------+-----+
|       Name      | BRAM_18K|  DSP |   FF   |   LUT  | URAM|
+-----------------+---------+------+--------+--------+-----+
|DSP              |        -|     -|       -|       -|    -|
|Expression       |        -|     -|       0|     168|    -|
|FIFO             |        -|     -|    5742|    3851|    -|
|Instance         |       14|     9|    3075|    6144|    0|
|Memory           |        -|     -|       -|       -|    -|
|Multiplexer      |        -|     -|       -|     360|    -|
|Register         |        -|     -|      40|       -|    -|
+-----------------+---------+------+--------+--------+-----+
|Total            |       14|     9|    8857|   10523|    0|
+-----------------+---------+------+--------+--------+-----+
|Available        |      624|  1728|  460800|  230400|   96|
+-----------------+---------+------+--------+--------+-----+
|Utilization (%)  |        2|    ~0|       1|       4|    0|
+-----------------+---------+------+--------+--------+-----+

+ Detail: 
    * Instance: 
    +----------------------------+-------------------------+---------+----+-----+------+-----+
    |          Instance          |          Module         | BRAM_18K| DSP|  FF |  LUT | URAM|
    +----------------------------+-------------------------+---------+----+-----+------+-----+
    |AXIvideo2MultiPixStream_U0  |AXIvideo2MultiPixStream  |        0|   0|  175|   490|    0|
    |Block_entry3_proc_U0        |Block_entry3_proc        |        0|   0|  490|   443|    0|
    |CTRL_s_axi_U                |CTRL_s_axi               |        0|   0|  744|  1024|    0|
    |MultiPixStream2AXIvideo_U0  |MultiPixStream2AXIvideo  |        0|   0|  125|   357|    0|
    |v_csc_core_U0               |v_csc_core               |        0|   9|  326|  1285|    0|
    |v_hcresampler_core_U0       |v_hcresampler_core       |        0|   0|  461|   817|    0|
    |v_hcresampler_core_2_U0     |v_hcresampler_core_2     |        0|   0|  301|   727|    0|
    |v_vcresampler_core_U0       |v_vcresampler_core       |        6|   0|  176|   471|    0|
    |v_vcresampler_core_1_U0     |v_vcresampler_core_1     |        8|   0|  277|   530|    0|
    +----------------------------+-------------------------+---------+----+-----+------+-----+
    |Total                       |                         |       14|   9| 3075|  6144|    0|
    +----------------------------+-------------------------+---------+----+-----+------+-----+

    * DSP: 
    N/A

    * Memory: 
    N/A

    * FIFO: 
    +----------------------------------------+---------+----+----+-----+------+-----+---------+
    |                  Name                  | BRAM_18K| FF | LUT| URAM| Depth| Bits| Size:D*B|
    +----------------------------------------+---------+----+----+-----+------+-----+---------+
    |HwReg_BOffset_2_channel_U               |        0|  99|   0|    -|     5|   10|       50|
    |HwReg_BOffset_channel_U                 |        0|  99|   0|    -|     5|   10|       50|
    |HwReg_ClampMin_2_channel_U              |        0|  99|   0|    -|     5|    8|       40|
    |HwReg_ClampMin_channel_U                |        0|  99|   0|    -|     5|    8|       40|
    |HwReg_ClipMax_2_channel_U               |        0|  99|   0|    -|     5|    8|       40|
    |HwReg_ClipMax_channel_U                 |        0|  99|   0|    -|     5|    8|       40|
    |HwReg_ColEnd_channel_U                  |        0|  99|   0|    -|     5|   16|       80|
    |HwReg_ColStart_channel_U                |        0|  99|   0|    -|     5|   16|       80|
    |HwReg_GOffset_2_channel_U               |        0|  99|   0|    -|     5|   10|       50|
    |HwReg_GOffset_channel_U                 |        0|  99|   0|    -|     5|   10|       50|
    |HwReg_InVideoFormat_channel_U           |        0|  99|   0|    -|     2|    8|       16|
    |HwReg_K11_2_channel_U                   |        0|  99|   0|    -|     5|   16|       80|
    |HwReg_K11_channel_U                     |        0|  99|   0|    -|     5|   16|       80|
    |HwReg_K12_2_channel_U                   |        0|  99|   0|    -|     5|   16|       80|
    |HwReg_K12_channel_U                     |        0|  99|   0|    -|     5|   16|       80|
    |HwReg_K13_2_channel_U                   |        0|  99|   0|    -|     5|   16|       80|
    |HwReg_K13_channel_U                     |        0|  99|   0|    -|     5|   16|       80|
    |HwReg_K21_2_channel_U                   |        0|  99|   0|    -|     5|   16|       80|
    |HwReg_K21_channel_U                     |        0|  99|   0|    -|     5|   16|       80|
    |HwReg_K22_2_channel_U                   |        0|  99|   0|    -|     5|   16|       80|
    |HwReg_K22_channel_U                     |        0|  99|   0|    -|     5|   16|       80|
    |HwReg_K23_2_channel_U                   |        0|  99|   0|    -|     5|   16|       80|
    |HwReg_K23_channel_U                     |        0|  99|   0|    -|     5|   16|       80|
    |HwReg_K31_2_channel_U                   |        0|  99|   0|    -|     5|   16|       80|
    |HwReg_K31_channel_U                     |        0|  99|   0|    -|     5|   16|       80|
    |HwReg_K32_2_channel_U                   |        0|  99|   0|    -|     5|   16|       80|
    |HwReg_K32_channel_U                     |        0|  99|   0|    -|     5|   16|       80|
    |HwReg_K33_2_channel_U                   |        0|  99|   0|    -|     5|   16|       80|
    |HwReg_K33_channel_U                     |        0|  99|   0|    -|     5|   16|       80|
    |HwReg_OutVideoFormat_channel_U          |        0|  99|   0|    -|     8|    8|       64|
    |HwReg_ROffset_2_channel_U               |        0|  99|   0|    -|     5|   10|       50|
    |HwReg_ROffset_channel_U                 |        0|  99|   0|    -|     5|   10|       50|
    |HwReg_RowEnd_channel_U                  |        0|  99|   0|    -|     5|   16|       80|
    |HwReg_RowStart_channel_U                |        0|  99|   0|    -|     5|   16|       80|
    |HwReg_height_c25_U                      |        0|  99|   0|    -|     2|   12|       24|
    |HwReg_height_c26_U                      |        0|  99|   0|    -|     2|   12|       24|
    |HwReg_height_c27_U                      |        0|  99|   0|    -|     2|   12|       24|
    |HwReg_height_c28_U                      |        0|  99|   0|    -|     2|   12|       24|
    |HwReg_height_c29_U                      |        0|  99|   0|    -|     2|   12|       24|
    |HwReg_height_c30_channel_U              |        0|  99|   0|    -|     2|   12|       24|
    |HwReg_height_c_U                        |        0|  99|   0|    -|     2|   12|       24|
    |HwReg_width_c19_U                       |        0|  99|   0|    -|     2|   12|       24|
    |HwReg_width_c20_U                       |        0|  99|   0|    -|     2|   12|       24|
    |HwReg_width_c21_U                       |        0|  99|   0|    -|     2|   12|       24|
    |HwReg_width_c22_U                       |        0|  99|   0|    -|     2|   12|       24|
    |HwReg_width_c23_U                       |        0|  99|   0|    -|     2|   12|       24|
    |HwReg_width_c24_channel_U               |        0|  99|   0|    -|     2|   12|       24|
    |HwReg_width_c_U                         |        0|  99|   0|    -|     2|   12|       24|
    |bPassThru_420_In_loc_channel_U          |        0|  99|   0|    -|     3|    1|        3|
    |bPassThru_420_Out_loc_channel_U         |        0|  99|   0|    -|     7|    1|        7|
    |bPassThru_422_or_420_In_loc_channel_U   |        0|  99|   0|    -|     4|    1|        4|
    |bPassThru_422_or_420_Out_loc_channel_U  |        0|  99|   0|    -|     6|    1|        6|
    |stream_csc_U                            |        0|  99|   0|    -|    16|   24|      384|
    |stream_in_U                             |        0|  99|   0|    -|    16|   24|      384|
    |stream_in_hresampled_U                  |        0|  99|   0|    -|    16|   24|      384|
    |stream_in_vresampled_U                  |        0|  99|   0|    -|    16|   24|      384|
    |stream_out_hresampled_U                 |        0|  99|   0|    -|    16|   24|      384|
    |stream_out_vresampled_U                 |        0|  99|   0|    -|    16|   24|      384|
    +----------------------------------------+---------+----+----+-----+------+-----+---------+
    |Total                                   |        0|5742|   0|    0|   314|  776|     4960|
    +----------------------------------------+---------+----+----+-----+------+-----+---------+

    * Expression: 
    +------------------------------------------------------------+----------+----+---+----+------------+------------+
    |                        Variable Name                       | Operation| DSP| FF| LUT| Bitwidth P0| Bitwidth P1|
    +------------------------------------------------------------+----------+----+---+----+------------+------------+
    |AXIvideo2MultiPixStream_U0_ap_start                         |       and|   0|  0|   2|           1|           1|
    |Block_entry3_proc_U0_ap_continue                            |       and|   0|  0|   2|           1|           1|
    |ap_channel_done_HwReg_BOffset_2_channel                     |       and|   0|  0|   2|           1|           1|
    |ap_channel_done_HwReg_BOffset_channel                       |       and|   0|  0|   2|           1|           1|
    |ap_channel_done_HwReg_ClampMin_2_channel                    |       and|   0|  0|   2|           1|           1|
    |ap_channel_done_HwReg_ClampMin_channel                      |       and|   0|  0|   2|           1|           1|
    |ap_channel_done_HwReg_ClipMax_2_channel                     |       and|   0|  0|   2|           1|           1|
    |ap_channel_done_HwReg_ClipMax_channel                       |       and|   0|  0|   2|           1|           1|
    |ap_channel_done_HwReg_ColEnd_channel                        |       and|   0|  0|   2|           1|           1|
    |ap_channel_done_HwReg_ColStart_channel                      |       and|   0|  0|   2|           1|           1|
    |ap_channel_done_HwReg_GOffset_2_channel                     |       and|   0|  0|   2|           1|           1|
    |ap_channel_done_HwReg_GOffset_channel                       |       and|   0|  0|   2|           1|           1|
    |ap_channel_done_HwReg_InVideoFormat_channel                 |       and|   0|  0|   2|           1|           1|
    |ap_channel_done_HwReg_K11_2_channel                         |       and|   0|  0|   2|           1|           1|
    |ap_channel_done_HwReg_K11_channel                           |       and|   0|  0|   2|           1|           1|
    |ap_channel_done_HwReg_K12_2_channel                         |       and|   0|  0|   2|           1|           1|
    |ap_channel_done_HwReg_K12_channel                           |       and|   0|  0|   2|           1|           1|
    |ap_channel_done_HwReg_K13_2_channel                         |       and|   0|  0|   2|           1|           1|
    |ap_channel_done_HwReg_K13_channel                           |       and|   0|  0|   2|           1|           1|
    |ap_channel_done_HwReg_K21_2_channel                         |       and|   0|  0|   2|           1|           1|
    |ap_channel_done_HwReg_K21_channel                           |       and|   0|  0|   2|           1|           1|
    |ap_channel_done_HwReg_K22_2_channel                         |       and|   0|  0|   2|           1|           1|
    |ap_channel_done_HwReg_K22_channel                           |       and|   0|  0|   2|           1|           1|
    |ap_channel_done_HwReg_K23_2_channel                         |       and|   0|  0|   2|           1|           1|
    |ap_channel_done_HwReg_K23_channel                           |       and|   0|  0|   2|           1|           1|
    |ap_channel_done_HwReg_K31_2_channel                         |       and|   0|  0|   2|           1|           1|
    |ap_channel_done_HwReg_K31_channel                           |       and|   0|  0|   2|           1|           1|
    |ap_channel_done_HwReg_K32_2_channel                         |       and|   0|  0|   2|           1|           1|
    |ap_channel_done_HwReg_K32_channel                           |       and|   0|  0|   2|           1|           1|
    |ap_channel_done_HwReg_K33_2_channel                         |       and|   0|  0|   2|           1|           1|
    |ap_channel_done_HwReg_K33_channel                           |       and|   0|  0|   2|           1|           1|
    |ap_channel_done_HwReg_OutVideoFormat_channel                |       and|   0|  0|   2|           1|           1|
    |ap_channel_done_HwReg_ROffset_2_channel                     |       and|   0|  0|   2|           1|           1|
    |ap_channel_done_HwReg_ROffset_channel                       |       and|   0|  0|   2|           1|           1|
    |ap_channel_done_HwReg_RowEnd_channel                        |       and|   0|  0|   2|           1|           1|
    |ap_channel_done_HwReg_RowStart_channel                      |       and|   0|  0|   2|           1|           1|
    |ap_channel_done_HwReg_height_c30_channel                    |       and|   0|  0|   2|           1|           1|
    |ap_channel_done_HwReg_width_c24_channel                     |       and|   0|  0|   2|           1|           1|
    |ap_channel_done_bPassThru_420_In_loc_channel                |       and|   0|  0|   2|           1|           1|
    |ap_channel_done_bPassThru_420_Out_loc_channel               |       and|   0|  0|   2|           1|           1|
    |ap_channel_done_bPassThru_422_or_420_In_loc_channel         |       and|   0|  0|   2|           1|           1|
    |ap_channel_done_bPassThru_422_or_420_Out_loc_channel        |       and|   0|  0|   2|           1|           1|
    |ap_idle                                                     |       and|   0|  0|   2|           1|           1|
    |v_csc_core_U0_ap_start                                      |       and|   0|  0|   2|           1|           1|
    |ap_sync_channel_write_HwReg_BOffset_2_channel               |        or|   0|  0|   2|           1|           1|
    |ap_sync_channel_write_HwReg_BOffset_channel                 |        or|   0|  0|   2|           1|           1|
    |ap_sync_channel_write_HwReg_ClampMin_2_channel              |        or|   0|  0|   2|           1|           1|
    |ap_sync_channel_write_HwReg_ClampMin_channel                |        or|   0|  0|   2|           1|           1|
    |ap_sync_channel_write_HwReg_ClipMax_2_channel               |        or|   0|  0|   2|           1|           1|
    |ap_sync_channel_write_HwReg_ClipMax_channel                 |        or|   0|  0|   2|           1|           1|
    |ap_sync_channel_write_HwReg_ColEnd_channel                  |        or|   0|  0|   2|           1|           1|
    |ap_sync_channel_write_HwReg_ColStart_channel                |        or|   0|  0|   2|           1|           1|
    |ap_sync_channel_write_HwReg_GOffset_2_channel               |        or|   0|  0|   2|           1|           1|
    |ap_sync_channel_write_HwReg_GOffset_channel                 |        or|   0|  0|   2|           1|           1|
    |ap_sync_channel_write_HwReg_InVideoFormat_channel           |        or|   0|  0|   2|           1|           1|
    |ap_sync_channel_write_HwReg_K11_2_channel                   |        or|   0|  0|   2|           1|           1|
    |ap_sync_channel_write_HwReg_K11_channel                     |        or|   0|  0|   2|           1|           1|
    |ap_sync_channel_write_HwReg_K12_2_channel                   |        or|   0|  0|   2|           1|           1|
    |ap_sync_channel_write_HwReg_K12_channel                     |        or|   0|  0|   2|           1|           1|
    |ap_sync_channel_write_HwReg_K13_2_channel                   |        or|   0|  0|   2|           1|           1|
    |ap_sync_channel_write_HwReg_K13_channel                     |        or|   0|  0|   2|           1|           1|
    |ap_sync_channel_write_HwReg_K21_2_channel                   |        or|   0|  0|   2|           1|           1|
    |ap_sync_channel_write_HwReg_K21_channel                     |        or|   0|  0|   2|           1|           1|
    |ap_sync_channel_write_HwReg_K22_2_channel                   |        or|   0|  0|   2|           1|           1|
    |ap_sync_channel_write_HwReg_K22_channel                     |        or|   0|  0|   2|           1|           1|
    |ap_sync_channel_write_HwReg_K23_2_channel                   |        or|   0|  0|   2|           1|           1|
    |ap_sync_channel_write_HwReg_K23_channel                     |        or|   0|  0|   2|           1|           1|
    |ap_sync_channel_write_HwReg_K31_2_channel                   |        or|   0|  0|   2|           1|           1|
    |ap_sync_channel_write_HwReg_K31_channel                     |        or|   0|  0|   2|           1|           1|
    |ap_sync_channel_write_HwReg_K32_2_channel                   |        or|   0|  0|   2|           1|           1|
    |ap_sync_channel_write_HwReg_K32_channel                     |        or|   0|  0|   2|           1|           1|
    |ap_sync_channel_write_HwReg_K33_2_channel                   |        or|   0|  0|   2|           1|           1|
    |ap_sync_channel_write_HwReg_K33_channel                     |        or|   0|  0|   2|           1|           1|
    |ap_sync_channel_write_HwReg_OutVideoFormat_channel          |        or|   0|  0|   2|           1|           1|
    |ap_sync_channel_write_HwReg_ROffset_2_channel               |        or|   0|  0|   2|           1|           1|
    |ap_sync_channel_write_HwReg_ROffset_channel                 |        or|   0|  0|   2|           1|           1|
    |ap_sync_channel_write_HwReg_RowEnd_channel                  |        or|   0|  0|   2|           1|           1|
    |ap_sync_channel_write_HwReg_RowStart_channel                |        or|   0|  0|   2|           1|           1|
    |ap_sync_channel_write_HwReg_height_c30_channel              |        or|   0|  0|   2|           1|           1|
    |ap_sync_channel_write_HwReg_width_c24_channel               |        or|   0|  0|   2|           1|           1|
    |ap_sync_channel_write_bPassThru_420_In_loc_channel          |        or|   0|  0|   2|           1|           1|
    |ap_sync_channel_write_bPassThru_420_Out_loc_channel         |        or|   0|  0|   2|           1|           1|
    |ap_sync_channel_write_bPassThru_422_or_420_In_loc_channel   |        or|   0|  0|   2|           1|           1|
    |ap_sync_channel_write_bPassThru_422_or_420_Out_loc_channel  |        or|   0|  0|   2|           1|           1|
    +------------------------------------------------------------+----------+----+---+----+------------+------------+
    |Total                                                       |          |   0|  0| 168|          84|          84|
    +------------------------------------------------------------+----------+----+---+----+------------+------------+

    * Multiplexer: 
    +----------------------------------------------------------------+----+-----------+-----+-----------+
    |                              Name                              | LUT| Input Size| Bits| Total Bits|
    +----------------------------------------------------------------+----+-----------+-----+-----------+
    |ap_sync_reg_channel_write_HwReg_BOffset_2_channel               |   9|          2|    1|          2|
    |ap_sync_reg_channel_write_HwReg_BOffset_channel                 |   9|          2|    1|          2|
    |ap_sync_reg_channel_write_HwReg_ClampMin_2_channel              |   9|          2|    1|          2|
    |ap_sync_reg_channel_write_HwReg_ClampMin_channel                |   9|          2|    1|          2|
    |ap_sync_reg_channel_write_HwReg_ClipMax_2_channel               |   9|          2|    1|          2|
    |ap_sync_reg_channel_write_HwReg_ClipMax_channel                 |   9|          2|    1|          2|
    |ap_sync_reg_channel_write_HwReg_ColEnd_channel                  |   9|          2|    1|          2|
    |ap_sync_reg_channel_write_HwReg_ColStart_channel                |   9|          2|    1|          2|
    |ap_sync_reg_channel_write_HwReg_GOffset_2_channel               |   9|          2|    1|          2|
    |ap_sync_reg_channel_write_HwReg_GOffset_channel                 |   9|          2|    1|          2|
    |ap_sync_reg_channel_write_HwReg_InVideoFormat_channel           |   9|          2|    1|          2|
    |ap_sync_reg_channel_write_HwReg_K11_2_channel                   |   9|          2|    1|          2|
    |ap_sync_reg_channel_write_HwReg_K11_channel                     |   9|          2|    1|          2|
    |ap_sync_reg_channel_write_HwReg_K12_2_channel                   |   9|          2|    1|          2|
    |ap_sync_reg_channel_write_HwReg_K12_channel                     |   9|          2|    1|          2|
    |ap_sync_reg_channel_write_HwReg_K13_2_channel                   |   9|          2|    1|          2|
    |ap_sync_reg_channel_write_HwReg_K13_channel                     |   9|          2|    1|          2|
    |ap_sync_reg_channel_write_HwReg_K21_2_channel                   |   9|          2|    1|          2|
    |ap_sync_reg_channel_write_HwReg_K21_channel                     |   9|          2|    1|          2|
    |ap_sync_reg_channel_write_HwReg_K22_2_channel                   |   9|          2|    1|          2|
    |ap_sync_reg_channel_write_HwReg_K22_channel                     |   9|          2|    1|          2|
    |ap_sync_reg_channel_write_HwReg_K23_2_channel                   |   9|          2|    1|          2|
    |ap_sync_reg_channel_write_HwReg_K23_channel                     |   9|          2|    1|          2|
    |ap_sync_reg_channel_write_HwReg_K31_2_channel                   |   9|          2|    1|          2|
    |ap_sync_reg_channel_write_HwReg_K31_channel                     |   9|          2|    1|          2|
    |ap_sync_reg_channel_write_HwReg_K32_2_channel                   |   9|          2|    1|          2|
    |ap_sync_reg_channel_write_HwReg_K32_channel                     |   9|          2|    1|          2|
    |ap_sync_reg_channel_write_HwReg_K33_2_channel                   |   9|          2|    1|          2|
    |ap_sync_reg_channel_write_HwReg_K33_channel                     |   9|          2|    1|          2|
    |ap_sync_reg_channel_write_HwReg_OutVideoFormat_channel          |   9|          2|    1|          2|
    |ap_sync_reg_channel_write_HwReg_ROffset_2_channel               |   9|          2|    1|          2|
    |ap_sync_reg_channel_write_HwReg_ROffset_channel                 |   9|          2|    1|          2|
    |ap_sync_reg_channel_write_HwReg_RowEnd_channel                  |   9|          2|    1|          2|
    |ap_sync_reg_channel_write_HwReg_RowStart_channel                |   9|          2|    1|          2|
    |ap_sync_reg_channel_write_HwReg_height_c30_channel              |   9|          2|    1|          2|
    |ap_sync_reg_channel_write_HwReg_width_c24_channel               |   9|          2|    1|          2|
    |ap_sync_reg_channel_write_bPassThru_420_In_loc_channel          |   9|          2|    1|          2|
    |ap_sync_reg_channel_write_bPassThru_420_Out_loc_channel         |   9|          2|    1|          2|
    |ap_sync_reg_channel_write_bPassThru_422_or_420_In_loc_channel   |   9|          2|    1|          2|
    |ap_sync_reg_channel_write_bPassThru_422_or_420_Out_loc_channel  |   9|          2|    1|          2|
    +----------------------------------------------------------------+----+-----------+-----+-----------+
    |Total                                                           | 360|         80|   40|         80|
    +----------------------------------------------------------------+----+-----------+-----+-----------+

    * Register: 
    +----------------------------------------------------------------+---+----+-----+-----------+
    |                              Name                              | FF| LUT| Bits| Const Bits|
    +----------------------------------------------------------------+---+----+-----+-----------+
    |ap_sync_reg_channel_write_HwReg_BOffset_2_channel               |  1|   0|    1|          0|
    |ap_sync_reg_channel_write_HwReg_BOffset_channel                 |  1|   0|    1|          0|
    |ap_sync_reg_channel_write_HwReg_ClampMin_2_channel              |  1|   0|    1|          0|
    |ap_sync_reg_channel_write_HwReg_ClampMin_channel                |  1|   0|    1|          0|
    |ap_sync_reg_channel_write_HwReg_ClipMax_2_channel               |  1|   0|    1|          0|
    |ap_sync_reg_channel_write_HwReg_ClipMax_channel                 |  1|   0|    1|          0|
    |ap_sync_reg_channel_write_HwReg_ColEnd_channel                  |  1|   0|    1|          0|
    |ap_sync_reg_channel_write_HwReg_ColStart_channel                |  1|   0|    1|          0|
    |ap_sync_reg_channel_write_HwReg_GOffset_2_channel               |  1|   0|    1|          0|
    |ap_sync_reg_channel_write_HwReg_GOffset_channel                 |  1|   0|    1|          0|
    |ap_sync_reg_channel_write_HwReg_InVideoFormat_channel           |  1|   0|    1|          0|
    |ap_sync_reg_channel_write_HwReg_K11_2_channel                   |  1|   0|    1|          0|
    |ap_sync_reg_channel_write_HwReg_K11_channel                     |  1|   0|    1|          0|
    |ap_sync_reg_channel_write_HwReg_K12_2_channel                   |  1|   0|    1|          0|
    |ap_sync_reg_channel_write_HwReg_K12_channel                     |  1|   0|    1|          0|
    |ap_sync_reg_channel_write_HwReg_K13_2_channel                   |  1|   0|    1|          0|
    |ap_sync_reg_channel_write_HwReg_K13_channel                     |  1|   0|    1|          0|
    |ap_sync_reg_channel_write_HwReg_K21_2_channel                   |  1|   0|    1|          0|
    |ap_sync_reg_channel_write_HwReg_K21_channel                     |  1|   0|    1|          0|
    |ap_sync_reg_channel_write_HwReg_K22_2_channel                   |  1|   0|    1|          0|
    |ap_sync_reg_channel_write_HwReg_K22_channel                     |  1|   0|    1|          0|
    |ap_sync_reg_channel_write_HwReg_K23_2_channel                   |  1|   0|    1|          0|
    |ap_sync_reg_channel_write_HwReg_K23_channel                     |  1|   0|    1|          0|
    |ap_sync_reg_channel_write_HwReg_K31_2_channel                   |  1|   0|    1|          0|
    |ap_sync_reg_channel_write_HwReg_K31_channel                     |  1|   0|    1|          0|
    |ap_sync_reg_channel_write_HwReg_K32_2_channel                   |  1|   0|    1|          0|
    |ap_sync_reg_channel_write_HwReg_K32_channel                     |  1|   0|    1|          0|
    |ap_sync_reg_channel_write_HwReg_K33_2_channel                   |  1|   0|    1|          0|
    |ap_sync_reg_channel_write_HwReg_K33_channel                     |  1|   0|    1|          0|
    |ap_sync_reg_channel_write_HwReg_OutVideoFormat_channel          |  1|   0|    1|          0|
    |ap_sync_reg_channel_write_HwReg_ROffset_2_channel               |  1|   0|    1|          0|
    |ap_sync_reg_channel_write_HwReg_ROffset_channel                 |  1|   0|    1|          0|
    |ap_sync_reg_channel_write_HwReg_RowEnd_channel                  |  1|   0|    1|          0|
    |ap_sync_reg_channel_write_HwReg_RowStart_channel                |  1|   0|    1|          0|
    |ap_sync_reg_channel_write_HwReg_height_c30_channel              |  1|   0|    1|          0|
    |ap_sync_reg_channel_write_HwReg_width_c24_channel               |  1|   0|    1|          0|
    |ap_sync_reg_channel_write_bPassThru_420_In_loc_channel          |  1|   0|    1|          0|
    |ap_sync_reg_channel_write_bPassThru_420_Out_loc_channel         |  1|   0|    1|          0|
    |ap_sync_reg_channel_write_bPassThru_422_or_420_In_loc_channel   |  1|   0|    1|          0|
    |ap_sync_reg_channel_write_bPassThru_422_or_420_Out_loc_channel  |  1|   0|    1|          0|
    +----------------------------------------------------------------+---+----+-----+-----------+
    |Total                                                           | 40|   0|   40|          0|
    +----------------------------------------------------------------+---+----+-----+-----------+



================================================================
== Interface
================================================================
* Summary: 
+---------------------+-----+-----+------------+-----------------------+--------------+
|      RTL Ports      | Dir | Bits|  Protocol  |     Source Object     |    C Type    |
+---------------------+-----+-----+------------+-----------------------+--------------+
|s_axi_CTRL_AWVALID   |   in|    1|       s_axi|                   CTRL|       pointer|
|s_axi_CTRL_AWREADY   |  out|    1|       s_axi|                   CTRL|       pointer|
|s_axi_CTRL_AWADDR    |   in|    9|       s_axi|                   CTRL|       pointer|
|s_axi_CTRL_WVALID    |   in|    1|       s_axi|                   CTRL|       pointer|
|s_axi_CTRL_WREADY    |  out|    1|       s_axi|                   CTRL|       pointer|
|s_axi_CTRL_WDATA     |   in|   32|       s_axi|                   CTRL|       pointer|
|s_axi_CTRL_WSTRB     |   in|    4|       s_axi|                   CTRL|       pointer|
|s_axi_CTRL_ARVALID   |   in|    1|       s_axi|                   CTRL|       pointer|
|s_axi_CTRL_ARREADY   |  out|    1|       s_axi|                   CTRL|       pointer|
|s_axi_CTRL_ARADDR    |   in|    9|       s_axi|                   CTRL|       pointer|
|s_axi_CTRL_RVALID    |  out|    1|       s_axi|                   CTRL|       pointer|
|s_axi_CTRL_RREADY    |   in|    1|       s_axi|                   CTRL|       pointer|
|s_axi_CTRL_RDATA     |  out|   32|       s_axi|                   CTRL|       pointer|
|s_axi_CTRL_RRESP     |  out|    2|       s_axi|                   CTRL|       pointer|
|s_axi_CTRL_BVALID    |  out|    1|       s_axi|                   CTRL|       pointer|
|s_axi_CTRL_BREADY    |   in|    1|       s_axi|                   CTRL|       pointer|
|s_axi_CTRL_BRESP     |  out|    2|       s_axi|                   CTRL|       pointer|
|ap_clk               |   in|    1|  ap_ctrl_hs|                  v_csc|  return value|
|ap_rst_n             |   in|    1|  ap_ctrl_hs|                  v_csc|  return value|
|interrupt            |  out|    1|  ap_ctrl_hs|                  v_csc|  return value|
|s_axis_video_TDATA   |   in|   24|        axis|  s_axis_video_V_data_V|       pointer|
|s_axis_video_TKEEP   |   in|    3|        axis|  s_axis_video_V_keep_V|       pointer|
|s_axis_video_TSTRB   |   in|    3|        axis|  s_axis_video_V_strb_V|       pointer|
|s_axis_video_TUSER   |   in|    1|        axis|  s_axis_video_V_user_V|       pointer|
|s_axis_video_TLAST   |   in|    1|        axis|  s_axis_video_V_last_V|       pointer|
|s_axis_video_TID     |   in|    1|        axis|    s_axis_video_V_id_V|       pointer|
|s_axis_video_TDEST   |   in|    1|        axis|  s_axis_video_V_dest_V|       pointer|
|s_axis_video_TVALID  |   in|    1|        axis|  s_axis_video_V_dest_V|       pointer|
|s_axis_video_TREADY  |  out|    1|        axis|  s_axis_video_V_dest_V|       pointer|
|m_axis_video_TDATA   |  out|   24|        axis|  m_axis_video_V_data_V|       pointer|
|m_axis_video_TKEEP   |  out|    3|        axis|  m_axis_video_V_keep_V|       pointer|
|m_axis_video_TSTRB   |  out|    3|        axis|  m_axis_video_V_strb_V|       pointer|
|m_axis_video_TUSER   |  out|    1|        axis|  m_axis_video_V_user_V|       pointer|
|m_axis_video_TLAST   |  out|    1|        axis|  m_axis_video_V_last_V|       pointer|
|m_axis_video_TID     |  out|    1|        axis|    m_axis_video_V_id_V|       pointer|
|m_axis_video_TDEST   |  out|    1|        axis|  m_axis_video_V_dest_V|       pointer|
|m_axis_video_TVALID  |  out|    1|        axis|  m_axis_video_V_dest_V|       pointer|
|m_axis_video_TREADY  |   in|    1|        axis|  m_axis_video_V_dest_V|       pointer|
+---------------------+-----+-----+------------+-----------------------+--------------+

