

================================================================
== Vitis HLS Report for 'v_hcresampler_core_2_Pipeline_VITIS_LOOP_724_2'
================================================================
* Date:           Fri Nov 15 11:03:01 2024

* Version:        2023.1 (Build 3854077 on May  4 2023)
* Project:        prj
* Solution:       sol (Vivado IP Flow Target)
* Product family: zynquplus
* Target device:  xczu7ev-ffvc1156-2-e


================================================================
== Performance Estimates
================================================================
+ Timing: 
    * Summary: 
    +--------+---------+----------+------------+
    |  Clock |  Target | Estimated| Uncertainty|
    +--------+---------+----------+------------+
    |ap_clk  |  5.33 ns|  3.738 ns|     1.44 ns|
    +--------+---------+----------+------------+

+ Latency: 
    * Summary: 
    +---------+---------+-----------+----------+-----+-------+---------+
    |  Latency (cycles) |  Latency (absolute)  |   Interval  | Pipeline|
    |   min   |   max   |    min    |    max   | min |  max  |   Type  |
    +---------+---------+-----------+----------+-----+-------+---------+
    |        5|    32771|  26.670 ns|  0.175 ms|    5|  32771|       no|
    +---------+---------+-----------+----------+-----+-------+---------+

    + Detail: 
        * Instance: 
        N/A

        * Loop: 
        +--------------------+---------+---------+----------+-----------+-----------+-----------+----------+
        |                    |  Latency (cycles) | Iteration|  Initiation Interval  |    Trip   |          |
        |      Loop Name     |   min   |   max   |  Latency |  achieved |   target  |   Count   | Pipelined|
        +--------------------+---------+---------+----------+-----------+-----------+-----------+----------+
        |- VITIS_LOOP_724_2  |        3|    32769|         3|          1|          1|  1 ~ 32767|       yes|
        +--------------------+---------+---------+----------+-----------+-----------+-----------+----------+



================================================================
== Utilization Estimates
================================================================
* Summary: 
+-----------------+---------+------+--------+--------+-----+
|       Name      | BRAM_18K|  DSP |   FF   |   LUT  | URAM|
+-----------------+---------+------+--------+--------+-----+
|DSP              |        -|     -|       -|       -|    -|
|Expression       |        -|     -|       0|     317|    -|
|FIFO             |        -|     -|       -|       -|    -|
|Instance         |        -|     -|       -|       -|    -|
|Memory           |        -|     -|       -|       -|    -|
|Multiplexer      |        -|     -|       -|     221|    -|
|Register         |        -|     -|      70|       -|    -|
+-----------------+---------+------+--------+--------+-----+
|Total            |        0|     0|      70|     538|    0|
+-----------------+---------+------+--------+--------+-----+
|Available        |      624|  1728|  460800|  230400|   96|
+-----------------+---------+------+--------+--------+-----+
|Utilization (%)  |        0|     0|      ~0|      ~0|    0|
+-----------------+---------+------+--------+--------+-----+

+ Detail: 
    * Instance: 
    N/A

    * DSP: 
    N/A

    * Memory: 
    N/A

    * FIFO: 
    N/A

    * Expression: 
    +----------------------------------+----------+----+---+----+------------+------------+
    |           Variable Name          | Operation| DSP| FF| LUT| Bitwidth P0| Bitwidth P1|
    +----------------------------------+----------+----+---+----+------------+------------+
    |add_ln724_fu_263_p2               |         +|   0|  0|  20|          13|           1|
    |add_ln863_1_fu_535_p2             |         +|   0|  0|  18|           9|           9|
    |add_ln863_fu_529_p2               |         +|   0|  0|  18|           9|           1|
    |add_ln865_1_fu_565_p2             |         +|   0|  0|  18|           9|           9|
    |add_ln865_fu_559_p2               |         +|   0|  0|  18|           9|           1|
    |out_x_fu_277_p2                   |         -|   0|  0|  21|          14|          14|
    |ap_block_state2_pp0_stage0_iter1  |       and|   0|  0|   2|           1|           1|
    |ap_condition_538                  |       and|   0|  0|   2|           1|           1|
    |ap_predicate_op104_write_state3   |       and|   0|  0|   2|           1|           1|
    |ap_predicate_op110_write_state3   |       and|   0|  0|   2|           1|           1|
    |ap_predicate_op52_read_state2     |       and|   0|  0|   2|           1|           1|
    |cmp150_i_fu_293_p2                |      icmp|   0|  0|  20|          13|           1|
    |icmp_ln724_fu_257_p2              |      icmp|   0|  0|  20|          13|          13|
    |icmp_ln732_fu_287_p2              |      icmp|   0|  0|  20|          13|          13|
    |ap_block_pp0_stage0_01001         |        or|   0|  0|   2|           1|           1|
    |ap_block_state3_pp0_stage0_iter2  |        or|   0|  0|   2|           1|           1|
    |select_ln688_1_fu_588_p3          |    select|   0|  0|   8|           1|           8|
    |select_ln688_fu_581_p3            |    select|   0|  0|   8|           1|           8|
    |select_ln746_1_fu_351_p3          |    select|   0|  0|   8|           1|           8|
    |select_ln746_fu_344_p3            |    select|   0|  0|   8|           1|           8|
    |select_ln792_1_fu_444_p3          |    select|   0|  0|   8|           1|           8|
    |select_ln792_2_fu_451_p3          |    select|   0|  0|   8|           1|           8|
    |select_ln792_3_fu_458_p3          |    select|   0|  0|   8|           1|           8|
    |select_ln792_4_fu_465_p3          |    select|   0|  0|   8|           1|           8|
    |select_ln792_5_fu_472_p3          |    select|   0|  0|   8|           1|           8|
    |select_ln792_fu_437_p3            |    select|   0|  0|   8|           1|           8|
    |select_ln814_1_fu_486_p3          |    select|   0|  0|   8|           1|           8|
    |select_ln814_2_fu_493_p3          |    select|   0|  0|   8|           1|           8|
    |select_ln814_3_fu_500_p3          |    select|   0|  0|   8|           1|           8|
    |select_ln814_4_fu_507_p3          |    select|   0|  0|   8|           1|           8|
    |select_ln814_5_fu_514_p3          |    select|   0|  0|   8|           1|           8|
    |select_ln814_fu_479_p3            |    select|   0|  0|   8|           1|           8|
    |ap_enable_pp0                     |       xor|   0|  0|   2|           1|           2|
    +----------------------------------+----------+----+---+----+------------+------------+
    |Total                             |          |   0|  0| 317|         126|         199|
    +----------------------------------+----------+----+---+----+------------+------------+

    * Multiplexer: 
    +----------------------------------+----+-----------+-----+-----------+
    |               Name               | LUT| Input Size| Bits| Total Bits|
    +----------------------------------+----+-----------+-----+-----------+
    |ap_done_int                       |   9|          2|    1|          2|
    |ap_loop_exit_ready_pp0_iter2_reg  |   9|          2|    1|          2|
    |ap_sig_allocacmp_x_3              |   9|          2|   13|         26|
    |p_0_0_0480782_i_out_o             |   9|          2|    8|         16|
    |p_0_0_0785_i_out_o                |   9|          2|    8|         16|
    |p_0_0_0_0_0536737_i_out_o         |   9|          2|    8|         16|
    |p_0_1_0_0_0739_i_out_o            |   9|          2|    8|         16|
    |p_0_1_0_0_0744792_i_out_o         |   9|          2|    8|         16|
    |p_0_1_0_0_0747_i_out_o            |   9|          2|    8|         16|
    |p_0_1_0_0_0748795_i_out_o         |   9|          2|    8|         16|
    |p_0_1_0_0_0751_i_out_o            |   9|          2|    8|         16|
    |p_0_2_0_0_0741_i_out_o            |   9|          2|    8|         16|
    |p_out1_o                          |   9|          2|    8|         16|
    |p_out_o                           |   9|          2|    8|         16|
    |pixbuf_y_10_fu_126                |   9|          2|    8|         16|
    |pixbuf_y_5_fu_122                 |   9|          2|    8|         16|
    |pixbuf_y_6_out_o                  |   9|          2|    8|         16|
    |pixbuf_y_7_fu_130                 |   9|          2|    8|         16|
    |pixbuf_y_8_fu_134                 |   9|          2|    8|         16|
    |pixbuf_y_9_fu_138                 |   9|          2|    8|         16|
    |stream_in_hresampled_blk_n        |   9|          2|    1|          2|
    |stream_in_hresampled_din          |  14|          3|   24|         72|
    |stream_in_vresampled_blk_n        |   9|          2|    1|          2|
    |x_fu_118                          |   9|          2|   13|         26|
    +----------------------------------+----+-----------+-----+-----------+
    |Total                             | 221|         49|  190|        404|
    +----------------------------------+----+-----------+-----+-----------+

    * Register: 
    +-----------------------------------+----+----+-----+-----------+
    |                Name               | FF | LUT| Bits| Const Bits|
    +-----------------------------------+----+----+-----+-----------+
    |ap_CS_fsm                          |   1|   0|    1|          0|
    |ap_done_reg                        |   1|   0|    1|          0|
    |ap_enable_reg_pp0_iter1            |   1|   0|    1|          0|
    |ap_enable_reg_pp0_iter2            |   1|   0|    1|          0|
    |ap_loop_exit_ready_pp0_iter1_reg   |   1|   0|    1|          0|
    |ap_loop_exit_ready_pp0_iter2_reg   |   1|   0|    1|          0|
    |cmp150_i_reg_793                   |   1|   0|    1|          0|
    |cmp150_i_reg_793_pp0_iter1_reg     |   1|   0|    1|          0|
    |icmp_ln724_reg_767                 |   1|   0|    1|          0|
    |icmp_ln724_reg_767_pp0_iter1_reg   |   1|   0|    1|          0|
    |icmp_ln732_reg_789                 |   1|   0|    1|          0|
    |odd_col_reg_783                    |   1|   0|    1|          0|
    |odd_col_reg_783_pp0_iter1_reg      |   1|   0|    1|          0|
    |pixbuf_y_10_fu_126                 |   8|   0|    8|          0|
    |pixbuf_y_5_fu_122                  |   8|   0|    8|          0|
    |pixbuf_y_7_fu_130                  |   8|   0|    8|          0|
    |pixbuf_y_8_fu_134                  |   8|   0|    8|          0|
    |pixbuf_y_9_fu_138                  |   8|   0|    8|          0|
    |tmp_reg_803                        |   1|   0|    1|          0|
    |tmp_reg_803_pp0_iter1_reg          |   1|   0|    1|          0|
    |trunc_ln730_reg_771                |   1|   0|    1|          0|
    |trunc_ln730_reg_771_pp0_iter1_reg  |   1|   0|    1|          0|
    |x_fu_118                           |  13|   0|   13|          0|
    +-----------------------------------+----+----+-----+-----------+
    |Total                              |  70|   0|   70|          0|
    +-----------------------------------+----+----+-----+-----------+



================================================================
== Interface
================================================================
* Summary: 
+-------------------------------------+-----+-----+------------+------------------------------------------------+--------------+
|              RTL Ports              | Dir | Bits|  Protocol  |                  Source Object                 |    C Type    |
+-------------------------------------+-----+-----+------------+------------------------------------------------+--------------+
|ap_clk                               |   in|    1|  ap_ctrl_hs|  v_hcresampler_core.2_Pipeline_VITIS_LOOP_724_2|  return value|
|ap_rst                               |   in|    1|  ap_ctrl_hs|  v_hcresampler_core.2_Pipeline_VITIS_LOOP_724_2|  return value|
|ap_start                             |   in|    1|  ap_ctrl_hs|  v_hcresampler_core.2_Pipeline_VITIS_LOOP_724_2|  return value|
|ap_done                              |  out|    1|  ap_ctrl_hs|  v_hcresampler_core.2_Pipeline_VITIS_LOOP_724_2|  return value|
|ap_idle                              |  out|    1|  ap_ctrl_hs|  v_hcresampler_core.2_Pipeline_VITIS_LOOP_724_2|  return value|
|ap_ready                             |  out|    1|  ap_ctrl_hs|  v_hcresampler_core.2_Pipeline_VITIS_LOOP_724_2|  return value|
|stream_in_vresampled_dout            |   in|   24|     ap_fifo|                            stream_in_vresampled|       pointer|
|stream_in_vresampled_num_data_valid  |   in|    5|     ap_fifo|                            stream_in_vresampled|       pointer|
|stream_in_vresampled_fifo_cap        |   in|    5|     ap_fifo|                            stream_in_vresampled|       pointer|
|stream_in_vresampled_empty_n         |   in|    1|     ap_fifo|                            stream_in_vresampled|       pointer|
|stream_in_vresampled_read            |  out|    1|     ap_fifo|                            stream_in_vresampled|       pointer|
|stream_in_hresampled_din             |  out|   24|     ap_fifo|                            stream_in_hresampled|       pointer|
|stream_in_hresampled_num_data_valid  |   in|    5|     ap_fifo|                            stream_in_hresampled|       pointer|
|stream_in_hresampled_fifo_cap        |   in|    5|     ap_fifo|                            stream_in_hresampled|       pointer|
|stream_in_hresampled_full_n          |   in|    1|     ap_fifo|                            stream_in_hresampled|       pointer|
|stream_in_hresampled_write           |  out|    1|     ap_fifo|                            stream_in_hresampled|       pointer|
|pixbuf_y_4                           |   in|    8|     ap_none|                                      pixbuf_y_4|        scalar|
|pixbuf_y_3                           |   in|    8|     ap_none|                                      pixbuf_y_3|        scalar|
|pixbuf_y_2                           |   in|    8|     ap_none|                                      pixbuf_y_2|        scalar|
|pixbuf_y                             |   in|    8|     ap_none|                                        pixbuf_y|        scalar|
|p_0_0_0_0_0536742_lcssa768_i         |   in|    8|     ap_none|                    p_0_0_0_0_0536742_lcssa768_i|        scalar|
|loopWidth                            |   in|   13|     ap_none|                                       loopWidth|        scalar|
|select_ln685                         |   in|    3|     ap_none|                                    select_ln685|        scalar|
|zext_ln720                           |   in|   12|     ap_none|                                      zext_ln720|        scalar|
|p_read                               |   in|    1|     ap_none|                                          p_read|        scalar|
|pixbuf_y_9_out                       |  out|    8|      ap_vld|                                  pixbuf_y_9_out|       pointer|
|pixbuf_y_9_out_ap_vld                |  out|    1|      ap_vld|                                  pixbuf_y_9_out|       pointer|
|pixbuf_y_8_out                       |  out|    8|      ap_vld|                                  pixbuf_y_8_out|       pointer|
|pixbuf_y_8_out_ap_vld                |  out|    1|      ap_vld|                                  pixbuf_y_8_out|       pointer|
|pixbuf_y_7_out                       |  out|    8|      ap_vld|                                  pixbuf_y_7_out|       pointer|
|pixbuf_y_7_out_ap_vld                |  out|    1|      ap_vld|                                  pixbuf_y_7_out|       pointer|
|pixbuf_y_6_out_i                     |   in|    8|     ap_ovld|                                  pixbuf_y_6_out|       pointer|
|pixbuf_y_6_out_o                     |  out|    8|     ap_ovld|                                  pixbuf_y_6_out|       pointer|
|pixbuf_y_6_out_o_ap_vld              |  out|    1|     ap_ovld|                                  pixbuf_y_6_out|       pointer|
|pixbuf_y_5_out                       |  out|    8|      ap_vld|                                  pixbuf_y_5_out|       pointer|
|pixbuf_y_5_out_ap_vld                |  out|    1|      ap_vld|                                  pixbuf_y_5_out|       pointer|
|p_0_1_0_0_0748795_i_out_i            |   in|    8|     ap_ovld|                         p_0_1_0_0_0748795_i_out|       pointer|
|p_0_1_0_0_0748795_i_out_o            |  out|    8|     ap_ovld|                         p_0_1_0_0_0748795_i_out|       pointer|
|p_0_1_0_0_0748795_i_out_o_ap_vld     |  out|    1|     ap_ovld|                         p_0_1_0_0_0748795_i_out|       pointer|
|p_0_1_0_0_0744792_i_out_i            |   in|    8|     ap_ovld|                         p_0_1_0_0_0744792_i_out|       pointer|
|p_0_1_0_0_0744792_i_out_o            |  out|    8|     ap_ovld|                         p_0_1_0_0_0744792_i_out|       pointer|
|p_0_1_0_0_0744792_i_out_o_ap_vld     |  out|    1|     ap_ovld|                         p_0_1_0_0_0744792_i_out|       pointer|
|p_out_i                              |   in|    8|     ap_ovld|                                           p_out|       pointer|
|p_out_o                              |  out|    8|     ap_ovld|                                           p_out|       pointer|
|p_out_o_ap_vld                       |  out|    1|     ap_ovld|                                           p_out|       pointer|
|p_out1_i                             |   in|    8|     ap_ovld|                                          p_out1|       pointer|
|p_out1_o                             |  out|    8|     ap_ovld|                                          p_out1|       pointer|
|p_out1_o_ap_vld                      |  out|    1|     ap_ovld|                                          p_out1|       pointer|
|p_0_0_0785_i_out_i                   |   in|    8|     ap_ovld|                                p_0_0_0785_i_out|       pointer|
|p_0_0_0785_i_out_o                   |  out|    8|     ap_ovld|                                p_0_0_0785_i_out|       pointer|
|p_0_0_0785_i_out_o_ap_vld            |  out|    1|     ap_ovld|                                p_0_0_0785_i_out|       pointer|
|p_0_0_0480782_i_out_i                |   in|    8|     ap_ovld|                             p_0_0_0480782_i_out|       pointer|
|p_0_0_0480782_i_out_o                |  out|    8|     ap_ovld|                             p_0_0_0480782_i_out|       pointer|
|p_0_0_0480782_i_out_o_ap_vld         |  out|    1|     ap_ovld|                             p_0_0_0480782_i_out|       pointer|
|p_0_1_0_0_0751_i_out_i               |   in|    8|     ap_ovld|                            p_0_1_0_0_0751_i_out|       pointer|
|p_0_1_0_0_0751_i_out_o               |  out|    8|     ap_ovld|                            p_0_1_0_0_0751_i_out|       pointer|
|p_0_1_0_0_0751_i_out_o_ap_vld        |  out|    1|     ap_ovld|                            p_0_1_0_0_0751_i_out|       pointer|
|p_0_1_0_0_0747_i_out_i               |   in|    8|     ap_ovld|                            p_0_1_0_0_0747_i_out|       pointer|
|p_0_1_0_0_0747_i_out_o               |  out|    8|     ap_ovld|                            p_0_1_0_0_0747_i_out|       pointer|
|p_0_1_0_0_0747_i_out_o_ap_vld        |  out|    1|     ap_ovld|                            p_0_1_0_0_0747_i_out|       pointer|
|p_0_2_0_0_0741_i_out_i               |   in|    8|     ap_ovld|                            p_0_2_0_0_0741_i_out|       pointer|
|p_0_2_0_0_0741_i_out_o               |  out|    8|     ap_ovld|                            p_0_2_0_0_0741_i_out|       pointer|
|p_0_2_0_0_0741_i_out_o_ap_vld        |  out|    1|     ap_ovld|                            p_0_2_0_0_0741_i_out|       pointer|
|p_0_1_0_0_0739_i_out_i               |   in|    8|     ap_ovld|                            p_0_1_0_0_0739_i_out|       pointer|
|p_0_1_0_0_0739_i_out_o               |  out|    8|     ap_ovld|                            p_0_1_0_0_0739_i_out|       pointer|
|p_0_1_0_0_0739_i_out_o_ap_vld        |  out|    1|     ap_ovld|                            p_0_1_0_0_0739_i_out|       pointer|
|p_0_0_0_0_0536737_i_out_i            |   in|    8|     ap_ovld|                         p_0_0_0_0_0536737_i_out|       pointer|
|p_0_0_0_0_0536737_i_out_o            |  out|    8|     ap_ovld|                         p_0_0_0_0_0536737_i_out|       pointer|
|p_0_0_0_0_0536737_i_out_o_ap_vld     |  out|    1|     ap_ovld|                         p_0_0_0_0_0536737_i_out|       pointer|
+-------------------------------------+-----+-----+------------+------------------------------------------------+--------------+

