
*** Running vivado
    with args -log mpsoc_preset_clk_wiz_0_0.vds -m64 -product Vivado -mode batch -messageDb vivado.pb -notrace -source mpsoc_preset_clk_wiz_0_0.tcl



****** Vivado v2023.1 (64-bit)
  **** SW Build 3865809 on Sun May  7 15:05:29 MDT 2023
  **** IP Build 3864474 on Sun May  7 20:36:21 MDT 2023
  **** SharedData Build 3865790 on Sun May 07 13:33:03 MDT 2023
    ** Copyright 1986-2022 Xilinx, Inc. All Rights Reserved.
    ** Copyright 2022-2023 Advanced Micro Devices, Inc. All Rights Reserved.

source mpsoc_preset_clk_wiz_0_0.tcl -notrace
create_project: Time (s): cpu = 00:00:04 ; elapsed = 00:00:06 . Memory (MB): peak = 1468.254 ; gain = 159.250
INFO: [IP_Flow 19-6924] IPCACHE: Running cache check for IP inst: mpsoc_preset_clk_wiz_0_0
Command: synth_design -top mpsoc_preset_clk_wiz_0_0 -part xczu7ev-ffvc1156-2-e -incremental_mode off -mode out_of_context
Starting synth_design
Attempting to get a license for feature 'Synthesis' and/or device 'xczu7ev'
INFO: [Common 17-349] Got license for feature 'Synthesis' and/or device 'xczu7ev'
INFO: [Device 21-403] Loading part xczu7ev-ffvc1156-2-e
INFO: [Synth 8-7079] Multithreading enabled for synth_design using a maximum of 2 processes.
INFO: [Synth 8-7078] Launching helper process for spawning children vivado processes
INFO: [Synth 8-7075] Helper process launched with PID 12120
---------------------------------------------------------------------------------
Starting RTL Elaboration : Time (s): cpu = 00:00:03 ; elapsed = 00:00:13 . Memory (MB): peak = 2989.477 ; gain = 345.008
---------------------------------------------------------------------------------
INFO: [Synth 8-6157] synthesizing module 'mpsoc_preset_clk_wiz_0_0' [c:/Users/shen/Downloads/project_33/project_33.gen/sources_1/bd/mpsoc_preset/ip/mpsoc_preset_clk_wiz_0_0/mpsoc_preset_clk_wiz_0_0.v:68]
INFO: [Synth 8-6157] synthesizing module 'mpsoc_preset_clk_wiz_0_0_clk_wiz' [c:/Users/shen/Downloads/project_33/project_33.gen/sources_1/bd/mpsoc_preset/ip/mpsoc_preset_clk_wiz_0_0/mpsoc_preset_clk_wiz_0_0_clk_wiz.v:68]
INFO: [Synth 8-6157] synthesizing module 'IBUF' [D:/program/Xilinx2023/Vivado/2023.1/scripts/rt/data/unisim_comp.v:71768]
INFO: [Synth 8-6155] done synthesizing module 'IBUF' (0#1) [D:/program/Xilinx2023/Vivado/2023.1/scripts/rt/data/unisim_comp.v:71768]
INFO: [Synth 8-6157] synthesizing module 'MMCME4_ADV' [D:/program/Xilinx2023/Vivado/2023.1/scripts/rt/data/unisim_comp.v:80704]
	Parameter BANDWIDTH bound to: OPTIMIZED - type: string 
	Parameter CLKFBOUT_MULT_F bound to: 87.625000 - type: double 
	Parameter CLKFBOUT_PHASE bound to: 0.000000 - type: double 
	Parameter CLKFBOUT_USE_FINE_PS bound to: FALSE - type: string 
	Parameter CLKIN1_PERIOD bound to: 5.334000 - type: double 
	Parameter CLKOUT0_DIVIDE_F bound to: 7.375000 - type: double 
	Parameter CLKOUT0_DUTY_CYCLE bound to: 0.500000 - type: double 
	Parameter CLKOUT0_PHASE bound to: 0.000000 - type: double 
	Parameter CLKOUT0_USE_FINE_PS bound to: FALSE - type: string 
	Parameter CLKOUT4_CASCADE bound to: FALSE - type: string 
	Parameter COMPENSATION bound to: AUTO - type: string 
	Parameter DIVCLK_DIVIDE bound to: 15 - type: integer 
	Parameter STARTUP_WAIT bound to: FALSE - type: string 
INFO: [Synth 8-6155] done synthesizing module 'MMCME4_ADV' (0#1) [D:/program/Xilinx2023/Vivado/2023.1/scripts/rt/data/unisim_comp.v:80704]
INFO: [Synth 8-6157] synthesizing module 'BUFG' [D:/program/Xilinx2023/Vivado/2023.1/scripts/rt/data/unisim_comp.v:1519]
INFO: [Synth 8-6155] done synthesizing module 'BUFG' (0#1) [D:/program/Xilinx2023/Vivado/2023.1/scripts/rt/data/unisim_comp.v:1519]
INFO: [Synth 8-6155] done synthesizing module 'mpsoc_preset_clk_wiz_0_0_clk_wiz' (0#1) [c:/Users/shen/Downloads/project_33/project_33.gen/sources_1/bd/mpsoc_preset/ip/mpsoc_preset_clk_wiz_0_0/mpsoc_preset_clk_wiz_0_0_clk_wiz.v:68]
INFO: [Synth 8-6155] done synthesizing module 'mpsoc_preset_clk_wiz_0_0' (0#1) [c:/Users/shen/Downloads/project_33/project_33.gen/sources_1/bd/mpsoc_preset/ip/mpsoc_preset_clk_wiz_0_0/mpsoc_preset_clk_wiz_0_0.v:68]
---------------------------------------------------------------------------------
Finished RTL Elaboration : Time (s): cpu = 00:00:04 ; elapsed = 00:00:15 . Memory (MB): peak = 3084.637 ; gain = 440.168
---------------------------------------------------------------------------------
---------------------------------------------------------------------------------
Start Handling Custom Attributes
---------------------------------------------------------------------------------
---------------------------------------------------------------------------------
Finished Handling Custom Attributes : Time (s): cpu = 00:00:04 ; elapsed = 00:00:15 . Memory (MB): peak = 3102.562 ; gain = 458.094
---------------------------------------------------------------------------------
---------------------------------------------------------------------------------
Finished RTL Optimization Phase 1 : Time (s): cpu = 00:00:04 ; elapsed = 00:00:15 . Memory (MB): peak = 3102.562 ; gain = 458.094
---------------------------------------------------------------------------------
Netlist sorting complete. Time (s): cpu = 00:00:00 ; elapsed = 00:00:00.001 . Memory (MB): peak = 3114.602 ; gain = 0.000
INFO: [Netlist 29-17] Analyzing 3 Unisim elements for replacement
INFO: [Netlist 29-28] Unisim Transformation completed in 0 CPU seconds
INFO: [Project 1-570] Preparing netlist for logic optimization

Processing XDC Constraints
Initializing timing engine
Parsing XDC File [c:/Users/shen/Downloads/project_33/project_33.gen/sources_1/bd/mpsoc_preset/ip/mpsoc_preset_clk_wiz_0_0/mpsoc_preset_clk_wiz_0_0_ooc.xdc] for cell 'inst'
Finished Parsing XDC File [c:/Users/shen/Downloads/project_33/project_33.gen/sources_1/bd/mpsoc_preset/ip/mpsoc_preset_clk_wiz_0_0/mpsoc_preset_clk_wiz_0_0_ooc.xdc] for cell 'inst'
Parsing XDC File [c:/Users/shen/Downloads/project_33/project_33.gen/sources_1/bd/mpsoc_preset/ip/mpsoc_preset_clk_wiz_0_0/mpsoc_preset_clk_wiz_0_0_board.xdc] for cell 'inst'
Finished Parsing XDC File [c:/Users/shen/Downloads/project_33/project_33.gen/sources_1/bd/mpsoc_preset/ip/mpsoc_preset_clk_wiz_0_0/mpsoc_preset_clk_wiz_0_0_board.xdc] for cell 'inst'
Parsing XDC File [c:/Users/shen/Downloads/project_33/project_33.gen/sources_1/bd/mpsoc_preset/ip/mpsoc_preset_clk_wiz_0_0/mpsoc_preset_clk_wiz_0_0.xdc] for cell 'inst'
create_clock: Time (s): cpu = 00:00:02 ; elapsed = 00:00:07 . Memory (MB): peak = 3147.293 ; gain = 0.000
Finished Parsing XDC File [c:/Users/shen/Downloads/project_33/project_33.gen/sources_1/bd/mpsoc_preset/ip/mpsoc_preset_clk_wiz_0_0/mpsoc_preset_clk_wiz_0_0.xdc] for cell 'inst'
INFO: [Project 1-236] Implementation specific constraints were found while reading constraint file [c:/Users/shen/Downloads/project_33/project_33.gen/sources_1/bd/mpsoc_preset/ip/mpsoc_preset_clk_wiz_0_0/mpsoc_preset_clk_wiz_0_0.xdc]. These constraints will be ignored for synthesis but will be used in implementation. Impacted constraints are listed in the file [.Xil/mpsoc_preset_clk_wiz_0_0_propImpl.xdc].
Resolution: To avoid this warning, move constraints listed in [.Xil/mpsoc_preset_clk_wiz_0_0_propImpl.xdc] to another XDC file and exclude this new file from synthesis with the used_in_synthesis property (File Properties dialog in GUI) and re-run elaboration/synthesis.
INFO: [Timing 38-2] Deriving generated clocks
Parsing XDC File [C:/Users/shen/Downloads/project_33/project_33.runs/mpsoc_preset_clk_wiz_0_0_synth_1/dont_touch.xdc]
Finished Parsing XDC File [C:/Users/shen/Downloads/project_33/project_33.runs/mpsoc_preset_clk_wiz_0_0_synth_1/dont_touch.xdc]
Completed Processing XDC Constraints

Netlist sorting complete. Time (s): cpu = 00:00:00 ; elapsed = 00:00:00 . Memory (MB): peak = 3147.293 ; gain = 0.000
INFO: [Project 1-111] Unisim Transformation Summary:
  A total of 2 instances were transformed.
  BUFG => BUFGCE: 1 instance 
  IBUF => IBUF (IBUFCTRL, INBUF): 1 instance 

Constraint Validation Runtime : Time (s): cpu = 00:00:00 ; elapsed = 00:00:00.021 . Memory (MB): peak = 3147.293 ; gain = 0.000
INFO: [Designutils 20-5008] Incremental synthesis strategy off
---------------------------------------------------------------------------------
Finished Constraint Validation : Time (s): cpu = 00:00:11 ; elapsed = 00:00:34 . Memory (MB): peak = 3147.293 ; gain = 502.824
---------------------------------------------------------------------------------
---------------------------------------------------------------------------------
Start Loading Part and Timing Information
---------------------------------------------------------------------------------
Loading part: xczu7ev-ffvc1156-2-e
INFO: [Synth 8-6742] Reading net delay rules and data
---------------------------------------------------------------------------------
Finished Loading Part and Timing Information : Time (s): cpu = 00:00:11 ; elapsed = 00:00:34 . Memory (MB): peak = 3147.293 ; gain = 502.824
---------------------------------------------------------------------------------
---------------------------------------------------------------------------------
Start Applying 'set_property' XDC Constraints
---------------------------------------------------------------------------------
Applied set_property KEEP_HIERARCHY = SOFT for inst. (constraint file  C:/Users/shen/Downloads/project_33/project_33.runs/mpsoc_preset_clk_wiz_0_0_synth_1/dont_touch.xdc, line 9).
---------------------------------------------------------------------------------
Finished applying 'set_property' XDC Constraints : Time (s): cpu = 00:00:11 ; elapsed = 00:00:34 . Memory (MB): peak = 3147.293 ; gain = 502.824
---------------------------------------------------------------------------------
---------------------------------------------------------------------------------
Finished RTL Optimization Phase 2 : Time (s): cpu = 00:00:11 ; elapsed = 00:00:34 . Memory (MB): peak = 3147.293 ; gain = 502.824
---------------------------------------------------------------------------------
---------------------------------------------------------------------------------
Start RTL Component Statistics 
---------------------------------------------------------------------------------
Detailed RTL Component Info : 
---------------------------------------------------------------------------------
Finished RTL Component Statistics 
---------------------------------------------------------------------------------
---------------------------------------------------------------------------------
Start Part Resource Summary
---------------------------------------------------------------------------------
Part Resources:
DSPs: 1728 (col length:144)
BRAMs: 624 (col length: RAMB18 144 RAMB36 72)
---------------------------------------------------------------------------------
Finished Part Resource Summary
---------------------------------------------------------------------------------
---------------------------------------------------------------------------------
Start Cross Boundary and Area Optimization
---------------------------------------------------------------------------------
WARNING: [Synth 8-7080] Parallel synthesis criteria is not met
---------------------------------------------------------------------------------
Finished Cross Boundary and Area Optimization : Time (s): cpu = 00:00:12 ; elapsed = 00:00:37 . Memory (MB): peak = 3147.293 ; gain = 502.824
---------------------------------------------------------------------------------
---------------------------------------------------------------------------------
Start Applying XDC Timing Constraints
---------------------------------------------------------------------------------
---------------------------------------------------------------------------------
Finished Applying XDC Timing Constraints : Time (s): cpu = 00:00:21 ; elapsed = 00:00:58 . Memory (MB): peak = 3625.902 ; gain = 981.434
---------------------------------------------------------------------------------
---------------------------------------------------------------------------------
Start Timing Optimization
---------------------------------------------------------------------------------
---------------------------------------------------------------------------------
Finished Timing Optimization : Time (s): cpu = 00:00:21 ; elapsed = 00:00:58 . Memory (MB): peak = 3625.902 ; gain = 981.434
---------------------------------------------------------------------------------
---------------------------------------------------------------------------------
Start Technology Mapping
---------------------------------------------------------------------------------
---------------------------------------------------------------------------------
Finished Technology Mapping : Time (s): cpu = 00:00:21 ; elapsed = 00:00:58 . Memory (MB): peak = 3635.473 ; gain = 991.004
---------------------------------------------------------------------------------
---------------------------------------------------------------------------------
Start IO Insertion
---------------------------------------------------------------------------------
---------------------------------------------------------------------------------
Start Flattening Before IO Insertion
---------------------------------------------------------------------------------
---------------------------------------------------------------------------------
Finished Flattening Before IO Insertion
---------------------------------------------------------------------------------
---------------------------------------------------------------------------------
Start Final Netlist Cleanup
---------------------------------------------------------------------------------
---------------------------------------------------------------------------------
Finished Final Netlist Cleanup
---------------------------------------------------------------------------------
---------------------------------------------------------------------------------
Finished IO Insertion : Time (s): cpu = 00:00:23 ; elapsed = 00:01:03 . Memory (MB): peak = 3651.285 ; gain = 1006.816
---------------------------------------------------------------------------------
---------------------------------------------------------------------------------
Start Renaming Generated Instances
---------------------------------------------------------------------------------
---------------------------------------------------------------------------------
Finished Renaming Generated Instances : Time (s): cpu = 00:00:23 ; elapsed = 00:01:03 . Memory (MB): peak = 3651.285 ; gain = 1006.816
---------------------------------------------------------------------------------
---------------------------------------------------------------------------------
Start Rebuilding User Hierarchy
---------------------------------------------------------------------------------
---------------------------------------------------------------------------------
Finished Rebuilding User Hierarchy : Time (s): cpu = 00:00:23 ; elapsed = 00:01:03 . Memory (MB): peak = 3651.285 ; gain = 1006.816
---------------------------------------------------------------------------------
---------------------------------------------------------------------------------
Start Renaming Generated Ports
---------------------------------------------------------------------------------
---------------------------------------------------------------------------------
Finished Renaming Generated Ports : Time (s): cpu = 00:00:23 ; elapsed = 00:01:03 . Memory (MB): peak = 3651.285 ; gain = 1006.816
---------------------------------------------------------------------------------
---------------------------------------------------------------------------------
Start Handling Custom Attributes
---------------------------------------------------------------------------------
---------------------------------------------------------------------------------
Finished Handling Custom Attributes : Time (s): cpu = 00:00:23 ; elapsed = 00:01:03 . Memory (MB): peak = 3651.285 ; gain = 1006.816
---------------------------------------------------------------------------------
---------------------------------------------------------------------------------
Start Renaming Generated Nets
---------------------------------------------------------------------------------
---------------------------------------------------------------------------------
Finished Renaming Generated Nets : Time (s): cpu = 00:00:23 ; elapsed = 00:01:03 . Memory (MB): peak = 3651.285 ; gain = 1006.816
---------------------------------------------------------------------------------
---------------------------------------------------------------------------------
Start Writing Synthesis Report
---------------------------------------------------------------------------------

Report BlackBoxes: 
+-+--------------+----------+
| |BlackBox name |Instances |
+-+--------------+----------+
+-+--------------+----------+

Report Cell Usage: 
+------+-----------+------+
|      |Cell       |Count |
+------+-----------+------+
|1     |BUFG       |     1|
|2     |MMCME4_ADV |     1|
|3     |IBUF       |     1|
+------+-----------+------+
---------------------------------------------------------------------------------
Finished Writing Synthesis Report : Time (s): cpu = 00:00:23 ; elapsed = 00:01:03 . Memory (MB): peak = 3651.285 ; gain = 1006.816
---------------------------------------------------------------------------------
Synthesis finished with 0 errors, 0 critical warnings and 1 warnings.
Synthesis Optimization Runtime : Time (s): cpu = 00:00:16 ; elapsed = 00:00:52 . Memory (MB): peak = 3651.285 ; gain = 962.086
Synthesis Optimization Complete : Time (s): cpu = 00:00:23 ; elapsed = 00:01:03 . Memory (MB): peak = 3651.285 ; gain = 1006.816
INFO: [Project 1-571] Translating synthesized netlist
Netlist sorting complete. Time (s): cpu = 00:00:00 ; elapsed = 00:00:00 . Memory (MB): peak = 3651.285 ; gain = 0.000
INFO: [Netlist 29-17] Analyzing 3 Unisim elements for replacement
INFO: [Netlist 29-28] Unisim Transformation completed in 0 CPU seconds
INFO: [Project 1-570] Preparing netlist for logic optimization
INFO: [Opt 31-138] Pushed 0 inverter(s) to 0 load pin(s).
INFO: [Opt 31-326] The CLKFBOUT to CLKFBIN net for instance inst/mmcme4_adv_inst with COMPENSATION=INTERNAL is optimized away to aid design routability
Netlist sorting complete. Time (s): cpu = 00:00:00 ; elapsed = 00:00:00 . Memory (MB): peak = 3700.469 ; gain = 0.000
INFO: [Project 1-111] Unisim Transformation Summary:
  A total of 2 instances were transformed.
  BUFG => BUFGCE: 1 instance 
  IBUF => IBUF (IBUFCTRL, INBUF): 1 instance 

Synth Design complete | Checksum: b97596a3
INFO: [Common 17-83] Releasing license: Synthesis
32 Infos, 1 Warnings, 0 Critical Warnings and 0 Errors encountered.
synth_design completed successfully
synth_design: Time (s): cpu = 00:00:26 ; elapsed = 00:01:28 . Memory (MB): peak = 3700.469 ; gain = 2156.602
INFO: [Common 17-1381] The checkpoint 'C:/Users/shen/Downloads/project_33/project_33.runs/mpsoc_preset_clk_wiz_0_0_synth_1/mpsoc_preset_clk_wiz_0_0.dcp' has been generated.
INFO: [Coretcl 2-1648] Added synthesis output to IP cache for IP mpsoc_preset_clk_wiz_0_0, cache-ID = b110131455ca59df
INFO: [Common 17-1381] The checkpoint 'C:/Users/shen/Downloads/project_33/project_33.runs/mpsoc_preset_clk_wiz_0_0_synth_1/mpsoc_preset_clk_wiz_0_0.dcp' has been generated.
INFO: [runtcl-4] Executing : report_utilization -file mpsoc_preset_clk_wiz_0_0_utilization_synth.rpt -pb mpsoc_preset_clk_wiz_0_0_utilization_synth.pb
INFO: [Common 17-206] Exiting Vivado at Thu Aug 15 10:38:38 2024...
