
*** Running vivado
    with args -log mpsoc_preset_wrapper.vds -m64 -product Vivado -mode batch -messageDb vivado.pb -notrace -source mpsoc_preset_wrapper.tcl



****** Vivado v2023.1 (64-bit)
  **** SW Build 3865809 on Sun May  7 15:05:29 MDT 2023
  **** IP Build 3864474 on Sun May  7 20:36:21 MDT 2023
  **** SharedData Build 3865790 on Sun May 07 13:33:03 MDT 2023
    ** Copyright 1986-2022 Xilinx, Inc. All Rights Reserved.
    ** Copyright 2022-2023 Advanced Micro Devices, Inc. All Rights Reserved.

source mpsoc_preset_wrapper.tcl -notrace
INFO: [IP_Flow 19-234] Refreshing IP repositories
INFO: [IP_Flow 19-1704] No user IP repositories specified
INFO: [IP_Flow 19-2313] Loaded Vivado IP repository 'D:/program/Xilinx2023/Vivado/2023.1/data/ip'.
add_files: Time (s): cpu = 00:00:01 ; elapsed = 00:00:05 . Memory (MB): peak = 1586.812 ; gain = 117.805
Command: read_checkpoint -auto_incremental -incremental D:/dp/zcu106/tpg_dp_live/vivado/tpg_dp_live/tpg_dp_live.srcs/utils_1/imports/synth_1/mpsoc_preset_wrapper.dcp
INFO: [Vivado 12-5825] Read reference checkpoint from D:/dp/zcu106/tpg_dp_live/vivado/tpg_dp_live/tpg_dp_live.srcs/utils_1/imports/synth_1/mpsoc_preset_wrapper.dcp for incremental synthesis
INFO: [Vivado 12-7989] Please ensure there are no constraint changes
Command: synth_design -top mpsoc_preset_wrapper -part xczu7ev-ffvc1156-2-e
Starting synth_design
Attempting to get a license for feature 'Synthesis' and/or device 'xczu7ev'
INFO: [Common 17-349] Got license for feature 'Synthesis' and/or device 'xczu7ev'
INFO: [Device 21-403] Loading part xczu7ev-ffvc1156-2-e
INFO: [Designutils 20-5440] No compile time benefit to using incremental synthesis; A full resynthesis will be run
INFO: [Designutils 20-4379] Flow is switching to default flow due to incremental criteria not met. If you would like to alter this behaviour and have the flow terminate instead, please set the following parameter config_implementation {autoIncr.Synth.RejectBehavior Terminate}
INFO: [Synth 8-7079] Multithreading enabled for synth_design using a maximum of 2 processes.
INFO: [Synth 8-7078] Launching helper process for spawning children vivado processes
INFO: [Synth 8-7075] Helper process launched with PID 17936
---------------------------------------------------------------------------------
Starting RTL Elaboration : Time (s): cpu = 00:00:00 ; elapsed = 00:00:03 . Memory (MB): peak = 3076.867 ; gain = 347.992
---------------------------------------------------------------------------------
INFO: [Synth 8-6157] synthesizing module 'mpsoc_preset_wrapper' [D:/dp/zcu106/tpg_dp_live/vivado/tpg_dp_live/tpg_dp_live.gen/sources_1/bd/mpsoc_preset/hdl/mpsoc_preset_wrapper.v:13]
INFO: [Synth 8-6157] synthesizing module 'mpsoc_preset' [d:/dp/zcu106/tpg_dp_live/vivado/tpg_dp_live/tpg_dp_live.gen/sources_1/bd/mpsoc_preset/synth/mpsoc_preset.v:277]
INFO: [Synth 8-6157] synthesizing module 'mpsoc_preset_xlconstant_0_0' [d:/dp/zcu106/tpg_dp_live/vivado/tpg_dp_live/tpg_dp_live.gen/sources_1/bd/mpsoc_preset/ip/mpsoc_preset_xlconstant_0_0/synth/mpsoc_preset_xlconstant_0_0.v:53]
INFO: [Synth 8-6157] synthesizing module 'xlconstant_v1_1_7_xlconstant' [d:/dp/zcu106/tpg_dp_live/vivado/tpg_dp_live/tpg_dp_live.gen/sources_1/bd/mpsoc_preset/ipshared/b0f2/hdl/xlconstant_v1_1_vl_rfs.v:23]
INFO: [Synth 8-6155] done synthesizing module 'xlconstant_v1_1_7_xlconstant' (0#1) [d:/dp/zcu106/tpg_dp_live/vivado/tpg_dp_live/tpg_dp_live.gen/sources_1/bd/mpsoc_preset/ipshared/b0f2/hdl/xlconstant_v1_1_vl_rfs.v:23]
INFO: [Synth 8-6155] done synthesizing module 'mpsoc_preset_xlconstant_0_0' (0#1) [d:/dp/zcu106/tpg_dp_live/vivado/tpg_dp_live/tpg_dp_live.gen/sources_1/bd/mpsoc_preset/ip/mpsoc_preset_xlconstant_0_0/synth/mpsoc_preset_xlconstant_0_0.v:53]
INFO: [Synth 8-6157] synthesizing module 'mpsoc_preset_xlconstant_0_1' [d:/dp/zcu106/tpg_dp_live/vivado/tpg_dp_live/tpg_dp_live.gen/sources_1/bd/mpsoc_preset/ip/mpsoc_preset_xlconstant_0_1/synth/mpsoc_preset_xlconstant_0_1.v:53]
INFO: [Synth 8-6157] synthesizing module 'xlconstant_v1_1_7_xlconstant__parameterized0' [d:/dp/zcu106/tpg_dp_live/vivado/tpg_dp_live/tpg_dp_live.gen/sources_1/bd/mpsoc_preset/ipshared/b0f2/hdl/xlconstant_v1_1_vl_rfs.v:23]
INFO: [Synth 8-6155] done synthesizing module 'xlconstant_v1_1_7_xlconstant__parameterized0' (0#1) [d:/dp/zcu106/tpg_dp_live/vivado/tpg_dp_live/tpg_dp_live.gen/sources_1/bd/mpsoc_preset/ipshared/b0f2/hdl/xlconstant_v1_1_vl_rfs.v:23]
INFO: [Synth 8-6155] done synthesizing module 'mpsoc_preset_xlconstant_0_1' (0#1) [d:/dp/zcu106/tpg_dp_live/vivado/tpg_dp_live/tpg_dp_live.gen/sources_1/bd/mpsoc_preset/ip/mpsoc_preset_xlconstant_0_1/synth/mpsoc_preset_xlconstant_0_1.v:53]
INFO: [Synth 8-6157] synthesizing module 'mpsoc_preset_clk_wiz_0_0' [D:/dp/zcu106/tpg_dp_live/vivado/tpg_dp_live/tpg_dp_live.runs/synth_1/.Xil/Vivado-3396-DESKTOP-S07ATB7/realtime/mpsoc_preset_clk_wiz_0_0_stub.v:6]
INFO: [Synth 8-6155] done synthesizing module 'mpsoc_preset_clk_wiz_0_0' (0#1) [D:/dp/zcu106/tpg_dp_live/vivado/tpg_dp_live/tpg_dp_live.runs/synth_1/.Xil/Vivado-3396-DESKTOP-S07ATB7/realtime/mpsoc_preset_clk_wiz_0_0_stub.v:6]
WARNING: [Synth 8-7071] port 'locked' of module 'mpsoc_preset_clk_wiz_0_0' is unconnected for instance 'clk_wiz_0' [d:/dp/zcu106/tpg_dp_live/vivado/tpg_dp_live/tpg_dp_live.gen/sources_1/bd/mpsoc_preset/synth/mpsoc_preset.v:431]
WARNING: [Synth 8-7023] instance 'clk_wiz_0' of module 'mpsoc_preset_clk_wiz_0_0' has 3 connections declared, but only 2 given [d:/dp/zcu106/tpg_dp_live/vivado/tpg_dp_live/tpg_dp_live.gen/sources_1/bd/mpsoc_preset/synth/mpsoc_preset.v:431]
INFO: [Synth 8-6157] synthesizing module 'mpsoc_preset_ps8_0_axi_periph_0' [d:/dp/zcu106/tpg_dp_live/vivado/tpg_dp_live/tpg_dp_live.gen/sources_1/bd/mpsoc_preset/synth/mpsoc_preset.v:779]
INFO: [Synth 8-6157] synthesizing module 'm00_couplers_imp_137280K' [d:/dp/zcu106/tpg_dp_live/vivado/tpg_dp_live/tpg_dp_live.gen/sources_1/bd/mpsoc_preset/synth/mpsoc_preset.v:13]
INFO: [Synth 8-6155] done synthesizing module 'm00_couplers_imp_137280K' (0#1) [d:/dp/zcu106/tpg_dp_live/vivado/tpg_dp_live/tpg_dp_live.gen/sources_1/bd/mpsoc_preset/synth/mpsoc_preset.v:13]
INFO: [Synth 8-6157] synthesizing module 'm01_couplers_imp_16UGMOK' [d:/dp/zcu106/tpg_dp_live/vivado/tpg_dp_live/tpg_dp_live.gen/sources_1/bd/mpsoc_preset/synth/mpsoc_preset.v:145]
INFO: [Synth 8-6155] done synthesizing module 'm01_couplers_imp_16UGMOK' (0#1) [d:/dp/zcu106/tpg_dp_live/vivado/tpg_dp_live/tpg_dp_live.gen/sources_1/bd/mpsoc_preset/synth/mpsoc_preset.v:145]
INFO: [Synth 8-6157] synthesizing module 's00_couplers_imp_13ZCIX3' [d:/dp/zcu106/tpg_dp_live/vivado/tpg_dp_live/tpg_dp_live.gen/sources_1/bd/mpsoc_preset/synth/mpsoc_preset.v:1551]
INFO: [Synth 8-6157] synthesizing module 'mpsoc_preset_auto_ds_0' [D:/dp/zcu106/tpg_dp_live/vivado/tpg_dp_live/tpg_dp_live.runs/synth_1/.Xil/Vivado-3396-DESKTOP-S07ATB7/realtime/mpsoc_preset_auto_ds_0_stub.v:6]
INFO: [Synth 8-6155] done synthesizing module 'mpsoc_preset_auto_ds_0' (0#1) [D:/dp/zcu106/tpg_dp_live/vivado/tpg_dp_live/tpg_dp_live.runs/synth_1/.Xil/Vivado-3396-DESKTOP-S07ATB7/realtime/mpsoc_preset_auto_ds_0_stub.v:6]
INFO: [Synth 8-6157] synthesizing module 'mpsoc_preset_auto_pc_0' [D:/dp/zcu106/tpg_dp_live/vivado/tpg_dp_live/tpg_dp_live.runs/synth_1/.Xil/Vivado-3396-DESKTOP-S07ATB7/realtime/mpsoc_preset_auto_pc_0_stub.v:6]
INFO: [Synth 8-6155] done synthesizing module 'mpsoc_preset_auto_pc_0' (0#1) [D:/dp/zcu106/tpg_dp_live/vivado/tpg_dp_live/tpg_dp_live.runs/synth_1/.Xil/Vivado-3396-DESKTOP-S07ATB7/realtime/mpsoc_preset_auto_pc_0_stub.v:6]
INFO: [Synth 8-6155] done synthesizing module 's00_couplers_imp_13ZCIX3' (0#1) [d:/dp/zcu106/tpg_dp_live/vivado/tpg_dp_live/tpg_dp_live.gen/sources_1/bd/mpsoc_preset/synth/mpsoc_preset.v:1551]
INFO: [Synth 8-6157] synthesizing module 's01_couplers_imp_11IDDS7' [d:/dp/zcu106/tpg_dp_live/vivado/tpg_dp_live/tpg_dp_live.gen/sources_1/bd/mpsoc_preset/synth/mpsoc_preset.v:1961]
INFO: [Synth 8-6157] synthesizing module 'mpsoc_preset_auto_ds_1' [D:/dp/zcu106/tpg_dp_live/vivado/tpg_dp_live/tpg_dp_live.runs/synth_1/.Xil/Vivado-3396-DESKTOP-S07ATB7/realtime/mpsoc_preset_auto_ds_1_stub.v:6]
INFO: [Synth 8-6155] done synthesizing module 'mpsoc_preset_auto_ds_1' (0#1) [D:/dp/zcu106/tpg_dp_live/vivado/tpg_dp_live/tpg_dp_live.runs/synth_1/.Xil/Vivado-3396-DESKTOP-S07ATB7/realtime/mpsoc_preset_auto_ds_1_stub.v:6]
INFO: [Synth 8-6157] synthesizing module 'mpsoc_preset_auto_pc_1' [D:/dp/zcu106/tpg_dp_live/vivado/tpg_dp_live/tpg_dp_live.runs/synth_1/.Xil/Vivado-3396-DESKTOP-S07ATB7/realtime/mpsoc_preset_auto_pc_1_stub.v:6]
INFO: [Synth 8-6155] done synthesizing module 'mpsoc_preset_auto_pc_1' (0#1) [D:/dp/zcu106/tpg_dp_live/vivado/tpg_dp_live/tpg_dp_live.runs/synth_1/.Xil/Vivado-3396-DESKTOP-S07ATB7/realtime/mpsoc_preset_auto_pc_1_stub.v:6]
INFO: [Synth 8-6155] done synthesizing module 's01_couplers_imp_11IDDS7' (0#1) [d:/dp/zcu106/tpg_dp_live/vivado/tpg_dp_live/tpg_dp_live.gen/sources_1/bd/mpsoc_preset/synth/mpsoc_preset.v:1961]
INFO: [Synth 8-6157] synthesizing module 'mpsoc_preset_xbar_0' [D:/dp/zcu106/tpg_dp_live/vivado/tpg_dp_live/tpg_dp_live.runs/synth_1/.Xil/Vivado-3396-DESKTOP-S07ATB7/realtime/mpsoc_preset_xbar_0_stub.v:6]
INFO: [Synth 8-6155] done synthesizing module 'mpsoc_preset_xbar_0' (0#1) [D:/dp/zcu106/tpg_dp_live/vivado/tpg_dp_live/tpg_dp_live.runs/synth_1/.Xil/Vivado-3396-DESKTOP-S07ATB7/realtime/mpsoc_preset_xbar_0_stub.v:6]
WARNING: [Synth 8-7071] port 'm_axi_awprot' of module 'mpsoc_preset_xbar_0' is unconnected for instance 'xbar' [d:/dp/zcu106/tpg_dp_live/vivado/tpg_dp_live/tpg_dp_live.gen/sources_1/bd/mpsoc_preset/synth/mpsoc_preset.v:1510]
WARNING: [Synth 8-7071] port 'm_axi_arprot' of module 'mpsoc_preset_xbar_0' is unconnected for instance 'xbar' [d:/dp/zcu106/tpg_dp_live/vivado/tpg_dp_live/tpg_dp_live.gen/sources_1/bd/mpsoc_preset/synth/mpsoc_preset.v:1510]
WARNING: [Synth 8-7023] instance 'xbar' of module 'mpsoc_preset_xbar_0' has 40 connections declared, but only 38 given [d:/dp/zcu106/tpg_dp_live/vivado/tpg_dp_live/tpg_dp_live.gen/sources_1/bd/mpsoc_preset/synth/mpsoc_preset.v:1510]
INFO: [Synth 8-6155] done synthesizing module 'mpsoc_preset_ps8_0_axi_periph_0' (0#1) [d:/dp/zcu106/tpg_dp_live/vivado/tpg_dp_live/tpg_dp_live.gen/sources_1/bd/mpsoc_preset/synth/mpsoc_preset.v:779]
INFO: [Synth 8-6157] synthesizing module 'mpsoc_preset_rst_ps8_0_187M_0' [D:/dp/zcu106/tpg_dp_live/vivado/tpg_dp_live/tpg_dp_live.runs/synth_1/.Xil/Vivado-3396-DESKTOP-S07ATB7/realtime/mpsoc_preset_rst_ps8_0_187M_0_stub.v:6]
INFO: [Synth 8-6155] done synthesizing module 'mpsoc_preset_rst_ps8_0_187M_0' (0#1) [D:/dp/zcu106/tpg_dp_live/vivado/tpg_dp_live/tpg_dp_live.runs/synth_1/.Xil/Vivado-3396-DESKTOP-S07ATB7/realtime/mpsoc_preset_rst_ps8_0_187M_0_stub.v:6]
WARNING: [Synth 8-7071] port 'mb_reset' of module 'mpsoc_preset_rst_ps8_0_187M_0' is unconnected for instance 'rst_ps8_0_187M' [d:/dp/zcu106/tpg_dp_live/vivado/tpg_dp_live/tpg_dp_live.gen/sources_1/bd/mpsoc_preset/synth/mpsoc_preset.v:553]
WARNING: [Synth 8-7071] port 'bus_struct_reset' of module 'mpsoc_preset_rst_ps8_0_187M_0' is unconnected for instance 'rst_ps8_0_187M' [d:/dp/zcu106/tpg_dp_live/vivado/tpg_dp_live/tpg_dp_live.gen/sources_1/bd/mpsoc_preset/synth/mpsoc_preset.v:553]
WARNING: [Synth 8-7071] port 'peripheral_reset' of module 'mpsoc_preset_rst_ps8_0_187M_0' is unconnected for instance 'rst_ps8_0_187M' [d:/dp/zcu106/tpg_dp_live/vivado/tpg_dp_live/tpg_dp_live.gen/sources_1/bd/mpsoc_preset/synth/mpsoc_preset.v:553]
WARNING: [Synth 8-7071] port 'interconnect_aresetn' of module 'mpsoc_preset_rst_ps8_0_187M_0' is unconnected for instance 'rst_ps8_0_187M' [d:/dp/zcu106/tpg_dp_live/vivado/tpg_dp_live/tpg_dp_live.gen/sources_1/bd/mpsoc_preset/synth/mpsoc_preset.v:553]
WARNING: [Synth 8-7023] instance 'rst_ps8_0_187M' of module 'mpsoc_preset_rst_ps8_0_187M_0' has 10 connections declared, but only 6 given [d:/dp/zcu106/tpg_dp_live/vivado/tpg_dp_live/tpg_dp_live.gen/sources_1/bd/mpsoc_preset/synth/mpsoc_preset.v:553]
WARNING: [Synth 8-4446] all outputs are unconnected for this instance and logic may be removed [d:/dp/zcu106/tpg_dp_live/vivado/tpg_dp_live/tpg_dp_live.gen/sources_1/bd/mpsoc_preset/synth/mpsoc_preset.v:560]
INFO: [Synth 8-6157] synthesizing module 'mpsoc_preset_system_ila_0_0' [D:/dp/zcu106/tpg_dp_live/vivado/tpg_dp_live/tpg_dp_live.runs/synth_1/.Xil/Vivado-3396-DESKTOP-S07ATB7/realtime/mpsoc_preset_system_ila_0_0_stub.v:6]
INFO: [Synth 8-6155] done synthesizing module 'mpsoc_preset_system_ila_0_0' (0#1) [D:/dp/zcu106/tpg_dp_live/vivado/tpg_dp_live/tpg_dp_live.runs/synth_1/.Xil/Vivado-3396-DESKTOP-S07ATB7/realtime/mpsoc_preset_system_ila_0_0_stub.v:6]
WARNING: [Synth 8-4446] all outputs are unconnected for this instance and logic may be removed [d:/dp/zcu106/tpg_dp_live/vivado/tpg_dp_live/tpg_dp_live.gen/sources_1/bd/mpsoc_preset/synth/mpsoc_preset.v:572]
INFO: [Synth 8-6157] synthesizing module 'mpsoc_preset_system_ila_1_0' [D:/dp/zcu106/tpg_dp_live/vivado/tpg_dp_live/tpg_dp_live.runs/synth_1/.Xil/Vivado-3396-DESKTOP-S07ATB7/realtime/mpsoc_preset_system_ila_1_0_stub.v:6]
INFO: [Synth 8-6155] done synthesizing module 'mpsoc_preset_system_ila_1_0' (0#1) [D:/dp/zcu106/tpg_dp_live/vivado/tpg_dp_live/tpg_dp_live.runs/synth_1/.Xil/Vivado-3396-DESKTOP-S07ATB7/realtime/mpsoc_preset_system_ila_1_0_stub.v:6]
INFO: [Synth 8-6157] synthesizing module 'mpsoc_preset_v_axi4s_vid_out_0_0' [D:/dp/zcu106/tpg_dp_live/vivado/tpg_dp_live/tpg_dp_live.runs/synth_1/.Xil/Vivado-3396-DESKTOP-S07ATB7/realtime/mpsoc_preset_v_axi4s_vid_out_0_0_stub.v:6]
INFO: [Synth 8-6155] done synthesizing module 'mpsoc_preset_v_axi4s_vid_out_0_0' (0#1) [D:/dp/zcu106/tpg_dp_live/vivado/tpg_dp_live/tpg_dp_live.runs/synth_1/.Xil/Vivado-3396-DESKTOP-S07ATB7/realtime/mpsoc_preset_v_axi4s_vid_out_0_0_stub.v:6]
WARNING: [Synth 8-7071] port 'vid_vblank' of module 'mpsoc_preset_v_axi4s_vid_out_0_0' is unconnected for instance 'v_axi4s_vid_out_0' [d:/dp/zcu106/tpg_dp_live/vivado/tpg_dp_live/tpg_dp_live.gen/sources_1/bd/mpsoc_preset/synth/mpsoc_preset.v:581]
WARNING: [Synth 8-7071] port 'vid_hblank' of module 'mpsoc_preset_v_axi4s_vid_out_0_0' is unconnected for instance 'v_axi4s_vid_out_0' [d:/dp/zcu106/tpg_dp_live/vivado/tpg_dp_live/tpg_dp_live.gen/sources_1/bd/mpsoc_preset/synth/mpsoc_preset.v:581]
WARNING: [Synth 8-7071] port 'vid_field_id' of module 'mpsoc_preset_v_axi4s_vid_out_0_0' is unconnected for instance 'v_axi4s_vid_out_0' [d:/dp/zcu106/tpg_dp_live/vivado/tpg_dp_live/tpg_dp_live.gen/sources_1/bd/mpsoc_preset/synth/mpsoc_preset.v:581]
WARNING: [Synth 8-7023] instance 'v_axi4s_vid_out_0' of module 'mpsoc_preset_v_axi4s_vid_out_0_0' has 32 connections declared, but only 29 given [d:/dp/zcu106/tpg_dp_live/vivado/tpg_dp_live/tpg_dp_live.gen/sources_1/bd/mpsoc_preset/synth/mpsoc_preset.v:581]
INFO: [Synth 8-6157] synthesizing module 'mpsoc_preset_v_proc_ss_0_0' [D:/dp/zcu106/tpg_dp_live/vivado/tpg_dp_live/tpg_dp_live.runs/synth_1/.Xil/Vivado-3396-DESKTOP-S07ATB7/realtime/mpsoc_preset_v_proc_ss_0_0_stub.v:6]
INFO: [Synth 8-6155] done synthesizing module 'mpsoc_preset_v_proc_ss_0_0' (0#1) [D:/dp/zcu106/tpg_dp_live/vivado/tpg_dp_live/tpg_dp_live.runs/synth_1/.Xil/Vivado-3396-DESKTOP-S07ATB7/realtime/mpsoc_preset_v_proc_ss_0_0_stub.v:6]
WARNING: [Synth 8-7071] port 'm_axis_tdest' of module 'mpsoc_preset_v_proc_ss_0_0' is unconnected for instance 'v_proc_ss_0' [d:/dp/zcu106/tpg_dp_live/vivado/tpg_dp_live/tpg_dp_live.gen/sources_1/bd/mpsoc_preset/synth/mpsoc_preset.v:611]
WARNING: [Synth 8-7071] port 'm_axis_tid' of module 'mpsoc_preset_v_proc_ss_0_0' is unconnected for instance 'v_proc_ss_0' [d:/dp/zcu106/tpg_dp_live/vivado/tpg_dp_live/tpg_dp_live.gen/sources_1/bd/mpsoc_preset/synth/mpsoc_preset.v:611]
WARNING: [Synth 8-7071] port 'm_axis_tkeep' of module 'mpsoc_preset_v_proc_ss_0_0' is unconnected for instance 'v_proc_ss_0' [d:/dp/zcu106/tpg_dp_live/vivado/tpg_dp_live/tpg_dp_live.gen/sources_1/bd/mpsoc_preset/synth/mpsoc_preset.v:611]
WARNING: [Synth 8-7071] port 'm_axis_tstrb' of module 'mpsoc_preset_v_proc_ss_0_0' is unconnected for instance 'v_proc_ss_0' [d:/dp/zcu106/tpg_dp_live/vivado/tpg_dp_live/tpg_dp_live.gen/sources_1/bd/mpsoc_preset/synth/mpsoc_preset.v:611]
WARNING: [Synth 8-7023] instance 'v_proc_ss_0' of module 'mpsoc_preset_v_proc_ss_0_0' has 37 connections declared, but only 33 given [d:/dp/zcu106/tpg_dp_live/vivado/tpg_dp_live/tpg_dp_live.gen/sources_1/bd/mpsoc_preset/synth/mpsoc_preset.v:611]
INFO: [Synth 8-6157] synthesizing module 'mpsoc_preset_v_tc_0_0' [D:/dp/zcu106/tpg_dp_live/vivado/tpg_dp_live/tpg_dp_live.runs/synth_1/.Xil/Vivado-3396-DESKTOP-S07ATB7/realtime/mpsoc_preset_v_tc_0_0_stub.v:6]
INFO: [Synth 8-6155] done synthesizing module 'mpsoc_preset_v_tc_0_0' (0#1) [D:/dp/zcu106/tpg_dp_live/vivado/tpg_dp_live/tpg_dp_live.runs/synth_1/.Xil/Vivado-3396-DESKTOP-S07ATB7/realtime/mpsoc_preset_v_tc_0_0_stub.v:6]
WARNING: [Synth 8-7071] port 'fsync_out' of module 'mpsoc_preset_v_tc_0_0' is unconnected for instance 'v_tc_0' [d:/dp/zcu106/tpg_dp_live/vivado/tpg_dp_live/tpg_dp_live.gen/sources_1/bd/mpsoc_preset/synth/mpsoc_preset.v:645]
WARNING: [Synth 8-7023] instance 'v_tc_0' of module 'mpsoc_preset_v_tc_0_0' has 11 connections declared, but only 10 given [d:/dp/zcu106/tpg_dp_live/vivado/tpg_dp_live/tpg_dp_live.gen/sources_1/bd/mpsoc_preset/synth/mpsoc_preset.v:645]
INFO: [Synth 8-6157] synthesizing module 'mpsoc_preset_v_tpg_0_0' [D:/dp/zcu106/tpg_dp_live/vivado/tpg_dp_live/tpg_dp_live.runs/synth_1/.Xil/Vivado-3396-DESKTOP-S07ATB7/realtime/mpsoc_preset_v_tpg_0_0_stub.v:6]
INFO: [Synth 8-6155] done synthesizing module 'mpsoc_preset_v_tpg_0_0' (0#1) [D:/dp/zcu106/tpg_dp_live/vivado/tpg_dp_live/tpg_dp_live.runs/synth_1/.Xil/Vivado-3396-DESKTOP-S07ATB7/realtime/mpsoc_preset_v_tpg_0_0_stub.v:6]
WARNING: [Synth 8-7071] port 'fid' of module 'mpsoc_preset_v_tpg_0_0' is unconnected for instance 'v_tpg_0' [d:/dp/zcu106/tpg_dp_live/vivado/tpg_dp_live/tpg_dp_live.gen/sources_1/bd/mpsoc_preset/synth/mpsoc_preset.v:656]
WARNING: [Synth 8-7071] port 'interrupt' of module 'mpsoc_preset_v_tpg_0_0' is unconnected for instance 'v_tpg_0' [d:/dp/zcu106/tpg_dp_live/vivado/tpg_dp_live/tpg_dp_live.gen/sources_1/bd/mpsoc_preset/synth/mpsoc_preset.v:656]
WARNING: [Synth 8-7023] instance 'v_tpg_0' of module 'mpsoc_preset_v_tpg_0_0' has 31 connections declared, but only 29 given [d:/dp/zcu106/tpg_dp_live/vivado/tpg_dp_live/tpg_dp_live.gen/sources_1/bd/mpsoc_preset/synth/mpsoc_preset.v:656]
INFO: [Synth 8-6157] synthesizing module 'mpsoc_preset_zynq_ultra_ps_e_0_0' [D:/dp/zcu106/tpg_dp_live/vivado/tpg_dp_live/tpg_dp_live.runs/synth_1/.Xil/Vivado-3396-DESKTOP-S07ATB7/realtime/mpsoc_preset_zynq_ultra_ps_e_0_0_stub.v:6]
INFO: [Synth 8-6155] done synthesizing module 'mpsoc_preset_zynq_ultra_ps_e_0_0' (0#1) [D:/dp/zcu106/tpg_dp_live/vivado/tpg_dp_live/tpg_dp_live.runs/synth_1/.Xil/Vivado-3396-DESKTOP-S07ATB7/realtime/mpsoc_preset_zynq_ultra_ps_e_0_0_stub.v:6]
WARNING: [Synth 8-7071] port 'maxigp0_awuser' of module 'mpsoc_preset_zynq_ultra_ps_e_0_0' is unconnected for instance 'zynq_ultra_ps_e_0' [d:/dp/zcu106/tpg_dp_live/vivado/tpg_dp_live/tpg_dp_live.gen/sources_1/bd/mpsoc_preset/synth/mpsoc_preset.v:686]
WARNING: [Synth 8-7071] port 'maxigp0_aruser' of module 'mpsoc_preset_zynq_ultra_ps_e_0_0' is unconnected for instance 'zynq_ultra_ps_e_0' [d:/dp/zcu106/tpg_dp_live/vivado/tpg_dp_live/tpg_dp_live.gen/sources_1/bd/mpsoc_preset/synth/mpsoc_preset.v:686]
WARNING: [Synth 8-7071] port 'maxigp1_awuser' of module 'mpsoc_preset_zynq_ultra_ps_e_0_0' is unconnected for instance 'zynq_ultra_ps_e_0' [d:/dp/zcu106/tpg_dp_live/vivado/tpg_dp_live/tpg_dp_live.gen/sources_1/bd/mpsoc_preset/synth/mpsoc_preset.v:686]
WARNING: [Synth 8-7071] port 'maxigp1_aruser' of module 'mpsoc_preset_zynq_ultra_ps_e_0_0' is unconnected for instance 'zynq_ultra_ps_e_0' [d:/dp/zcu106/tpg_dp_live/vivado/tpg_dp_live/tpg_dp_live.gen/sources_1/bd/mpsoc_preset/synth/mpsoc_preset.v:686]
WARNING: [Synth 8-7071] port 'dp_video_out_hsync' of module 'mpsoc_preset_zynq_ultra_ps_e_0_0' is unconnected for instance 'zynq_ultra_ps_e_0' [d:/dp/zcu106/tpg_dp_live/vivado/tpg_dp_live/tpg_dp_live.gen/sources_1/bd/mpsoc_preset/synth/mpsoc_preset.v:686]
WARNING: [Synth 8-7071] port 'dp_video_out_vsync' of module 'mpsoc_preset_zynq_ultra_ps_e_0_0' is unconnected for instance 'zynq_ultra_ps_e_0' [d:/dp/zcu106/tpg_dp_live/vivado/tpg_dp_live/tpg_dp_live.gen/sources_1/bd/mpsoc_preset/synth/mpsoc_preset.v:686]
WARNING: [Synth 8-7071] port 'dp_video_out_pixel1' of module 'mpsoc_preset_zynq_ultra_ps_e_0_0' is unconnected for instance 'zynq_ultra_ps_e_0' [d:/dp/zcu106/tpg_dp_live/vivado/tpg_dp_live/tpg_dp_live.gen/sources_1/bd/mpsoc_preset/synth/mpsoc_preset.v:686]
WARNING: [Synth 8-7071] port 'dp_live_video_de_out' of module 'mpsoc_preset_zynq_ultra_ps_e_0_0' is unconnected for instance 'zynq_ultra_ps_e_0' [d:/dp/zcu106/tpg_dp_live/vivado/tpg_dp_live/tpg_dp_live.gen/sources_1/bd/mpsoc_preset/synth/mpsoc_preset.v:686]
WARNING: [Synth 8-7023] instance 'zynq_ultra_ps_e_0' of module 'mpsoc_preset_zynq_ultra_ps_e_0_0' has 98 connections declared, but only 90 given [d:/dp/zcu106/tpg_dp_live/vivado/tpg_dp_live/tpg_dp_live.gen/sources_1/bd/mpsoc_preset/synth/mpsoc_preset.v:686]
INFO: [Synth 8-6155] done synthesizing module 'mpsoc_preset' (0#1) [d:/dp/zcu106/tpg_dp_live/vivado/tpg_dp_live/tpg_dp_live.gen/sources_1/bd/mpsoc_preset/synth/mpsoc_preset.v:277]
INFO: [Synth 8-6155] done synthesizing module 'mpsoc_preset_wrapper' (0#1) [D:/dp/zcu106/tpg_dp_live/vivado/tpg_dp_live/tpg_dp_live.gen/sources_1/bd/mpsoc_preset/hdl/mpsoc_preset_wrapper.v:13]
INFO: [Synth 8-6071] Mark debug on the nets applies keep_hierarchy on instance 'v_axi4s_vid_out_0'. This will prevent further optimization [d:/dp/zcu106/tpg_dp_live/vivado/tpg_dp_live/tpg_dp_live.gen/sources_1/bd/mpsoc_preset/synth/mpsoc_preset.v:581]
INFO: [Synth 8-6071] Mark debug on the nets applies keep_hierarchy on instance 'v_tc_0'. This will prevent further optimization [d:/dp/zcu106/tpg_dp_live/vivado/tpg_dp_live/tpg_dp_live.gen/sources_1/bd/mpsoc_preset/synth/mpsoc_preset.v:645]
INFO: [Synth 8-6071] Mark debug on the nets applies keep_hierarchy on instance 'system_ila_1'. This will prevent further optimization [d:/dp/zcu106/tpg_dp_live/vivado/tpg_dp_live/tpg_dp_live.gen/sources_1/bd/mpsoc_preset/synth/mpsoc_preset.v:572]
WARNING: [Synth 8-7129] Port M_ACLK in module s01_couplers_imp_11IDDS7 is either unconnected or has no load
WARNING: [Synth 8-7129] Port M_ARESETN in module s01_couplers_imp_11IDDS7 is either unconnected or has no load
WARNING: [Synth 8-7129] Port M_ACLK in module s00_couplers_imp_13ZCIX3 is either unconnected or has no load
WARNING: [Synth 8-7129] Port M_ARESETN in module s00_couplers_imp_13ZCIX3 is either unconnected or has no load
WARNING: [Synth 8-7129] Port M_ACLK in module m01_couplers_imp_16UGMOK is either unconnected or has no load
WARNING: [Synth 8-7129] Port M_ARESETN in module m01_couplers_imp_16UGMOK is either unconnected or has no load
WARNING: [Synth 8-7129] Port S_ACLK in module m01_couplers_imp_16UGMOK is either unconnected or has no load
WARNING: [Synth 8-7129] Port S_ARESETN in module m01_couplers_imp_16UGMOK is either unconnected or has no load
WARNING: [Synth 8-7129] Port M_ACLK in module m00_couplers_imp_137280K is either unconnected or has no load
WARNING: [Synth 8-7129] Port M_ARESETN in module m00_couplers_imp_137280K is either unconnected or has no load
WARNING: [Synth 8-7129] Port S_ACLK in module m00_couplers_imp_137280K is either unconnected or has no load
WARNING: [Synth 8-7129] Port S_ARESETN in module m00_couplers_imp_137280K is either unconnected or has no load
WARNING: [Synth 8-7129] Port M00_ACLK in module mpsoc_preset_ps8_0_axi_periph_0 is either unconnected or has no load
WARNING: [Synth 8-7129] Port M00_ARESETN in module mpsoc_preset_ps8_0_axi_periph_0 is either unconnected or has no load
WARNING: [Synth 8-7129] Port M01_ACLK in module mpsoc_preset_ps8_0_axi_periph_0 is either unconnected or has no load
WARNING: [Synth 8-7129] Port M01_ARESETN in module mpsoc_preset_ps8_0_axi_periph_0 is either unconnected or has no load
WARNING: [Synth 8-7129] Port S00_ACLK in module mpsoc_preset_ps8_0_axi_periph_0 is either unconnected or has no load
WARNING: [Synth 8-7129] Port S00_ARESETN in module mpsoc_preset_ps8_0_axi_periph_0 is either unconnected or has no load
WARNING: [Synth 8-7129] Port S01_ACLK in module mpsoc_preset_ps8_0_axi_periph_0 is either unconnected or has no load
WARNING: [Synth 8-7129] Port S01_ARESETN in module mpsoc_preset_ps8_0_axi_periph_0 is either unconnected or has no load
---------------------------------------------------------------------------------
Finished RTL Elaboration : Time (s): cpu = 00:00:01 ; elapsed = 00:00:04 . Memory (MB): peak = 3178.426 ; gain = 449.551
---------------------------------------------------------------------------------
---------------------------------------------------------------------------------
Start Handling Custom Attributes
---------------------------------------------------------------------------------
---------------------------------------------------------------------------------
Finished Handling Custom Attributes : Time (s): cpu = 00:00:01 ; elapsed = 00:00:04 . Memory (MB): peak = 3196.328 ; gain = 467.453
---------------------------------------------------------------------------------
---------------------------------------------------------------------------------
Finished RTL Optimization Phase 1 : Time (s): cpu = 00:00:01 ; elapsed = 00:00:04 . Memory (MB): peak = 3196.328 ; gain = 467.453
---------------------------------------------------------------------------------
Netlist sorting complete. Time (s): cpu = 00:00:00 ; elapsed = 00:00:00.027 . Memory (MB): peak = 3196.328 ; gain = 0.000
INFO: [Project 1-570] Preparing netlist for logic optimization

Processing XDC Constraints
Initializing timing engine
Parsing XDC File [d:/dp/zcu106/tpg_dp_live/vivado/tpg_dp_live/tpg_dp_live.gen/sources_1/bd/mpsoc_preset/ip/mpsoc_preset_zynq_ultra_ps_e_0_0/mpsoc_preset_zynq_ultra_ps_e_0_0/mpsoc_preset_zynq_ultra_ps_e_0_0_in_context.xdc] for cell 'mpsoc_preset_i/zynq_ultra_ps_e_0'
Finished Parsing XDC File [d:/dp/zcu106/tpg_dp_live/vivado/tpg_dp_live/tpg_dp_live.gen/sources_1/bd/mpsoc_preset/ip/mpsoc_preset_zynq_ultra_ps_e_0_0/mpsoc_preset_zynq_ultra_ps_e_0_0/mpsoc_preset_zynq_ultra_ps_e_0_0_in_context.xdc] for cell 'mpsoc_preset_i/zynq_ultra_ps_e_0'
Parsing XDC File [d:/dp/zcu106/tpg_dp_live/vivado/tpg_dp_live/tpg_dp_live.gen/sources_1/bd/mpsoc_preset/ip/mpsoc_preset_v_tpg_0_0/mpsoc_preset_v_tpg_0_0/mpsoc_preset_v_tpg_0_0_in_context.xdc] for cell 'mpsoc_preset_i/v_tpg_0'
Finished Parsing XDC File [d:/dp/zcu106/tpg_dp_live/vivado/tpg_dp_live/tpg_dp_live.gen/sources_1/bd/mpsoc_preset/ip/mpsoc_preset_v_tpg_0_0/mpsoc_preset_v_tpg_0_0/mpsoc_preset_v_tpg_0_0_in_context.xdc] for cell 'mpsoc_preset_i/v_tpg_0'
Parsing XDC File [d:/dp/zcu106/tpg_dp_live/vivado/tpg_dp_live/tpg_dp_live.gen/sources_1/bd/mpsoc_preset/ip/mpsoc_preset_v_tc_0_0/mpsoc_preset_v_tc_0_0/mpsoc_preset_v_tc_0_0_in_context.xdc] for cell 'mpsoc_preset_i/v_tc_0'
Finished Parsing XDC File [d:/dp/zcu106/tpg_dp_live/vivado/tpg_dp_live/tpg_dp_live.gen/sources_1/bd/mpsoc_preset/ip/mpsoc_preset_v_tc_0_0/mpsoc_preset_v_tc_0_0/mpsoc_preset_v_tc_0_0_in_context.xdc] for cell 'mpsoc_preset_i/v_tc_0'
Parsing XDC File [d:/dp/zcu106/tpg_dp_live/vivado/tpg_dp_live/tpg_dp_live.gen/sources_1/bd/mpsoc_preset/ip/mpsoc_preset_v_axi4s_vid_out_0_0/mpsoc_preset_v_axi4s_vid_out_0_0/mpsoc_preset_v_axi4s_vid_out_0_0_in_context.xdc] for cell 'mpsoc_preset_i/v_axi4s_vid_out_0'
Finished Parsing XDC File [d:/dp/zcu106/tpg_dp_live/vivado/tpg_dp_live/tpg_dp_live.gen/sources_1/bd/mpsoc_preset/ip/mpsoc_preset_v_axi4s_vid_out_0_0/mpsoc_preset_v_axi4s_vid_out_0_0/mpsoc_preset_v_axi4s_vid_out_0_0_in_context.xdc] for cell 'mpsoc_preset_i/v_axi4s_vid_out_0'
Parsing XDC File [d:/dp/zcu106/tpg_dp_live/vivado/tpg_dp_live/tpg_dp_live.gen/sources_1/bd/mpsoc_preset/ip/mpsoc_preset_clk_wiz_0_0/mpsoc_preset_clk_wiz_0_0/mpsoc_preset_clk_wiz_0_0_in_context.xdc] for cell 'mpsoc_preset_i/clk_wiz_0'
Finished Parsing XDC File [d:/dp/zcu106/tpg_dp_live/vivado/tpg_dp_live/tpg_dp_live.gen/sources_1/bd/mpsoc_preset/ip/mpsoc_preset_clk_wiz_0_0/mpsoc_preset_clk_wiz_0_0/mpsoc_preset_clk_wiz_0_0_in_context.xdc] for cell 'mpsoc_preset_i/clk_wiz_0'
Parsing XDC File [d:/dp/zcu106/tpg_dp_live/vivado/tpg_dp_live/tpg_dp_live.gen/sources_1/bd/mpsoc_preset/ip/mpsoc_preset_xbar_0/mpsoc_preset_xbar_0/mpsoc_preset_xbar_0_in_context.xdc] for cell 'mpsoc_preset_i/ps8_0_axi_periph/xbar'
Finished Parsing XDC File [d:/dp/zcu106/tpg_dp_live/vivado/tpg_dp_live/tpg_dp_live.gen/sources_1/bd/mpsoc_preset/ip/mpsoc_preset_xbar_0/mpsoc_preset_xbar_0/mpsoc_preset_xbar_0_in_context.xdc] for cell 'mpsoc_preset_i/ps8_0_axi_periph/xbar'
Parsing XDC File [d:/dp/zcu106/tpg_dp_live/vivado/tpg_dp_live/tpg_dp_live.gen/sources_1/bd/mpsoc_preset/ip/mpsoc_preset_auto_ds_0/mpsoc_preset_auto_ds_0/mpsoc_preset_auto_ds_0_in_context.xdc] for cell 'mpsoc_preset_i/ps8_0_axi_periph/s00_couplers/auto_ds'
Finished Parsing XDC File [d:/dp/zcu106/tpg_dp_live/vivado/tpg_dp_live/tpg_dp_live.gen/sources_1/bd/mpsoc_preset/ip/mpsoc_preset_auto_ds_0/mpsoc_preset_auto_ds_0/mpsoc_preset_auto_ds_0_in_context.xdc] for cell 'mpsoc_preset_i/ps8_0_axi_periph/s00_couplers/auto_ds'
Parsing XDC File [d:/dp/zcu106/tpg_dp_live/vivado/tpg_dp_live/tpg_dp_live.gen/sources_1/bd/mpsoc_preset/ip/mpsoc_preset_auto_pc_0/mpsoc_preset_auto_pc_0/mpsoc_preset_auto_pc_0_in_context.xdc] for cell 'mpsoc_preset_i/ps8_0_axi_periph/s00_couplers/auto_pc'
Finished Parsing XDC File [d:/dp/zcu106/tpg_dp_live/vivado/tpg_dp_live/tpg_dp_live.gen/sources_1/bd/mpsoc_preset/ip/mpsoc_preset_auto_pc_0/mpsoc_preset_auto_pc_0/mpsoc_preset_auto_pc_0_in_context.xdc] for cell 'mpsoc_preset_i/ps8_0_axi_periph/s00_couplers/auto_pc'
Parsing XDC File [d:/dp/zcu106/tpg_dp_live/vivado/tpg_dp_live/tpg_dp_live.gen/sources_1/bd/mpsoc_preset/ip/mpsoc_preset_auto_ds_1/mpsoc_preset_auto_ds_1/mpsoc_preset_auto_ds_0_in_context.xdc] for cell 'mpsoc_preset_i/ps8_0_axi_periph/s01_couplers/auto_ds'
Finished Parsing XDC File [d:/dp/zcu106/tpg_dp_live/vivado/tpg_dp_live/tpg_dp_live.gen/sources_1/bd/mpsoc_preset/ip/mpsoc_preset_auto_ds_1/mpsoc_preset_auto_ds_1/mpsoc_preset_auto_ds_0_in_context.xdc] for cell 'mpsoc_preset_i/ps8_0_axi_periph/s01_couplers/auto_ds'
Parsing XDC File [d:/dp/zcu106/tpg_dp_live/vivado/tpg_dp_live/tpg_dp_live.gen/sources_1/bd/mpsoc_preset/ip/mpsoc_preset_auto_pc_1/mpsoc_preset_auto_pc_1/mpsoc_preset_auto_pc_0_in_context.xdc] for cell 'mpsoc_preset_i/ps8_0_axi_periph/s01_couplers/auto_pc'
Finished Parsing XDC File [d:/dp/zcu106/tpg_dp_live/vivado/tpg_dp_live/tpg_dp_live.gen/sources_1/bd/mpsoc_preset/ip/mpsoc_preset_auto_pc_1/mpsoc_preset_auto_pc_1/mpsoc_preset_auto_pc_0_in_context.xdc] for cell 'mpsoc_preset_i/ps8_0_axi_periph/s01_couplers/auto_pc'
Parsing XDC File [d:/dp/zcu106/tpg_dp_live/vivado/tpg_dp_live/tpg_dp_live.gen/sources_1/bd/mpsoc_preset/ip/mpsoc_preset_rst_ps8_0_187M_0/mpsoc_preset_rst_ps8_0_187M_0/mpsoc_preset_rst_ps8_0_187M_0_in_context.xdc] for cell 'mpsoc_preset_i/rst_ps8_0_187M'
Finished Parsing XDC File [d:/dp/zcu106/tpg_dp_live/vivado/tpg_dp_live/tpg_dp_live.gen/sources_1/bd/mpsoc_preset/ip/mpsoc_preset_rst_ps8_0_187M_0/mpsoc_preset_rst_ps8_0_187M_0/mpsoc_preset_rst_ps8_0_187M_0_in_context.xdc] for cell 'mpsoc_preset_i/rst_ps8_0_187M'
Parsing XDC File [d:/dp/zcu106/tpg_dp_live/vivado/tpg_dp_live/tpg_dp_live.gen/sources_1/bd/mpsoc_preset/ip/mpsoc_preset_system_ila_0_0/mpsoc_preset_system_ila_0_0/mpsoc_preset_system_ila_0_0_in_context.xdc] for cell 'mpsoc_preset_i/system_ila_0'
Finished Parsing XDC File [d:/dp/zcu106/tpg_dp_live/vivado/tpg_dp_live/tpg_dp_live.gen/sources_1/bd/mpsoc_preset/ip/mpsoc_preset_system_ila_0_0/mpsoc_preset_system_ila_0_0/mpsoc_preset_system_ila_0_0_in_context.xdc] for cell 'mpsoc_preset_i/system_ila_0'
Parsing XDC File [d:/dp/zcu106/tpg_dp_live/vivado/tpg_dp_live/tpg_dp_live.gen/sources_1/bd/mpsoc_preset/ip/mpsoc_preset_system_ila_1_0/mpsoc_preset_system_ila_1_0/mpsoc_preset_system_ila_1_0_in_context.xdc] for cell 'mpsoc_preset_i/system_ila_1'
Finished Parsing XDC File [d:/dp/zcu106/tpg_dp_live/vivado/tpg_dp_live/tpg_dp_live.gen/sources_1/bd/mpsoc_preset/ip/mpsoc_preset_system_ila_1_0/mpsoc_preset_system_ila_1_0/mpsoc_preset_system_ila_1_0_in_context.xdc] for cell 'mpsoc_preset_i/system_ila_1'
Parsing XDC File [d:/dp/zcu106/tpg_dp_live/vivado/tpg_dp_live/tpg_dp_live.gen/sources_1/bd/mpsoc_preset/ip/mpsoc_preset_v_proc_ss_0_0/mpsoc_preset_v_proc_ss_0_0/mpsoc_preset_v_proc_ss_0_0_in_context.xdc] for cell 'mpsoc_preset_i/v_proc_ss_0'
Finished Parsing XDC File [d:/dp/zcu106/tpg_dp_live/vivado/tpg_dp_live/tpg_dp_live.gen/sources_1/bd/mpsoc_preset/ip/mpsoc_preset_v_proc_ss_0_0/mpsoc_preset_v_proc_ss_0_0/mpsoc_preset_v_proc_ss_0_0_in_context.xdc] for cell 'mpsoc_preset_i/v_proc_ss_0'
Parsing XDC File [D:/dp/zcu106/tpg_dp_live/vivado/tpg_dp_live/tpg_dp_live.runs/synth_1/dont_touch.xdc]
Finished Parsing XDC File [D:/dp/zcu106/tpg_dp_live/vivado/tpg_dp_live/tpg_dp_live.runs/synth_1/dont_touch.xdc]
Completed Processing XDC Constraints

Netlist sorting complete. Time (s): cpu = 00:00:00 ; elapsed = 00:00:00 . Memory (MB): peak = 3228.988 ; gain = 0.000
INFO: [Project 1-111] Unisim Transformation Summary:
No Unisim elements were transformed.

Constraint Validation Runtime : Time (s): cpu = 00:00:00 ; elapsed = 00:00:00.006 . Memory (MB): peak = 3228.988 ; gain = 0.000
INFO: [Designutils 20-5440] No compile time benefit to using incremental synthesis; A full resynthesis will be run
INFO: [Designutils 20-4379] Flow is switching to default flow due to incremental criteria not met. If you would like to alter this behaviour and have the flow terminate instead, please set the following parameter config_implementation {autoIncr.Synth.RejectBehavior Terminate}
---------------------------------------------------------------------------------
Finished Constraint Validation : Time (s): cpu = 00:00:02 ; elapsed = 00:00:12 . Memory (MB): peak = 3228.988 ; gain = 500.113
---------------------------------------------------------------------------------
---------------------------------------------------------------------------------
Start Loading Part and Timing Information
---------------------------------------------------------------------------------
Loading part: xczu7ev-ffvc1156-2-e
INFO: [Synth 8-6742] Reading net delay rules and data
---------------------------------------------------------------------------------
Finished Loading Part and Timing Information : Time (s): cpu = 00:00:02 ; elapsed = 00:00:12 . Memory (MB): peak = 3228.988 ; gain = 500.113
---------------------------------------------------------------------------------
---------------------------------------------------------------------------------
Start Applying 'set_property' XDC Constraints
---------------------------------------------------------------------------------
Applied set_property KEEP_HIERARCHY = SOFT for mpsoc_preset_i. (constraint file  auto generated constraint).
Applied set_property KEEP_HIERARCHY = SOFT for mpsoc_preset_i/zynq_ultra_ps_e_0. (constraint file  auto generated constraint).
Applied set_property KEEP_HIERARCHY = SOFT for mpsoc_preset_i/v_tpg_0. (constraint file  auto generated constraint).
Applied set_property KEEP_HIERARCHY = SOFT for mpsoc_preset_i/v_tc_0. (constraint file  auto generated constraint).
Applied set_property KEEP_HIERARCHY = SOFT for mpsoc_preset_i/v_axi4s_vid_out_0. (constraint file  auto generated constraint).
Applied set_property KEEP_HIERARCHY = SOFT for mpsoc_preset_i/clk_wiz_0. (constraint file  auto generated constraint).
Applied set_property KEEP_HIERARCHY = SOFT for mpsoc_preset_i/ps8_0_axi_periph/xbar. (constraint file  auto generated constraint).
Applied set_property KEEP_HIERARCHY = SOFT for mpsoc_preset_i/ps8_0_axi_periph/s00_couplers/auto_ds. (constraint file  auto generated constraint).
Applied set_property KEEP_HIERARCHY = SOFT for mpsoc_preset_i/ps8_0_axi_periph/s00_couplers/auto_pc. (constraint file  auto generated constraint).
Applied set_property KEEP_HIERARCHY = SOFT for mpsoc_preset_i/ps8_0_axi_periph/s01_couplers/auto_ds. (constraint file  auto generated constraint).
Applied set_property KEEP_HIERARCHY = SOFT for mpsoc_preset_i/ps8_0_axi_periph/s01_couplers/auto_pc. (constraint file  auto generated constraint).
Applied set_property KEEP_HIERARCHY = SOFT for mpsoc_preset_i/ps8_0_axi_periph. (constraint file  auto generated constraint).
Applied set_property KEEP_HIERARCHY = SOFT for mpsoc_preset_i/rst_ps8_0_187M. (constraint file  auto generated constraint).
Applied set_property KEEP_HIERARCHY = SOFT for mpsoc_preset_i/system_ila_0. (constraint file  auto generated constraint).
Applied set_property KEEP_HIERARCHY = SOFT for mpsoc_preset_i/system_ila_1. (constraint file  auto generated constraint).
Applied set_property KEEP_HIERARCHY = SOFT for mpsoc_preset_i/Const_GND. (constraint file  auto generated constraint).
Applied set_property KEEP_HIERARCHY = SOFT for mpsoc_preset_i/Const_VCC. (constraint file  auto generated constraint).
Applied set_property KEEP_HIERARCHY = SOFT for mpsoc_preset_i/v_proc_ss_0. (constraint file  auto generated constraint).
---------------------------------------------------------------------------------
Finished applying 'set_property' XDC Constraints : Time (s): cpu = 00:00:02 ; elapsed = 00:00:13 . Memory (MB): peak = 3228.988 ; gain = 500.113
---------------------------------------------------------------------------------
---------------------------------------------------------------------------------
Finished RTL Optimization Phase 2 : Time (s): cpu = 00:00:02 ; elapsed = 00:00:13 . Memory (MB): peak = 3228.988 ; gain = 500.113
---------------------------------------------------------------------------------
---------------------------------------------------------------------------------
Start RTL Component Statistics 
---------------------------------------------------------------------------------
Detailed RTL Component Info : 
---------------------------------------------------------------------------------
Finished RTL Component Statistics 
---------------------------------------------------------------------------------
---------------------------------------------------------------------------------
Start Part Resource Summary
---------------------------------------------------------------------------------
Part Resources:
DSPs: 1728 (col length:144)
BRAMs: 624 (col length: RAMB18 144 RAMB36 72)
---------------------------------------------------------------------------------
Finished Part Resource Summary
---------------------------------------------------------------------------------
---------------------------------------------------------------------------------
Start Cross Boundary and Area Optimization
---------------------------------------------------------------------------------
WARNING: [Synth 8-7080] Parallel synthesis criteria is not met
WARNING: [Synth 8-7129] Port M00_ACLK in module mpsoc_preset_ps8_0_axi_periph_0 is either unconnected or has no load
WARNING: [Synth 8-7129] Port M00_ARESETN in module mpsoc_preset_ps8_0_axi_periph_0 is either unconnected or has no load
WARNING: [Synth 8-7129] Port M01_ACLK in module mpsoc_preset_ps8_0_axi_periph_0 is either unconnected or has no load
WARNING: [Synth 8-7129] Port M01_ARESETN in module mpsoc_preset_ps8_0_axi_periph_0 is either unconnected or has no load
WARNING: [Synth 8-7129] Port S00_ACLK in module mpsoc_preset_ps8_0_axi_periph_0 is either unconnected or has no load
WARNING: [Synth 8-7129] Port S00_ARESETN in module mpsoc_preset_ps8_0_axi_periph_0 is either unconnected or has no load
WARNING: [Synth 8-7129] Port S01_ACLK in module mpsoc_preset_ps8_0_axi_periph_0 is either unconnected or has no load
WARNING: [Synth 8-7129] Port S01_ARESETN in module mpsoc_preset_ps8_0_axi_periph_0 is either unconnected or has no load
---------------------------------------------------------------------------------
Finished Cross Boundary and Area Optimization : Time (s): cpu = 00:00:02 ; elapsed = 00:00:14 . Memory (MB): peak = 3228.988 ; gain = 500.113
---------------------------------------------------------------------------------
---------------------------------------------------------------------------------
Start Applying XDC Timing Constraints
---------------------------------------------------------------------------------
---------------------------------------------------------------------------------
Finished Applying XDC Timing Constraints : Time (s): cpu = 00:00:04 ; elapsed = 00:00:23 . Memory (MB): peak = 3735.258 ; gain = 1006.383
---------------------------------------------------------------------------------
---------------------------------------------------------------------------------
Start Timing Optimization
---------------------------------------------------------------------------------
---------------------------------------------------------------------------------
Finished Timing Optimization : Time (s): cpu = 00:00:04 ; elapsed = 00:00:23 . Memory (MB): peak = 3735.258 ; gain = 1006.383
---------------------------------------------------------------------------------
---------------------------------------------------------------------------------
Start Technology Mapping
---------------------------------------------------------------------------------
---------------------------------------------------------------------------------
Finished Technology Mapping : Time (s): cpu = 00:00:04 ; elapsed = 00:00:23 . Memory (MB): peak = 3746.191 ; gain = 1017.316
---------------------------------------------------------------------------------
---------------------------------------------------------------------------------
Start IO Insertion
---------------------------------------------------------------------------------
---------------------------------------------------------------------------------
Start Flattening Before IO Insertion
---------------------------------------------------------------------------------
---------------------------------------------------------------------------------
Finished Flattening Before IO Insertion
---------------------------------------------------------------------------------
---------------------------------------------------------------------------------
Start Final Netlist Cleanup
---------------------------------------------------------------------------------
---------------------------------------------------------------------------------
Finished Final Netlist Cleanup
---------------------------------------------------------------------------------
---------------------------------------------------------------------------------
Finished IO Insertion : Time (s): cpu = 00:00:05 ; elapsed = 00:00:26 . Memory (MB): peak = 3759.930 ; gain = 1031.055
---------------------------------------------------------------------------------
---------------------------------------------------------------------------------
Start Renaming Generated Instances
---------------------------------------------------------------------------------
---------------------------------------------------------------------------------
Finished Renaming Generated Instances : Time (s): cpu = 00:00:05 ; elapsed = 00:00:26 . Memory (MB): peak = 3759.930 ; gain = 1031.055
---------------------------------------------------------------------------------
---------------------------------------------------------------------------------
Start Rebuilding User Hierarchy
---------------------------------------------------------------------------------
---------------------------------------------------------------------------------
Finished Rebuilding User Hierarchy : Time (s): cpu = 00:00:05 ; elapsed = 00:00:26 . Memory (MB): peak = 3759.930 ; gain = 1031.055
---------------------------------------------------------------------------------
---------------------------------------------------------------------------------
Start Renaming Generated Ports
---------------------------------------------------------------------------------
---------------------------------------------------------------------------------
Finished Renaming Generated Ports : Time (s): cpu = 00:00:05 ; elapsed = 00:00:26 . Memory (MB): peak = 3759.930 ; gain = 1031.055
---------------------------------------------------------------------------------
---------------------------------------------------------------------------------
Start Handling Custom Attributes
---------------------------------------------------------------------------------
---------------------------------------------------------------------------------
Finished Handling Custom Attributes : Time (s): cpu = 00:00:05 ; elapsed = 00:00:26 . Memory (MB): peak = 3759.930 ; gain = 1031.055
---------------------------------------------------------------------------------
---------------------------------------------------------------------------------
Start Renaming Generated Nets
---------------------------------------------------------------------------------
---------------------------------------------------------------------------------
Finished Renaming Generated Nets : Time (s): cpu = 00:00:05 ; elapsed = 00:00:26 . Memory (MB): peak = 3759.930 ; gain = 1031.055
---------------------------------------------------------------------------------
---------------------------------------------------------------------------------
Start Writing Synthesis Report
---------------------------------------------------------------------------------

Report BlackBoxes: 
+------+---------------------------------+----------+
|      |BlackBox name                    |Instances |
+------+---------------------------------+----------+
|1     |mpsoc_preset_xbar_0              |         1|
|2     |mpsoc_preset_auto_ds_0           |         1|
|3     |mpsoc_preset_auto_pc_0           |         1|
|4     |mpsoc_preset_auto_ds_1           |         1|
|5     |mpsoc_preset_auto_pc_1           |         1|
|6     |mpsoc_preset_clk_wiz_0_0         |         1|
|7     |mpsoc_preset_rst_ps8_0_187M_0    |         1|
|8     |mpsoc_preset_system_ila_0_0      |         1|
|9     |mpsoc_preset_system_ila_1_0      |         1|
|10    |mpsoc_preset_v_axi4s_vid_out_0_0 |         1|
|11    |mpsoc_preset_v_proc_ss_0_0       |         1|
|12    |mpsoc_preset_v_tc_0_0            |         1|
|13    |mpsoc_preset_v_tpg_0_0           |         1|
|14    |mpsoc_preset_zynq_ultra_ps_e_0_0 |         1|
+------+---------------------------------+----------+

Report Cell Usage: 
+------+-------------------------------+------+
|      |Cell                           |Count |
+------+-------------------------------+------+
|1     |mpsoc_preset_auto_ds           |     2|
|3     |mpsoc_preset_auto_pc           |     2|
|5     |mpsoc_preset_clk_wiz_0         |     1|
|6     |mpsoc_preset_rst_ps8_0_187M    |     1|
|7     |mpsoc_preset_system_ila_0      |     1|
|8     |mpsoc_preset_system_ila_1      |     1|
|9     |mpsoc_preset_v_axi4s_vid_out_0 |     1|
|10    |mpsoc_preset_v_proc_ss_0       |     1|
|11    |mpsoc_preset_v_tc_0            |     1|
|12    |mpsoc_preset_v_tpg_0           |     1|
|13    |mpsoc_preset_xbar              |     1|
|14    |mpsoc_preset_zynq_ultra_ps_e_0 |     1|
+------+-------------------------------+------+
---------------------------------------------------------------------------------
Finished Writing Synthesis Report : Time (s): cpu = 00:00:05 ; elapsed = 00:00:26 . Memory (MB): peak = 3759.930 ; gain = 1031.055
---------------------------------------------------------------------------------
Synthesis finished with 0 errors, 0 critical warnings and 9 warnings.
Synthesis Optimization Runtime : Time (s): cpu = 00:00:03 ; elapsed = 00:00:22 . Memory (MB): peak = 3759.930 ; gain = 998.395
Synthesis Optimization Complete : Time (s): cpu = 00:00:05 ; elapsed = 00:00:26 . Memory (MB): peak = 3759.930 ; gain = 1031.055
INFO: [Project 1-571] Translating synthesized netlist
Netlist sorting complete. Time (s): cpu = 00:00:00 ; elapsed = 00:00:00.023 . Memory (MB): peak = 3759.930 ; gain = 0.000
INFO: [Project 1-570] Preparing netlist for logic optimization
INFO: [Opt 31-138] Pushed 0 inverter(s) to 0 load pin(s).
Netlist sorting complete. Time (s): cpu = 00:00:00 ; elapsed = 00:00:00 . Memory (MB): peak = 3814.117 ; gain = 0.000
INFO: [Project 1-111] Unisim Transformation Summary:
No Unisim elements were transformed.

Synth Design complete | Checksum: 28653306
INFO: [Common 17-83] Releasing license: Synthesis
75 Infos, 64 Warnings, 0 Critical Warnings and 0 Errors encountered.
synth_design completed successfully
synth_design: Time (s): cpu = 00:00:06 ; elapsed = 00:00:32 . Memory (MB): peak = 3819.125 ; gain = 2218.254
INFO: [Common 17-1381] The checkpoint 'D:/dp/zcu106/tpg_dp_live/vivado/tpg_dp_live/tpg_dp_live.runs/synth_1/mpsoc_preset_wrapper.dcp' has been generated.
INFO: [runtcl-4] Executing : report_utilization -file mpsoc_preset_wrapper_utilization_synth.rpt -pb mpsoc_preset_wrapper_utilization_synth.pb
INFO: [Common 17-206] Exiting Vivado at Fri Nov 15 11:06:12 2024...
