

================================================================
== Vitis HLS Report for 'tpgBackground_Pipeline_VITIS_LOOP_520_2'
================================================================
* Date:           Thu Nov 14 14:29:58 2024

* Version:        2023.1 (Build 3854077 on May  4 2023)
* Project:        prj
* Solution:       sol (Vivado IP Flow Target)
* Product family: zynquplus
* Target device:  xczu7ev-ffvc1156-2-e


================================================================
== Performance Estimates
================================================================
+ Timing: 
    * Summary: 
    +--------+---------+----------+------------+
    |  Clock |  Target | Estimated| Uncertainty|
    +--------+---------+----------+------------+
    |ap_clk  |  5.33 ns|  3.555 ns|     1.44 ns|
    +--------+---------+----------+------------+

+ Latency: 
    * Summary: 
    +---------+---------+-----------+----------+-----+-------+---------+
    |  Latency (cycles) |  Latency (absolute)  |   Interval  | Pipeline|
    |   min   |   max   |    min    |    max   | min |  max  |   Type  |
    +---------+---------+-----------+----------+-----+-------+---------+
    |        2|    65557|  10.668 ns|  0.350 ms|    2|  65557|       no|
    +---------+---------+-----------+----------+-----+-------+---------+

    + Detail: 
        * Instance: 
        +------------------------------+------------------+---------+---------+----------+----------+-----+-----+---------+
        |                              |                  |  Latency (cycles) |  Latency (absolute) |  Interval | Pipeline|
        |           Instance           |      Module      |   min   |   max   |    min   |    max   | min | max |   Type  |
        +------------------------------+------------------+---------+---------+----------+----------+-----+-----+---------+
        |grp_reg_ap_uint_10_s_fu_1709  |reg_ap_uint_10_s  |        1|        1|  5.334 ns|  5.334 ns|    1|    1|      yes|
        |grp_reg_int_s_fu_2293         |reg_int_s         |        1|        1|  5.334 ns|  5.334 ns|    1|    1|      yes|
        +------------------------------+------------------+---------+---------+----------+----------+-----+-----+---------+

        * Loop: 
        +--------------------+---------+---------+----------+-----------+-----------+-----------+----------+
        |                    |  Latency (cycles) | Iteration|  Initiation Interval  |    Trip   |          |
        |      Loop Name     |   min   |   max   |  Latency |  achieved |   target  |   Count   | Pipelined|
        +--------------------+---------+---------+----------+-----------+-----------+-----------+----------+
        |- VITIS_LOOP_520_2  |        0|    65555|        22|          1|          1|  0 ~ 65535|       yes|
        +--------------------+---------+---------+----------+-----------+-----------+-----------+----------+



================================================================
== Utilization Estimates
================================================================
* Summary: 
+-----------------+---------+------+--------+--------+-----+
|       Name      | BRAM_18K|  DSP |   FF   |   LUT  | URAM|
+-----------------+---------+------+--------+--------+-----+
|DSP              |        -|     7|       -|       -|    -|
|Expression       |        -|     -|       0|    2148|    -|
|FIFO             |        -|     -|       -|       -|    -|
|Instance         |        -|     6|    1074|     867|    -|
|Memory           |       13|     -|     166|      30|    -|
|Multiplexer      |        -|     -|       -|    1175|    -|
|Register         |        -|     -|    2688|     864|    -|
+-----------------+---------+------+--------+--------+-----+
|Total            |       13|    13|    3928|    5084|    0|
+-----------------+---------+------+--------+--------+-----+
|Available        |      624|  1728|  460800|  230400|   96|
+-----------------+---------+------+--------+--------+-----+
|Utilization (%)  |        2|    ~0|      ~0|       2|    0|
+-----------------+---------+------+--------+--------+-----+

+ Detail: 
    * Instance: 
    +------------------------------+----------------------+---------+----+-----+-----+-----+
    |           Instance           |        Module        | BRAM_18K| DSP|  FF | LUT | URAM|
    +------------------------------+----------------------+---------+----+-----+-----+-----+
    |mul_11ns_13ns_23_1_1_U7       |mul_11ns_13ns_23_1_1  |        0|   1|    0|    5|    0|
    |mul_11ns_13ns_23_1_1_U8       |mul_11ns_13ns_23_1_1  |        0|   1|    0|    5|    0|
    |mul_11ns_13ns_23_1_1_U10      |mul_11ns_13ns_23_1_1  |        0|   1|    0|    5|    0|
    |mul_16ns_6ns_21_1_1_U14       |mul_16ns_6ns_21_1_1   |        0|   1|    0|    5|    0|
    |mul_16ns_8s_24_1_1_U13        |mul_16ns_8s_24_1_1    |        0|   1|    0|    5|    0|
    |mul_20s_9ns_28_1_1_U15        |mul_20s_9ns_28_1_1    |        0|   1|    0|   11|    0|
    |mux_3_2_8_1_1_U16             |mux_3_2_8_1_1         |        0|   0|    0|   14|    0|
    |mux_5_3_9_1_1_U9              |mux_5_3_9_1_1         |        0|   0|    0|   26|    0|
    |mux_5_3_9_1_1_U11             |mux_5_3_9_1_1         |        0|   0|    0|   26|    0|
    |mux_5_3_9_1_1_U12             |mux_5_3_9_1_1         |        0|   0|    0|   26|    0|
    |grp_reg_ap_uint_10_s_fu_1709  |reg_ap_uint_10_s      |        0|   0|   21|   14|    0|
    |grp_reg_int_s_fu_2293         |reg_int_s             |        0|   0|   33|   14|    0|
    |urem_11ns_4ns_3_15_1_U4       |urem_11ns_4ns_3_15_1  |        0|   0|  340|  237|    0|
    |urem_11ns_4ns_3_15_1_U5       |urem_11ns_4ns_3_15_1  |        0|   0|  340|  237|    0|
    |urem_11ns_4ns_3_15_1_U6       |urem_11ns_4ns_3_15_1  |        0|   0|  340|  237|    0|
    +------------------------------+----------------------+---------+----+-----+-----+-----+
    |Total                         |                      |        0|   6| 1074|  867|    0|
    +------------------------------+----------------------+---------+----+-----+-----+-----+

    * DSP: 
    +-------------------------------------+---------------------------------+----------------+
    |               Instance              |              Module             |   Expression   |
    +-------------------------------------+---------------------------------+----------------+
    |am_addmul_16ns_1s_16ns_17_4_1_U17    |am_addmul_16ns_1s_16ns_17_4_1    |  (i0 + i1) * i0|
    |mac_muladd_16ns_6s_24s_24_4_1_U21    |mac_muladd_16ns_6s_24s_24_4_1    |    i0 + i1 * i2|
    |mac_muladd_16ns_7ns_13ns_23_4_1_U19  |mac_muladd_16ns_7ns_13ns_23_4_1  |    i0 * i1 + i2|
    |mac_muladd_16ns_7s_16ns_23_4_1_U20   |mac_muladd_16ns_7s_16ns_23_4_1   |    i0 * i1 + i2|
    |mac_muladd_16ns_8ns_23ns_24_4_1_U22  |mac_muladd_16ns_8ns_23ns_24_4_1  |    i0 * i1 + i2|
    |mac_muladd_16ns_8s_23s_24_4_1_U23    |mac_muladd_16ns_8s_23s_24_4_1    |    i0 * i1 + i2|
    |mac_muladd_16s_16s_16ns_16_4_1_U18   |mac_muladd_16s_16s_16ns_16_4_1   |    i0 + i1 * i2|
    +-------------------------------------+---------------------------------+----------------+

    * Memory: 
    +---------------------------+-----------------------------------------------------------------------------+---------+---+----+-----+------+-----+------+-------------+
    |           Memory          |                                    Module                                   | BRAM_18K| FF| LUT| URAM| Words| Bits| Banks| W*Bits*Banks|
    +---------------------------+-----------------------------------------------------------------------------+---------+---+----+-----+------+-----+------+-------------+
    |DPtpgBarArray_U            |tpgBackground_Pipeline_VITIS_LOOP_520_2_DPtpgBarArray_ROM_AUTO_1R            |        0|  3|   1|    0|    16|    3|     1|           48|
    |DPtpgBarSelRgb_CEA_b_U     |tpgBackground_Pipeline_VITIS_LOOP_520_2_DPtpgBarSelRgb_CEA_b_ROM_AUTO_1R     |        0|  6|   1|    0|     8|    6|     1|           48|
    |DPtpgBarSelRgb_CEA_g_U     |tpgBackground_Pipeline_VITIS_LOOP_520_2_DPtpgBarSelRgb_CEA_g_ROM_AUTO_1R     |        0|  6|   1|    0|     8|    6|     1|           48|
    |DPtpgBarSelRgb_CEA_r_U     |tpgBackground_Pipeline_VITIS_LOOP_520_2_DPtpgBarSelRgb_CEA_r_ROM_AUTO_1R     |        0|  6|   1|    0|     8|    6|     1|           48|
    |DPtpgBarSelYuv_601_u_U     |tpgBackground_Pipeline_VITIS_LOOP_520_2_DPtpgBarSelYuv_601_u_ROM_AUTO_1R     |        0|  8|   1|    0|     8|    8|     1|           64|
    |DPtpgBarSelYuv_601_v_U     |tpgBackground_Pipeline_VITIS_LOOP_520_2_DPtpgBarSelYuv_601_v_ROM_AUTO_1R     |        0|  8|   1|    0|     8|    8|     1|           64|
    |DPtpgBarSelYuv_601_y_U     |tpgBackground_Pipeline_VITIS_LOOP_520_2_DPtpgBarSelYuv_601_y_ROM_AUTO_1R     |        0|  8|   1|    0|     8|    8|     1|           64|
    |DPtpgBarSelYuv_709_u_U     |tpgBackground_Pipeline_VITIS_LOOP_520_2_DPtpgBarSelYuv_709_u_ROM_AUTO_1R     |        0|  8|   1|    0|     8|    8|     1|           64|
    |DPtpgBarSelYuv_709_v_U     |tpgBackground_Pipeline_VITIS_LOOP_520_2_DPtpgBarSelYuv_709_v_ROM_AUTO_1R     |        0|  8|   1|    0|     8|    8|     1|           64|
    |DPtpgBarSelYuv_709_y_U     |tpgBackground_Pipeline_VITIS_LOOP_520_2_DPtpgBarSelYuv_709_y_ROM_AUTO_1R     |        0|  8|   1|    0|     8|    8|     1|           64|
    |blkYuv_U                   |tpgBackground_Pipeline_VITIS_LOOP_520_2_blkYuv_ROM_AUTO_1R                   |        0|  8|   1|    0|     3|    8|     1|           24|
    |blkYuv_1_U                 |tpgBackground_Pipeline_VITIS_LOOP_520_2_blkYuv_ROM_AUTO_1R                   |        0|  8|   1|    0|     3|    8|     1|           24|
    |bluYuv_U                   |tpgBackground_Pipeline_VITIS_LOOP_520_2_bluYuv_ROM_AUTO_1R                   |        0|  8|   1|    0|     3|    8|     1|           24|
    |grnYuv_U                   |tpgBackground_Pipeline_VITIS_LOOP_520_2_grnYuv_ROM_AUTO_1R                   |        0|  8|   1|    0|     3|    8|     1|           24|
    |redYuv_U                   |tpgBackground_Pipeline_VITIS_LOOP_520_2_redYuv_ROM_AUTO_1R                   |        0|  8|   1|    0|     3|    8|     1|           24|
    |tpgBarSelRgb_b_U           |tpgBackground_Pipeline_VITIS_LOOP_520_2_tpgBarSelRgb_b_ROM_AUTO_1R           |        0|  2|   1|    0|     8|    2|     1|           16|
    |DPtpgBarSelRgb_VESA_b_U    |tpgBackground_Pipeline_VITIS_LOOP_520_2_tpgBarSelRgb_b_ROM_AUTO_1R           |        0|  2|   1|    0|     8|    2|     1|           16|
    |tpgBarSelRgb_g_U           |tpgBackground_Pipeline_VITIS_LOOP_520_2_tpgBarSelRgb_g_ROM_AUTO_1R           |        0|  2|   1|    0|     8|    2|     1|           16|
    |DPtpgBarSelRgb_VESA_g_U    |tpgBackground_Pipeline_VITIS_LOOP_520_2_tpgBarSelRgb_g_ROM_AUTO_1R           |        0|  2|   1|    0|     8|    2|     1|           16|
    |tpgBarSelRgb_r_U           |tpgBackground_Pipeline_VITIS_LOOP_520_2_tpgBarSelRgb_r_ROM_AUTO_1R           |        0|  2|   1|    0|     8|    2|     1|           16|
    |DPtpgBarSelRgb_VESA_r_U    |tpgBackground_Pipeline_VITIS_LOOP_520_2_tpgBarSelRgb_r_ROM_AUTO_1R           |        0|  2|   1|    0|     8|    2|     1|           16|
    |tpgBarSelYuv_u_U           |tpgBackground_Pipeline_VITIS_LOOP_520_2_tpgBarSelYuv_u_ROM_AUTO_1R           |        0|  8|   1|    0|     8|    8|     1|           64|
    |tpgBarSelYuv_v_U           |tpgBackground_Pipeline_VITIS_LOOP_520_2_tpgBarSelYuv_v_ROM_AUTO_1R           |        0|  8|   1|    0|     8|    8|     1|           64|
    |tpgBarSelYuv_y_U           |tpgBackground_Pipeline_VITIS_LOOP_520_2_tpgBarSelYuv_y_ROM_AUTO_1R           |        0|  8|   1|    0|     8|    8|     1|           64|
    |tpgCheckerBoardArray_U     |tpgBackground_Pipeline_VITIS_LOOP_520_2_tpgCheckerBoardArray_ROM_AUTO_1R     |        0|  2|   1|    0|    32|    2|     1|           64|
    |tpgSinTableArray_9bit_0_U  |tpgBackground_Pipeline_VITIS_LOOP_520_2_tpgSinTableArray_9bit_0_ROM_AUTO_1R  |        2|  0|   0|    0|   410|    8|     1|         3280|
    |tpgSinTableArray_9bit_1_U  |tpgBackground_Pipeline_VITIS_LOOP_520_2_tpgSinTableArray_9bit_1_ROM_AUTO_1R  |        2|  0|   0|    0|   410|    8|     1|         3280|
    |tpgSinTableArray_9bit_2_U  |tpgBackground_Pipeline_VITIS_LOOP_520_2_tpgSinTableArray_9bit_2_ROM_AUTO_1R  |        2|  0|   0|    0|   410|    9|     1|         3690|
    |tpgSinTableArray_9bit_3_U  |tpgBackground_Pipeline_VITIS_LOOP_520_2_tpgSinTableArray_9bit_3_ROM_AUTO_1R  |        2|  0|   0|    0|   410|    8|     1|         3280|
    |tpgSinTableArray_9bit_4_U  |tpgBackground_Pipeline_VITIS_LOOP_520_2_tpgSinTableArray_9bit_4_ROM_AUTO_1R  |        2|  0|   0|    0|   410|    8|     1|         3280|
    |tpgSinTableArray_U         |tpgBackground_Pipeline_VITIS_LOOP_520_2_tpgSinTableArray_ROM_AUTO_1R         |        3|  0|   0|    0|  2048|   20|     1|        40960|
    |tpgTartanBarArray_U        |tpgBackground_Pipeline_VITIS_LOOP_520_2_tpgTartanBarArray_ROM_AUTO_1R        |        0|  3|   3|    0|    64|    3|     1|          192|
    |whiYuv_U                   |tpgBackground_Pipeline_VITIS_LOOP_520_2_whiYuv_ROM_AUTO_1R                   |        0|  8|   1|    0|     3|    8|     1|           24|
    |whiYuv_1_U                 |tpgBackground_Pipeline_VITIS_LOOP_520_2_whiYuv_ROM_AUTO_1R                   |        0|  8|   1|    0|     3|    8|     1|           24|
    +---------------------------+-----------------------------------------------------------------------------+---------+---+----+-----+------+-----+------+-------------+
    |Total                      |                                                                             |       13|166|  30|    0|  4375|  227|    34|        59058|
    +---------------------------+-----------------------------------------------------------------------------+---------+---+----+-----+------+-----+------+-------------+

    * FIFO: 
    N/A

    * Expression: 
    +----------------------------------+----------+----+---+----+------------+------------+
    |           Variable Name          | Operation| DSP| FF| LUT| Bitwidth P0| Bitwidth P1|
    +----------------------------------+----------+----+---+----+------------+------------+
    |add_ln1039_fu_4715_p2             |         +|   0|  0|  15|           8|           1|
    |add_ln1056_fu_3491_p2             |         +|   0|  0|  15|           8|           1|
    |add_ln1205_fu_2200_p2             |         +|   0|  0|  19|          12|           1|
    |add_ln1207_fu_2211_p2             |         +|   0|  0|  18|          11|           1|
    |add_ln1212_fu_3208_p2             |         +|   0|  0|  10|           3|           1|
    |add_ln1236_1_fu_2555_p2           |         +|   0|  0|  16|           9|           8|
    |add_ln1236_fu_2549_p2             |         +|   0|  0|  17|          10|           8|
    |add_ln1240_1_fu_2713_p2           |         +|   0|  0|  16|           9|           8|
    |add_ln1240_fu_2707_p2             |         +|   0|  0|  17|          10|           8|
    |add_ln1244_1_fu_2629_p2           |         +|   0|  0|  16|           9|           8|
    |add_ln1244_fu_2623_p2             |         +|   0|  0|  17|          10|           8|
    |add_ln1257_2_fu_3298_p2           |         +|   0|  0|  32|          25|          25|
    |add_ln1257_3_fu_4181_p2           |         +|   0|  0|  23|          16|          16|
    |add_ln1258_2_fu_3322_p2           |         +|   0|  0|  32|          25|          25|
    |add_ln1259_2_fu_3125_p2           |         +|   0|  0|  32|          25|          25|
    |add_ln1259_fu_3112_p2             |         +|   0|  0|  31|          24|          16|
    |add_ln1296_fu_2307_p2             |         +|   0|  0|  23|          16|          16|
    |add_ln1298_fu_2319_p2             |         +|   0|  0|  23|          16|          16|
    |add_ln1314_fu_4448_p2             |         +|   0|  0|  15|           8|           8|
    |add_ln1343_fu_2148_p2             |         +|   0|  0|  17|          10|           1|
    |add_ln1348_fu_2953_p2             |         +|   0|  0|  10|           3|           1|
    |add_ln1362_fu_2180_p2             |         +|   0|  0|  17|          10|           1|
    |add_ln1367_fu_2989_p2             |         +|   0|  0|  10|           3|           1|
    |add_ln1404_fu_1721_p2             |         +|   0|  0|  24|          17|           2|
    |add_ln1416_fu_2042_p2             |         +|   0|  0|  17|          10|           1|
    |add_ln1435_fu_2112_p2             |         +|   0|  0|  17|          10|           1|
    |add_ln1488_fu_4108_p2             |         +|   0|  0|  15|           8|           8|
    |add_ln1500_fu_4130_p2             |         +|   0|  0|  15|           8|           1|
    |add_ln1525_fu_1974_p2             |         +|   0|  0|  17|          10|           1|
    |add_ln1530_fu_2880_p2             |         +|   0|  0|  15|           8|           1|
    |add_ln1543_fu_2006_p2             |         +|   0|  0|  17|          10|           1|
    |add_ln1548_fu_2912_p2             |         +|   0|  0|  10|           3|           1|
    |add_ln1619_fu_3766_p2             |         +|   0|  0|  23|          16|           1|
    |add_ln1708_fu_1938_p2             |         +|   0|  0|  13|           6|           1|
    |add_ln1725_fu_2854_p2             |         +|   0|  0|  13|           6|           1|
    |add_ln1729_fu_2816_p2             |         +|   0|  0|  17|          10|           7|
    |add_ln1730_fu_2832_p2             |         +|   0|  0|  10|           3|           1|
    |add_ln504_1_fu_1912_p2            |         +|   0|  0|  18|          11|          10|
    |add_ln504_fu_1631_p2              |         +|   0|  0|  18|          11|          11|
    |add_ln520_fu_1625_p2              |         +|   0|  0|  23|          16|           1|
    |add_ln528_fu_2358_p2              |         +|   0|  0|  23|          16|          16|
    |grp_fu_4804_p2                    |         +|   0|  0|  23|          16|          16|
    |sub40_i_fu_1745_p2                |         +|   0|  0|  24|          17|           2|
    |sub_ln1211_fu_2217_p2             |         -|   0|  0|  18|          11|          11|
    |sub_ln1311_1_fu_4426_p2           |         -|   0|  0|  15|           1|           8|
    |sub_ln1311_fu_3428_p2             |         -|   0|  0|  34|           1|          27|
    |sub_ln1366_fu_2169_p2             |         -|   0|  0|  17|          10|          10|
    |sub_ln1445_fu_2094_p2             |         -|   0|  0|  17|          10|          10|
    |sub_ln1547_fu_1995_p2             |         -|   0|  0|  17|          10|          10|
    |and_ln1292_fu_1805_p2             |       and|   0|  0|   2|           1|           1|
    |and_ln1341_fu_2137_p2             |       and|   0|  0|   2|           1|           1|
    |and_ln1404_fu_1733_p2             |       and|   0|  0|   2|           1|           1|
    |and_ln1409_fu_2037_p2             |       and|   0|  0|   2|           1|           1|
    |and_ln1523_fu_1963_p2             |       and|   0|  0|   2|           1|           1|
    |and_ln1616_fu_3742_p2             |       and|   0|  0|   2|           1|           1|
    |and_ln1706_fu_1927_p2             |       and|   0|  0|   2|           1|           1|
    |and_ln1756_fu_3528_p2             |       and|   0|  0|   2|           1|           1|
    |and_ln1817_fu_3963_p2             |       and|   0|  0|   2|           1|           1|
    |and_ln520_1_fu_4371_p2            |       and|   0|  0|   2|           1|           1|
    |and_ln520_2_fu_4056_p2            |       and|   0|  0|   2|           1|           1|
    |and_ln520_fu_4506_p2              |       and|   0|  0|   2|           1|           1|
    |ap_block_pp0_stage0_01001         |       and|   0|  0|   2|           1|           1|
    |ap_condition_1781                 |       and|   0|  0|   2|           1|           1|
    |ap_condition_1866                 |       and|   0|  0|   2|           1|           1|
    |ap_condition_1890                 |       and|   0|  0|   2|           1|           1|
    |ap_condition_1916                 |       and|   0|  0|   2|           1|           1|
    |ap_condition_1941                 |       and|   0|  0|   2|           1|           1|
    |ap_condition_1966                 |       and|   0|  0|   2|           1|           1|
    |ap_condition_1991                 |       and|   0|  0|   2|           1|           1|
    |ap_condition_2016                 |       and|   0|  0|   2|           1|           1|
    |ap_condition_4356                 |       and|   0|  0|   2|           1|           1|
    |ap_condition_4360                 |       and|   0|  0|   2|           1|           1|
    |ap_condition_4365                 |       and|   0|  0|   2|           1|           1|
    |ap_condition_4368                 |       and|   0|  0|   2|           1|           1|
    |ap_condition_4372                 |       and|   0|  0|   2|           1|           1|
    |ap_condition_4377                 |       and|   0|  0|   2|           1|           1|
    |ap_condition_4380                 |       and|   0|  0|   2|           1|           1|
    |ap_condition_4385                 |       and|   0|  0|   2|           1|           1|
    |ap_condition_4392                 |       and|   0|  0|   2|           1|           1|
    |ap_condition_4396                 |       and|   0|  0|   2|           1|           1|
    |ap_condition_4401                 |       and|   0|  0|   2|           1|           1|
    |ap_condition_4406                 |       and|   0|  0|   2|           1|           1|
    |ap_condition_4411                 |       and|   0|  0|   2|           1|           1|
    |ap_condition_4416                 |       and|   0|  0|   2|           1|           1|
    |ap_condition_4420                 |       and|   0|  0|   2|           1|           1|
    |ap_condition_4424                 |       and|   0|  0|   2|           1|           1|
    |ap_condition_4428                 |       and|   0|  0|   2|           1|           1|
    |ap_condition_4431                 |       and|   0|  0|   2|           1|           1|
    |ap_condition_4436                 |       and|   0|  0|   2|           1|           1|
    |ap_condition_4440                 |       and|   0|  0|   2|           1|           1|
    |ap_condition_4443                 |       and|   0|  0|   2|           1|           1|
    |ap_condition_4448                 |       and|   0|  0|   2|           1|           1|
    |ap_condition_4452                 |       and|   0|  0|   2|           1|           1|
    |ap_condition_4455                 |       and|   0|  0|   2|           1|           1|
    |ap_condition_4460                 |       and|   0|  0|   2|           1|           1|
    |ap_condition_4466                 |       and|   0|  0|   2|           1|           1|
    |ap_condition_4471                 |       and|   0|  0|   2|           1|           1|
    |ap_condition_4475                 |       and|   0|  0|   2|           1|           1|
    |ap_condition_4481                 |       and|   0|  0|   2|           1|           1|
    |ap_condition_4486                 |       and|   0|  0|   2|           1|           1|
    |ap_condition_4489                 |       and|   0|  0|   2|           1|           1|
    |ap_condition_4495                 |       and|   0|  0|   2|           1|           1|
    |ap_condition_4500                 |       and|   0|  0|   2|           1|           1|
    |ap_condition_4505                 |       and|   0|  0|   2|           1|           1|
    |ap_condition_4511                 |       and|   0|  0|   2|           1|           1|
    |ap_condition_4516                 |       and|   0|  0|   2|           1|           1|
    |ap_condition_4521                 |       and|   0|  0|   2|           1|           1|
    |ap_condition_4526                 |       and|   0|  0|   2|           1|           1|
    |ap_condition_4531                 |       and|   0|  0|   2|           1|           1|
    |ap_condition_4536                 |       and|   0|  0|   2|           1|           1|
    |ap_condition_4540                 |       and|   0|  0|   2|           1|           1|
    |ap_condition_4546                 |       and|   0|  0|   2|           1|           1|
    |ap_condition_4552                 |       and|   0|  0|   2|           1|           1|
    |ap_condition_587                  |       and|   0|  0|   2|           1|           1|
    |ap_condition_590                  |       and|   0|  0|   2|           1|           1|
    |ap_condition_597                  |       and|   0|  0|   2|           1|           1|
    |ap_condition_604                  |       and|   0|  0|   2|           1|           1|
    |ap_condition_611                  |       and|   0|  0|   2|           1|           1|
    |ap_condition_618                  |       and|   0|  0|   2|           1|           1|
    |ap_condition_625                  |       and|   0|  0|   2|           1|           1|
    |ap_predicate_op111_call_state1    |       and|   0|  0|   2|           1|           1|
    |ap_predicate_op278_call_state4    |       and|   0|  0|   2|           1|           1|
    |cmp126_i_fu_1661_p2               |      icmp|   0|  0|  15|           8|           1|
    |cmp141_i_fu_3523_p2               |      icmp|   0|  0|  15|           8|           1|
    |cmp59_i_fu_1655_p2                |      icmp|   0|  0|  15|           8|           1|
    |grp_fu_1508_p2                    |      icmp|   0|  0|  15|           8|           1|
    |grp_fu_1513_p2                    |      icmp|   0|  0|  15|           8|           1|
    |icmp_ln1027_fu_1619_p2            |      icmp|   0|  0|  23|          16|           1|
    |icmp_ln1050_fu_1901_p2            |      icmp|   0|  0|  23|          16|           1|
    |icmp_ln1205_fu_2206_p2            |      icmp|   0|  0|  19|          12|          12|
    |icmp_ln1236_fu_2570_p2            |      icmp|   0|  0|   9|           2|           1|
    |icmp_ln1240_fu_2728_p2            |      icmp|   0|  0|   9|           2|           1|
    |icmp_ln1244_fu_2644_p2            |      icmp|   0|  0|   9|           2|           1|
    |icmp_ln1260_fu_4185_p2            |      icmp|   0|  0|  16|           9|           1|
    |icmp_ln1261_1_fu_4214_p2          |      icmp|   0|  0|  24|          17|           1|
    |icmp_ln1261_fu_3358_p2            |      icmp|   0|  0|  16|           9|           1|
    |icmp_ln1262_1_fu_3370_p2          |      icmp|   0|  0|  24|          17|           1|
    |icmp_ln1262_fu_3151_p2            |      icmp|   0|  0|  16|           9|           1|
    |icmp_ln1285_fu_1799_p2            |      icmp|   0|  0|  23|          16|           1|
    |icmp_ln1336_fu_1775_p2            |      icmp|   0|  0|  23|          16|           1|
    |icmp_ln1341_fu_2132_p2            |      icmp|   0|  0|  18|          11|          11|
    |icmp_ln1360_fu_2164_p2            |      icmp|   0|  0|  17|          10|          10|
    |icmp_ln1404_1_fu_1727_p2          |      icmp|   0|  0|  24|          17|          17|
    |icmp_ln1404_fu_1715_p2            |      icmp|   0|  0|  23|          16|           1|
    |icmp_ln1409_fu_2032_p2            |      icmp|   0|  0|  18|          11|          11|
    |icmp_ln1428_fu_1751_p2            |      icmp|   0|  0|  24|          17|          17|
    |icmp_ln1433_fu_2082_p2            |      icmp|   0|  0|  17|          10|          10|
    |icmp_ln1438_fu_2088_p2            |      icmp|   0|  0|  17|          10|          10|
    |icmp_ln1518_fu_1679_p2            |      icmp|   0|  0|  23|          16|           1|
    |icmp_ln1523_fu_1958_p2            |      icmp|   0|  0|  18|          11|          11|
    |icmp_ln1541_fu_1990_p2            |      icmp|   0|  0|  17|          10|          10|
    |icmp_ln1584_fu_1667_p2            |      icmp|   0|  0|  15|           8|           1|
    |icmp_ln1592_1_fu_3690_p2          |      icmp|   0|  0|  10|           2|           3|
    |icmp_ln1592_2_fu_3709_p2          |      icmp|   0|  0|   9|           2|           1|
    |icmp_ln1592_fu_3685_p2            |      icmp|   0|  0|   9|           2|           1|
    |icmp_ln1701_fu_1643_p2            |      icmp|   0|  0|  23|          16|           1|
    |icmp_ln1706_fu_1921_p2            |      icmp|   0|  0|  13|           6|           2|
    |icmp_ln1723_fu_2806_p2            |      icmp|   0|  0|  17|          10|           6|
    |icmp_ln520_fu_1613_p2             |      icmp|   0|  0|  23|          16|          16|
    |or_ln1050_fu_1895_p2              |        or|   0|  0|  16|          16|          16|
    |or_ln1285_fu_1793_p2              |        or|   0|  0|  16|          16|          16|
    |or_ln1336_fu_1769_p2              |        or|   0|  0|  16|          16|          16|
    |or_ln1370_fu_3181_p2              |        or|   0|  0|   6|           6|           6|
    |or_ln1449_fu_2238_p2              |        or|   0|  0|   2|           1|           1|
    |or_ln1518_fu_1673_p2              |        or|   0|  0|  16|          16|          16|
    |or_ln1592_1_fu_3714_p2            |        or|   0|  0|   2|           1|           1|
    |or_ln1592_2_fu_3728_p2            |        or|   0|  0|   2|           1|           1|
    |or_ln1592_fu_3695_p2              |        or|   0|  0|   2|           1|           1|
    |or_ln1701_fu_1637_p2              |        or|   0|  0|  16|          16|          16|
    |or_ln1733_fu_3045_p2              |        or|   0|  0|   4|           4|           4|
    |or_ln520_1_fu_4377_p2             |        or|   0|  0|   2|           1|           1|
    |or_ln520_2_fu_4062_p2             |        or|   0|  0|   2|           1|           1|
    |or_ln520_fu_4512_p2               |        or|   0|  0|   2|           1|           1|
    |tBarSel_fu_3080_p2                |        or|   0|  0|   5|           5|           5|
    |b_1_fu_3380_p3                    |    select|   0|  0|   8|           1|           8|
    |b_2_fu_3388_p3                    |    select|   0|  0|   8|           1|           8|
    |b_fu_2650_p3                      |    select|   0|  0|   9|           1|           8|
    |conv2_i_i_i_cast_cast_fu_1557_p3  |    select|   0|  0|   2|           1|           2|
    |g_1_fu_4224_p3                    |    select|   0|  0|   8|           1|           8|
    |g_2_fu_4239_p3                    |    select|   0|  0|   8|           1|           8|
    |g_fu_2734_p3                      |    select|   0|  0|   9|           1|           8|
    |grp_fu_1501_p3                    |    select|   0|  0|   3|           1|           3|
    |phi_ln1215_fu_4483_p3             |    select|   0|  0|   8|           1|           8|
    |phi_ln1373_fu_4348_p3             |    select|   0|  0|   8|           1|           8|
    |phi_ln1554_fu_4033_p3             |    select|   0|  0|   8|           1|           8|
    |pix_13_fu_3559_p3                 |    select|   0|  0|   8|           1|           8|
    |pix_16_fu_3533_p3                 |    select|   0|  0|   8|           1|           8|
    |r_1_fu_4200_p3                    |    select|   0|  0|   8|           1|           2|
    |r_2_fu_4232_p3                    |    select|   0|  0|   8|           1|           8|
    |r_fu_2576_p3                      |    select|   0|  0|   9|           1|           8|
    |select_ln1027_fu_4702_p3          |    select|   0|  0|   8|           1|           8|
    |select_ln1034_fu_4708_p3          |    select|   0|  0|   9|           1|           8|
    |select_ln1062_fu_4669_p3          |    select|   0|  0|   9|           1|           8|
    |select_ln1077_fu_4638_p3          |    select|   0|  0|   9|           1|           8|
    |select_ln1217_fu_4494_p3          |    select|   0|  0|   8|           1|           8|
    |select_ln1261_fu_4208_p3          |    select|   0|  0|  16|           1|           8|
    |select_ln1262_fu_3364_p3          |    select|   0|  0|  16|           1|           8|
    |select_ln1311_fu_4440_p3          |    select|   0|  0|   8|           1|           8|
    |select_ln1316_fu_4454_p3          |    select|   0|  0|   9|           1|           8|
    |select_ln1377_fu_4359_p3          |    select|   0|  0|   8|           1|           8|
    |select_ln1487_fu_4116_p3          |    select|   0|  0|   8|           1|           8|
    |select_ln1495_fu_4123_p3          |    select|   0|  0|   9|           1|           8|
    |select_ln1558_fu_4044_p3          |    select|   0|  0|   8|           1|           8|
    |select_ln1584_fu_3674_p3          |    select|   0|  0|  16|           1|           1|
    |select_ln1817_fu_4003_p3          |    select|   0|  0|   8|           1|           8|
    |select_ln520_1_fu_4383_p3         |    select|   0|  0|   8|           1|           8|
    |select_ln520_2_fu_4068_p3         |    select|   0|  0|   8|           1|           8|
    |select_ln520_fu_4518_p3           |    select|   0|  0|   8|           1|           8|
    |select_ln673_fu_3645_p3           |    select|   0|  0|   2|           1|           2|
    |tmp_27_fu_3734_p3                 |    select|   0|  0|   8|           1|           1|
    |tmp_29_fu_3701_p3                 |    select|   0|  0|   8|           1|           1|
    |tmp_9_fu_3754_p2                  |    select|   0|  0|   8|           1|           1|
    |tmp_9_fu_3754_p4                  |    select|   0|  0|   3|           1|           3|
    |ap_enable_pp0                     |       xor|   0|  0|   2|           1|           2|
    |xor_ln1713_fu_2770_p2             |       xor|   0|  0|   2|           1|           2|
    |xor_ln1794_fu_3833_p2             |       xor|   0|  0|   2|           1|           1|
    |xor_ln1801_fu_3879_p2             |       xor|   0|  0|   2|           1|           1|
    |xor_ln1808_fu_3925_p2             |       xor|   0|  0|   2|           1|           1|
    |xor_ln520_1_fu_4366_p2            |       xor|   0|  0|   2|           1|           2|
    |xor_ln520_2_fu_4051_p2            |       xor|   0|  0|   2|           1|           2|
    |xor_ln520_fu_4501_p2              |       xor|   0|  0|   2|           1|           2|
    +----------------------------------+----------+----+---+----+------------+------------+
    |Total                             |          |   0|  0|2148|        1141|         977|
    +----------------------------------+----------+----+---+----+------------+------------+

    * Multiplexer: 
    +-------------------------------------------+-----+-----------+-----+-----------+
    |                    Name                   | LUT | Input Size| Bits| Total Bits|
    +-------------------------------------------+-----+-----------+-----+-----------+
    |ap_done_int                                |    9|          2|    1|          2|
    |ap_enable_reg_pp0_iter1                    |    9|          2|    1|          2|
    |ap_phi_reg_pp0_iter19_phi_ln1099_reg_1490  |    9|          2|    2|          4|
    |ap_phi_reg_pp0_iter19_phi_ln1120_reg_1479  |    9|          2|    2|          4|
    |ap_phi_reg_pp0_iter19_phi_ln1141_reg_1468  |    9|          2|    2|          4|
    |ap_phi_reg_pp0_iter19_phi_ln1162_reg_1457  |    9|          2|    2|          4|
    |ap_phi_reg_pp0_iter19_phi_ln1183_reg_1446  |    9|          2|    2|          4|
    |ap_phi_reg_pp0_iter19_phi_ln1459_reg_1435  |    9|          2|    2|          4|
    |ap_phi_reg_pp0_iter19_phi_ln1474_reg_1424  |    9|          2|    2|          4|
    |ap_phi_reg_pp0_iter1_hHatch_reg_1402       |    9|          2|    1|          2|
    |ap_phi_reg_pp0_iter1_phi_ln1099_reg_1490   |    9|          2|    2|          4|
    |ap_phi_reg_pp0_iter1_phi_ln1120_reg_1479   |    9|          2|    2|          4|
    |ap_phi_reg_pp0_iter1_phi_ln1141_reg_1468   |    9|          2|    2|          4|
    |ap_phi_reg_pp0_iter1_phi_ln1162_reg_1457   |    9|          2|    2|          4|
    |ap_phi_reg_pp0_iter1_phi_ln1183_reg_1446   |    9|          2|    2|          4|
    |ap_phi_reg_pp0_iter2_hHatch_reg_1402       |   14|          3|    1|          3|
    |ap_phi_reg_pp0_iter3_phi_ln1459_reg_1435   |    9|          2|    2|          4|
    |ap_phi_reg_pp0_iter3_phi_ln1474_reg_1424   |    9|          2|    2|          4|
    |ap_sig_allocacmp_x_4                       |    9|          2|   16|         32|
    |bckgndYUV_blk_n                            |    9|          2|    1|          2|
    |hBarSel_0                                  |   14|          3|    3|          9|
    |hBarSel_0_loc_1_out_o                      |   14|          3|    8|         24|
    |hBarSel_3_0                                |   14|          3|    3|          9|
    |hBarSel_3_0_loc_1_out_o                    |   14|          3|    8|         24|
    |hBarSel_4_0                                |   14|          3|    8|         24|
    |hBarSel_4_0_loc_1_out_o                    |   14|          3|    8|         24|
    |hBarSel_5_0                                |   14|          3|    3|          9|
    |hBarSel_5_0_loc_1_out_o                    |   14|          3|    8|         24|
    |hdata_flag_1_fu_498                        |    9|          2|    1|          2|
    |hdata_loc_1_out_o                          |    9|          2|   16|         32|
    |p_0_0_0_0_0456_out_o                       |  140|         28|    8|        224|
    |p_0_1_0_0_0458_out_o                       |  148|         32|    8|        256|
    |p_0_2_0_0_0460_out_o                       |  116|         23|    8|        184|
    |phi_mul_fu_486                             |    9|          2|   16|         32|
    |rampVal                                    |   14|          3|    8|         24|
    |rampVal_2_flag_1_fu_494                    |    9|          2|    1|          2|
    |rampVal_2_loc_1_out_o                      |    9|          2|   16|         32|
    |rampVal_3_flag_1_fu_502                    |    9|          2|    1|          2|
    |rampVal_3_loc_1_out_o                      |    9|          2|   16|         32|
    |rampVal_loc_1_out_o                        |   14|          3|   16|         48|
    |tpgBarSelRgb_b_address0                    |   20|          4|    3|         12|
    |tpgBarSelRgb_g_address0                    |   20|          4|    3|         12|
    |tpgBarSelRgb_r_address0                    |   20|          4|    3|         12|
    |tpgBarSelYuv_u_address0                    |   20|          4|    3|         12|
    |tpgBarSelYuv_v_address0                    |   20|          4|    3|         12|
    |tpgBarSelYuv_y_address0                    |   20|          4|    3|         12|
    |vBarSel                                    |   14|          3|    3|          9|
    |vBarSel_1                                  |   14|          3|    1|          3|
    |vBarSel_2                                  |   14|          3|    8|         24|
    |vBarSel_2_loc_1_out_o                      |   14|          3|    8|         24|
    |vBarSel_3_loc_1_out_o                      |   14|          3|    8|         24|
    |vBarSel_loc_1_out_o                        |   14|          3|    8|         24|
    |xBar_0                                     |   14|          3|   11|         33|
    |xCount_0                                   |   14|          3|   10|         30|
    |xCount_3_0                                 |   14|          3|   10|         30|
    |xCount_4_0                                 |   26|          5|   10|         50|
    |xCount_5_0                                 |   14|          3|   10|         30|
    |x_fu_490                                   |    9|          2|   16|         32|
    |yCount                                     |   14|          3|   10|         30|
    |yCount_1                                   |   14|          3|    6|         18|
    |yCount_2                                   |    9|          2|   10|         20|
    |yCount_3                                   |   14|          3|   10|         30|
    |zonePlateVAddr                             |   14|          3|   16|         48|
    |zonePlateVAddr_loc_1_out_o                 |   14|          3|   16|         48|
    |zonePlateVDelta                            |    9|          2|   16|         32|
    +-------------------------------------------+-----+-----------+-----+-----------+
    |Total                                      | 1175|        248|  418|       1727|
    +-------------------------------------------+-----+-----------+-----+-----------+

    * Register: 
    +-------------------------------------------+----+----+-----+-----------+
    |                    Name                   | FF | LUT| Bits| Const Bits|
    +-------------------------------------------+----+----+-----+-----------+
    |Zplate_Hor_Control_Delta_read_reg_4933     |  16|   0|   16|          0|
    |Zplate_Hor_Control_Start_read_reg_4972     |  16|   0|   16|          0|
    |Zplate_Ver_Control_Delta_read_reg_4928     |  16|   0|   16|          0|
    |add_ln504_1_reg_5106                       |  11|   0|   11|          0|
    |add_ln504_reg_5051                         |  11|   0|   11|          0|
    |and_ln1292_reg_5098                        |   1|   0|    1|          0|
    |and_ln1341_reg_5135                        |   1|   0|    1|          0|
    |and_ln1404_reg_5082                        |   1|   0|    1|          0|
    |and_ln1523_reg_5116                        |   1|   0|    1|          0|
    |and_ln1706_reg_5112                        |   1|   0|    1|          0|
    |ap_CS_fsm                                  |   1|   0|    1|          0|
    |ap_done_reg                                |   1|   0|    1|          0|
    |ap_enable_reg_pp0_iter1                    |   1|   0|    1|          0|
    |ap_enable_reg_pp0_iter10                   |   1|   0|    1|          0|
    |ap_enable_reg_pp0_iter11                   |   1|   0|    1|          0|
    |ap_enable_reg_pp0_iter12                   |   1|   0|    1|          0|
    |ap_enable_reg_pp0_iter13                   |   1|   0|    1|          0|
    |ap_enable_reg_pp0_iter14                   |   1|   0|    1|          0|
    |ap_enable_reg_pp0_iter15                   |   1|   0|    1|          0|
    |ap_enable_reg_pp0_iter16                   |   1|   0|    1|          0|
    |ap_enable_reg_pp0_iter17                   |   1|   0|    1|          0|
    |ap_enable_reg_pp0_iter18                   |   1|   0|    1|          0|
    |ap_enable_reg_pp0_iter19                   |   1|   0|    1|          0|
    |ap_enable_reg_pp0_iter2                    |   1|   0|    1|          0|
    |ap_enable_reg_pp0_iter20                   |   1|   0|    1|          0|
    |ap_enable_reg_pp0_iter21                   |   1|   0|    1|          0|
    |ap_enable_reg_pp0_iter3                    |   1|   0|    1|          0|
    |ap_enable_reg_pp0_iter4                    |   1|   0|    1|          0|
    |ap_enable_reg_pp0_iter5                    |   1|   0|    1|          0|
    |ap_enable_reg_pp0_iter6                    |   1|   0|    1|          0|
    |ap_enable_reg_pp0_iter7                    |   1|   0|    1|          0|
    |ap_enable_reg_pp0_iter8                    |   1|   0|    1|          0|
    |ap_enable_reg_pp0_iter9                    |   1|   0|    1|          0|
    |ap_loop_exit_ready_pp0_iter10_reg          |   1|   0|    1|          0|
    |ap_loop_exit_ready_pp0_iter11_reg          |   1|   0|    1|          0|
    |ap_loop_exit_ready_pp0_iter12_reg          |   1|   0|    1|          0|
    |ap_loop_exit_ready_pp0_iter13_reg          |   1|   0|    1|          0|
    |ap_loop_exit_ready_pp0_iter14_reg          |   1|   0|    1|          0|
    |ap_loop_exit_ready_pp0_iter15_reg          |   1|   0|    1|          0|
    |ap_loop_exit_ready_pp0_iter16_reg          |   1|   0|    1|          0|
    |ap_loop_exit_ready_pp0_iter17_reg          |   1|   0|    1|          0|
    |ap_loop_exit_ready_pp0_iter18_reg          |   1|   0|    1|          0|
    |ap_loop_exit_ready_pp0_iter19_reg          |   1|   0|    1|          0|
    |ap_loop_exit_ready_pp0_iter1_reg           |   1|   0|    1|          0|
    |ap_loop_exit_ready_pp0_iter20_reg          |   1|   0|    1|          0|
    |ap_loop_exit_ready_pp0_iter2_reg           |   1|   0|    1|          0|
    |ap_loop_exit_ready_pp0_iter3_reg           |   1|   0|    1|          0|
    |ap_loop_exit_ready_pp0_iter4_reg           |   1|   0|    1|          0|
    |ap_loop_exit_ready_pp0_iter5_reg           |   1|   0|    1|          0|
    |ap_loop_exit_ready_pp0_iter6_reg           |   1|   0|    1|          0|
    |ap_loop_exit_ready_pp0_iter7_reg           |   1|   0|    1|          0|
    |ap_loop_exit_ready_pp0_iter8_reg           |   1|   0|    1|          0|
    |ap_loop_exit_ready_pp0_iter9_reg           |   1|   0|    1|          0|
    |ap_phi_reg_pp0_iter10_phi_ln1099_reg_1490  |   2|   0|    2|          0|
    |ap_phi_reg_pp0_iter10_phi_ln1120_reg_1479  |   2|   0|    2|          0|
    |ap_phi_reg_pp0_iter10_phi_ln1141_reg_1468  |   2|   0|    2|          0|
    |ap_phi_reg_pp0_iter10_phi_ln1162_reg_1457  |   2|   0|    2|          0|
    |ap_phi_reg_pp0_iter10_phi_ln1183_reg_1446  |   2|   0|    2|          0|
    |ap_phi_reg_pp0_iter10_phi_ln1459_reg_1435  |   2|   0|    2|          0|
    |ap_phi_reg_pp0_iter10_phi_ln1474_reg_1424  |   2|   0|    2|          0|
    |ap_phi_reg_pp0_iter11_phi_ln1099_reg_1490  |   2|   0|    2|          0|
    |ap_phi_reg_pp0_iter11_phi_ln1120_reg_1479  |   2|   0|    2|          0|
    |ap_phi_reg_pp0_iter11_phi_ln1141_reg_1468  |   2|   0|    2|          0|
    |ap_phi_reg_pp0_iter11_phi_ln1162_reg_1457  |   2|   0|    2|          0|
    |ap_phi_reg_pp0_iter11_phi_ln1183_reg_1446  |   2|   0|    2|          0|
    |ap_phi_reg_pp0_iter11_phi_ln1459_reg_1435  |   2|   0|    2|          0|
    |ap_phi_reg_pp0_iter11_phi_ln1474_reg_1424  |   2|   0|    2|          0|
    |ap_phi_reg_pp0_iter12_phi_ln1099_reg_1490  |   2|   0|    2|          0|
    |ap_phi_reg_pp0_iter12_phi_ln1120_reg_1479  |   2|   0|    2|          0|
    |ap_phi_reg_pp0_iter12_phi_ln1141_reg_1468  |   2|   0|    2|          0|
    |ap_phi_reg_pp0_iter12_phi_ln1162_reg_1457  |   2|   0|    2|          0|
    |ap_phi_reg_pp0_iter12_phi_ln1183_reg_1446  |   2|   0|    2|          0|
    |ap_phi_reg_pp0_iter12_phi_ln1459_reg_1435  |   2|   0|    2|          0|
    |ap_phi_reg_pp0_iter12_phi_ln1474_reg_1424  |   2|   0|    2|          0|
    |ap_phi_reg_pp0_iter13_phi_ln1099_reg_1490  |   2|   0|    2|          0|
    |ap_phi_reg_pp0_iter13_phi_ln1120_reg_1479  |   2|   0|    2|          0|
    |ap_phi_reg_pp0_iter13_phi_ln1141_reg_1468  |   2|   0|    2|          0|
    |ap_phi_reg_pp0_iter13_phi_ln1162_reg_1457  |   2|   0|    2|          0|
    |ap_phi_reg_pp0_iter13_phi_ln1183_reg_1446  |   2|   0|    2|          0|
    |ap_phi_reg_pp0_iter13_phi_ln1459_reg_1435  |   2|   0|    2|          0|
    |ap_phi_reg_pp0_iter13_phi_ln1474_reg_1424  |   2|   0|    2|          0|
    |ap_phi_reg_pp0_iter14_phi_ln1099_reg_1490  |   2|   0|    2|          0|
    |ap_phi_reg_pp0_iter14_phi_ln1120_reg_1479  |   2|   0|    2|          0|
    |ap_phi_reg_pp0_iter14_phi_ln1141_reg_1468  |   2|   0|    2|          0|
    |ap_phi_reg_pp0_iter14_phi_ln1162_reg_1457  |   2|   0|    2|          0|
    |ap_phi_reg_pp0_iter14_phi_ln1183_reg_1446  |   2|   0|    2|          0|
    |ap_phi_reg_pp0_iter14_phi_ln1459_reg_1435  |   2|   0|    2|          0|
    |ap_phi_reg_pp0_iter14_phi_ln1474_reg_1424  |   2|   0|    2|          0|
    |ap_phi_reg_pp0_iter15_phi_ln1099_reg_1490  |   2|   0|    2|          0|
    |ap_phi_reg_pp0_iter15_phi_ln1120_reg_1479  |   2|   0|    2|          0|
    |ap_phi_reg_pp0_iter15_phi_ln1141_reg_1468  |   2|   0|    2|          0|
    |ap_phi_reg_pp0_iter15_phi_ln1162_reg_1457  |   2|   0|    2|          0|
    |ap_phi_reg_pp0_iter15_phi_ln1183_reg_1446  |   2|   0|    2|          0|
    |ap_phi_reg_pp0_iter15_phi_ln1459_reg_1435  |   2|   0|    2|          0|
    |ap_phi_reg_pp0_iter15_phi_ln1474_reg_1424  |   2|   0|    2|          0|
    |ap_phi_reg_pp0_iter16_phi_ln1099_reg_1490  |   2|   0|    2|          0|
    |ap_phi_reg_pp0_iter16_phi_ln1120_reg_1479  |   2|   0|    2|          0|
    |ap_phi_reg_pp0_iter16_phi_ln1141_reg_1468  |   2|   0|    2|          0|
    |ap_phi_reg_pp0_iter16_phi_ln1162_reg_1457  |   2|   0|    2|          0|
    |ap_phi_reg_pp0_iter16_phi_ln1183_reg_1446  |   2|   0|    2|          0|
    |ap_phi_reg_pp0_iter16_phi_ln1459_reg_1435  |   2|   0|    2|          0|
    |ap_phi_reg_pp0_iter16_phi_ln1474_reg_1424  |   2|   0|    2|          0|
    |ap_phi_reg_pp0_iter17_phi_ln1099_reg_1490  |   2|   0|    2|          0|
    |ap_phi_reg_pp0_iter17_phi_ln1120_reg_1479  |   2|   0|    2|          0|
    |ap_phi_reg_pp0_iter17_phi_ln1141_reg_1468  |   2|   0|    2|          0|
    |ap_phi_reg_pp0_iter17_phi_ln1162_reg_1457  |   2|   0|    2|          0|
    |ap_phi_reg_pp0_iter17_phi_ln1183_reg_1446  |   2|   0|    2|          0|
    |ap_phi_reg_pp0_iter17_phi_ln1459_reg_1435  |   2|   0|    2|          0|
    |ap_phi_reg_pp0_iter17_phi_ln1474_reg_1424  |   2|   0|    2|          0|
    |ap_phi_reg_pp0_iter18_phi_ln1099_reg_1490  |   2|   0|    2|          0|
    |ap_phi_reg_pp0_iter18_phi_ln1120_reg_1479  |   2|   0|    2|          0|
    |ap_phi_reg_pp0_iter18_phi_ln1141_reg_1468  |   2|   0|    2|          0|
    |ap_phi_reg_pp0_iter18_phi_ln1162_reg_1457  |   2|   0|    2|          0|
    |ap_phi_reg_pp0_iter18_phi_ln1183_reg_1446  |   2|   0|    2|          0|
    |ap_phi_reg_pp0_iter18_phi_ln1459_reg_1435  |   2|   0|    2|          0|
    |ap_phi_reg_pp0_iter18_phi_ln1474_reg_1424  |   2|   0|    2|          0|
    |ap_phi_reg_pp0_iter19_phi_ln1099_reg_1490  |   2|   0|    2|          0|
    |ap_phi_reg_pp0_iter19_phi_ln1120_reg_1479  |   2|   0|    2|          0|
    |ap_phi_reg_pp0_iter19_phi_ln1141_reg_1468  |   2|   0|    2|          0|
    |ap_phi_reg_pp0_iter19_phi_ln1162_reg_1457  |   2|   0|    2|          0|
    |ap_phi_reg_pp0_iter19_phi_ln1183_reg_1446  |   2|   0|    2|          0|
    |ap_phi_reg_pp0_iter19_phi_ln1459_reg_1435  |   2|   0|    2|          0|
    |ap_phi_reg_pp0_iter19_phi_ln1474_reg_1424  |   2|   0|    2|          0|
    |ap_phi_reg_pp0_iter1_hHatch_reg_1402       |   1|   0|    1|          0|
    |ap_phi_reg_pp0_iter1_phi_ln1099_reg_1490   |   2|   0|    2|          0|
    |ap_phi_reg_pp0_iter1_phi_ln1120_reg_1479   |   2|   0|    2|          0|
    |ap_phi_reg_pp0_iter1_phi_ln1141_reg_1468   |   2|   0|    2|          0|
    |ap_phi_reg_pp0_iter1_phi_ln1162_reg_1457   |   2|   0|    2|          0|
    |ap_phi_reg_pp0_iter1_phi_ln1183_reg_1446   |   2|   0|    2|          0|
    |ap_phi_reg_pp0_iter1_phi_ln1459_reg_1435   |   2|   0|    2|          0|
    |ap_phi_reg_pp0_iter1_phi_ln1474_reg_1424   |   2|   0|    2|          0|
    |ap_phi_reg_pp0_iter2_hHatch_reg_1402       |   1|   0|    1|          0|
    |ap_phi_reg_pp0_iter2_phi_ln1099_reg_1490   |   2|   0|    2|          0|
    |ap_phi_reg_pp0_iter2_phi_ln1120_reg_1479   |   2|   0|    2|          0|
    |ap_phi_reg_pp0_iter2_phi_ln1141_reg_1468   |   2|   0|    2|          0|
    |ap_phi_reg_pp0_iter2_phi_ln1162_reg_1457   |   2|   0|    2|          0|
    |ap_phi_reg_pp0_iter2_phi_ln1183_reg_1446   |   2|   0|    2|          0|
    |ap_phi_reg_pp0_iter2_phi_ln1459_reg_1435   |   2|   0|    2|          0|
    |ap_phi_reg_pp0_iter2_phi_ln1474_reg_1424   |   2|   0|    2|          0|
    |ap_phi_reg_pp0_iter3_phi_ln1099_reg_1490   |   2|   0|    2|          0|
    |ap_phi_reg_pp0_iter3_phi_ln1120_reg_1479   |   2|   0|    2|          0|
    |ap_phi_reg_pp0_iter3_phi_ln1141_reg_1468   |   2|   0|    2|          0|
    |ap_phi_reg_pp0_iter3_phi_ln1162_reg_1457   |   2|   0|    2|          0|
    |ap_phi_reg_pp0_iter3_phi_ln1183_reg_1446   |   2|   0|    2|          0|
    |ap_phi_reg_pp0_iter3_phi_ln1459_reg_1435   |   2|   0|    2|          0|
    |ap_phi_reg_pp0_iter3_phi_ln1474_reg_1424   |   2|   0|    2|          0|
    |ap_phi_reg_pp0_iter4_phi_ln1099_reg_1490   |   2|   0|    2|          0|
    |ap_phi_reg_pp0_iter4_phi_ln1120_reg_1479   |   2|   0|    2|          0|
    |ap_phi_reg_pp0_iter4_phi_ln1141_reg_1468   |   2|   0|    2|          0|
    |ap_phi_reg_pp0_iter4_phi_ln1162_reg_1457   |   2|   0|    2|          0|
    |ap_phi_reg_pp0_iter4_phi_ln1183_reg_1446   |   2|   0|    2|          0|
    |ap_phi_reg_pp0_iter4_phi_ln1459_reg_1435   |   2|   0|    2|          0|
    |ap_phi_reg_pp0_iter4_phi_ln1474_reg_1424   |   2|   0|    2|          0|
    |ap_phi_reg_pp0_iter5_phi_ln1099_reg_1490   |   2|   0|    2|          0|
    |ap_phi_reg_pp0_iter5_phi_ln1120_reg_1479   |   2|   0|    2|          0|
    |ap_phi_reg_pp0_iter5_phi_ln1141_reg_1468   |   2|   0|    2|          0|
    |ap_phi_reg_pp0_iter5_phi_ln1162_reg_1457   |   2|   0|    2|          0|
    |ap_phi_reg_pp0_iter5_phi_ln1183_reg_1446   |   2|   0|    2|          0|
    |ap_phi_reg_pp0_iter5_phi_ln1459_reg_1435   |   2|   0|    2|          0|
    |ap_phi_reg_pp0_iter5_phi_ln1474_reg_1424   |   2|   0|    2|          0|
    |ap_phi_reg_pp0_iter6_phi_ln1099_reg_1490   |   2|   0|    2|          0|
    |ap_phi_reg_pp0_iter6_phi_ln1120_reg_1479   |   2|   0|    2|          0|
    |ap_phi_reg_pp0_iter6_phi_ln1141_reg_1468   |   2|   0|    2|          0|
    |ap_phi_reg_pp0_iter6_phi_ln1162_reg_1457   |   2|   0|    2|          0|
    |ap_phi_reg_pp0_iter6_phi_ln1183_reg_1446   |   2|   0|    2|          0|
    |ap_phi_reg_pp0_iter6_phi_ln1459_reg_1435   |   2|   0|    2|          0|
    |ap_phi_reg_pp0_iter6_phi_ln1474_reg_1424   |   2|   0|    2|          0|
    |ap_phi_reg_pp0_iter7_phi_ln1099_reg_1490   |   2|   0|    2|          0|
    |ap_phi_reg_pp0_iter7_phi_ln1120_reg_1479   |   2|   0|    2|          0|
    |ap_phi_reg_pp0_iter7_phi_ln1141_reg_1468   |   2|   0|    2|          0|
    |ap_phi_reg_pp0_iter7_phi_ln1162_reg_1457   |   2|   0|    2|          0|
    |ap_phi_reg_pp0_iter7_phi_ln1183_reg_1446   |   2|   0|    2|          0|
    |ap_phi_reg_pp0_iter7_phi_ln1459_reg_1435   |   2|   0|    2|          0|
    |ap_phi_reg_pp0_iter7_phi_ln1474_reg_1424   |   2|   0|    2|          0|
    |ap_phi_reg_pp0_iter8_phi_ln1099_reg_1490   |   2|   0|    2|          0|
    |ap_phi_reg_pp0_iter8_phi_ln1120_reg_1479   |   2|   0|    2|          0|
    |ap_phi_reg_pp0_iter8_phi_ln1141_reg_1468   |   2|   0|    2|          0|
    |ap_phi_reg_pp0_iter8_phi_ln1162_reg_1457   |   2|   0|    2|          0|
    |ap_phi_reg_pp0_iter8_phi_ln1183_reg_1446   |   2|   0|    2|          0|
    |ap_phi_reg_pp0_iter8_phi_ln1459_reg_1435   |   2|   0|    2|          0|
    |ap_phi_reg_pp0_iter8_phi_ln1474_reg_1424   |   2|   0|    2|          0|
    |ap_phi_reg_pp0_iter9_phi_ln1099_reg_1490   |   2|   0|    2|          0|
    |ap_phi_reg_pp0_iter9_phi_ln1120_reg_1479   |   2|   0|    2|          0|
    |ap_phi_reg_pp0_iter9_phi_ln1141_reg_1468   |   2|   0|    2|          0|
    |ap_phi_reg_pp0_iter9_phi_ln1162_reg_1457   |   2|   0|    2|          0|
    |ap_phi_reg_pp0_iter9_phi_ln1183_reg_1446   |   2|   0|    2|          0|
    |ap_phi_reg_pp0_iter9_phi_ln1459_reg_1435   |   2|   0|    2|          0|
    |ap_phi_reg_pp0_iter9_phi_ln1474_reg_1424   |   2|   0|    2|          0|
    |bSerie                                     |  28|   0|   28|          0|
    |b_2_reg_5467                               |   8|   0|    8|          0|
    |b_reg_5265                                 |   9|   0|    9|          0|
    |barWidthMinSamples_read_reg_4912           |  10|   0|   10|          0|
    |barWidth_cast_cast_reg_5003                |  11|   0|   12|          1|
    |barWidth_read_reg_4938                     |  11|   0|   11|          0|
    |bckgndId_load_read_reg_4968                |   8|   0|    8|          0|
    |cmp126_i_reg_5065                          |   1|   0|    1|          0|
    |cmp2_i224_read_reg_4950                    |   1|   0|    1|          0|
    |cmp35_i429_read_reg_4901                   |   1|   0|    1|          0|
    |cmp59_i_reg_5061                           |   1|   0|    1|          0|
    |colorFormatLocal_read_reg_4943             |   8|   0|    8|          0|
    |gSerie                                     |  28|   0|   28|          0|
    |g_reg_5287                                 |   9|   0|    9|          0|
    |hdata_flag_1_fu_498                        |   1|   0|    1|          0|
    |icmp_ln1027_reg_5041                       |   1|   0|    1|          0|
    |icmp_ln1050_reg_5102                       |   1|   0|    1|          0|
    |icmp_ln1205_reg_5143                       |   1|   0|    1|          0|
    |icmp_ln1261_reg_5462                       |   1|   0|    1|          0|
    |icmp_ln1262_reg_5337                       |   1|   0|    1|          0|
    |icmp_ln1285_reg_5094                       |   1|   0|    1|          0|
    |icmp_ln1336_reg_5090                       |   1|   0|    1|          0|
    |icmp_ln1360_reg_5139                       |   1|   0|    1|          0|
    |icmp_ln1404_reg_5078                       |   1|   0|    1|          0|
    |icmp_ln1428_reg_5086                       |   1|   0|    1|          0|
    |icmp_ln1518_reg_5074                       |   1|   0|    1|          0|
    |icmp_ln1541_reg_5120                       |   1|   0|    1|          0|
    |icmp_ln1584_reg_5069                       |   1|   0|    1|          0|
    |icmp_ln1701_reg_5057                       |   1|   0|    1|          0|
    |icmp_ln520_reg_5037                        |   1|   0|    1|          0|
    |lshr_ln3_reg_5161                          |  11|   0|   11|          0|
    |mul_ln1311_reg_5515                        |  28|   0|   28|          0|
    |or_ln1449_reg_5147                         |   1|   0|    1|          0|
    |phi_mul_fu_486                             |  16|   0|   16|          0|
    |pix_5_read_reg_4995                        |   8|   0|    8|          0|
    |pix_read_reg_4987                          |   8|   0|    8|          0|
    |rSerie                                     |  28|   0|   28|          0|
    |r_reg_5253                                 |   9|   0|    9|          0|
    |rampVal_2_flag_1_fu_494                    |   1|   0|    1|          0|
    |rampVal_3_flag_1_fu_502                    |   1|   0|    1|          0|
    |sext_ln1257_2_reg_5277                     |  16|   0|   16|          0|
    |sub_i_i_i_read_reg_4921                    |  11|   0|   11|          0|
    |tmp_20_reg_5457                            |   9|   0|    9|          0|
    |tpgSinTableArray_load_reg_5347             |  20|   0|   20|          0|
    |trunc_ln1236_1_reg_5216                    |   9|   0|    9|          0|
    |trunc_ln1240_1_reg_5259                    |   9|   0|    9|          0|
    |trunc_ln1244_1_reg_5247                    |   9|   0|    9|          0|
    |trunc_ln1257_1_reg_5447                    |  16|   0|   16|          0|
    |trunc_ln1257_reg_5442                      |  16|   0|   16|          0|
    |trunc_ln1311_1_reg_5521                    |   8|   0|    8|          0|
    |trunc_ln520_2_reg_5030                     |  11|   0|   11|          0|
    |trunc_ln520_reg_5013                       |   1|   0|    1|          0|
    |u_reg_5452                                 |  17|   0|   17|          0|
    |vHatch                                     |   1|   0|    1|          0|
    |v_reg_5332                                 |  17|   0|   17|          0|
    |xBar_0                                     |  11|   0|   11|          0|
    |xCount_0                                   |  10|   0|   10|          0|
    |xCount_3_0                                 |  10|   0|   10|          0|
    |xCount_4_0                                 |  10|   0|   10|          0|
    |xCount_5_0                                 |  10|   0|   10|          0|
    |x_fu_490                                   |  16|   0|   16|          0|
    |yCount                                     |  10|   0|   10|          0|
    |yCount_1                                   |   6|   0|    6|          0|
    |yCount_2                                   |  10|   0|   10|          0|
    |yCount_3                                   |  10|   0|   10|          0|
    |zext_ln1032_cast_reg_5008                  |   8|   0|   16|          8|
    |zext_ln1257_1_reg_5292                     |  16|   0|   24|          8|
    |zonePlateVDelta                            |  16|   0|   16|          0|
    |add_ln504_1_reg_5106                       |  64|  32|   11|          0|
    |add_ln504_reg_5051                         |  64|  32|   11|          0|
    |and_ln1292_reg_5098                        |  64|  32|    1|          0|
    |and_ln1341_reg_5135                        |  64|  32|    1|          0|
    |and_ln1523_reg_5116                        |  64|  32|    1|          0|
    |and_ln1706_reg_5112                        |  64|  32|    1|          0|
    |b_reg_5265                                 |  64|  32|    9|          0|
    |cmp126_i_reg_5065                          |  64|  32|    1|          0|
    |cmp59_i_reg_5061                           |  64|  32|    1|          0|
    |g_reg_5287                                 |  64|  32|    9|          0|
    |icmp_ln1027_reg_5041                       |  64|  32|    1|          0|
    |icmp_ln1050_reg_5102                       |  64|  32|    1|          0|
    |icmp_ln1205_reg_5143                       |  64|  32|    1|          0|
    |icmp_ln1285_reg_5094                       |  64|  32|    1|          0|
    |icmp_ln1336_reg_5090                       |  64|  32|    1|          0|
    |icmp_ln1360_reg_5139                       |  64|  32|    1|          0|
    |icmp_ln1518_reg_5074                       |  64|  32|    1|          0|
    |icmp_ln1541_reg_5120                       |  64|  32|    1|          0|
    |icmp_ln1584_reg_5069                       |  64|  32|    1|          0|
    |icmp_ln1701_reg_5057                       |  64|  32|    1|          0|
    |icmp_ln520_reg_5037                        |  64|  32|    1|          0|
    |lshr_ln3_reg_5161                          |  64|  32|   11|          0|
    |or_ln1449_reg_5147                         |  64|  32|    1|          0|
    |r_reg_5253                                 |  64|  32|    9|          0|
    |sext_ln1257_2_reg_5277                     |  64|  32|   16|          0|
    |trunc_ln520_2_reg_5030                     |  64|  32|   11|          0|
    |trunc_ln520_reg_5013                       |  64|  32|    1|          0|
    +-------------------------------------------+----+----+-----+-----------+
    |Total                                      |2688| 864| 1083|         17|
    +-------------------------------------------+----+----+-----+-----------+



================================================================
== Interface
================================================================
* Summary: 
+--------------------------------------+-----+-----+------------+-----------------------------------------+--------------+
|               RTL Ports              | Dir | Bits|  Protocol  |              Source Object              |    C Type    |
+--------------------------------------+-----+-----+------------+-----------------------------------------+--------------+
|ap_clk                                |   in|    1|  ap_ctrl_hs|  tpgBackground_Pipeline_VITIS_LOOP_520_2|  return value|
|ap_rst                                |   in|    1|  ap_ctrl_hs|  tpgBackground_Pipeline_VITIS_LOOP_520_2|  return value|
|ap_start                              |   in|    1|  ap_ctrl_hs|  tpgBackground_Pipeline_VITIS_LOOP_520_2|  return value|
|ap_done                               |  out|    1|  ap_ctrl_hs|  tpgBackground_Pipeline_VITIS_LOOP_520_2|  return value|
|ap_idle                               |  out|    1|  ap_ctrl_hs|  tpgBackground_Pipeline_VITIS_LOOP_520_2|  return value|
|ap_ready                              |  out|    1|  ap_ctrl_hs|  tpgBackground_Pipeline_VITIS_LOOP_520_2|  return value|
|bckgndYUV_din                         |  out|   24|     ap_fifo|                                bckgndYUV|       pointer|
|bckgndYUV_num_data_valid              |   in|    5|     ap_fifo|                                bckgndYUV|       pointer|
|bckgndYUV_fifo_cap                    |   in|    5|     ap_fifo|                                bckgndYUV|       pointer|
|bckgndYUV_full_n                      |   in|    1|     ap_fifo|                                bckgndYUV|       pointer|
|bckgndYUV_write                       |  out|    1|     ap_fifo|                                bckgndYUV|       pointer|
|rampVal_3_flag_0                      |   in|    1|     ap_none|                         rampVal_3_flag_0|        scalar|
|hdata_flag_0                          |   in|    1|     ap_none|                             hdata_flag_0|        scalar|
|rampVal_2_flag_0                      |   in|    1|     ap_none|                         rampVal_2_flag_0|        scalar|
|loopWidth                             |   in|   16|   ap_stable|                                loopWidth|        scalar|
|pix_5                                 |   in|    8|   ap_stable|                                    pix_5|        scalar|
|pix                                   |   in|    8|   ap_stable|                                      pix|        scalar|
|conv2_i_i_i254                        |   in|    8|   ap_stable|                           conv2_i_i_i254|        scalar|
|conv2_i_i_i236_cast_cast              |   in|    5|   ap_stable|                 conv2_i_i_i236_cast_cast|        scalar|
|conv2_i_i_i_cast                      |   in|    1|   ap_stable|                         conv2_i_i_i_cast|        scalar|
|conv2_i_i10_i252_cast_cast_cast_cast  |   in|    3|   ap_stable|     conv2_i_i10_i252_cast_cast_cast_cast|        scalar|
|conv2_i_i10_i234                      |   in|    8|   ap_stable|                         conv2_i_i10_i234|        scalar|
|conv2_i_i10_i229                      |   in|    8|   ap_stable|                         conv2_i_i10_i229|        scalar|
|rampStart_1                           |   in|    8|     ap_none|                              rampStart_1|        scalar|
|Zplate_Hor_Control_Start              |   in|   16|   ap_stable|                 Zplate_Hor_Control_Start|        scalar|
|bckgndId_load                         |   in|    8|   ap_stable|                            bckgndId_load|        scalar|
|cmp2_i224                             |   in|    1|   ap_stable|                                cmp2_i224|        scalar|
|zext_ln1032                           |   in|    8|     ap_none|                              zext_ln1032|        scalar|
|y                                     |   in|   16|     ap_none|                                        y|        scalar|
|colorFormatLocal                      |   in|    8|   ap_stable|                         colorFormatLocal|        scalar|
|barWidth_cast                         |   in|   11|   ap_stable|                            barWidth_cast|        scalar|
|barWidth                              |   in|   11|   ap_stable|                                 barWidth|        scalar|
|Zplate_Hor_Control_Delta              |   in|   16|   ap_stable|                 Zplate_Hor_Control_Delta|        scalar|
|Zplate_Ver_Control_Start              |   in|   16|   ap_stable|                 Zplate_Ver_Control_Start|        scalar|
|cmp12_i                               |   in|    1|     ap_none|                                  cmp12_i|        scalar|
|Zplate_Ver_Control_Delta              |   in|   16|   ap_stable|                 Zplate_Ver_Control_Delta|        scalar|
|sub_i_i_i                             |   in|   11|   ap_stable|                                sub_i_i_i|        scalar|
|barWidthMinSamples                    |   in|   10|   ap_stable|                       barWidthMinSamples|        scalar|
|loopWidth_cast29                      |   in|   16|   ap_stable|                         loopWidth_cast29|        scalar|
|loopHeight_cast23                     |   in|   16|   ap_stable|                        loopHeight_cast23|        scalar|
|zext_ln520                            |   in|   16|     ap_none|                               zext_ln520|        scalar|
|trunc_ln                              |   in|    8|     ap_none|                                 trunc_ln|        scalar|
|cmp35_i429                            |   in|    1|   ap_stable|                               cmp35_i429|        scalar|
|Sel                                   |   in|    2|     ap_none|                                      Sel|        scalar|
|dpDynamicRange_1                      |   in|    8|   ap_stable|                         dpDynamicRange_1|        scalar|
|dpYUVCoef_1                           |   in|    8|   ap_stable|                              dpYUVCoef_1|        scalar|
|rampVal_3_flag_1_out                  |  out|    1|      ap_vld|                     rampVal_3_flag_1_out|       pointer|
|rampVal_3_flag_1_out_ap_vld           |  out|    1|      ap_vld|                     rampVal_3_flag_1_out|       pointer|
|rampVal_3_new_1_out                   |  out|   16|      ap_vld|                      rampVal_3_new_1_out|       pointer|
|rampVal_3_new_1_out_ap_vld            |  out|    1|      ap_vld|                      rampVal_3_new_1_out|       pointer|
|rampVal_3_loc_1_out_i                 |   in|   16|     ap_ovld|                      rampVal_3_loc_1_out|       pointer|
|rampVal_3_loc_1_out_o                 |  out|   16|     ap_ovld|                      rampVal_3_loc_1_out|       pointer|
|rampVal_3_loc_1_out_o_ap_vld          |  out|    1|     ap_ovld|                      rampVal_3_loc_1_out|       pointer|
|rampVal_loc_1_out_i                   |   in|   16|     ap_ovld|                        rampVal_loc_1_out|       pointer|
|rampVal_loc_1_out_o                   |  out|   16|     ap_ovld|                        rampVal_loc_1_out|       pointer|
|rampVal_loc_1_out_o_ap_vld            |  out|    1|     ap_ovld|                        rampVal_loc_1_out|       pointer|
|hBarSel_4_0_loc_1_out_i               |   in|    8|     ap_ovld|                    hBarSel_4_0_loc_1_out|       pointer|
|hBarSel_4_0_loc_1_out_o               |  out|    8|     ap_ovld|                    hBarSel_4_0_loc_1_out|       pointer|
|hBarSel_4_0_loc_1_out_o_ap_vld        |  out|    1|     ap_ovld|                    hBarSel_4_0_loc_1_out|       pointer|
|zonePlateVAddr_loc_1_out_i            |   in|   16|     ap_ovld|                 zonePlateVAddr_loc_1_out|       pointer|
|zonePlateVAddr_loc_1_out_o            |  out|   16|     ap_ovld|                 zonePlateVAddr_loc_1_out|       pointer|
|zonePlateVAddr_loc_1_out_o_ap_vld     |  out|    1|     ap_ovld|                 zonePlateVAddr_loc_1_out|       pointer|
|vBarSel_loc_1_out_i                   |   in|    8|     ap_ovld|                        vBarSel_loc_1_out|       pointer|
|vBarSel_loc_1_out_o                   |  out|    8|     ap_ovld|                        vBarSel_loc_1_out|       pointer|
|vBarSel_loc_1_out_o_ap_vld            |  out|    1|     ap_ovld|                        vBarSel_loc_1_out|       pointer|
|hBarSel_0_loc_1_out_i                 |   in|    8|     ap_ovld|                      hBarSel_0_loc_1_out|       pointer|
|hBarSel_0_loc_1_out_o                 |  out|    8|     ap_ovld|                      hBarSel_0_loc_1_out|       pointer|
|hBarSel_0_loc_1_out_o_ap_vld          |  out|    1|     ap_ovld|                      hBarSel_0_loc_1_out|       pointer|
|hdata_flag_1_out                      |  out|    1|      ap_vld|                         hdata_flag_1_out|       pointer|
|hdata_flag_1_out_ap_vld               |  out|    1|      ap_vld|                         hdata_flag_1_out|       pointer|
|hdata_new_1_out                       |  out|   16|      ap_vld|                          hdata_new_1_out|       pointer|
|hdata_new_1_out_ap_vld                |  out|    1|      ap_vld|                          hdata_new_1_out|       pointer|
|hdata_loc_1_out_i                     |   in|   16|     ap_ovld|                          hdata_loc_1_out|       pointer|
|hdata_loc_1_out_o                     |  out|   16|     ap_ovld|                          hdata_loc_1_out|       pointer|
|hdata_loc_1_out_o_ap_vld              |  out|    1|     ap_ovld|                          hdata_loc_1_out|       pointer|
|vBarSel_2_loc_1_out_i                 |   in|    8|     ap_ovld|                      vBarSel_2_loc_1_out|       pointer|
|vBarSel_2_loc_1_out_o                 |  out|    8|     ap_ovld|                      vBarSel_2_loc_1_out|       pointer|
|vBarSel_2_loc_1_out_o_ap_vld          |  out|    1|     ap_ovld|                      vBarSel_2_loc_1_out|       pointer|
|hBarSel_3_0_loc_1_out_i               |   in|    8|     ap_ovld|                    hBarSel_3_0_loc_1_out|       pointer|
|hBarSel_3_0_loc_1_out_o               |  out|    8|     ap_ovld|                    hBarSel_3_0_loc_1_out|       pointer|
|hBarSel_3_0_loc_1_out_o_ap_vld        |  out|    1|     ap_ovld|                    hBarSel_3_0_loc_1_out|       pointer|
|rampVal_2_flag_1_out                  |  out|    1|      ap_vld|                     rampVal_2_flag_1_out|       pointer|
|rampVal_2_flag_1_out_ap_vld           |  out|    1|      ap_vld|                     rampVal_2_flag_1_out|       pointer|
|rampVal_2_new_1_out                   |  out|   16|      ap_vld|                      rampVal_2_new_1_out|       pointer|
|rampVal_2_new_1_out_ap_vld            |  out|    1|      ap_vld|                      rampVal_2_new_1_out|       pointer|
|rampVal_2_loc_1_out_i                 |   in|   16|     ap_ovld|                      rampVal_2_loc_1_out|       pointer|
|rampVal_2_loc_1_out_o                 |  out|   16|     ap_ovld|                      rampVal_2_loc_1_out|       pointer|
|rampVal_2_loc_1_out_o_ap_vld          |  out|    1|     ap_ovld|                      rampVal_2_loc_1_out|       pointer|
|vBarSel_3_loc_1_out_i                 |   in|    8|     ap_ovld|                      vBarSel_3_loc_1_out|       pointer|
|vBarSel_3_loc_1_out_o                 |  out|    8|     ap_ovld|                      vBarSel_3_loc_1_out|       pointer|
|vBarSel_3_loc_1_out_o_ap_vld          |  out|    1|     ap_ovld|                      vBarSel_3_loc_1_out|       pointer|
|hBarSel_5_0_loc_1_out_i               |   in|    8|     ap_ovld|                    hBarSel_5_0_loc_1_out|       pointer|
|hBarSel_5_0_loc_1_out_o               |  out|    8|     ap_ovld|                    hBarSel_5_0_loc_1_out|       pointer|
|hBarSel_5_0_loc_1_out_o_ap_vld        |  out|    1|     ap_ovld|                    hBarSel_5_0_loc_1_out|       pointer|
|p_0_2_0_0_0460_out_i                  |   in|    8|     ap_ovld|                       p_0_2_0_0_0460_out|       pointer|
|p_0_2_0_0_0460_out_o                  |  out|    8|     ap_ovld|                       p_0_2_0_0_0460_out|       pointer|
|p_0_2_0_0_0460_out_o_ap_vld           |  out|    1|     ap_ovld|                       p_0_2_0_0_0460_out|       pointer|
|p_0_1_0_0_0458_out_i                  |   in|    8|     ap_ovld|                       p_0_1_0_0_0458_out|       pointer|
|p_0_1_0_0_0458_out_o                  |  out|    8|     ap_ovld|                       p_0_1_0_0_0458_out|       pointer|
|p_0_1_0_0_0458_out_o_ap_vld           |  out|    1|     ap_ovld|                       p_0_1_0_0_0458_out|       pointer|
|p_0_0_0_0_0456_out_i                  |   in|    8|     ap_ovld|                       p_0_0_0_0_0456_out|       pointer|
|p_0_0_0_0_0456_out_o                  |  out|    8|     ap_ovld|                       p_0_0_0_0_0456_out|       pointer|
|p_0_0_0_0_0456_out_o_ap_vld           |  out|    1|     ap_ovld|                       p_0_0_0_0_0456_out|       pointer|
|rampVal                               |  out|    8|      ap_vld|                                  rampVal|       pointer|
|rampVal_ap_vld                        |  out|    1|      ap_vld|                                  rampVal|       pointer|
|hBarSel_4_0                           |  out|    8|      ap_vld|                              hBarSel_4_0|       pointer|
|hBarSel_4_0_ap_vld                    |  out|    1|      ap_vld|                              hBarSel_4_0|       pointer|
|s                                     |   in|   32|     ap_none|                                        s|       pointer|
|zonePlateVAddr                        |  out|   16|      ap_vld|                           zonePlateVAddr|       pointer|
|zonePlateVAddr_ap_vld                 |  out|    1|      ap_vld|                           zonePlateVAddr|       pointer|
|hBarSel_0                             |  out|    3|      ap_vld|                                hBarSel_0|       pointer|
|hBarSel_0_ap_vld                      |  out|    1|      ap_vld|                                hBarSel_0|       pointer|
|vBarSel                               |  out|    3|      ap_vld|                                  vBarSel|       pointer|
|vBarSel_ap_vld                        |  out|    1|      ap_vld|                                  vBarSel|       pointer|
|hBarSel_3_0                           |  out|    3|      ap_vld|                              hBarSel_3_0|       pointer|
|hBarSel_3_0_ap_vld                    |  out|    1|      ap_vld|                              hBarSel_3_0|       pointer|
|vBarSel_2                             |  out|    8|      ap_vld|                                vBarSel_2|       pointer|
|vBarSel_2_ap_vld                      |  out|    1|      ap_vld|                                vBarSel_2|       pointer|
|hBarSel_5_0                           |  out|    3|      ap_vld|                              hBarSel_5_0|       pointer|
|hBarSel_5_0_ap_vld                    |  out|    1|      ap_vld|                              hBarSel_5_0|       pointer|
|vBarSel_1                             |  out|    1|      ap_vld|                                vBarSel_1|       pointer|
|vBarSel_1_ap_vld                      |  out|    1|      ap_vld|                                vBarSel_1|       pointer|
+--------------------------------------+-----+-----+------------+-----------------------------------------+--------------+

